"../../../Engine/Content/Maps/Templates/Thumbnails/Default.uasset" 0
"../../../Engine/Content/Maps/Templates/Thumbnails/VR-Basic.uasset" 1
"../../../Engine/Content/MobileResources/T_MobileControls_texture.uasset" 2
"../../../Engine/Content/MobileResources/T_MobileMenu2.uasset" 3
"../../../Engine/Content/MobileResources/HUD/MobileHUDDirectionPad3.uasset" 4
"../../../Engine/Content/MobileResources/HUD/MobileHUDButton2_off.uasset" 5
"../../../Engine/Content/MobileResources/HUD/MobileHUDButton3.uasset" 6
"../../../Engine/Content/MobileResources/HUD/T_Castle_ThumbstickInner.uasset" 7
"../../../Engine/Content/MobileResources/HUD/MobileHUDDirectionStick.uasset" 8
"../../../Engine/Content/MobileResources/HUD/VirtualJoystick_Background.uasset" 9
"../../../Engine/Content/MobileResources/HUD/VirtualJoystick_Thumb.uasset" 10
"../../../Engine/Content/MobileResources/HUD/DefaultVirtualJoysticks.uasset" 11
"../../../Engine/Content/MobileResources/HUD/T_Castle_ThumbstickOutter.uasset" 12
"../../../Engine/Content/MobileResources/HUD/MobileHUDButton2_on.uasset" 13
"../../../Engine/Content/MobileResources/HUD/MobileHUDDirectionPad2.uasset" 14
"../../../Engine/Content/MobileResources/HUD/MobileHUDDirectionPad.uasset" 15
"../../../Engine/Content/MobileResources/HUD/AnalogHat.uasset" 16
"../../../Engine/Content/MobileResources/HUD/MobileHUDButton1_on.uasset" 17
"../../../Engine/Content/MobileResources/HUD/MobileHUDButtonFire.uasset" 18
"../../../Engine/Content/MobileResources/HUD/LeftVirtualJoystickOnly.uasset" 19
"../../../Engine/Content/MobileResources/HUD/MobileHUDButton1_off.uasset" 20
"../../../Engine/Content/Tutorial/ContentIntroCurve.uasset" 21
"../../../Engine/Content/Tutorial/Basics/TutorialAssets/icon_tab_Levels_40x.uasset" 22
"../../../Engine/Content/EngineResources/DefaultTextureCube.uasset" 23
"../../../Engine/Content/EngineResources/DefaultTexture.uasset" 24
"../../../Engine/Content/EngineResources/DefaultVolumeTexture2D.uasset" 25
"../../../Engine/Content/EngineResources/DefaultVolumeTexture.uasset" 26
"../../../Engine/Content/EngineResources/StreamingPauseIcon.uasset" 27
"../../../Engine/Content/EngineResources/M_StreamingPause.uasset" 28
"../../../Engine/Content/EngineResources/GradientTexture0.uasset" 29
"../../../Engine/Content/EditorLandscapeResources/DataLayer.uasset" 30
"../../../Engine/Content/EditorLandscapeResources/LandscapeGizmo_Mat.uasset" 31
"../../../Engine/Content/EditorLandscapeResources/LandscapeGizmo_Mat_Copied.uasset" 32
"../../../Engine/Content/EditorLandscapeResources/SplineEditorMeshMat.uasset" 33
"../../../Engine/Content/EditorLandscapeResources/SplineEditorMesh.uasset" 34
"../../../Engine/Content/EditorLandscapeResources/LandscapeGizmoHeight_Mat.uasset" 35
"../../../Engine/Content/EditorLandscapeResources/DefaultAlphaTexture.uasset" 36
"../../../Engine/Content/EditorSounds/Notifications/CompileSuccess.uasset" 37
"../../../Engine/Content/EditorSounds/Notifications/CompileSuccess_Cue.uasset" 38
"../../../Engine/Content/EditorSounds/Notifications/CompileFailed.uasset" 39
"../../../Engine/Content/EditorSounds/Notifications/CompileFailed_Cue.uasset" 40
"../../../Engine/Content/EditorSounds/Notifications/CompileStart_Cue.uasset" 41
"../../../Engine/Content/EditorMeshes/EditorCube.uasset" 42
"../../../Engine/Content/EditorMeshes/EditorPlane.uasset" 43
"../../../Engine/Content/EditorResources/MatineeCam_D.uasset" 44
"../../../Engine/Content/EditorMaterials/MatineeCam_mat.uasset" 45
"../../../Engine/Content/EditorMeshes/MatineeCam_SM.uasset" 46
"../../../Engine/Content/EditorMeshes/EditorCylinder.uasset" 47
"../../../Engine/Content/EditorMaterials/Thumbnails/SkySphereMaterial.uasset" 48
"../../../Engine/Content/EditorMeshes/EditorSkySphere.uasset" 49
"../../../Engine/Content/EditorMeshes/EditorSphere.uasset" 50
"../../../Engine/Content/EditorMaterials/Camera/CineMat.uasset" 51
"../../../Engine/Content/EditorMaterials/Camera/MI_CineMat_Rig.uasset" 52
"../../../Engine/Content/EditorMeshes/Camera/SM_CraneRig_Body.uasset" 53
"../../../Engine/Content/EditorMeshes/Camera/SM_RailRig_Mount.uasset" 54
"../../../Engine/Content/EditorMaterials/Camera/MI_CineMat_CameraBody.uasset" 55
"../../../Engine/Content/EngineDebugMaterials/M_SimpleOpaque.uasset" 56
"../../../Engine/Content/EditorMaterials/Camera/MI_CineMat_CamViewFinder.uasset" 57
"../../../Engine/Content/EditorMeshes/Camera/SM_CineCam.uasset" 58
"../../../Engine/Content/EditorMeshes/Camera/SM_CraneRig_Base.uasset" 59
"../../../Engine/Content/EditorMeshes/Camera/SM_CraneRig_Mount.uasset" 60
"../../../Engine/Content/EditorMeshes/Camera/SM_CraneRig_Arm.uasset" 61
"../../../Engine/Content/EditorMeshes/Camera/SM_RailRig_Track.uasset" 62
"../../../Engine/Content/EngineFonts/Faces/RobotoTiny.uasset" 63
"../../../Engine/Content/EngineFonts/RobotoTiny.uasset" 64
"../../../Engine/Content/EngineFonts/SmallFont.uasset" 65
"../../../Engine/Content/EngineFonts/Faces/RobotoBold.uasset" 66
"../../../Engine/Content/EngineFonts/Faces/RobotoBoldItalic.uasset" 67
"../../../Engine/Content/EngineFonts/Faces/RobotoItalic.uasset" 68
"../../../Engine/Content/EngineFonts/Faces/RobotoLight.uasset" 69
"../../../Engine/Content/EngineFonts/Faces/RobotoRegular.uasset" 70
"../../../Engine/Content/EngineFonts/Roboto.uasset" 71
"../../../Engine/Content/EngineFonts/TinyFont.uasset" 72
"../../../Engine/Content/EngineDamageTypes/DmgTypeBP_Environmental.uasset" 73
"../../../Engine/Content/Functions/Engine_MaterialFunctions01/Opacity/CameraDepthFade.uasset" 74
"../../../Engine/Content/EngineMaterials/T_Default_Material_Grid_M.uasset" 75
"../../../Engine/Content/EngineMaterials/T_Default_Material_Grid_N.uasset" 76
"../../../Engine/Content/EngineMaterials/WorldGridMaterial.uasset" 77
"../../../Engine/Content/ArtTools/RenderToTexture/Meshes/S_1_Unit_Plane.uasset" 78
"../../../Engine/Content/EngineResources/WhiteSquareTexture.uasset" 79
"../../../Engine/Content/EngineMaterials/Widget3DPassThrough.uasset" 80
"../../../Engine/Content/EngineMaterials/Widget3DPassThrough_Masked.uasset" 81
"../../../Engine/Content/EngineMaterials/WeightMapPlaceholderTexture.uasset" 82
"../../../Engine/Content/EngineMaterials/Widget3DPassThrough_Translucent.uasset" 83
"../../../Engine/Content/EngineMaterials/Widget3DPassThrough_Translucent_OneSided.uasset" 84
"../../../Engine/Content/EngineMaterials/PaperDiffuse.uasset" 85
"../../../Engine/Content/EngineMaterials/BlinkingCaret.uasset" 86
"../../../Engine/Content/EngineMaterials/EditorBrushMaterial.uasset" 87
"../../../Engine/Content/EngineMaterials/PaperNormal.uasset" 88
"../../../Engine/Content/Functions/Engine_MaterialFunctions02/WorldPositionOffset/CameraOffset.uasset" 89
"../../../Engine/Content/EngineMaterials/PhAT_JointLimitMaterial.uasset" 90
"../../../Engine/Content/EngineMaterials/DefaultNormal.uasset" 91
"../../../Engine/Content/Functions/Engine_MaterialFunctions02/Utility/BreakOutFloat2Components.uasset" 92
"../../../Engine/Content/EngineMaterials/HighResScreenshotCaptureRegion.uasset" 93
"../../../Engine/Content/EngineMaterials/LandscapeHolePhysicalMaterial.uasset" 94
"../../../Engine/Content/EngineMaterials/Widget3DPassThrough_Opaque.uasset" 95
"../../../Engine/Content/EngineMaterials/Widget3DPassThrough_Masked_OneSided.uasset" 96
"../../../Engine/Content/EngineMaterials/Good64x64TilingNoiseHighFreq.uasset" 97
"../../../Engine/Content/EngineMaterials/DefaultBloomKernel.uasset" 98
"../../../Engine/Content/EngineMaterials/HighResolutionScreenshotMaskFunction.uasset" 99
"../../../Engine/Content/EngineMaterials/HighResScreenshot.uasset" 100
"../../../Engine/Content/EngineMaterials/RemoveSurfaceMaterial.uasset" 101
"../../../Engine/Content/EngineMaterials/DefaultDiffuse.uasset" 102
"../../../Engine/Content/EngineMaterials/DefaultDeferredDecalMaterial.uasset" 103
"../../../Engine/Content/EngineMaterials/DefaultPostProcessMaterial.uasset" 104
"../../../Engine/Content/EngineMaterials/BaseFlattenDiffuseMap.uasset" 105
"../../../Engine/Content/EngineMaterials/BaseFlattenEmissiveMap.uasset" 106
"../../../Engine/Content/EngineMaterials/BaseFlattenGrayscaleMap.uasset" 107
"../../../Engine/Content/EngineMaterials/BaseFlattenNormalMap.uasset" 108
"../../../Engine/Content/EngineMaterials/BaseFlattenMaterial.uasset" 109
"../../../Engine/Content/EngineMaterials/InvalidLightmapSettings.uasset" 110
"../../../Engine/Content/EngineMaterials/M_InvalidLightmapSettings.uasset" 111
"../../../Engine/Content/EngineMaterials/HighResScreenshotMask.uasset" 112
"../../../Engine/Content/EngineFonts/RobotoDistanceField.uasset" 113
"../../../Engine/Content/EngineMaterials/DefaultTextMaterialOpaque.uasset" 114
"../../../Engine/Content/EngineMaterials/PreintegratedSkinBRDF.uasset" 115
"../../../Engine/Content/EngineMaterials/Widget3DPassThrough_Opaque_OneSided.uasset" 116
"../../../Engine/Content/EngineMaterials/PhysMat_Rubber.uasset" 117
"../../../Engine/Content/EngineMaterials/DefaultBokeh.uasset" 118
"../../../Engine/Content/EngineMaterials/DefaultLightFunctionMaterial.uasset" 119
"../../../Engine/Content/EngineMaterials/Grid_N.uasset" 120
"../../../Engine/Content/EngineDebugMaterials/DebugEditorMaterial.uasset" 121
"../../../Engine/Content/Functions/Engine_MaterialFunctions01/Shading/ConvertFromDiffSpec.uasset" 122
"../../../Engine/Content/EngineDebugMaterials/VertexColorMaterial.uasset" 123
"../../../Engine/Content/EngineDebugMaterials/GeomMaterial.uasset" 124
"../../../Engine/Content/EngineDebugMaterials/WireframeMaterial.uasset" 125
"../../../Engine/Content/EngineDebugMaterials/HeatmapGradient.uasset" 126
"../../../Engine/Content/EngineDebugMaterials/BoneWeightMaterial.uasset" 127
"../../../Engine/Content/EngineDebugMaterials/VertexColorViewMode_BlueOnly.uasset" 128
"../../../Engine/Content/EngineDebugMaterials/LevelColorationLitMaterial.uasset" 129
"../../../Engine/Content/EngineDebugMaterials/VertexColorViewMode_AlphaAsColor.uasset" 130
"../../../Engine/Content/EngineDebugMaterials/VertexColorViewMode_RedOnly.uasset" 131
"../../../Engine/Content/EngineDebugMaterials/ShadedLevelColorationUnlitMateri.uasset" 132
"../../../Engine/Content/EngineDebugMaterials/ClothMaterial.uasset" 133
"../../../Engine/Content/EngineDebugMaterials/ClothMaterial_WF.uasset" 134
"../../../Engine/Content/EngineDebugMaterials/VertexColorViewMode_GreenOnly.uasset" 135
"../../../Engine/Content/EngineMaterials/DefaultWhiteGrid.uasset" 136
"../../../Engine/Content/EngineDebugMaterials/MAT_LevelColorationLitLightmapUV.uasset" 137
"../../../Engine/Content/EngineDebugMaterials/DebugMeshMaterial.uasset" 138
"../../../Engine/Content/EngineDebugMaterials/VertexColorViewMode_ColorOnly.uasset" 139
"../../../Engine/Content/EngineDebugMaterials/M_SimpleTranslucent.uasset" 140
"../../../Engine/Content/EngineDebugMaterials/LevelColorationUnlitMaterial.uasset" 141
"../../../Engine/Content/EngineDebugMaterials/ShadedLevelColorationLitMaterial.uasset" 142
"../../../Engine/Content/EditorResources/S_Emitter.uasset" 143
"../../../Engine/Content/EditorResources/S_LevelSequence.uasset" 144
"../../../Engine/Content/EditorResources/S_Thruster.uasset" 145
"../../../Engine/Content/EditorResources/S_WindDirectional.uasset" 146
"../../../Engine/Content/EditorResources/S_KBSJoint.uasset" 147
"../../../Engine/Content/EditorResources/S_ReflActorIcon.uasset" 148
"../../../Engine/Content/EditorResources/Bad.uasset" 149
"../../../Engine/Content/EditorResources/S_DecalActorIcon.uasset" 150
"../../../Engine/Content/EditorResources/SmallFont.uasset" 151
"../../../Engine/Content/EditorResources/S_Player.uasset" 152
"../../../Engine/Content/EditorResources/S_KPrismatic.uasset" 153
"../../../Engine/Content/EditorResources/S_Note.uasset" 154
"../../../Engine/Content/EditorResources/S_VectorFieldVol.uasset" 155
"../../../Engine/Content/EditorResources/S_NavP.uasset" 156
"../../../Engine/Content/EditorResources/S_KHinge.uasset" 157
"../../../Engine/Content/EditorResources/S_ExpoHeightFog.uasset" 158
"../../../Engine/Content/EditorResources/S_FTest.uasset" 159
"../../../Engine/Content/EditorResources/S_PortalActorIcon2.uasset" 160
"../../../Engine/Content/EditorResources/SceneManager.uasset" 161
"../../../Engine/Content/EditorResources/S_TextRenderActorIcon.uasset" 162
"../../../Engine/Content/EditorResources/S_RadForce.uasset" 163
"../../../Engine/Content/EditorResources/S_Terrain.uasset" 164
"../../../Engine/Content/EditorResources/S_Trigger.uasset" 165
"../../../Engine/Content/EditorResources/S_Actor.uasset" 166
"../../../Engine/Content/EditorResources/EmptyActor.uasset" 167
"../../../Engine/Content/EditorResources/BSPVertex.uasset" 168
"../../../Engine/Content/EditorResources/MatInstActSprite.uasset" 169
"../../../Engine/Content/EditorResources/SequenceRecorder/Countdown.uasset" 170
"../../../Engine/Content/EditorResources/SequenceRecorder/RecordingIndicator.uasset" 171
"../../../Engine/Content/EditorResources/AI/S_NavLink.uasset" 172
"../../../Engine/Content/EditorResources/Spline/T_Loft_Spline.uasset" 173
"../../../Engine/Content/EditorResources/LightIcons/S_LightError.uasset" 174
"../../../Engine/Content/EditorResources/LightIcons/S_LightSpot.uasset" 175
"../../../Engine/Content/EditorResources/LightIcons/S_LightSpotMove.uasset" 176
"../../../Engine/Content/EditorResources/LightIcons/SkyLight.uasset" 177
"../../../Engine/Content/EditorResources/LightIcons/S_LightPoint.uasset" 178
"../../../Engine/Content/EditorResources/LightIcons/S_LightPointMove.uasset" 179
"../../../Engine/Content/EditorResources/LightIcons/S_LightDirectional.uasset" 180
"../../../Engine/Content/EditorResources/LightIcons/S_LightDirectionalMove.uasset" 181
"../../../Engine/Content/EngineMaterials/DefaultMaterial.uasset" 182
"../../../Engine/Content/BasicShapes/Cone.uasset" 183
"../../../Engine/Content/BasicShapes/Cube.uasset" 184
"../../../Engine/Content/BasicShapes/Cylinder.uasset" 185
"../../../Engine/Content/BasicShapes/Plane.uasset" 186
"../../../Engine/Content/BasicShapes/Sphere.uasset" 187
"../../../Engine/Content/Functions/Engine_MaterialFunctions01/Texturing/ScaleUVsByCenter.uasset" 188
"../../../Engine/Content/Functions/Engine_MaterialFunctions02/ScreenResolution.uasset" 189
"../../../Engine/Content/Functions/Engine_MaterialFunctions02/Texturing/ScreenAlignedUVs.uasset" 190
"../../../Engine/Content/Functions/Engine_MaterialFunctions02/Utility/MakeFloat2.uasset" 191
"../../../Engine/Content/Functions/Engine_MaterialFunctions02/Utility/MakeFloat3.uasset" 192
"../../../Engine/Content/EngineMaterials/MiniFont.uasset" 193
"../../../Engine/Content/BufferVisualization/CustomStencil.uasset" 194
"../../../Engine/Content/BufferVisualization/LightingModel.uasset" 195
"../../../Engine/Content/BufferVisualization/SubsurfaceColor.uasset" 196
"../../../Engine/Content/BufferVisualization/WorldNormal.uasset" 197
"../../../Engine/Content/Functions/Engine_MaterialFunctions02/Utility/VectorLength.uasset" 198
"../../../Engine/Content/BufferVisualization/SceneDepthWorldUnits.uasset" 199
"../../../Engine/Content/BufferVisualization/Opacity.uasset" 200
"../../../Engine/Content/BufferVisualization/SeparateTranslucencyRGB.uasset" 201
"../../../Engine/Content/BufferVisualization/BaseColor.uasset" 202
"../../../Engine/Content/BufferVisualization/Metallic.uasset" 203
"../../../Engine/Content/BufferVisualization/MaterialAO.uasset" 204
"../../../Engine/Content/BufferVisualization/SeparateTranslucencyA.uasset" 205
"../../../Engine/Content/BufferVisualization/SceneDepth.uasset" 206
"../../../Engine/Content/BufferVisualization/Specular.uasset" 207
"../../../Engine/Content/BufferVisualization/PostTonemapHDRColor.uasset" 208
"../../../Engine/Content/BufferVisualization/SceneColor.uasset" 209
"../../../Engine/Content/BufferVisualization/PreTonemapHDRColor.uasset" 210
"../../../Engine/Content/BufferVisualization/FinalImage.uasset" 211
"../../../Engine/Content/EngineMaterials/DefaultPhysicalMaterial.uasset" 212
"../../../Engine/Content/BufferVisualization/AmbientOcclusion.uasset" 213
"../../../Engine/Content/BufferVisualization/CustomDepth.uasset" 214
"../../../Engine/Content/BufferVisualization/Roughness.uasset" 215
"../../../Engine/Content/BufferVisualization/CustomDepthWorldUnits.uasset" 216
"../../../Engine/Content/Functions/Engine_MaterialFunctions01/Shading/PowerToRoughness.uasset" 217
"../../../Engine/Content/EditorMaterials/Tick.uasset" 218
"../../../Engine/Content/EditorMaterials/Tick_Mat.uasset" 219
"../../../Engine/Content/EditorMaterials/WidgetMaterial_X.uasset" 220
"../../../Engine/Content/EditorMaterials/WidgetMaterial_Z.uasset" 221
"../../../Engine/Content/EditorMaterials/PreviewShadowIndicator.uasset" 222
"../../../Engine/Content/EditorMaterials/PreviewShadowIndicatorMaterial.uasset" 223
"../../../Engine/Content/EditorMaterials/GizmoMaterial.uasset" 224
"../../../Engine/Content/EditorMaterials/WidgetMaterial.uasset" 225
"../../../Engine/Content/EditorMaterials/PhAT_NoCollisionMaterial.uasset" 226
"../../../Engine/Content/EditorMaterials/PhAT_BoneSelectedMaterial.uasset" 227
"../../../Engine/Content/EditorMaterials/Cross.uasset" 228
"../../../Engine/Content/EditorMaterials/Cross_Mat.uasset" 229
"../../../Engine/Content/Functions/Engine_MaterialFunctions02/ExampleContent/Textures/flipbook.uasset" 230
"../../../Engine/Content/Functions/Engine_MaterialFunctions02/Texturing/FlipBook.uasset" 231
"../../../Engine/Content/Functions/Engine_MaterialFunctions02/Utility/Sign.uasset" 232
"../../../Engine/Content/Functions/Engine_MaterialFunctions02/Utility/Round.uasset" 233
"../../../Engine/Content/EditorResources/T_EditorHelp.uasset" 234
"../../../Engine/Content/EditorMaterials/HelpActorMaterial.uasset" 235
"../../../Engine/Content/EditorMaterials/WidgetMaterial_Y.uasset" 236
"../../../Engine/Content/EditorMaterials/TargetIcon.uasset" 237
"../../../Engine/Content/EditorMaterials/WidgetVertexColorMaterial.uasset" 238
"../../../Engine/Content/EditorMaterials/WidgetMaterial_Current.uasset" 239
"../../../Engine/Content/EditorMaterials/CompositeARGBLayer.uasset" 240
"../../../Engine/Content/EditorMaterials/TilingAALineIntegral.uasset" 241
"../../../Engine/Content/EditorMaterials/TilingAALineBoxFiltered.uasset" 242
"../../../Engine/Content/Functions/Engine_MaterialFunctions03/Procedurals/ComputeFilterWidth.uasset" 243
"../../../Engine/Content/EditorMaterials/TilingAADots.uasset" 244
"../../../Engine/Content/EngineMaterials/BlendFunc_DefBase.uasset" 245
"../../../Engine/Content/EngineMaterials/BlendFunc_DefBlend.uasset" 246
"../../../Engine/Content/Functions/Engine_MaterialFunctions03/Blends/Blend_Screen.uasset" 247
"../../../Engine/Content/EditorMaterials/TilingAAGrid.uasset" 248
"../../../Engine/Content/EditorMaterials/LevelGridMaterial.uasset" 249
"../../../Engine/Content/EditorMaterials/MAT_Groups_Toggle.uasset" 250
"../../../Engine/Content/EditorMaterials/PhAT_ElemSelectedMaterial.uasset" 251
"../../../Engine/Content/EditorMaterials/WidgetGridVertexColorMaterial.uasset" 252
"../../../Engine/Content/EditorMaterials/WidgetGridVertexColorMaterial_Ma.uasset" 253
"../../../Engine/Content/EditorMaterials/PhAT_UnselectedMaterial.uasset" 254
"../../../Engine/Content/EditorMaterials/MAT_Groups_Visibility.uasset" 255
"../../../Engine/Content/EditorMaterials/MakeCompositeARGBLayer.uasset" 256
"../../../Engine/Content/EditorResources/LevelGrid1DStripes.uasset" 257
"../../../Engine/Content/EditorMaterials/TextureGridCascaded1D.uasset" 258
"../../../Engine/Content/EditorMaterials/TextureGridCascaded2D.uasset" 259
"../../../Engine/Content/EditorMaterials/LevelGridMaterial2.uasset" 260
"../../../Engine/Content/EditorMaterials/ParticleSystems/PSysThumbnail_NoImage.uasset" 261
"../../../Engine/Content/EditorMaterials/ParticleSystems/PSysThumbnail_OOD.uasset" 262
"../../../Engine/Content/EditorMaterials/MatineeGroups/MAT_Groups_Vector.uasset" 263
"../../../Engine/Content/EditorMaterials/MatineeGroups/MAT_ColorTrack.uasset" 264
"../../../Engine/Content/EditorMaterials/MatineeGroups/MAT_Groups_AudioMaster.uasset" 265
"../../../Engine/Content/EditorMaterials/MatineeGroups/MAT_Groups_Sound.uasset" 266
"../../../Engine/Content/EditorMaterials/MatineeGroups/MAT_Groups_Float.uasset" 267
"../../../Engine/Content/EditorMaterials/MatineeGroups/MAT_Groups_Director.uasset" 268
"../../../Engine/Content/EditorMaterials/MatineeGroups/MAT_Groups_Move.uasset" 269
"../../../Engine/Content/EditorMaterials/MatineeGroups/MAT_Groups_Event.uasset" 270
"../../../Engine/Content/EditorMaterials/MatineeGroups/MAT_Groups_Fade.uasset" 271
"../../../Engine/Content/EditorMaterials/MatineeGroups/MAT_Groups_Anim.uasset" 272
"../../../Engine/Content/EditorMaterials/MatineeGroups/MAT_Groups_Slomo.uasset" 273
"../../../Engine/Content/EngineMaterials/Grid.uasset" 274
"../../../Engine/Content/EditorMaterials/Thumbnails/FloorPlaneMaterial.uasset" 275
"../../../Engine/Content/EngineSounds/Master.uasset" 276
"../../../Engine/Content/EngineMeshes/Cylinder.uasset" 277
"../../../Engine/Content/EngineMeshes/Sphere.uasset" 278
"../../../Engine/Content/VREditor/LaserPointer/VR_LaserPower_01.uasset" 279
"../../../Engine/Content/VREditor/TransformGizmo/TransformGizmoMaterial.uasset" 280
"../../../Engine/Content/VREditor/TransformGizmo/TranslucentTransformGizmoMaterial.uasset" 281
"../../../Engine/Content/VREditor/TransformGizmo/PlaneTranslationHandle.uasset" 282
"../../../Engine/Content/VREditor/TransformGizmo/Main.uasset" 283
"../../../Engine/Content/VREditor/TransformGizmo/Xray.uasset" 284
"../../../Engine/Content/VREditor/TransformGizmo/SM_Sequencer_Key.uasset" 285
"../../../Engine/Content/VREditor/TransformGizmo/BoundingBoxCorner.uasset" 286
"../../../Engine/Content/VREditor/TransformGizmo/SM_Sequencer_Node.uasset" 287
"../../../Engine/Content/VREditor/TransformGizmo/BoundingBoxEdge.uasset" 288
"../../../Engine/Content/MapTemplates/Sky/DaylightAmbientCubemap.uasset" 289
"../../../../../../mckennacaldwell/Documents/University/Asset Pipeline/AssetPipeMaster02-master/AssetPipeMaster02/APsec1LargeCityBase 4.21/Content/Shakti_Das_Content/M_Black.uasset" 290
"../../../../../../mckennacaldwell/Documents/University/Asset Pipeline/AssetPipeMaster02-master/AssetPipeMaster02/APsec1LargeCityBase 4.21/Content/Shakti_Das_Content/WoodTexture001.uasset" 291
"../../../../../../mckennacaldwell/Documents/University/Asset Pipeline/AssetPipeMaster02-master/AssetPipeMaster02/APsec1LargeCityBase 4.21/Content/Shakti_Das_Content/WoodTexture001_N.uasset" 292
"../../../../../../mckennacaldwell/Documents/University/Asset Pipeline/AssetPipeMaster02-master/AssetPipeMaster02/APsec1LargeCityBase 4.21/Content/Shakti_Das_Content/M_MasterWoodBlock_PGA.uasset" 293
"../../../../../../mckennacaldwell/Documents/University/Asset Pipeline/AssetPipeMaster02-master/AssetPipeMaster02/APsec1LargeCityBase 4.21/Content/Shakti_Das_Content/SpecificWoodTexture.uasset" 294
"../../../../../../mckennacaldwell/Documents/University/Asset Pipeline/AssetPipeMaster02-master/AssetPipeMaster02/APsec1LargeCityBase 4.21/Content/Shakti_Das_Content/SpecificWoodTextureNormal.uasset" 295
"../../../../../../mckennacaldwell/Documents/University/Asset Pipeline/AssetPipeMaster02-master/AssetPipeMaster02/APsec1LargeCityBase 4.21/Content/Shakti_Das_Content/Woodblock_3_TextureMapPaint.uasset" 296
"../../../../../../mckennacaldwell/Documents/University/Asset Pipeline/AssetPipeMaster02-master/AssetPipeMaster02/APsec1LargeCityBase 4.21/Content/Shakti_Das_Content/M_WoodBlock_Instance_3.uasset" 297
"../../../../../../mckennacaldwell/Documents/University/Asset Pipeline/AssetPipeMaster02-master/AssetPipeMaster02/APsec1LargeCityBase 4.21/Content/Shakti_Das_Content/Shak_WoodBlock_3.uasset" 298
"../../../../../../mckennacaldwell/Documents/University/Asset Pipeline/AssetPipeMaster02-master/AssetPipeMaster02/APsec1LargeCityBase 4.21/Content/UnrealStarterContent/Textures/T_CobbleStone_Rough_D.uasset" 299
"../../../../../../mckennacaldwell/Documents/University/Asset Pipeline/AssetPipeMaster02-master/AssetPipeMaster02/APsec1LargeCityBase 4.21/Content/UnrealStarterContent/Textures/T_CobbleStone_Rough_N.uasset" 300
"../../../../../../mckennacaldwell/Documents/University/Asset Pipeline/AssetPipeMaster02-master/AssetPipeMaster02/APsec1LargeCityBase 4.21/Content/UnrealStarterContent/Textures/T_Gradinet_01.uasset" 301
"../../../../../../mckennacaldwell/Documents/University/Asset Pipeline/AssetPipeMaster02-master/AssetPipeMaster02/APsec1LargeCityBase 4.21/Content/UnrealStarterContent/Textures/T_Rock_Smooth_Granite_D.uasset" 302
"../../../../../../mckennacaldwell/Documents/University/Asset Pipeline/AssetPipeMaster02-master/AssetPipeMaster02/APsec1LargeCityBase 4.21/Content/UnrealStarterContent/Materials/M_CobbleStone_Rough.uasset" 303
"../../../../../../mckennacaldwell/Documents/University/Asset Pipeline/AssetPipeMaster02-master/AssetPipeMaster02/APsec1LargeCityBase 4.21/Content/UnrealStarterContent/Textures/T_Brick_Clay_Old_D.uasset" 304
"../../../../../../mckennacaldwell/Documents/University/Asset Pipeline/AssetPipeMaster02-master/AssetPipeMaster02/APsec1LargeCityBase 4.21/Content/UnrealStarterContent/Textures/T_Brick_Clay_Old_N.uasset" 305
"../../../../../../mckennacaldwell/Documents/University/Asset Pipeline/AssetPipeMaster02-master/AssetPipeMaster02/APsec1LargeCityBase 4.21/Content/UnrealStarterContent/Textures/T_MacroVariation.uasset" 306
"../../../../../../mckennacaldwell/Documents/University/Asset Pipeline/AssetPipeMaster02-master/AssetPipeMaster02/APsec1LargeCityBase 4.21/Content/UnrealStarterContent/Textures/T_Perlin_Noise_M.uasset" 307
"../../../../../../mckennacaldwell/Documents/University/Asset Pipeline/AssetPipeMaster02-master/AssetPipeMaster02/APsec1LargeCityBase 4.21/Content/UnrealStarterContent/Materials/M_Brick_Clay_Old.uasset" 308
"../../../../../../mckennacaldwell/Documents/University/Asset Pipeline/AssetPipeMaster02-master/AssetPipeMaster02/APsec1LargeCityBase 4.21/Content/UnrealStarterContent/Textures/T_Brick_Clay_New_D.uasset" 309
"../../../../../../mckennacaldwell/Documents/University/Asset Pipeline/AssetPipeMaster02-master/AssetPipeMaster02/APsec1LargeCityBase 4.21/Content/UnrealStarterContent/Textures/T_Brick_Clay_New_M.uasset" 310
"../../../../../../mckennacaldwell/Documents/University/Asset Pipeline/AssetPipeMaster02-master/AssetPipeMaster02/APsec1LargeCityBase 4.21/Content/UnrealStarterContent/Textures/T_Brick_Clay_New_N.uasset" 311
"../../../../../../mckennacaldwell/Documents/University/Asset Pipeline/AssetPipeMaster02-master/AssetPipeMaster02/APsec1LargeCityBase 4.21/Content/UnrealStarterContent/Textures/T_Detail_Rocky_N.uasset" 312
"../../../../../../mckennacaldwell/Documents/University/Asset Pipeline/AssetPipeMaster02-master/AssetPipeMaster02/APsec1LargeCityBase 4.21/Content/UnrealStarterContent/Materials/M_Brick_Clay_New.uasset" 313
"../../../../../../mckennacaldwell/Documents/University/Asset Pipeline/AssetPipeMaster02-master/AssetPipeMaster02/APsec1LargeCityBase 4.21/Content/UnrealStarterContent/Materials/M_Basic_Floor.uasset" 314
"../../../../../../mckennacaldwell/Documents/University/Asset Pipeline/AssetPipeMaster02-master/AssetPipeMaster02/APsec1LargeCityBase 4.21/Content/UnrealStarterContent/Textures/T_CobbleStone_Pebble_D.uasset" 315
"../../../../../../mckennacaldwell/Documents/University/Asset Pipeline/AssetPipeMaster02-master/AssetPipeMaster02/APsec1LargeCityBase 4.21/Content/UnrealStarterContent/Textures/T_CobbleStone_Pebble_M.uasset" 316
"../../../../../../mckennacaldwell/Documents/University/Asset Pipeline/AssetPipeMaster02-master/AssetPipeMaster02/APsec1LargeCityBase 4.21/Content/UnrealStarterContent/Textures/T_CobbleStone_Pebble_N.uasset" 317
"../../../../../../mckennacaldwell/Documents/University/Asset Pipeline/AssetPipeMaster02-master/AssetPipeMaster02/APsec1LargeCityBase 4.21/Content/UnrealStarterContent/Materials/M_CobbleStone_Pebble.uasset" 318
"../../../../../../mckennacaldwell/Documents/University/Asset Pipeline/AssetPipeMaster02-master/AssetPipeMaster02/APsec1LargeCityBase 4.21/Content/Lin_Pan_content/woodblcok.uasset" 319
"../../../../../../mckennacaldwell/Documents/University/Asset Pipeline/AssetPipeMaster02-master/AssetPipeMaster02/APsec1LargeCityBase 4.21/Content/Kristopher-Kemp/Block_B.uasset" 320
"../../../../../../mckennacaldwell/Documents/University/Asset Pipeline/AssetPipeMaster02-master/AssetPipeMaster02/APsec1LargeCityBase 4.21/Content/Kristopher-Kemp/Block_C.uasset" 321
"../../../../../../mckennacaldwell/Documents/University/Asset Pipeline/AssetPipeMaster02-master/AssetPipeMaster02/APsec1LargeCityBase 4.21/Content/Kristopher-Kemp/Block_A.uasset" 322
"../../../../../../mckennacaldwell/Documents/University/Asset Pipeline/AssetPipeMaster02-master/AssetPipeMaster02/APsec1LargeCityBase 4.21/Content/Hayden-Matthews_Content/pCube3Mat.uasset" 323
"../../../../../../mckennacaldwell/Documents/University/Asset Pipeline/AssetPipeMaster02-master/AssetPipeMaster02/APsec1LargeCityBase 4.21/Content/Hayden-Matthews_Content/Block_with_Chambers.uasset" 324
"../../../../../../mckennacaldwell/Documents/University/Asset Pipeline/AssetPipeMaster02-master/AssetPipeMaster02/APsec1LargeCityBase 4.21/Content/Hayden-Matthews_Content/pCylinder1Mat.uasset" 325
"../../../../../../mckennacaldwell/Documents/University/Asset Pipeline/AssetPipeMaster02-master/AssetPipeMaster02/APsec1LargeCityBase 4.21/Content/Hayden-Matthews_Content/Hourglass.uasset" 326
"../../../../../../mckennacaldwell/Documents/University/Asset Pipeline/AssetPipeMaster02-master/AssetPipeMaster02/APsec1LargeCityBase 4.21/Content/Hayden-Matthews_Content/StainedWood_M.uasset" 327
"../../../../../../mckennacaldwell/Documents/University/Asset Pipeline/AssetPipeMaster02-master/AssetPipeMaster02/APsec1LargeCityBase 4.21/Content/Hayden-Matthews_Content/StainedWood_M_Mat.uasset" 328
"../../../../../../mckennacaldwell/Documents/University/Asset Pipeline/AssetPipeMaster02-master/AssetPipeMaster02/APsec1LargeCityBase 4.21/Content/Hayden-Matthews_Content/pCube1Mat.uasset" 329
"../../../../../../mckennacaldwell/Documents/University/Asset Pipeline/AssetPipeMaster02-master/AssetPipeMaster02/APsec1LargeCityBase 4.21/Content/Hayden-Matthews_Content/Half_Arch.uasset" 330
"../../../../../../mckennacaldwell/Documents/University/Asset Pipeline/AssetPipeMaster02-master/AssetPipeMaster02/APsec1LargeCityBase 4.21/Content/PJH_Content/Materials/PlainWoodNorm.uasset" 331
"../../../../../../mckennacaldwell/Documents/University/Asset Pipeline/AssetPipeMaster02-master/AssetPipeMaster02/APsec1LargeCityBase 4.21/Content/PJH_Content/Materials/WoodTexture004.uasset" 332
"../../../../../../mckennacaldwell/Documents/University/Asset Pipeline/AssetPipeMaster02-master/AssetPipeMaster02/APsec1LargeCityBase 4.21/Content/PJH_Content/Materials/WoodTexture004paint.uasset" 333
"../../../../../../mckennacaldwell/Documents/University/Asset Pipeline/AssetPipeMaster02-master/AssetPipeMaster02/APsec1LargeCityBase 4.21/Content/PJH_Content/Materials/M_MasterWoodBlock_AP.uasset" 334
"../../../../../../mckennacaldwell/Documents/University/Asset Pipeline/AssetPipeMaster02-master/AssetPipeMaster02/APsec1LargeCityBase 4.21/Content/PJH_Content/Materials/KnottedWoodNorm.uasset" 335
"../../../../../../mckennacaldwell/Documents/University/Asset Pipeline/AssetPipeMaster02-master/AssetPipeMaster02/APsec1LargeCityBase 4.21/Content/PJH_Content/Materials/Child1.uasset" 336
"../../../Engine/Content/EngineResources/Black.uasset" 337
"../../../../../../mckennacaldwell/Documents/University/Asset Pipeline/AssetPipeMaster02-master/AssetPipeMaster02/APsec1LargeCityBase 4.21/Content/MyStuff/WoodNorm.uasset" 338
"../../../../../../mckennacaldwell/Documents/University/Asset Pipeline/AssetPipeMaster02-master/AssetPipeMaster02/APsec1LargeCityBase 4.21/Content/MyStuff/WoodTexture.uasset" 339
"../../../../../../mckennacaldwell/Documents/University/Asset Pipeline/AssetPipeMaster02-master/AssetPipeMaster02/APsec1LargeCityBase 4.21/Content/MyStuff/M_WoodMIne.uasset" 340
"../../../../../../mckennacaldwell/Documents/University/Asset Pipeline/AssetPipeMaster02-master/AssetPipeMaster02/APsec1LargeCityBase 4.21/Content/MyStuff/pCube1Mat.uasset" 341
"../../../../../../mckennacaldwell/Documents/University/Asset Pipeline/AssetPipeMaster02-master/AssetPipeMaster02/APsec1LargeCityBase 4.21/Content/MyStuff/01.uasset" 342
"../../Plugins/2D/Paper2D/Content/DefaultSpriteMaterial.uasset" 343
"../../Plugins/2D/Paper2D/Content/OpaqueUnlitSpriteMaterial.uasset" 344
"../../Plugins/2D/Paper2D/Content/PlaceholderTextures/DummySpriteTexture.uasset" 345
"../../Plugins/2D/Paper2D/Content/DummySprite.uasset" 346
"../../Plugins/2D/Paper2D/Content/DefaultPaperTerrainMaterial.uasset" 347
"../../Plugins/2D/Paper2D/Content/MaskedUnlitSpriteMaterial.uasset" 348
"../../../Engine/Content/Maps/Entry_BuiltData.uasset" 349
"../../../Engine/Content/Maps/Entry.umap" 350
"../../../Engine/Content/EditorBlueprintResources/StandardMacros.uasset" 351
"../../../Engine/Content/EngineSky/C_Sky_Cloud_Color.uasset" 352
"../../../Engine/Content/EngineSky/C_Sky_Horizon_Color.uasset" 353
"../../../Engine/Content/EngineSky/C_Sky_Zenith_Color.uasset" 354
"../../../Engine/Content/EngineSky/T_Sky_Blue.uasset" 355
"../../../Engine/Content/EngineSky/T_Sky_Clouds_M.uasset" 356
"../../../Engine/Content/EngineSky/T_Sky_Stars.uasset" 357
"../../../Engine/Content/EngineSky/M_Sky_Panning_Clouds2.uasset" 358
"../../../Engine/Content/EngineSky/SM_SkySphere.uasset" 359
"../../../Engine/Content/EngineSky/BP_Sky_Sphere.uasset" 360
"../../../Engine/Content/Maps/Templates/Template_Default_BuiltData.uasset" 361
"../../../Engine/Content/MapTemplates/SM_Template_Map_Floor.uasset" 362
"../../../Engine/Content/Maps/Templates/Template_Default.umap" 363
"../../../Engine/Content/Functions/Engine_MaterialFunctions02/Utility/BlendAngleCorrectedNormals.uasset" 364
"../../../../../../mckennacaldwell/Documents/University/Asset Pipeline/AssetPipeMaster02-master/AssetPipeMaster02/APsec1LargeCityBase 4.21/Content/UnrealStarterContent/Textures/T_Water_M.uasset" 365
"../../../../../../mckennacaldwell/Documents/University/Asset Pipeline/AssetPipeMaster02-master/AssetPipeMaster02/APsec1LargeCityBase 4.21/Content/UnrealStarterContent/Textures/T_Water_N.uasset" 366
"../../../../../../mckennacaldwell/Documents/University/Asset Pipeline/AssetPipeMaster02-master/AssetPipeMaster02/APsec1LargeCityBase 4.21/Content/UnrealStarterContent/Materials/M_Water_Ocean.uasset" 367
"../../../../../../mckennacaldwell/Documents/University/Asset Pipeline/AssetPipeMaster02-master/AssetPipeMaster02/APsec1LargeCityBase 4.21/Content/UnrealStarterContent/Textures/T_Wood_Floor_Walnut_D.uasset" 368
"../../../../../../mckennacaldwell/Documents/University/Asset Pipeline/AssetPipeMaster02-master/AssetPipeMaster02/APsec1LargeCityBase 4.21/Content/UnrealStarterContent/Textures/T_Wood_Floor_Walnut_M.uasset" 369
"../../../../../../mckennacaldwell/Documents/University/Asset Pipeline/AssetPipeMaster02-master/AssetPipeMaster02/APsec1LargeCityBase 4.21/Content/UnrealStarterContent/Textures/T_Wood_Floor_Walnut_N.uasset" 370
"../../../../../../mckennacaldwell/Documents/University/Asset Pipeline/AssetPipeMaster02-master/AssetPipeMaster02/APsec1LargeCityBase 4.21/Content/UnrealStarterContent/Materials/M_Wood_Floor_Walnut_Polished.uasset" 371
"../../../../../../mckennacaldwell/Documents/University/Asset Pipeline/AssetPipeMaster02-master/AssetPipeMaster02/APsec1LargeCityBase 4.21/Content/woodBlocksContent/N_WoodTexture001_AP.uasset" 372
"../../../../../../mckennacaldwell/Documents/University/Asset Pipeline/AssetPipeMaster02-master/AssetPipeMaster02/APsec1LargeCityBase 4.21/Content/woodBlocksContent/WoodTexture004.uasset" 373
"../../../../../../mckennacaldwell/Documents/University/Asset Pipeline/AssetPipeMaster02-master/AssetPipeMaster02/APsec1LargeCityBase 4.21/Content/woodBlocksContent/M_MasterWoodBlock_AP.uasset" 374
"../../../../../../mckennacaldwell/Documents/University/Asset Pipeline/AssetPipeMaster02-master/AssetPipeMaster02/APsec1LargeCityBase 4.21/Content/Andrew_Baldrige_Content/Tank/Materials/Wood_Desaturated.uasset" 375
"../../../../../../mckennacaldwell/Documents/University/Asset Pipeline/AssetPipeMaster02-master/AssetPipeMaster02/APsec1LargeCityBase 4.21/Content/Andrew_Baldrige_Content/Tank/Materials/Wood_Desaturated_AO.uasset" 376
"../../../../../../mckennacaldwell/Documents/University/Asset Pipeline/AssetPipeMaster02-master/AssetPipeMaster02/APsec1LargeCityBase 4.21/Content/Andrew_Baldrige_Content/Tank/Materials/Wood_Desaturated_Height.uasset" 377
"../../../../../../mckennacaldwell/Documents/University/Asset Pipeline/AssetPipeMaster02-master/AssetPipeMaster02/APsec1LargeCityBase 4.21/Content/Andrew_Baldrige_Content/Tank/Materials/Wood_Desaturated_NML.uasset" 378
"../../../../../../mckennacaldwell/Documents/University/Asset Pipeline/AssetPipeMaster02-master/AssetPipeMaster02/APsec1LargeCityBase 4.21/Content/Andrew_Baldrige_Content/Tank/Materials/Wood_Desaturated_Rough.uasset" 379
"../../../../../../mckennacaldwell/Documents/University/Asset Pipeline/AssetPipeMaster02-master/AssetPipeMaster02/APsec1LargeCityBase 4.21/Content/Andrew_Baldrige_Content/Tank/Materials/Wood_Master_Mtl.uasset" 380
"../../../../../../mckennacaldwell/Documents/University/Asset Pipeline/AssetPipeMaster02-master/AssetPipeMaster02/APsec1LargeCityBase 4.21/Content/Andrew_Baldrige_Content/Tank/Materials/Wood_Master_Mtl_Inst.uasset" 381
"../../../../../../mckennacaldwell/Documents/University/Asset Pipeline/AssetPipeMaster02-master/AssetPipeMaster02/APsec1LargeCityBase 4.21/Content/Christian_Roy_Content/WoodBlock/black.uasset" 382
"../../../../../../mckennacaldwell/Documents/University/Asset Pipeline/AssetPipeMaster02-master/AssetPipeMaster02/APsec1LargeCityBase 4.21/Content/Christian_Roy_Content/WoodBlock/T_Wood_02.uasset" 383
"../../../../../../mckennacaldwell/Documents/University/Asset Pipeline/AssetPipeMaster02-master/AssetPipeMaster02/APsec1LargeCityBase 4.21/Content/Christian_Roy_Content/WoodBlock/WoodTexture004Norm.uasset" 384
"../../../../../../mckennacaldwell/Documents/University/Asset Pipeline/AssetPipeMaster02-master/AssetPipeMaster02/APsec1LargeCityBase 4.21/Content/Jason_Jackson_Content/Parts/bd54e1ee4e9c0076c2e1413d6cab18c4.uasset" 385
"../../../../../../mckennacaldwell/Documents/University/Asset Pipeline/AssetPipeMaster02-master/AssetPipeMaster02/APsec1LargeCityBase 4.21/Content/Jason_Jackson_Content/Parts/WoodTexture004Norm.uasset" 386
"../../../../../../mckennacaldwell/Documents/University/Asset Pipeline/AssetPipeMaster02-master/AssetPipeMaster02/APsec1LargeCityBase 4.21/Content/Jason_Jackson_Content/Parts/M_MasterWoodBlock_AP_1.uasset" 387
"../../../../../../mckennacaldwell/Documents/University/Asset Pipeline/AssetPipeMaster02-master/AssetPipeMaster02/APsec1LargeCityBase 4.21/Content/Jason_Jackson_Content/Parts/M_MasterWoodBlock_AP_1_Inst.uasset" 388
"../../../../../../mckennacaldwell/Documents/University/Asset Pipeline/AssetPipeMaster02-master/AssetPipeMaster02/APsec1LargeCityBase 4.21/Content/PJH_Content/Materials/Child2.uasset" 389
"../../../../../../mckennacaldwell/Documents/University/Asset Pipeline/AssetPipeMaster02-master/AssetPipeMaster02/APsec1LargeCityBase 4.21/Content/Shakti_Das_Content/M_WoodBlock_Instance_1.uasset" 390
"../../../../../../mckennacaldwell/Documents/University/Asset Pipeline/AssetPipeMaster02-master/AssetPipeMaster02/APsec1LargeCityBase 4.21/Content/Shakti_Das_Content/M_WoodBlock_Instance_2.uasset" 391
"../../../../../../mckennacaldwell/Documents/University/Asset Pipeline/AssetPipeMaster02-master/AssetPipeMaster02/APsec1LargeCityBase 4.21/Content/Shakti_Das_Content/M_WoodBlock_Instance_4.uasset" 392
"../../../../../../mckennacaldwell/Documents/University/Asset Pipeline/AssetPipeMaster02-master/AssetPipeMaster02/APsec1LargeCityBase 4.21/Content/woodBlocksContent/M_DarkWood_AP_Inst.uasset" 393
"../../../../../../mckennacaldwell/Documents/University/Asset Pipeline/AssetPipeMaster02-master/AssetPipeMaster02/APsec1LargeCityBase 4.21/Content/woodBlocksContent/M_SidewalkBlock_AP_Inst.uasset" 394
"../../../../../../mckennacaldwell/Documents/University/Asset Pipeline/AssetPipeMaster02-master/AssetPipeMaster02/APsec1LargeCityBase 4.21/Content/woodBlocksContent/M_StreetBlock_AP_Inst.uasset" 395
"../../../../../../mckennacaldwell/Documents/University/Asset Pipeline/AssetPipeMaster02-master/AssetPipeMaster02/APsec1LargeCityBase 4.21/Content/woodBlocksContent/streetLines001.uasset" 396
"../../../../../../mckennacaldwell/Documents/University/Asset Pipeline/AssetPipeMaster02-master/AssetPipeMaster02/APsec1LargeCityBase 4.21/Content/woodBlocksContent/M_StreetBlockStipes_AP_Inst1.uasset" 397
"../../../../../../mckennacaldwell/Documents/University/Asset Pipeline/AssetPipeMaster02-master/AssetPipeMaster02/APsec1LargeCityBase 4.21/Content/woodBlocksContent/M_WoodBlock004_AP_Inst.uasset" 398
"../../../../../../mckennacaldwell/Documents/University/Asset Pipeline/AssetPipeMaster02-master/AssetPipeMaster02/APsec1LargeCityBase 4.21/Content/Alexander_Cervantes_Content/polySurface27Mat.uasset" 399
"../../../../../../mckennacaldwell/Documents/University/Asset Pipeline/AssetPipeMaster02-master/AssetPipeMaster02/APsec1LargeCityBase 4.21/Content/Alexander_Cervantes_Content/Wood_Car_Texture.uasset" 400
"../../../../../../mckennacaldwell/Documents/University/Asset Pipeline/AssetPipeMaster02-master/AssetPipeMaster02/APsec1LargeCityBase 4.21/Content/Andrew_Radford_Content/Train/frontend-large.uasset" 401
"../../../../../../mckennacaldwell/Documents/University/Asset Pipeline/AssetPipeMaster02-master/AssetPipeMaster02/APsec1LargeCityBase 4.21/Content/Andrew_Radford_Content/Train/phong1.uasset" 402
"../../../../../../mckennacaldwell/Documents/University/Asset Pipeline/AssetPipeMaster02-master/AssetPipeMaster02/APsec1LargeCityBase 4.21/Content/Andrew_Radford_Content/Train/train.uasset" 403
"../../../../../../mckennacaldwell/Documents/University/Asset Pipeline/AssetPipeMaster02-master/AssetPipeMaster02/APsec1LargeCityBase 4.21/Content/Human4Size/M_WBchar_MACH.uasset" 404
"../../../../../../mckennacaldwell/Documents/University/Asset Pipeline/AssetPipeMaster02-master/AssetPipeMaster02/APsec1LargeCityBase 4.21/Content/Human4Size/MACHicAssign004WBsize.uasset" 405
"../../../../../../mckennacaldwell/Documents/University/Asset Pipeline/AssetPipeMaster02-master/AssetPipeMaster02/APsec1LargeCityBase 4.21/Content/Lin_Pan_content/lin_block_1.uasset" 406
"../../../../../../mckennacaldwell/Documents/University/Asset Pipeline/AssetPipeMaster02-master/AssetPipeMaster02/APsec1LargeCityBase 4.21/Content/Lin_Pan_content/lin_block_2.uasset" 407
"../../../../../../mckennacaldwell/Documents/University/Asset Pipeline/AssetPipeMaster02-master/AssetPipeMaster02/APsec1LargeCityBase 4.21/Content/McKenna_Caldwell_Content/BlockCar_MKC.uasset" 408
"../../../../../../mckennacaldwell/Documents/University/Asset Pipeline/AssetPipeMaster02-master/AssetPipeMaster02/APsec1LargeCityBase 4.21/Content/MyStuff/initialShadingGroup.uasset" 409
"../../../../../../mckennacaldwell/Documents/University/Asset Pipeline/AssetPipeMaster02-master/AssetPipeMaster02/APsec1LargeCityBase 4.21/Content/MyStuff/03.uasset" 410
"../../../../../../mckennacaldwell/Documents/University/Asset Pipeline/AssetPipeMaster02-master/AssetPipeMaster02/APsec1LargeCityBase 4.21/Content/PJH_Content/lambert4SG.uasset" 411
"../../../../../../mckennacaldwell/Documents/University/Asset Pipeline/AssetPipeMaster02-master/AssetPipeMaster02/APsec1LargeCityBase 4.21/Content/PJH_Content/OOCcarUV.uasset" 412
"../../../../../../mckennacaldwell/Documents/University/Asset Pipeline/AssetPipeMaster02-master/AssetPipeMaster02/APsec1LargeCityBase 4.21/Content/Plane/PlaneCombined.uasset" 413
"../../../../../../mckennacaldwell/Documents/University/Asset Pipeline/AssetPipeMaster02-master/AssetPipeMaster02/APsec1LargeCityBase 4.21/Content/Shakti_Das_Content/Shak_WoodBlock_1.uasset" 414
"../../../../../../mckennacaldwell/Documents/University/Asset Pipeline/AssetPipeMaster02-master/AssetPipeMaster02/APsec1LargeCityBase 4.21/Content/Shakti_Das_Content/lambert1.uasset" 415
"../../../../../../mckennacaldwell/Documents/University/Asset Pipeline/AssetPipeMaster02-master/AssetPipeMaster02/APsec1LargeCityBase 4.21/Content/Shakti_Das_Content/Shakti_Das_-_Car_UV_pCube7.uasset" 416
"../../../../../../mckennacaldwell/Documents/University/Asset Pipeline/AssetPipeMaster02-master/AssetPipeMaster02/APsec1LargeCityBase 4.21/Content/Shakti_Das_Content/Shakti_Das_-_Car_UV_pCylinder2.uasset" 417
"../../../../../../mckennacaldwell/Documents/University/Asset Pipeline/AssetPipeMaster02-master/AssetPipeMaster02/APsec1LargeCityBase 4.21/Content/Shakti_Das_Content/Shakti_Das_-_Car_UV_pCylinder7.uasset" 418
"../../../../../../mckennacaldwell/Documents/University/Asset Pipeline/AssetPipeMaster02-master/AssetPipeMaster02/APsec1LargeCityBase 4.21/Content/Shakti_Das_Content/Shakti_Das_-_Car_UV_pCylinder8.uasset" 419
"../../../../../../mckennacaldwell/Documents/University/Asset Pipeline/AssetPipeMaster02-master/AssetPipeMaster02/APsec1LargeCityBase 4.21/Content/Shakti_Das_Content/Shakti_Das_-_Car_UV_pCylinder9.uasset" 420
"../../../../../../mckennacaldwell/Documents/University/Asset Pipeline/AssetPipeMaster02-master/AssetPipeMaster02/APsec1LargeCityBase 4.21/Content/StreetBlocks/streetBlocks100X100X20.uasset" 421
"../../../../../../mckennacaldwell/Documents/University/Asset Pipeline/AssetPipeMaster02-master/AssetPipeMaster02/APsec1LargeCityBase 4.21/Content/StreetBlocks/streetBlocks100X100X30.uasset" 422
"../../../../../../mckennacaldwell/Documents/University/Asset Pipeline/AssetPipeMaster02-master/AssetPipeMaster02/APsec1LargeCityBase 4.21/Content/StreetBlocks/streetBlocks100X50X20.uasset" 423
"../../../../../../mckennacaldwell/Documents/University/Asset Pipeline/AssetPipeMaster02-master/AssetPipeMaster02/APsec1LargeCityBase 4.21/Content/StreetBlocks/streetBlocks100X50X30.uasset" 424
"../../../../../../mckennacaldwell/Documents/University/Asset Pipeline/AssetPipeMaster02-master/AssetPipeMaster02/APsec1LargeCityBase 4.21/Content/StreetBlocks/streetBlocks50RCorner.uasset" 425
"../../../../../../mckennacaldwell/Documents/University/Asset Pipeline/AssetPipeMaster02-master/AssetPipeMaster02/APsec1LargeCityBase 4.21/Content/StreetBlocks/streetBlocks50X50X20.uasset" 426
"../../../../../../mckennacaldwell/Documents/University/Asset Pipeline/AssetPipeMaster02-master/AssetPipeMaster02/APsec1LargeCityBase 4.21/Content/woodBlocksContent/M_LightWood_AP_Inst.uasset" 427
"../../../../../../mckennacaldwell/Documents/University/Asset Pipeline/AssetPipeMaster02-master/AssetPipeMaster02/APsec1LargeCityBase 4.21/Content/woodBlocksContent/M_MedWood1_AP_Inst.uasset" 428
"../../../../../../mckennacaldwell/Documents/University/Asset Pipeline/AssetPipeMaster02-master/AssetPipeMaster02/APsec1LargeCityBase 4.21/Content/woodBlocksContent/M_MedWood2_AP_Inst.uasset" 429
"../../../../../../mckennacaldwell/Documents/University/Asset Pipeline/AssetPipeMaster02-master/AssetPipeMaster02/APsec1LargeCityBase 4.21/Content/Tractor/SM_MERGED_tractorBase.uasset" 430
"../../../../../../mckennacaldwell/Documents/University/Asset Pipeline/AssetPipeMaster02-master/AssetPipeMaster02/APsec1LargeCityBase 4.21/Content/StreetSceneLarge_MKC.umap" 431
