Log file open, 10/17/18 19:55:01
LogWindows: Failed to load 'aqProf.dll' (GetLastError=126)
LogWindows: File 'aqProf.dll' does not exist
LogWindows: Failed to load 'VSPerf140.dll' (GetLastError=126)
LogWindows: File 'VSPerf140.dll' does not exist
LogWindows: Failed to load 'VtuneApi.dll' (GetLastError=126)
LogWindows: File 'VtuneApi.dll' does not exist
LogWindows: Failed to load 'VtuneApi32e.dll' (GetLastError=126)
LogWindows: File 'VtuneApi32e.dll' does not exist
LogInit: Display: Running engine for game: APsec1LargeCityBase
LogPlatformFile: Not using cached read wrapper
LogTaskGraph: Started task graph with 5 named threads and 35 total threads with 3 sets of task threads.
LogStats: Stats thread started at 0.416335
LogD3D11RHI: Loaded GFSDK_Aftermath_Lib.x64.dll
LogICUInternationalization: Display: ICU TimeZone Detection - Raw Offset: -7:00, Platform Override: ''
LogPluginManager: Mounting plugin Paper2D
LogPluginManager: Mounting plugin AISupport
LogPluginManager: Mounting plugin LightPropagationVolume
LogPluginManager: Mounting plugin CLionSourceCodeAccess
LogPluginManager: Mounting plugin CodeLiteSourceCodeAccess
LogPluginManager: Mounting plugin GitSourceControl
LogPluginManager: Mounting plugin KDevelopSourceCodeAccess
LogPluginManager: Mounting plugin NullSourceCodeAccess
LogPluginManager: Mounting plugin PerforceSourceControl
LogPluginManager: Mounting plugin SubversionSourceControl
LogPluginManager: Mounting plugin UObjectPlugin
LogPluginManager: Mounting plugin VisualStudioCodeSourceCodeAccess
LogPluginManager: Mounting plugin VisualStudioSourceCodeAccess
LogPluginManager: Mounting plugin XCodeSourceCodeAccess
LogPluginManager: Mounting plugin AssetManagerEditor
LogPluginManager: Mounting plugin CryptoKeys
LogPluginManager: Mounting plugin DataValidation
LogPluginManager: Mounting plugin FacialAnimation
LogPluginManager: Mounting plugin GameplayTagsEditor
LogPluginManager: Mounting plugin MacGraphicsSwitching
LogPluginManager: Mounting plugin MeshEditor
LogPluginManager: Mounting plugin MobileLauncherProfileWizard
LogPluginManager: Mounting plugin PluginBrowser
LogPluginManager: Mounting plugin SpeedTreeImporter
LogPluginManager: Mounting plugin DatasmithContent
LogPluginManager: Mounting plugin AlembicImporter
LogPluginManager: Mounting plugin AppleImageUtils
LogPluginManager: Mounting plugin AppleVision
LogPluginManager: Mounting plugin BackChannel
LogPluginManager: Mounting plugin CharacterAI
LogPluginManager: Mounting plugin GeometryCache
LogPluginManager: Mounting plugin HTML5Networking
LogPluginManager: Mounting plugin ProxyLODPlugin
LogPluginManager: Mounting plugin MagicLeap
LogPluginManager: Mounting plugin MagicLeapEmulator
LogPluginManager: Mounting plugin MagicLeapMedia
LogPluginManager: Mounting plugin AndroidMedia
LogPluginManager: Mounting plugin AvfMedia
LogPluginManager: Mounting plugin ImgMedia
LogPluginManager: Mounting plugin LinearTimecode
LogPluginManager: Mounting plugin MediaCompositing
LogPluginManager: Mounting plugin MediaPlayerEditor
LogPluginManager: Mounting plugin WmfMedia
LogPluginManager: Mounting plugin TcpMessaging
LogPluginManager: Mounting plugin UdpMessaging
LogPluginManager: Mounting plugin ActorSequence
LogPluginManager: Mounting plugin LevelSequenceEditor
LogPluginManager: Mounting plugin MatineeToLevelSequence
LogPluginManager: Mounting plugin NetcodeUnitTest
LogPluginManager: Mounting plugin NUTUnrealEngine4
LogPluginManager: Mounting plugin OnlineSubsystemGooglePlay
LogPluginManager: Mounting plugin OnlineSubsystemIOS
LogPluginManager: Mounting plugin OnlineSubsystem
LogPluginManager: Mounting plugin OnlineSubsystemNull
LogPluginManager: Mounting plugin OnlineSubsystemUtils
LogPluginManager: Mounting plugin LauncherChunkInstaller
LogPluginManager: Mounting plugin AndroidDeviceProfileSelector
LogPluginManager: Mounting plugin AndroidMoviePlayer
LogPluginManager: Mounting plugin AndroidPermission
LogPluginManager: Mounting plugin AppleMoviePlayer
LogPluginManager: Mounting plugin ArchVisCharacter
LogPluginManager: Mounting plugin AudioCapture
LogPluginManager: Mounting plugin CableComponent
LogPluginManager: Mounting plugin CustomMeshComponent
LogPluginManager: Mounting plugin EditableMesh
LogPluginManager: Mounting plugin ExampleDeviceProfileSelector
LogPluginManager: Mounting plugin GoogleCloudMessaging
LogPluginManager: Mounting plugin ImmediatePhysics
LogPluginManager: Mounting plugin IOSDeviceProfileSelector
LogPluginManager: Mounting plugin LinuxDeviceProfileSelector
LogPluginManager: Mounting plugin LocationServicesBPLibrary
LogPluginManager: Mounting plugin MobilePatchingUtils
LogPluginManager: Mounting plugin OculusVR
LogPluginManager: Plugin shader directory ../../../Engine/Plugins/Runtime/Oculus/OculusVR/Shaders found
LogPluginManager: Mapping shader source directory ../../../Engine/Plugins/Runtime/Oculus/OculusVR/Shaders to virtual directory /Plugin/OculusVR
LogPluginManager: Mounting plugin PhysXVehicles
LogPluginManager: Mounting plugin ProceduralMeshComponent
LogPluginManager: Mounting plugin RuntimePhysXCooking
LogPluginManager: Mounting plugin SteamVR
LogPluginManager: Mounting plugin WindowsMoviePlayer
LogStreaming: Display: Took  0.172s to configure plugins.
LogInit: Using libcurl 7.55.1-DEV
LogInit:  - built for x86_64-pc-win32
LogInit:  - supports SSL with OpenSSL/1.0.2h
LogInit:  - supports HTTP deflate (compression) using libz 1.2.8
LogInit:  - other features:
LogInit:      CURL_VERSION_SSL
LogInit:      CURL_VERSION_LIBZ
LogInit:      CURL_VERSION_IPV6
LogInit:      CURL_VERSION_ASYNCHDNS
LogInit:      CURL_VERSION_LARGEFILE
LogInit:      CURL_VERSION_IDN
LogInit:  CurlRequestOptions (configurable via config and command line):
LogInit:  - bVerifyPeer = false  - Libcurl will NOT verify peer certificate
LogInit:  - bUseHttpProxy = false  - Libcurl will NOT use HTTP proxy
LogInit:  - bDontReuseConnections = false  - Libcurl will reuse connections
LogInit:  - CertBundlePath = nullptr  - Libcurl will use whatever was configured at build time.
LogInit:  - MaxHostConnections = 16  - Libcurl will limit the number of connections to a host
LogInit:  - LocalHostAddr = Default
LogInit:  - BufferSize = 65536
LogInit: WinSock: version 1.1 (2.2), MaxSocks=32767, MaxUdp=65467
LogInit: Build: ++UE4+Release-4.20-CL-4369336
LogInit: Engine Version: 4.20.3-4369336+++UE4+Release-4.20
LogInit: Compatible Engine Version: 4.20.0-4212847+++UE4+Release-4.20
LogInit: Net CL: 4212847
LogInit: OS: Windows 10 (), CPU: Intel(R) Core(TM) i7-8750H CPU @ 2.20GHz, GPU: Intel(R) UHD Graphics 630
LogInit: Compiled (64-bit): Sep 17 2018 12:26:19
LogInit: Compiled with Visual C++: 19.13.26129.00
LogInit: Build Configuration: Development
LogInit: Branch Name: ++UE4+Release-4.20
LogInit: Command Line: 
LogInit: Base Directory: C:/Program Files/Epic Games/UE_4.20/Engine/Binaries/Win64/
LogInit: Installed Engine Build: 1
LogDevObjectVersion: Number of dev versions registered: 20
LogDevObjectVersion:   Dev-Blueprints (B0D832E4-1F89-4F0D-ACCF-7EB736FD4AA2): 10
LogDevObjectVersion:   Dev-Build (E1C64328-A22C-4D53-A36C-8E866417BD8C): 0
LogDevObjectVersion:   Dev-Core (375EC13C-06E4-48FB-B500-84F0262A717E): 2
LogDevObjectVersion:   Dev-Editor (E4B068ED-F494-42E9-A231-DA0B2E46BB41): 24
LogDevObjectVersion:   Dev-Framework (CFFC743F-43B0-4480-9391-14DF171D2073): 34
LogDevObjectVersion:   Dev-Mobile (B02B49B5-BB20-44E9-A304-32B752E40360): 2
LogDevObjectVersion:   Dev-Networking (A4E4105C-59A1-49B5-A7C5-40C4547EDFEE): 0
LogDevObjectVersion:   Dev-Online (39C831C9-5AE6-47DC-9A44-9C173E1C8E7C): 0
LogDevObjectVersion:   Dev-Physics (78F01B33-EBEA-4F98-B9B4-84EACCB95AA2): 0
LogDevObjectVersion:   Dev-Platform (6631380F-2D4D-43E0-8009-CF276956A95A): 0
LogDevObjectVersion:   Dev-Rendering (12F88B9F-8875-4AFC-A67C-D90C383ABD29): 26
LogDevObjectVersion:   Dev-Sequencer (7B5AE74C-D270-4C10-A958-57980B212A5A): 9
LogDevObjectVersion:   Dev-VR (D7296918-1DD6-4BDD-9DE2-64A83CC13884): 2
LogDevObjectVersion:   Dev-LoadTimes (C2A15278-BFE7-4AFE-6C17-90FF531DF755): 1
LogDevObjectVersion:   Private-Geometry (6EACA3D4-40EC-4CC1-B786-8BED09428FC5): 3
LogDevObjectVersion:   Dev-AnimPhys (29E575DD-E0A3-4627-9D10-D276232CDCEA): 17
LogDevObjectVersion:   Dev-ReflectionCapture (6B266CEC-1EC7-4B8F-A30B-E4D90942FC07): 1
LogDevObjectVersion:   Dev-Automation (0DF73D61-A23F-47EA-B727-89E90C41499A): 1
LogDevObjectVersion:   FortniteMain (601D1886-AC64-4F84-AA16-D3DE0DEAC7D6): 12
LogDevObjectVersion:   Dev-Enterprise (9DFFBCD6-494F-0158-E221-12823C92A888): 1
LogStreaming: Display: Took  0.015s to delete old logs.
LogInit: Presizing for max 8388607 objects, including 0 objects not considered by GC, pre-allocating 0 bytes for permanent pool.
LogInit: Object subsystem initialized
[2018.10.18-01.55.01:771][  0]LogInit: Selected Device Profile: [Windows]
[2018.10.18-01.55.01:771][  0]LogInit: Applying CVar settings loaded from the selected device profile: [Windows]
[2018.10.18-01.55.01:811][  0]LogHAL: Display: Platform has ~ 16 GB [17018798080 / 17179869184 / 16], which maps to Larger [LargestMinGB=32, LargerMinGB=12, DefaultMinGB=8, SmallerMinGB=6, SmallestMinGB=0)
[2018.10.18-01.55.01:811][  0]LogInit: Setting Device Profile CVar: [[r.Vulkan.UseRealUBs:1]]
[2018.10.18-01.55.01:811][  0]LogInit: Going up to parent DeviceProfile []
[2018.10.18-01.55.01:811][  0]LogInit: Computer: MSI
[2018.10.18-01.55.01:811][  0]LogInit: User: Kevin
[2018.10.18-01.55.01:812][  0]LogInit: CPU Page size=4096, Cores=6
[2018.10.18-01.55.01:812][  0]LogInit: High frequency timer resolution =2.156250 MHz
[2018.10.18-01.55.01:812][  0]LogMemory: Memory total: Physical=15.8GB (16GB approx)
[2018.10.18-01.55.01:813][  0]LogMemory: Platform Memory Stats for Windows
[2018.10.18-01.55.01:813][  0]LogMemory: Process Physical Memory: 101.65 MB used, 101.65 MB peak
[2018.10.18-01.55.01:813][  0]LogMemory: Process Virtual Memory: 85.89 MB used, 85.89 MB peak
[2018.10.18-01.55.01:813][  0]LogMemory: Physical Memory: 6532.35 MB used,  9698.04 MB free, 16230.39 MB total
[2018.10.18-01.55.01:813][  0]LogMemory: Virtual Memory: 560.75 MB used,  9698.04 MB free, 134217728.00 MB total
[2018.10.18-01.55.02:153][  0]LogInit: Using OS detected language (en-US).
[2018.10.18-01.55.02:153][  0]LogInit: Using OS detected locale (en-US).
[2018.10.18-01.55.02:153][  0]LogTextLocalizationManager: No specific localization for 'en-US' exists, so the 'en' localization will be used.
[2018.10.18-01.55.02:441][  0]LogStreaming: Display: Took  0.288s to InitEngineTextLocalization.
[2018.10.18-01.55.02:441][  0]LogInit: Setting process to per monitor DPI aware
[2018.10.18-01.55.02:467][  0]LogSlate: New Slate User Created.  User Index 0, Is Virtual User: 0
[2018.10.18-01.55.02:467][  0]LogSlate: Slate User Registered.  User Index 0, Is Virtual User: 0
[2018.10.18-01.55.02:639][  0]LogHMD: Failed to initialize OpenVR with code 110
[2018.10.18-01.55.02:639][  0]LogD3D11RHI: D3D11 adapters:
[2018.10.18-01.55.02:782][  0]LogD3D11RHI:    0. 'NVIDIA GeForce GTX 1070 with Max-Q Design' (Feature Level 11_0)
[2018.10.18-01.55.02:782][  0]LogD3D11RHI:       8081/0/8115 MB DedicatedVideo/DedicatedSystem/SharedSystem, Outputs:1, VendorId:0x10de
[2018.10.18-01.55.02:819][  0]LogD3D11RHI:    1. 'Intel(R) UHD Graphics 630' (Feature Level 11_0)
[2018.10.18-01.55.02:819][  0]LogD3D11RHI:       128/0/8115 MB DedicatedVideo/DedicatedSystem/SharedSystem, Outputs:0, VendorId:0x8086
[2018.10.18-01.55.02:829][  0]LogD3D11RHI:    2. 'Microsoft Basic Render Driver' (Feature Level 11_0)
[2018.10.18-01.55.02:829][  0]LogD3D11RHI:       0/0/8115 MB DedicatedVideo/DedicatedSystem/SharedSystem, Outputs:0, VendorId:0x1414
[2018.10.18-01.55.02:830][  0]LogD3D11RHI: Chosen D3D11 Adapter: 0
[2018.10.18-01.55.02:848][  0]LogD3D11RHI: Creating new Direct3DDevice
[2018.10.18-01.55.02:848][  0]LogD3D11RHI:     GPU DeviceId: 0x1ba1 (for the marketing name, search the web for "GPU Device Id")
[2018.10.18-01.55.02:848][  0]LogWindows: EnumDisplayDevices:
[2018.10.18-01.55.02:848][  0]LogWindows:    0. 'Intel(R) UHD Graphics 630' (P:1 D:1)
[2018.10.18-01.55.02:849][  0]LogWindows:    1. 'Intel(R) UHD Graphics 630' (P:0 D:0)
[2018.10.18-01.55.02:850][  0]LogWindows:    2. 'Intel(R) UHD Graphics 630' (P:0 D:0)
[2018.10.18-01.55.02:851][  0]LogWindows:    3. 'NVIDIA GeForce GTX 1070 with Max-Q Design' (P:0 D:0)
[2018.10.18-01.55.02:851][  0]LogWindows:    4. 'NVIDIA GeForce GTX 1070 with Max-Q Design' (P:0 D:0)
[2018.10.18-01.55.02:852][  0]LogWindows:    5. 'NVIDIA GeForce GTX 1070 with Max-Q Design' (P:0 D:0)
[2018.10.18-01.55.02:853][  0]LogWindows:    6. 'NVIDIA GeForce GTX 1070 with Max-Q Design' (P:0 D:0)
[2018.10.18-01.55.02:853][  0]LogWindows: DebugString: PrimaryIsNotTheChoosenAdapter PrimaryIsNotTheChoosenAdapter PrimaryIsNotTheChoosenAdapter FoundDriverCount:4 
[2018.10.18-01.55.02:853][  0]LogD3D11RHI:     Adapter Name: NVIDIA GeForce GTX 1070 with Max-Q Design
[2018.10.18-01.55.02:853][  0]LogD3D11RHI:   Driver Version: 390.94 (internal:23.21.13.9094, unified:390.94)
[2018.10.18-01.55.02:853][  0]LogD3D11RHI:      Driver Date: 2-14-2018
[2018.10.18-01.55.02:853][  0]LogRHI: Texture pool is 5656 MB (70% of 8081 MB)
[2018.10.18-01.55.02:909][  0]LogD3D11RHI: Async texture creation enabled
[2018.10.18-01.55.02:926][  0]LogD3D11RHI: GPU Timing Frequency: 1000.000000 (Debug: 2 2)
[2018.10.18-01.55.02:927][  0]LogShaderCompilers: Guid format shader working directory is -38 characters bigger than the processId version (../../../../../../Users/Kevin/Documents/GitHub/AssetPipeMaster02/APsec1LargeCityBase/Intermediate/Shaders/WorkingDirectory/3752/).
[2018.10.18-01.55.02:927][  0]LogShaderCompilers: Cleaned the shader compiler working directory 'C:/Users/Kevin/AppData/Local/Temp/UnrealShaderWorkingDir/58D61D5B44D60A3829CC3A8909E1305E/'.
[2018.10.18-01.55.03:364][  0]LogTemp: Display: Loaded TP AllDesktopTargetPlatform
[2018.10.18-01.55.03:388][  0]LogTemp: Display: Loaded TP MacClientTargetPlatform
[2018.10.18-01.55.03:407][  0]LogTemp: Display: Loaded TP MacNoEditorTargetPlatform
[2018.10.18-01.55.03:418][  0]LogTemp: Display: Loaded TP MacServerTargetPlatform
[2018.10.18-01.55.03:429][  0]LogTemp: Display: Loaded TP MacTargetPlatform
[2018.10.18-01.55.03:440][  0]LogTemp: Display: Loaded TP WindowsClientTargetPlatform
[2018.10.18-01.55.03:450][  0]LogTemp: Display: Loaded TP WindowsNoEditorTargetPlatform
[2018.10.18-01.55.03:461][  0]LogTemp: Display: Loaded TP WindowsServerTargetPlatform
[2018.10.18-01.55.03:466][  0]LogTemp: Display: Loaded TP WindowsTargetPlatform
[2018.10.18-01.55.03:528][  0]LogTemp: Display: Loaded TP AndroidTargetPlatform
[2018.10.18-01.55.03:528][  0]LogTemp: Display: Loaded TP AndroidTargetPlatform
[2018.10.18-01.55.03:528][  0]LogTemp: Display: Loaded TP AndroidTargetPlatform
[2018.10.18-01.55.03:528][  0]LogTemp: Display: Loaded TP AndroidTargetPlatform
[2018.10.18-01.55.03:528][  0]LogTemp: Display: Loaded TP AndroidTargetPlatform
[2018.10.18-01.55.03:528][  0]LogTemp: Display: Loaded TP AndroidTargetPlatform
[2018.10.18-01.55.03:528][  0]LogTemp: Display: Loaded TP AndroidTargetPlatform
[2018.10.18-01.55.03:528][  0]LogTemp: Display: Loaded TP AndroidTargetPlatform
[2018.10.18-01.55.03:528][  0]LogTemp: Display: Loaded TP AndroidTargetPlatform
[2018.10.18-01.55.03:528][  0]LogTemp: Display: Loaded TP AndroidTargetPlatform
[2018.10.18-01.55.03:528][  0]LogTemp: Display: Loaded TP AndroidTargetPlatform
[2018.10.18-01.55.03:528][  0]LogTemp: Display: Loaded TP AndroidTargetPlatform
[2018.10.18-01.55.03:528][  0]LogTemp: Display: Loaded TP AndroidTargetPlatform
[2018.10.18-01.55.03:528][  0]LogTemp: Display: Loaded TP AndroidTargetPlatform
[2018.10.18-01.55.03:528][  0]LogTemp: Display: Loaded TP AndroidTargetPlatform
[2018.10.18-01.55.03:528][  0]LogTemp: Display: Loaded TP AndroidTargetPlatform
[2018.10.18-01.55.03:528][  0]LogTemp: Display: Loaded TP AndroidTargetPlatform
[2018.10.18-01.55.03:528][  0]LogTemp: Display: Loaded TP AndroidTargetPlatform
[2018.10.18-01.55.03:529][  0]LogTemp: Display: Loaded TP HTML5TargetPlatform
[2018.10.18-01.55.03:592][  0]LogTemp: Display: Loaded TP IOSTargetPlatform
[2018.10.18-01.55.03:592][  0]LogTemp: Display: Loaded TP IOSTargetPlatform
[2018.10.18-01.55.03:661][  0]LogTemp: Display: Loaded TP TVOSTargetPlatform
[2018.10.18-01.55.03:662][  0]LogTemp: Display: Loaded TP TVOSTargetPlatform
[2018.10.18-01.55.03:685][  0]LogTemp: Display: Loaded TP LinuxClientTargetPlatform
[2018.10.18-01.55.03:703][  0]LogTemp: Display: Loaded TP LinuxNoEditorTargetPlatform
[2018.10.18-01.55.03:715][  0]LogTemp: Display: Loaded TP LinuxServerTargetPlatform
[2018.10.18-01.55.03:725][  0]LogTemp: Display: Loaded TP LinuxTargetPlatform
[2018.10.18-01.55.03:732][  0]LogTemp: Display: Loaded TP LuminTargetPlatform
[2018.10.18-01.55.03:733][  0]LogTargetPlatformManager: Display: Building Assets For Windows
[2018.10.18-01.55.03:781][  0]LogXGEController: Cannot use XGE Controller as Incredibuild is not installed on this machine.
[2018.10.18-01.55.03:781][  0]LogShaderCompilers: Cannot use XGE Shader Compiler as Incredibuild is not installed on this machine.
[2018.10.18-01.55.03:781][  0]LogShaderCompilers: Display: Using Local Shader Compiler.
[2018.10.18-01.55.04:423][  0]LogDerivedDataCache: Display: Max Cache Size: 512 MB
[2018.10.18-01.55.04:466][  0]LogDerivedDataCache: Loaded boot cache 0.04s 71MB C:/Users/Kevin/AppData/Local/UnrealEngine/4.20/DerivedDataCache/Boot.ddc.
[2018.10.18-01.55.04:466][  0]LogDerivedDataCache: Display: Loaded Boot cache: C:/Users/Kevin/AppData/Local/UnrealEngine/4.20/DerivedDataCache/Boot.ddc
[2018.10.18-01.55.04:466][  0]LogDerivedDataCache: FDerivedDataBackendGraph:  Pak pak cache file ../../../../../../Users/Kevin/Documents/GitHub/AssetPipeMaster02/APsec1LargeCityBase/DerivedDataCache/DDC.ddp not found, will not use a pak cache.
[2018.10.18-01.55.04:466][  0]LogDerivedDataCache: Unable to find inner node Pak for hierarchical cache Hierarchy.
[2018.10.18-01.55.04:466][  0]LogDerivedDataCache: FDerivedDataBackendGraph:  CompressedPak pak cache file ../../../../../../Users/Kevin/Documents/GitHub/AssetPipeMaster02/APsec1LargeCityBase/DerivedDataCache/Compressed.ddp not found, will not use a pak cache.
[2018.10.18-01.55.04:466][  0]LogDerivedDataCache: Unable to find inner node CompressedPak for hierarchical cache Hierarchy.
[2018.10.18-01.55.04:477][  0]LogDerivedDataCache: Display: Pak cache opened for reading ../../../Engine/DerivedDataCache/Compressed.ddp.
[2018.10.18-01.55.04:489][  0]LogDerivedDataCache: Using Local data cache path C:/Users/Kevin/AppData/Local/UnrealEngine/Common/DerivedDataCache: Writable
[2018.10.18-01.55.04:489][  0]LogDerivedDataCache: Shared data cache path not found in *engine.ini, will not use an Shared cache.
[2018.10.18-01.55.04:489][  0]LogDerivedDataCache: Unable to find inner node Shared for hierarchical cache Hierarchy.
[2018.10.18-01.55.04:504][  0]LogMaterial: Verifying Global Shaders for PCD3D_SM5
[2018.10.18-01.55.04:505][  0]LogSlate: Using FreeType 2.6.0
[2018.10.18-01.55.04:506][  0]LogSlate: SlateFontServices - WITH_FREETYPE: 1, WITH_HARFBUZZ: 1
[2018.10.18-01.55.04:574][  0]LogAssetRegistry: FAssetRegistry took 0.0258 seconds to start up
[2018.10.18-01.55.04:896][  0]LogInit: Selected Device Profile: [Windows]
[2018.10.18-01.55.05:014][  0]LogSimplygon: Simplygon DLL not present - disabling.
[2018.10.18-01.55.05:017][  0]LogMeshReduction: Using SimplygonSwarm for distributed automatic mesh merging
[2018.10.18-01.55.05:017][  0]LogMeshReduction: Using ProxyLODMeshReduction for automatic mesh merging
[2018.10.18-01.55.05:017][  0]LogMeshReduction: Using QuadricMeshReduction for automatic static mesh reduction
[2018.10.18-01.55.05:017][  0]LogMeshReduction: No automatic skeletal mesh reduction module available
[2018.10.18-01.55.05:029][  0]LogNetVersion: APsec1LargeCityBase 1.0.0, NetCL: 4212847, EngineNetVer: 5, GameNetVer: 0 (Checksum: 1121110827)
[2018.10.18-01.55.05:781][  0]LogPackageLocalizationCache: Processed 11 localized package path(s) for 2 prioritized culture(s) in 0.105192 seconds
[2018.10.18-01.55.05:788][  0]LogUObjectArray: 38425 objects as part of root set at end of initial load.
[2018.10.18-01.55.05:788][  0]LogUObjectAllocator: 6690864 out of 0 bytes used by permanent object pool.
[2018.10.18-01.55.05:788][  0]LogUObjectArray: CloseDisregardForGC: 0/0 objects in disregard for GC pool
[2018.10.18-01.55.06:600][  0]LogTcpMessaging: Initializing TcpMessaging bridge
[2018.10.18-01.55.06:614][  0]LogUdpMessaging: Initializing bridge on interface 0.0.0.0:0 to multicast group 230.0.0.1:6666.
[2018.10.18-01.55.06:911][  0]SourceControl: Source control is disabled
[2018.10.18-01.55.06:911][  0]SourceControl: Source control is disabled
[2018.10.18-01.55.06:913][  0]SourceControl: Source control is disabled
[2018.10.18-01.55.06:915][  0]SourceControl: Source control is disabled
[2018.10.18-01.55.07:103][  0]LogAndroidPermission: UAndroidPermissionCallbackProxy::GetInstance
[2018.10.18-01.55.07:814][  0]LogOcInput: OculusInput pre-init called
[2018.10.18-01.55.07:870][  0]LogEngine: Initializing Engine...
[2018.10.18-01.55.07:871][  0]LogHMD: Failed to initialize OpenVR with code 110
[2018.10.18-01.55.07:872][  0]LogStats: UGameplayTagsManager::ConstructGameplayTagTree: ImportINI prefixes -  0.000 s
[2018.10.18-01.55.07:872][  0]LogStats: UGameplayTagsManager::ConstructGameplayTagTree: Construct from data asset -  0.000 s
[2018.10.18-01.55.07:872][  0]LogStats: UGameplayTagsManager::ConstructGameplayTagTree: ImportINI -  0.000 s
[2018.10.18-01.55.07:872][  0]LogStats: UGameplayTagsManager::ConstructGameplayTagTree: GameplayTagTreeChangedEvent.Broadcast -  0.000 s
[2018.10.18-01.55.08:265][  0]LogInit: Initializing FReadOnlyCVARCache
[2018.10.18-01.55.08:286][  0]LogAIModule: Creating AISystem for world Untitled
[2018.10.18-01.55.08:482][  0]LogInit: XAudio2 using 'Headphones (YuCheng’s Beats Studio³ Stereo)' : 2 channels at 44.1 kHz using 16 bits per sample (channel mask 0x3)
[2018.10.18-01.55.08:506][  0]LogInit: FAudioDevice initialized.
[2018.10.18-01.55.08:506][  0]LogNetVersion: Set ProjectVersion to 1.0.0.0. Version Checksum will be recalculated on next use.
[2018.10.18-01.55.08:590][  0]LogDerivedDataCache: Saved boot cache 0.08s 71MB C:/Users/Kevin/AppData/Local/UnrealEngine/4.20/DerivedDataCache/Boot.ddc.
[2018.10.18-01.55.08:596][  0]LogInit: Texture streaming: Enabled
[2018.10.18-01.55.08:616][  0]LogEngineSessionManager: EngineSessionManager initialized
[2018.10.18-01.55.08:630][  0]LogInit: Transaction tracking system initialized
[2018.10.18-01.55.08:647][  0]BlueprintLog: New page: Editor Load
[2018.10.18-01.55.08:706][  0]LocalizationService: Localization service is disabled
[2018.10.18-01.55.09:011][  0]LogCook: Display: Max memory allowance for cook 16384mb min free memory 0mb
[2018.10.18-01.55.09:011][  0]LogCook: Display: Mobile HDR setting 1
[2018.10.18-01.55.09:011][  0]LogGameplayTags: Display: UGameplayTagsManager::DoneAddingNativeTags. DelegateIsBound: 0
[2018.10.18-01.55.09:011][  0]LogStats: UGameplayTagsManager::ConstructGameplayTagTree: ImportINI prefixes -  0.000 s
[2018.10.18-01.55.09:011][  0]LogStats: UGameplayTagsManager::ConstructGameplayTagTree: Construct from data asset -  0.000 s
[2018.10.18-01.55.09:011][  0]LogStats: UGameplayTagsManager::ConstructGameplayTagTree: ImportINI -  0.000 s
[2018.10.18-01.55.09:012][  0]LogStats: UGameplayTagsManager::ConstructGameplayTagTree: GameplayTagTreeChangedEvent.Broadcast -  0.000 s
[2018.10.18-01.55.09:099][  0]LogFileCache: Scanning file cache for directory 'C:/Users/Kevin/Documents/GitHub/AssetPipeMaster02/APsec1LargeCityBase/Content/' took 0.01s
[2018.10.18-01.55.09:099][  0]SourceControl: Source control is disabled
[2018.10.18-01.55.09:099][  0]Cmd: MAP LOAD FILE="../../../Engine/Content/Maps/Templates/Template_Default.umap" TEMPLATE=1 SHOWPROGRESS=1 FEATURELEVEL=3
[2018.10.18-01.55.09:099][  0]LightingResults: New page: Lighting Build
[2018.10.18-01.55.09:101][  0]MapCheck: New page: Map Check
[2018.10.18-01.55.09:101][  0]LightingResults: New page: Lighting Build
[2018.10.18-01.55.09:267][  0]LogAIModule: Creating AISystem for world Untitled_1
[2018.10.18-01.55.09:272][  0]LogEditorServer: Finished looking for orphan Actors (0.000 secs)
[2018.10.18-01.55.09:294][  0]Cmd: MAP CHECKDEP NOCLEARLOG
[2018.10.18-01.55.09:341][  0]MapCheck: Map check complete: 0 Error(s), 0 Warning(s), took 47.191ms to complete.
[2018.10.18-01.55.09:341][  0]LogFileHelpers: Loading map 'Template_Default' took 0.243
[2018.10.18-01.55.09:401][  0]LogWindowsTextInputMethodSystem: Display: IME system now deactivated.
[2018.10.18-01.55.09:440][  0]LogSlate: Updating window title bar state: overlay mode, drag disabled, window buttons hidden, title bar hidden
[2018.10.18-01.55.09:449][  0]LogSlate: Updating window title bar state: overlay mode, drag disabled, window buttons hidden, title bar hidden
[2018.10.18-01.55.09:456][  0]LogSlate: Updating window title bar state: overlay mode, drag disabled, window buttons hidden, title bar hidden
[2018.10.18-01.55.09:463][  0]LogSlate: Updating window title bar state: overlay mode, drag disabled, window buttons hidden, title bar hidden
[2018.10.18-01.55.09:468][  0]LogCollectionManager: Loaded 0 collections in 0.001310 seconds
[2018.10.18-01.55.09:507][  0]LogFileCache: Scanning file cache for directory 'C:/Users/Kevin/Documents/GitHub/AssetPipeMaster02/APsec1LargeCityBase/Saved/Collections/' took 0.01s
[2018.10.18-01.55.09:507][  0]LogFileCache: Scanning file cache for directory 'C:/Users/Kevin/Documents/GitHub/AssetPipeMaster02/APsec1LargeCityBase/Content/Developers/Kevin/Collections/' took 0.01s
[2018.10.18-01.55.09:507][  0]LogFileCache: Scanning file cache for directory 'C:/Users/Kevin/Documents/GitHub/AssetPipeMaster02/APsec1LargeCityBase/Content/Collections/' took 0.01s
[2018.10.18-01.55.09:507][  0]LogCollectionManager: Rebuilt the GUID cache for 0 collections in 0.000000 seconds
[2018.10.18-01.55.09:515][  0]LogContentBrowser: Native class hierarchy populated in 0.0077 seconds. Added 2572 classes and 603 folders.
[2018.10.18-01.55.09:530][  0]LogContentBrowser: Native class hierarchy updated for 'WidgetCarousel' in 0.0006 seconds. Added 0 classes and 0 folders.
[2018.10.18-01.55.09:609][  0]LogContentBrowser: Native class hierarchy updated for 'AddContentDialog' in 0.0006 seconds. Added 0 classes and 0 folders.
[2018.10.18-01.55.09:621][  0]LogContentBrowser: Native class hierarchy updated for 'SceneOutliner' in 0.0007 seconds. Added 1 classes and 2 folders.
[2018.10.18-01.55.09:669][  0]LogSlate: Took 0.000379 seconds to synchronously load lazily loaded font '../../../Engine/Content/Slate/Fonts/Roboto-Regular.ttf' (155K)
[2018.10.18-01.55.09:676][  0]LogSlate: Took 0.000361 seconds to synchronously load lazily loaded font '../../../Engine/Content/Slate/Fonts/Roboto-Bold.ttf' (160K)
[2018.10.18-01.55.09:690][  0]LogSlate: Took 0.000397 seconds to synchronously load lazily loaded font '../../../Engine/Content/Editor/Slate/Fonts/FontAwesome.ttf' (139K)
[2018.10.18-01.55.09:774][  0]LogRenderer: Reallocating scene render targets to support 964x436 Format 10 NumSamples 1 (Frame:1).
[2018.10.18-01.55.09:984][  0]LogContentBrowser: Native class hierarchy updated for 'HierarchicalLODOutliner' in 0.0004 seconds. Added 0 classes and 0 folders.
[2018.10.18-01.55.09:985][  0]LogLoad: (Engine Initialization) Total time: 10.56 seconds
[2018.10.18-01.55.09:985][  0]LogLoad: (Engine Initialization) Total Blueprint compile time: 0.00 seconds
[2018.10.18-01.55.10:025][  0]LogContentStreaming: Texture pool size now 1000 MB
[2018.10.18-01.55.10:056][  1]LogAssetRegistry: Asset discovery search completed in 5.5036 seconds
[2018.10.18-01.55.10:057][  1]LogCollectionManager: Rebuilt the object cache for 0 collections in 0.000001 seconds (found 0 objects)
[2018.10.18-01.55.10:057][  1]LogCollectionManager: Fixed up redirectors for 0 collections in 0.000046 seconds (updated 0 objects)
[2018.10.18-01.55.17:915][188]LogSlate: FSceneViewport::OnFocusLost() reason 0
[2018.10.18-01.55.19:584][212]LogSlate: Took 0.000260 seconds to synchronously load lazily loaded font '../../../Engine/Content/Slate/Fonts/Roboto-Light.ttf' (167K)
[2018.10.18-01.55.20:218][212]LogAIModule: Creating AISystem for world StreetSceneLarge_YCF
[2018.10.18-01.55.20:237][212]LogAssetEditorManager: Opening Asset editor for World /Game/StreetSceneLarge_YCF.StreetSceneLarge_YCF
[2018.10.18-01.55.20:310][212]Cmd: MAP LOAD FILE="../../../../../../Users/Kevin/Documents/GitHub/AssetPipeMaster02/APsec1LargeCityBase/Content/StreetSceneLarge_YCF.umap" TEMPLATE=0 SHOWPROGRESS=1 FEATURELEVEL=3
[2018.10.18-01.55.20:310][212]LightingResults: New page: Lighting Build
[2018.10.18-01.55.20:311][212]LoadErrors: New page: Loading map: StreetSceneLarge_YCF.umap
[2018.10.18-01.55.20:312][212]MapCheck: New page: Map Check
[2018.10.18-01.55.20:312][212]LightingResults: New page: Lighting Build
[2018.10.18-01.55.20:371][212]LogEditorServer: Finished looking for orphan Actors (0.000 secs)
[2018.10.18-01.55.20:417][212]Cmd: MAP CHECKDEP NOCLEARLOG
[2018.10.18-01.55.20:472][212]MapCheck: Map check complete: 0 Error(s), 0 Warning(s), took 54.298ms to complete.
[2018.10.18-01.55.20:474][212]LogFileHelpers: Loading map 'StreetSceneLarge_YCF' took 0.164
[2018.10.18-01.55.22:133][234]LogLinker: Warning: Can't find file '/Game/StreetSceneLarge1_SS_BuiltData'
[2018.10.18-01.55.22:133][234]LogLinker: Warning: Can't find file for asset '/Game/StreetSceneLarge1_SS_BuiltData' while loading ../../../../../../Users/Kevin/Documents/GitHub/AssetPipeMaster02/APsec1LargeCityBase/Content/StreetSceneLarge1_SS.umap.
[2018.10.18-01.55.22:133][234]LoadErrors: Error: /Game/StreetSceneLarge1_SS : Can't find file for asset. /Game/StreetSceneLarge1_SS_BuiltData
[2018.10.18-01.55.22:135][234]LogLinker: Warning: Can't find file '/Game/StreetSceneLarge1_SS_BuiltData'
[2018.10.18-01.55.22:136][234]LogLinker: Warning: Can't find file for asset '/Game/StreetSceneLarge1_SS_BuiltData' while loading ../../../../../../Users/Kevin/Documents/GitHub/AssetPipeMaster02/APsec1LargeCityBase/Content/StreetSceneLarge1_SS.umap.
[2018.10.18-01.55.22:327][234]LogLinker: Warning: Can't find file '/Game/StreetSceneLarge1_SS_BuiltData'
[2018.10.18-01.55.22:327][234]LoadErrors: Failed to load /Game/StreetSceneLarge1_SS_BuiltData.StreetSceneLarge1_SS_BuiltData Referenced by PersistentLevel
[2018.10.18-01.55.22:328][234]LogLinker: Warning: Can't find file for asset '/Game/StreetSceneLarge1_SS_BuiltData' while loading NULL.
[2018.10.18-01.55.22:407][234]LogAIModule: Creating AISystem for world StreetSceneLarge1_SS
[2018.10.18-01.55.22:442][234]LogAssetEditorManager: Opening Asset editor for World /Game/StreetSceneLarge1_SS.StreetSceneLarge1_SS
[2018.10.18-01.55.22:520][234]Cmd: MAP LOAD FILE="../../../../../../Users/Kevin/Documents/GitHub/AssetPipeMaster02/APsec1LargeCityBase/Content/StreetSceneLarge1_SS.umap" TEMPLATE=0 SHOWPROGRESS=1 FEATURELEVEL=3
[2018.10.18-01.55.22:520][234]LightingResults: New page: Lighting Build
[2018.10.18-01.55.22:520][234]LoadErrors: New page: Loading map: StreetSceneLarge1_SS.umap
[2018.10.18-01.55.22:525][234]MapCheck: New page: Map Check
[2018.10.18-01.55.22:526][234]LightingResults: New page: Lighting Build
[2018.10.18-01.55.22:574][234]LogEditorServer: Finished looking for orphan Actors (0.000 secs)
[2018.10.18-01.55.22:618][234]Cmd: MAP CHECKDEP NOCLEARLOG
[2018.10.18-01.55.22:669][234]MapCheck: Map check complete: 0 Error(s), 0 Warning(s), took 51.442ms to complete.
[2018.10.18-01.55.22:671][234]LogFileHelpers: Loading map 'StreetSceneLarge1_SS' took 0.152
[2018.10.18-01.55.29:006][328]LogSlate: Window 'Delete Assets' being destroyed
[2018.10.18-01.55.29:021][328]LightingResults: New page: Lighting Build
[2018.10.18-01.55.29:028][328]MapCheck: New page: Map Check
[2018.10.18-01.55.29:028][328]LightingResults: New page: Lighting Build
[2018.10.18-01.55.29:062][328]LogAIModule: Creating AISystem for world Untitled
[2018.10.18-01.55.29:073][328]LoadErrors: New page: New Map
[2018.10.18-01.55.29:080][328]LogLinker: Can't find file '/Game/StreetSceneLarge1_SS_BuiltData'
[2018.10.18-01.55.29:080][328]LogLinker: Can't find file for asset '/Game/StreetSceneLarge1_SS_BuiltData' while loading ../../../../../../Users/Kevin/Documents/GitHub/AssetPipeMaster02/APsec1LargeCityBase/Content/StreetSceneLarge1_SS.umap.
[2018.10.18-01.55.29:083][328]LogLinker: Can't find file '/Game/StreetSceneLarge1_SS_BuiltData'
[2018.10.18-01.55.29:083][328]LogLinker: Can't find file for asset '/Game/StreetSceneLarge1_SS_BuiltData' while loading ../../../../../../Users/Kevin/Documents/GitHub/AssetPipeMaster02/APsec1LargeCityBase/Content/StreetSceneLarge1_SS.umap.
[2018.10.18-01.55.29:146][328]LogLinker: Can't find file '/Game/StreetSceneLarge1_SS_BuiltData'
[2018.10.18-01.55.29:147][328]LogLinker: Can't find file for asset '/Game/StreetSceneLarge1_SS_BuiltData' while loading NULL.
[2018.10.18-01.55.29:170][328]LogAIModule: Creating AISystem for world StreetSceneLarge1_SS
[2018.10.18-01.55.32:454][351]LogAIModule: Creating AISystem for world StreetSceneLarge
[2018.10.18-01.55.32:476][351]LogAssetEditorManager: Opening Asset editor for World /Game/StreetSceneLarge.StreetSceneLarge
[2018.10.18-01.55.32:553][351]Cmd: MAP LOAD FILE="../../../../../../Users/Kevin/Documents/GitHub/AssetPipeMaster02/APsec1LargeCityBase/Content/StreetSceneLarge.umap" TEMPLATE=0 SHOWPROGRESS=1 FEATURELEVEL=3
[2018.10.18-01.55.32:553][351]LightingResults: New page: Lighting Build
[2018.10.18-01.55.32:554][351]LoadErrors: New page: Loading map: StreetSceneLarge.umap
[2018.10.18-01.55.32:554][351]MapCheck: New page: Map Check
[2018.10.18-01.55.32:554][351]LightingResults: New page: Lighting Build
[2018.10.18-01.55.32:609][351]LogEditorServer: Finished looking for orphan Actors (0.000 secs)
[2018.10.18-01.55.32:656][351]Cmd: MAP CHECKDEP NOCLEARLOG
[2018.10.18-01.55.32:711][351]MapCheck: Map check complete: 0 Error(s), 0 Warning(s), took 55.02ms to complete.
[2018.10.18-01.55.32:712][351]LogFileHelpers: Loading map 'StreetSceneLarge' took 0.160
[2018.10.18-01.55.33:663][366]LogAIModule: Creating AISystem for world StreetSceneLarge_YCF
[2018.10.18-01.55.33:673][366]LogAssetEditorManager: Opening Asset editor for World /Game/StreetSceneLarge_YCF.StreetSceneLarge_YCF
[2018.10.18-01.55.33:700][366]Cmd: MAP LOAD FILE="../../../../../../Users/Kevin/Documents/GitHub/AssetPipeMaster02/APsec1LargeCityBase/Content/StreetSceneLarge_YCF.umap" TEMPLATE=0 SHOWPROGRESS=1 FEATURELEVEL=3
[2018.10.18-01.55.33:700][366]LightingResults: New page: Lighting Build
[2018.10.18-01.55.33:701][366]LoadErrors: New page: Loading map: StreetSceneLarge_YCF.umap
[2018.10.18-01.55.33:702][366]MapCheck: New page: Map Check
[2018.10.18-01.55.33:702][366]LightingResults: New page: Lighting Build
[2018.10.18-01.55.33:737][366]LogEditorServer: Finished looking for orphan Actors (0.000 secs)
[2018.10.18-01.55.33:789][366]Cmd: MAP CHECKDEP NOCLEARLOG
[2018.10.18-01.55.33:884][366]MapCheck: Map check complete: 0 Error(s), 0 Warning(s), took 93.912ms to complete.
[2018.10.18-01.55.33:885][366]LogFileHelpers: Loading map 'StreetSceneLarge_YCF' took 0.185
[2018.10.18-01.55.46:426][730]LogSlate: FSceneViewport::OnFocusLost() reason 2
[2018.10.18-01.55.54:792][982]LogEditorViewport: Clicking on Actor (LMB): StaticMeshActor (GroundBase132)
[2018.10.18-01.55.57:539][ 62]LogEditorViewport: Clicking on Actor (LMB): BP_Sky_Sphere_C (Sky Sphere)
[2018.10.18-01.56.14:711][568]LogEditorViewport: Clicking on Actor (LMB): StaticMeshActor (sidewalkBlock98)
[2018.10.18-01.56.15:391][588]LogEditorViewport: Clicking on Actor (LMB): StaticMeshActor (GroundBase176)
[2018.10.18-01.56.17:110][639]LogEditorViewport: Clicking on Actor (LMB): BP_Sky_Sphere_C (Sky Sphere)
[2018.10.18-01.56.17:995][665]LogEditorViewport: Clicking on Actor (LMB): StaticMeshActor (sidewalkBlock97)
[2018.10.18-01.56.18:663][684]LogEditorViewport: Clicking on Actor (LMB): StaticMeshActor (streetBlockBase013)
[2018.10.18-01.56.22:822][807]LogEditorViewport: Clicking on Actor (LMB): StaticMeshActor (GroundBase151)
[2018.10.18-01.56.25:586][886]LogSlate: FSceneViewport::OnFocusLost() reason 0
[2018.10.18-01.57.07:060][ 80]Cmd: TRANSACTION UNDO
[2018.10.18-01.57.07:060][ 80]LogEditorTransaction: Undo Clicking on Actors
[2018.10.18-01.58.27:712][ 17]Cmd: TRANSACTION UNDO
[2018.10.18-01.58.27:712][ 17]LogEditorTransaction: Undo Clicking on Actors
[2018.10.18-01.58.29:515][ 57]LogEditorViewport: Clicking on Actor (LMB): BP_Sky_Sphere_C (Sky Sphere)
[2018.10.18-01.58.31:464][111]LogSlate: FSceneViewport::OnFocusLost() reason 2
[2018.10.18-01.58.47:093][452]LogSlate: FSceneViewport::OnFocusLost() reason 0
[2018.10.18-01.59.29:293][595]LogEditorViewport: Clicking on Actor (LMB): StaticMeshActor (GroundBase141)
[2018.10.18-01.59.30:066][616]LogEditorViewport: Clicking on Actor (LMB): BP_Sky_Sphere_C (Sky Sphere)
[2018.10.18-01.59.30:469][629]LogEditorViewport: Clicking on Actor (LMB): StaticMeshActor (GroundBase003)
[2018.10.18-01.59.31:382][656]Cmd: TRANSACTION UNDO
[2018.10.18-01.59.31:382][656]LogEditorTransaction: Undo Clicking on Actors
[2018.10.18-01.59.31:652][662]Cmd: TRANSACTION UNDO
[2018.10.18-01.59.31:652][662]LogEditorTransaction: Undo Clicking on Actors
[2018.10.18-01.59.31:901][663]Cmd: TRANSACTION UNDO
[2018.10.18-01.59.31:901][663]LogEditorTransaction: Undo Clicking on Actors
[2018.10.18-01.59.32:228][668]Cmd: TRANSACTION UNDO
[2018.10.18-01.59.32:228][668]LogEditorTransaction: Undo Clicking on Actors
[2018.10.18-01.59.32:561][673]Cmd: TRANSACTION UNDO
[2018.10.18-01.59.32:562][673]LogEditorTransaction: Undo Clicking on Actors
[2018.10.18-01.59.33:505][687]Cmd: TRANSACTION UNDO
[2018.10.18-01.59.33:505][687]LogEditorTransaction: Undo Clicking on Actors
[2018.10.18-01.59.33:723][688]Cmd: TRANSACTION UNDO
[2018.10.18-01.59.33:723][688]LogEditorTransaction: Undo Clicking on Actors
[2018.10.18-01.59.33:974][693]Cmd: TRANSACTION UNDO
[2018.10.18-01.59.33:975][693]LogEditorTransaction: Undo Clicking on Actors
[2018.10.18-01.59.34:242][697]Cmd: TRANSACTION UNDO
[2018.10.18-01.59.34:242][697]LogEditorTransaction: Undo Set Actor Visibility
[2018.10.18-01.59.34:508][701]Cmd: TRANSACTION UNDO
[2018.10.18-01.59.34:508][701]LogEditorTransaction: Undo Clicking on Actors
[2018.10.18-01.59.34:774][705]Cmd: TRANSACTION UNDO
[2018.10.18-01.59.34:775][705]LogEditorTransaction: Undo Clicking on Actors
[2018.10.18-01.59.35:508][716]Cmd: TRANSACTION UNDO
[2018.10.18-01.59.35:508][716]LogEditorTransaction: Undo Clicking on Actors
[2018.10.18-01.59.35:924][722]Cmd: TRANSACTION UNDO
[2018.10.18-01.59.35:924][722]LogEditorTransaction: Undo Clicking on Actors
[2018.10.18-01.59.36:139][724]Cmd: TRANSACTION UNDO
[2018.10.18-01.59.36:139][724]LogEditorTransaction: Undo Set Actor Visibility
[2018.10.18-01.59.36:470][729]Cmd: TRANSACTION UNDO
[2018.10.18-01.59.36:470][729]LogEditorTransaction: Undo Set Actor Visibility
[2018.10.18-01.59.36:713][732]Cmd: TRANSACTION UNDO
[2018.10.18-01.59.36:713][732]LogEditorTransaction: Undo Clicking on Actors
[2018.10.18-01.59.36:953][732]Cmd: TRANSACTION UNDO
[2018.10.18-01.59.36:953][732]LogEditorTransaction: Undo Regroup Ctrl+G
[2018.10.18-01.59.37:018][732]LogActorComponent: ~FComponentReregisterContext: (/Game/StreetSceneLarge_YCF.StreetSceneLarge_YCF:PersistentLevel.GroundBase165.StaticMeshComponent0) Component already registered.
[2018.10.18-01.59.37:018][732]LogActorComponent: ~FComponentReregisterContext: (/Game/StreetSceneLarge_YCF.StreetSceneLarge_YCF:PersistentLevel.GroundBase175.StaticMeshComponent0) Component already registered.
[2018.10.18-01.59.37:019][732]LogActorComponent: ~FComponentReregisterContext: (/Game/StreetSceneLarge_YCF.StreetSceneLarge_YCF:PersistentLevel.GroundBase172.StaticMeshComponent0) Component already registered.
[2018.10.18-01.59.37:019][732]LogActorComponent: ~FComponentReregisterContext: (/Game/StreetSceneLarge_YCF.StreetSceneLarge_YCF:PersistentLevel.GroundBase149.StaticMeshComponent0) Component already registered.
[2018.10.18-01.59.37:020][732]LogActorComponent: ~FComponentReregisterContext: (/Game/StreetSceneLarge_YCF.StreetSceneLarge_YCF:PersistentLevel.GroundBase160.StaticMeshComponent0) Component already registered.
[2018.10.18-01.59.37:020][732]LogActorComponent: ~FComponentReregisterContext: (/Game/StreetSceneLarge_YCF.StreetSceneLarge_YCF:PersistentLevel.GroundBase157.StaticMeshComponent0) Component already registered.
[2018.10.18-01.59.37:020][732]LogActorComponent: ~FComponentReregisterContext: (/Game/StreetSceneLarge_YCF.StreetSceneLarge_YCF:PersistentLevel.sideWalkBlock54.StaticMeshComponent0) Component already registered.
[2018.10.18-01.59.37:021][732]LogActorComponent: ~FComponentReregisterContext: (/Game/StreetSceneLarge_YCF.StreetSceneLarge_YCF:PersistentLevel.sidewalkBlock56.StaticMeshComponent0) Component already registered.
[2018.10.18-01.59.37:021][732]LogActorComponent: ~FComponentReregisterContext: (/Game/StreetSceneLarge_YCF.StreetSceneLarge_YCF:PersistentLevel.sidewalkBlock61.StaticMeshComponent0) Component already registered.
[2018.10.18-01.59.37:022][732]LogActorComponent: ~FComponentReregisterContext: (/Game/StreetSceneLarge_YCF.StreetSceneLarge_YCF:PersistentLevel.GroundBase183.StaticMeshComponent0) Component already registered.
[2018.10.18-01.59.37:022][732]LogActorComponent: ~FComponentReregisterContext: (/Game/StreetSceneLarge_YCF.StreetSceneLarge_YCF:PersistentLevel.GroundBase185.StaticMeshComponent0) Component already registered.
[2018.10.18-01.59.37:023][732]LogActorComponent: ~FComponentReregisterContext: (/Game/StreetSceneLarge_YCF.StreetSceneLarge_YCF:PersistentLevel.sidewalkBlock45.StaticMeshComponent0) Component already registered.
[2018.10.18-01.59.37:023][732]LogActorComponent: ~FComponentReregisterContext: (/Game/StreetSceneLarge_YCF.StreetSceneLarge_YCF:PersistentLevel.GroundBase107.StaticMeshComponent0) Component already registered.
[2018.10.18-01.59.37:023][732]LogActorComponent: ~FComponentReregisterContext: (/Game/StreetSceneLarge_YCF.StreetSceneLarge_YCF:PersistentLevel.GroundBase109.StaticMeshComponent0) Component already registered.
[2018.10.18-01.59.37:024][732]LogActorComponent: ~FComponentReregisterContext: (/Game/StreetSceneLarge_YCF.StreetSceneLarge_YCF:PersistentLevel.GroundBase114.StaticMeshComponent0) Component already registered.
[2018.10.18-01.59.37:025][732]LogActorComponent: ~FComponentReregisterContext: (/Game/StreetSceneLarge_YCF.StreetSceneLarge_YCF:PersistentLevel.GroundBase91.StaticMeshComponent0) Component already registered.
[2018.10.18-01.59.37:025][732]LogActorComponent: ~FComponentReregisterContext: (/Game/StreetSceneLarge_YCF.StreetSceneLarge_YCF:PersistentLevel.GroundBase93.StaticMeshComponent0) Component already registered.
[2018.10.18-01.59.37:025][732]LogActorComponent: ~FComponentReregisterContext: (/Game/StreetSceneLarge_YCF.StreetSceneLarge_YCF:PersistentLevel.GroundBase116.StaticMeshComponent0) Component already registered.
[2018.10.18-01.59.37:025][732]LogActorComponent: ~FComponentReregisterContext: (/Game/StreetSceneLarge_YCF.StreetSceneLarge_YCF:PersistentLevel.GroundBase99.StaticMeshComponent0) Component already registered.
[2018.10.18-01.59.37:026][732]LogActorComponent: ~FComponentReregisterContext: (/Game/StreetSceneLarge_YCF.StreetSceneLarge_YCF:PersistentLevel.GroundBase138.StaticMeshComponent0) Component already registered.
[2018.10.18-01.59.37:026][732]LogActorComponent: ~FComponentReregisterContext: (/Game/StreetSceneLarge_YCF.StreetSceneLarge_YCF:PersistentLevel.GroundBase140.StaticMeshComponent0) Component already registered.
[2018.10.18-01.59.37:027][732]LogActorComponent: ~FComponentReregisterContext: (/Game/StreetSceneLarge_YCF.StreetSceneLarge_YCF:PersistentLevel.GroundBase146.StaticMeshComponent0) Component already registered.
[2018.10.18-01.59.37:027][732]LogActorComponent: ~FComponentReregisterContext: (/Game/StreetSceneLarge_YCF.StreetSceneLarge_YCF:PersistentLevel.GroundBase122.StaticMeshComponent0) Component already registered.
[2018.10.18-01.59.37:028][732]LogActorComponent: ~FComponentReregisterContext: (/Game/StreetSceneLarge_YCF.StreetSceneLarge_YCF:PersistentLevel.GroundBase124.StaticMeshComponent0) Component already registered.
[2018.10.18-01.59.37:028][732]LogActorComponent: ~FComponentReregisterContext: (/Game/StreetSceneLarge_YCF.StreetSceneLarge_YCF:PersistentLevel.GroundBase130.StaticMeshComponent0) Component already registered.
[2018.10.18-01.59.37:028][732]LogActorComponent: ~FComponentReregisterContext: (/Game/StreetSceneLarge_YCF.StreetSceneLarge_YCF:PersistentLevel.GroundBase132.StaticMeshComponent0) Component already registered.
[2018.10.18-01.59.37:029][732]LogActorComponent: ~FComponentReregisterContext: (/Game/StreetSceneLarge_YCF.StreetSceneLarge_YCF:PersistentLevel.streetBlockBase76.StaticMeshComponent0) Component already registered.
[2018.10.18-01.59.37:029][732]LogActorComponent: ~FComponentReregisterContext: (/Game/StreetSceneLarge_YCF.StreetSceneLarge_YCF:PersistentLevel.streetBlockBase78.StaticMeshComponent0) Component already registered.
[2018.10.18-01.59.37:030][732]LogActorComponent: ~FComponentReregisterContext: (/Game/StreetSceneLarge_YCF.StreetSceneLarge_YCF:PersistentLevel.streetBlockBase83.StaticMeshComponent0) Component already registered.
[2018.10.18-01.59.37:030][732]LogActorComponent: ~FComponentReregisterContext: (/Game/StreetSceneLarge_YCF.StreetSceneLarge_YCF:PersistentLevel.streetBlockBase62.StaticMeshComponent0) Component already registered.
[2018.10.18-01.59.37:030][732]LogActorComponent: ~FComponentReregisterContext: (/Game/StreetSceneLarge_YCF.StreetSceneLarge_YCF:PersistentLevel.streetBlockBase64.StaticMeshComponent0) Component already registered.
[2018.10.18-01.59.37:031][732]LogActorComponent: ~FComponentReregisterContext: (/Game/StreetSceneLarge_YCF.StreetSceneLarge_YCF:PersistentLevel.streetBlockBase85.StaticMeshComponent0) Component already registered.
[2018.10.18-01.59.37:031][732]LogActorComponent: ~FComponentReregisterContext: (/Game/StreetSceneLarge_YCF.StreetSceneLarge_YCF:PersistentLevel.streetBlockBase69.StaticMeshComponent0) Component already registered.
[2018.10.18-01.59.37:032][732]LogActorComponent: ~FComponentReregisterContext: (/Game/StreetSceneLarge_YCF.StreetSceneLarge_YCF:PersistentLevel.streetBlockBase104.StaticMeshComponent0) Component already registered.
[2018.10.18-01.59.37:032][732]LogActorComponent: ~FComponentReregisterContext: (/Game/StreetSceneLarge_YCF.StreetSceneLarge_YCF:PersistentLevel.streetBlockBase106.StaticMeshComponent0) Component already registered.
[2018.10.18-01.59.37:032][732]LogActorComponent: ~FComponentReregisterContext: (/Game/StreetSceneLarge_YCF.StreetSceneLarge_YCF:PersistentLevel.streetBlockIntersect4.StaticMeshComponent0) Component already registered.
[2018.10.18-01.59.37:033][732]LogActorComponent: ~FComponentReregisterContext: (/Game/StreetSceneLarge_YCF.StreetSceneLarge_YCF:PersistentLevel.streetBlockBase90.StaticMeshComponent0) Component already registered.
[2018.10.18-01.59.37:033][732]LogActorComponent: ~FComponentReregisterContext: (/Game/StreetSceneLarge_YCF.StreetSceneLarge_YCF:PersistentLevel.streetBlockBase92.StaticMeshComponent0) Component already registered.
[2018.10.18-01.59.37:034][732]LogActorComponent: ~FComponentReregisterContext: (/Game/StreetSceneLarge_YCF.StreetSceneLarge_YCF:PersistentLevel.streetBlockBase97.StaticMeshComponent0) Component already registered.
[2018.10.18-01.59.37:034][732]LogActorComponent: ~FComponentReregisterContext: (/Game/StreetSceneLarge_YCF.StreetSceneLarge_YCF:PersistentLevel.streetBlockBase99.StaticMeshComponent0) Component already registered.
[2018.10.18-01.59.37:035][732]LogActorComponent: ~FComponentReregisterContext: (/Game/StreetSceneLarge_YCF.StreetSceneLarge_YCF:PersistentLevel.sideWalkBlock83.StaticMeshComponent0) Component already registered.
[2018.10.18-01.59.37:035][732]LogActorComponent: ~FComponentReregisterContext: (/Game/StreetSceneLarge_YCF.StreetSceneLarge_YCF:PersistentLevel.sideWalkBlock85.StaticMeshComponent0) Component already registered.
[2018.10.18-01.59.37:035][732]LogActorComponent: ~FComponentReregisterContext: (/Game/StreetSceneLarge_YCF.StreetSceneLarge_YCF:PersistentLevel.sideWalkBlock90.StaticMeshComponent0) Component already registered.
[2018.10.18-01.59.37:037][732]LogActorComponent: ~FComponentReregisterContext: (/Game/StreetSceneLarge_YCF.StreetSceneLarge_YCF:PersistentLevel.sidewalkBlock68.StaticMeshComponent0) Component already registered.
[2018.10.18-01.59.37:037][732]LogActorComponent: ~FComponentReregisterContext: (/Game/StreetSceneLarge_YCF.StreetSceneLarge_YCF:PersistentLevel.sidewalkBlock70.StaticMeshComponent0) Component already registered.
[2018.10.18-01.59.37:037][732]LogActorComponent: ~FComponentReregisterContext: (/Game/StreetSceneLarge_YCF.StreetSceneLarge_YCF:PersistentLevel.sidewalkBlock65.StaticMeshComponent0) Component already registered.
[2018.10.18-01.59.37:037][732]LogActorComponent: ~FComponentReregisterContext: (/Game/StreetSceneLarge_YCF.StreetSceneLarge_YCF:PersistentLevel.sidewalkBlock92.StaticMeshComponent0) Component already registered.
[2018.10.18-01.59.37:038][732]LogActorComponent: ~FComponentReregisterContext: (/Game/StreetSceneLarge_YCF.StreetSceneLarge_YCF:PersistentLevel.sidewalkBlock75.StaticMeshComponent0) Component already registered.
[2018.10.18-01.59.37:039][732]LogActorComponent: ~FComponentReregisterContext: (/Game/StreetSceneLarge_YCF.StreetSceneLarge_YCF:PersistentLevel.streetBlockBase45.StaticMeshComponent0) Component already registered.
[2018.10.18-01.59.37:039][732]LogActorComponent: ~FComponentReregisterContext: (/Game/StreetSceneLarge_YCF.StreetSceneLarge_YCF:PersistentLevel.streetBlockBase47.StaticMeshComponent0) Component already registered.
[2018.10.18-01.59.37:040][732]LogActorComponent: ~FComponentReregisterContext: (/Game/StreetSceneLarge_YCF.StreetSceneLarge_YCF:PersistentLevel.streetBlockBase55.StaticMeshComponent0) Component already registered.
[2018.10.18-01.59.37:040][732]LogActorComponent: ~FComponentReregisterContext: (/Game/StreetSceneLarge_YCF.StreetSceneLarge_YCF:PersistentLevel.streetBlockBase57.StaticMeshComponent0) Component already registered.
[2018.10.18-01.59.37:041][732]LogActorComponent: ~FComponentReregisterContext: (/Game/StreetSceneLarge_YCF.StreetSceneLarge_YCF:PersistentLevel.sidewalkBlock97.StaticMeshComponent0) Component already registered.
[2018.10.18-01.59.37:041][732]LogActorComponent: ~FComponentReregisterContext: (/Game/StreetSceneLarge_YCF.StreetSceneLarge_YCF:PersistentLevel.SidewalkCorner10.StaticMeshComponent0) Component already registered.
[2018.10.18-01.59.37:041][732]LogActorComponent: ~FComponentReregisterContext: (/Game/StreetSceneLarge_YCF.StreetSceneLarge_YCF:PersistentLevel.SidewalkCorner15.StaticMeshComponent0) Component already registered.
[2018.10.18-01.59.37:042][732]LogActorComponent: ~FComponentReregisterContext: (/Game/StreetSceneLarge_YCF.StreetSceneLarge_YCF:PersistentLevel.SidewalkCorner17.StaticMeshComponent0) Component already registered.
[2018.10.18-01.59.37:149][734]Cmd: TRANSACTION UNDO
[2018.10.18-01.59.37:149][734]LogEditorTransaction: Undo Clicking on Actors
[2018.10.18-01.59.37:300][737]Cmd: TRANSACTION UNDO
[2018.10.18-01.59.37:300][737]LogEditorTransaction: Undo Clicking on Actors
[2018.10.18-01.59.37:636][742]Cmd: TRANSACTION UNDO
[2018.10.18-01.59.37:636][742]LogEditorTransaction: Undo Clicking on Actors
[2018.10.18-01.59.37:834][745]Cmd: TRANSACTION UNDO
[2018.10.18-01.59.37:834][745]LogEditorTransaction: Undo Clicking on Actors
[2018.10.18-01.59.38:035][748]Cmd: TRANSACTION UNDO
[2018.10.18-01.59.38:035][748]LogEditorTransaction: Undo Clicking on Actors
[2018.10.18-01.59.38:303][752]Cmd: TRANSACTION UNDO
[2018.10.18-01.59.38:303][752]LogEditorTransaction: Undo Clicking on Actors
[2018.10.18-01.59.38:504][755]Cmd: TRANSACTION UNDO
[2018.10.18-01.59.38:504][755]LogEditorTransaction: Undo Clicking on Actors
[2018.10.18-01.59.38:701][758]Cmd: TRANSACTION UNDO
[2018.10.18-01.59.38:701][758]LogEditorTransaction: Undo Clicking on Actors
[2018.10.18-01.59.38:901][761]Cmd: TRANSACTION UNDO
[2018.10.18-01.59.38:901][761]LogEditorTransaction: Undo Clicking on Actors
[2018.10.18-01.59.39:101][764]Cmd: TRANSACTION UNDO
[2018.10.18-01.59.39:102][764]LogEditorTransaction: Undo Clicking on Actors
[2018.10.18-01.59.39:368][768]Cmd: TRANSACTION UNDO
[2018.10.18-01.59.39:368][768]LogEditorTransaction: Undo Clicking on Actors
[2018.10.18-01.59.39:567][771]Cmd: TRANSACTION UNDO
[2018.10.18-01.59.39:567][771]LogEditorTransaction: Undo Clicking on Actors
[2018.10.18-01.59.39:785][772]Cmd: TRANSACTION UNDO
[2018.10.18-01.59.39:785][772]LogEditorTransaction: Undo Clicking on Actors
[2018.10.18-01.59.39:920][773]Cmd: TRANSACTION UNDO
[2018.10.18-01.59.39:920][773]LogEditorTransaction: Undo Clicking on Actors
[2018.10.18-01.59.40:100][777]Cmd: TRANSACTION UNDO
[2018.10.18-01.59.40:101][777]LogEditorTransaction: Undo Clicking on Actors
[2018.10.18-01.59.40:302][780]Cmd: TRANSACTION UNDO
[2018.10.18-01.59.40:302][780]LogEditorTransaction: Undo Set Actor Visibility
[2018.10.18-01.59.40:500][783]Cmd: TRANSACTION UNDO
[2018.10.18-01.59.40:500][783]LogEditorTransaction: Undo Clicking on Actors
[2018.10.18-01.59.40:722][786]Cmd: TRANSACTION UNDO
[2018.10.18-01.59.40:723][786]LogEditorTransaction: Undo Clicking on Actors
[2018.10.18-01.59.41:808][802]LogEditorViewport: Clicking on Actor (LMB): StaticMeshActor (GroundBase161)
[2018.10.18-01.59.42:307][808]LogEditorViewport: Clicking on Actor (LMB): StaticMeshActor (GroundBase188)
[2018.10.18-01.59.45:901][888]LogEditorViewport: Clicking on Actor (LMB): StaticMeshActor (GroundBase161)
[2018.10.18-01.59.46:225][899]LogEditorViewport: Clicking on Actor (LMB): StaticMeshActor (GroundBase150)
[2018.10.18-01.59.46:578][909]LogEditorViewport: Clicking on Actor (LMB): StaticMeshActor (GroundBase185)
[2018.10.18-01.59.46:861][917]LogEditorViewport: Clicking on Actor (LMB): StaticMeshActor (GroundBase188)
[2018.10.18-01.59.47:200][925]LogEditorViewport: Clicking on Actor (LMB): StaticMeshActor (GroundBase005)
[2018.10.18-01.59.47:613][937]LogEditorViewport: Clicking on Actor (LMB): StaticMeshActor (streetBlockBase015)
[2018.10.18-01.59.47:986][948]LogEditorViewport: Clicking on Actor (LMB): StaticMeshActor (GroundBase178)
[2018.10.18-01.59.48:556][966]LogEditorViewport: Clicking on Actor (LMB): StaticMeshActor (GroundBase179)
[2018.10.18-01.59.48:940][977]LogEditorViewport: Clicking on Actor (LMB): StaticMeshActor (GroundBase177)
[2018.10.18-01.59.51:412][ 47]LogEditorViewport: Clicking on Actor (LMB): StaticMeshActor (sidewalkBlock98)
[2018.10.18-01.59.51:862][ 60]LogEditorViewport: Clicking on Actor (LMB): StaticMeshActor (sidewalkBlock97)
[2018.10.18-02.00.14:837][749]Cmd: TRANSACTION UNDO
[2018.10.18-02.00.14:838][749]LogEditorTransaction: Undo Move Actors
[2018.10.18-02.00.16:704][797]LogEditorViewport: Clicking on Actor (LMB): BP_Sky_Sphere_C (Sky Sphere)
[2018.10.18-02.00.18:484][847]LogEditorViewport: Clicking on Actor (LMB): BP_Sky_Sphere_C (Sky Sphere)
[2018.10.18-02.00.59:370][ 72]LogEditorViewport: Clicking on Actor (LMB): StaticMeshActor (GroundBase141)
[2018.10.18-02.01.27:996][929]Cmd: TRANSACTION UNDO
[2018.10.18-02.01.27:997][929]LogEditorTransaction: Undo Clicking on Actors
[2018.10.18-02.01.28:396][938]Cmd: TRANSACTION UNDO
[2018.10.18-02.01.28:397][938]LogEditorTransaction: Undo Clicking on Actors
[2018.10.18-02.01.28:697][944]Cmd: TRANSACTION UNDO
[2018.10.18-02.01.28:697][944]LogEditorTransaction: Undo Clicking on Actors
[2018.10.18-02.01.28:931][951]Cmd: TRANSACTION UNDO
[2018.10.18-02.01.28:931][951]LogEditorTransaction: Undo Clicking on Actors
[2018.10.18-02.01.29:129][956]Cmd: TRANSACTION UNDO
[2018.10.18-02.01.29:129][956]LogEditorTransaction: Undo Clicking on Actors
[2018.10.18-02.01.29:291][960]Cmd: TRANSACTION UNDO
[2018.10.18-02.01.29:291][960]LogEditorTransaction: Undo Clicking on Actors
[2018.10.18-02.01.29:509][966]Cmd: TRANSACTION UNDO
[2018.10.18-02.01.29:509][966]LogEditorTransaction: Undo Clicking on Actors
[2018.10.18-02.01.29:705][971]Cmd: TRANSACTION UNDO
[2018.10.18-02.01.29:705][971]LogEditorTransaction: Undo Clicking on Actors
[2018.10.18-02.01.29:886][976]Cmd: TRANSACTION UNDO
[2018.10.18-02.01.29:886][976]LogEditorTransaction: Undo Clicking on Actors
[2018.10.18-02.01.30:086][982]Cmd: TRANSACTION UNDO
[2018.10.18-02.01.30:086][982]LogEditorTransaction: Undo Clicking on Actors
[2018.10.18-02.01.30:321][987]Cmd: TRANSACTION UNDO
[2018.10.18-02.01.30:321][987]LogEditorTransaction: Undo Clicking on Actors
[2018.10.18-02.01.30:519][993]Cmd: TRANSACTION UNDO
[2018.10.18-02.01.30:519][993]LogEditorTransaction: Undo Clicking on Actors
[2018.10.18-02.01.30:754][  0]Cmd: TRANSACTION UNDO
[2018.10.18-02.01.30:754][  0]LogEditorTransaction: Undo Clicking on Actors
[2018.10.18-02.01.30:933][  5]Cmd: TRANSACTION UNDO
[2018.10.18-02.01.30:933][  5]LogEditorTransaction: Undo Clicking on Actors
[2018.10.18-02.01.31:180][ 10]Cmd: TRANSACTION UNDO
[2018.10.18-02.01.31:180][ 10]LogEditorTransaction: Undo Clicking on Actors
[2018.10.18-02.01.31:372][ 14]Cmd: TRANSACTION UNDO
[2018.10.18-02.01.31:372][ 14]LogEditorTransaction: Undo Clicking on Actors
[2018.10.18-02.01.31:579][ 18]Cmd: TRANSACTION UNDO
[2018.10.18-02.01.31:579][ 18]LogEditorTransaction: Undo Clicking on Actors
[2018.10.18-02.01.31:760][ 22]Cmd: TRANSACTION UNDO
[2018.10.18-02.01.31:760][ 22]LogEditorTransaction: Undo Clicking on Actors
[2018.10.18-02.01.31:955][ 27]Cmd: TRANSACTION UNDO
[2018.10.18-02.01.31:955][ 27]LogEditorTransaction: Undo Clicking on Actors
[2018.10.18-02.01.32:185][ 33]Cmd: TRANSACTION UNDO
[2018.10.18-02.01.32:186][ 33]LogEditorTransaction: Undo Clicking on Actors
[2018.10.18-02.01.32:373][ 37]Cmd: TRANSACTION UNDO
[2018.10.18-02.01.32:373][ 37]LogEditorTransaction: Undo Clicking on Actors
[2018.10.18-02.01.32:600][ 42]Cmd: TRANSACTION UNDO
[2018.10.18-02.01.32:600][ 42]LogEditorTransaction: Undo Clicking on Actors
[2018.10.18-02.01.32:789][ 47]Cmd: TRANSACTION UNDO
[2018.10.18-02.01.32:789][ 47]LogEditorTransaction: Undo Clicking on Actors
[2018.10.18-02.01.33:010][ 52]Cmd: TRANSACTION UNDO
[2018.10.18-02.01.33:010][ 52]LogEditorTransaction: Undo Clicking on Actors
[2018.10.18-02.01.33:218][ 56]Cmd: TRANSACTION UNDO
[2018.10.18-02.01.33:218][ 56]LogEditorTransaction: Undo Clicking on Actors
[2018.10.18-02.01.33:427][ 61]Cmd: TRANSACTION UNDO
[2018.10.18-02.01.33:427][ 61]LogEditorTransaction: Undo Clicking on Actors
[2018.10.18-02.01.33:609][ 64]Cmd: TRANSACTION UNDO
[2018.10.18-02.01.33:610][ 64]LogEditorTransaction: Undo Clicking on Actors
[2018.10.18-02.01.38:303][188]LogSlate: FSceneViewport::OnFocusLost() reason 0
[2018.10.18-02.02.24:770][289]LogEditorViewport: Clicking on Actor (LMB): StaticMeshActor (GroundBase13)
[2018.10.18-02.02.27:181][350]LogSlate: FSceneViewport::OnFocusLost() reason 0
[2018.10.18-02.02.36:123][569]Cmd: DELETE
[2018.10.18-02.02.36:123][569]Cmd: ACTOR DELETE
[2018.10.18-02.02.36:154][569]LogEditorActor: Deleted Actor: AtmosphericFog
[2018.10.18-02.02.36:203][569]LogEditorActor: Deleted 1 Actors (0.080 secs)
[2018.10.18-02.03.34:164][ 55]LogSlate: FSceneViewport::OnFocusLost() reason 0
[2018.10.18-02.03.42:237][191]LogSlate: Window 'Save Content' being destroyed
[2018.10.18-02.03.42:852][191]LogSavePackage: Moving '../../../../../../Users/Kevin/Documents/GitHub/AssetPipeMaster02/APsec1LargeCityBase/Saved/StreetSceneLarge_YCF8797E28B440E8054E8140C9FD7F142B9.tmp' to '../../../../../../Users/Kevin/Documents/GitHub/AssetPipeMaster02/APsec1LargeCityBase/Content/StreetSceneLarge_YCF.umap'
[2018.10.18-02.03.42:881][191]LogFileHelpers: Saving map 'StreetSceneLarge_YCF' took 0.621
[2018.10.18-02.03.46:230][252]LogSavePackage: Moving '../../../../../../Users/Kevin/Documents/GitHub/AssetPipeMaster02/APsec1LargeCityBase/Saved/StreetSceneLarge_YCF86C1E2E84EC31F91A81E5AAA6E2F0801.tmp' to '../../../../../../Users/Kevin/Documents/GitHub/AssetPipeMaster02/APsec1LargeCityBase/Content/StreetSceneLarge_YCF.umap'
[2018.10.18-02.03.46:371][252]LogSavePackage: Moving '../../../../../../Users/Kevin/Documents/GitHub/AssetPipeMaster02/APsec1LargeCityBase/Saved/StreetSceneLarge_YCF_BuiltData7CA6BA2548A24C5696BBECA62A772E9E.tmp' to '../../../../../../Users/Kevin/Documents/GitHub/AssetPipeMaster02/APsec1LargeCityBase/Content/StreetSceneLarge_YCF_BuiltData.uasset'
[2018.10.18-02.04.01:575][630]LogSlate: Window 'APsec1LargeCityBase - Unreal Editor' being destroyed
[2018.10.18-02.04.01:576][630]LogWindowsTextInputMethodSystem: Display: IME system now deactivated.
[2018.10.18-02.04.01:795][631]Cmd: QUIT_EDITOR
[2018.10.18-02.04.01:861][631]LogExit: Preparing to exit.
[2018.10.18-02.04.02:957][631]LogExit: Editor shut down
[2018.10.18-02.04.02:958][631]LogExit: Transaction tracking system shut down
[2018.10.18-02.04.03:686][631]LogExit: Object subsystem successfully closed.
[2018.10.18-02.04.03:707][631]LogShaderCompilers: Display: Shaders left to compile 0
[2018.10.18-02.04.03:709][631]LogD3D11RHI: Shutdown
[2018.10.18-02.04.03:709][631]LogD3D11RHI: CleanupD3DDevice
[2018.10.18-02.04.03:711][631]LogD3D11RHI: ~FD3D11DynamicRHI
[2018.10.18-02.04.03:725][631]LogModuleManager: Shutting down and abandoning module HierarchicalLODOutliner (612)
[2018.10.18-02.04.03:725][631]LogModuleManager: Shutting down and abandoning module SceneOutliner (610)
[2018.10.18-02.04.03:725][631]LogModuleManager: Shutting down and abandoning module AddContentDialog (608)
[2018.10.18-02.04.03:732][631]LogModuleManager: Shutting down and abandoning module WidgetCarousel (607)
[2018.10.18-02.04.03:732][631]LogModuleManager: Shutting down and abandoning module EditorWidgets (604)
[2018.10.18-02.04.03:732][631]LogModuleManager: Shutting down and abandoning module CollectionManager (602)
[2018.10.18-02.04.03:733][631]LogModuleManager: Shutting down and abandoning module HierarchicalLODUtilities (600)
[2018.10.18-02.04.03:733][631]LogModuleManager: Shutting down and abandoning module StatsViewer (598)
[2018.10.18-02.04.03:733][631]LogModuleManager: Shutting down and abandoning module FoliageEdit (596)
[2018.10.18-02.04.03:733][631]LogModuleManager: Shutting down and abandoning module LandscapeEditor (594)
[2018.10.18-02.04.03:733][631]LogModuleManager: Shutting down and abandoning module MeshPaintMode (592)
[2018.10.18-02.04.03:733][631]LogModuleManager: Shutting down and abandoning module SceneDepthPickerMode (590)
[2018.10.18-02.04.03:733][631]LogModuleManager: Shutting down and abandoning module ActorPickerMode (588)
[2018.10.18-02.04.03:733][631]LogModuleManager: Shutting down and abandoning module GeometryMode (586)
[2018.10.18-02.04.03:733][631]LogModuleManager: Shutting down and abandoning module TextureAlignMode (584)
[2018.10.18-02.04.03:733][631]LogModuleManager: Shutting down and abandoning module BspMode (582)
[2018.10.18-02.04.03:734][631]LogModuleManager: Shutting down and abandoning module PIEPreviewDeviceProfileSelector (580)
[2018.10.18-02.04.03:734][631]LogModuleManager: Shutting down and abandoning module SequenceRecorderSections (578)
[2018.10.18-02.04.03:734][631]LogModuleManager: Shutting down and abandoning module AutomationWorker (576)
[2018.10.18-02.04.03:734][631]LogModuleManager: Shutting down and abandoning module AudioCaptureEditor (574)
[2018.10.18-02.04.03:734][631]LogModuleManager: Shutting down and abandoning module SequenceRecorder (573)
[2018.10.18-02.04.03:734][631]LogModuleManager: Shutting down and abandoning module MatineeToLevelSequence (570)
[2018.10.18-02.04.03:734][631]LogModuleManager: Shutting down and abandoning module LevelSequenceEditor (568)
[2018.10.18-02.04.03:734][631]LogModuleManager: Shutting down and abandoning module PlacementMode (567)
[2018.10.18-02.04.03:734][631]LogModuleManager: Shutting down and abandoning module MaterialEditor (566)
[2018.10.18-02.04.03:734][631]LogModuleManager: Shutting down and abandoning module WmfMediaFactory (562)
[2018.10.18-02.04.03:734][631]LogModuleManager: Shutting down and abandoning module WmfMediaEditor (560)
[2018.10.18-02.04.03:734][631]LogModuleManager: Shutting down and abandoning module MediaPlayerEditor (558)
[2018.10.18-02.04.03:734][631]LogModuleManager: Shutting down and abandoning module OpenExrWrapper (556)
[2018.10.18-02.04.03:735][631]LogModuleManager: Shutting down and abandoning module ImgMediaFactory (554)
[2018.10.18-02.04.03:735][631]LogModuleManager: Shutting down and abandoning module ImgMediaEditor (552)
[2018.10.18-02.04.03:735][631]LogModuleManager: Shutting down and abandoning module AvfMediaFactory (550)
[2018.10.18-02.04.03:735][631]LogModuleManager: Shutting down and abandoning module AvfMediaEditor (548)
[2018.10.18-02.04.03:735][631]LogModuleManager: Shutting down and abandoning module AndroidMediaFactory (546)
[2018.10.18-02.04.03:735][631]LogModuleManager: Shutting down and abandoning module AndroidMediaEditor (544)
[2018.10.18-02.04.03:735][631]LogModuleManager: Shutting down and abandoning module MagicLeapCameraPreviewFactory (542)
[2018.10.18-02.04.03:735][631]LogModuleManager: Shutting down and abandoning module MagicLeapMediaFactory (540)
[2018.10.18-02.04.03:735][631]LogModuleManager: Shutting down and abandoning module MagicLeapMediaEditor (538)
[2018.10.18-02.04.03:735][631]LogModuleManager: Shutting down and abandoning module CharacterAI (536)
[2018.10.18-02.04.03:735][631]LogModuleManager: Shutting down and abandoning module SmartSnapping (534)
[2018.10.18-02.04.03:735][631]LogModuleManager: Shutting down and abandoning module SessionServices (532)
[2018.10.18-02.04.03:735][631]LogModuleManager: Shutting down and abandoning module ViewportSnapping (530)
[2018.10.18-02.04.03:736][631]LogModuleManager: Shutting down and abandoning module ViewportInteraction (528)
[2018.10.18-02.04.03:736][631]LogModuleManager: Shutting down and abandoning module ClothPainter (526)
[2018.10.18-02.04.03:736][631]LogModuleManager: Shutting down and abandoning module SkeletalMeshEditor (525)
[2018.10.18-02.04.03:736][631]LogModuleManager: Shutting down and abandoning module LogVisualizer (522)
[2018.10.18-02.04.03:736][631]LogModuleManager: Shutting down and abandoning module IntroTutorials (520)
[2018.10.18-02.04.03:736][631]LogModuleManager: Shutting down and abandoning module GameProjectGeneration (519)
[2018.10.18-02.04.03:736][631]LogModuleManager: Shutting down and abandoning module LuminPlatformEditor (516)
[2018.10.18-02.04.03:736][631]LogModuleManager: Shutting down and abandoning module IOSPlatformEditor (514)
[2018.10.18-02.04.03:736][631]LogModuleManager: Shutting down and abandoning module HTML5PlatformEditor (512)
[2018.10.18-02.04.03:737][631]LogModuleManager: Shutting down and abandoning module AndroidPlatformEditor (510)
[2018.10.18-02.04.03:737][631]LogModuleManager: Shutting down and abandoning module AndroidDeviceDetection (509)
[2018.10.18-02.04.03:987][631]LogModuleManager: Shutting down and abandoning module WindowsPlatformEditor (506)
[2018.10.18-02.04.03:987][631]LogModuleManager: Shutting down and abandoning module LuminRuntimeSettings (504)
[2018.10.18-02.04.03:987][631]LogModuleManager: Shutting down and abandoning module IOSRuntimeSettings (502)
[2018.10.18-02.04.03:987][631]LogModuleManager: Shutting down and abandoning module AndroidRuntimeSettings (500)
[2018.10.18-02.04.03:987][631]LogModuleManager: Shutting down and abandoning module InputBindingEditor (498)
[2018.10.18-02.04.03:987][631]LogModuleManager: Shutting down and abandoning module MergeActors (496)
[2018.10.18-02.04.03:987][631]LogModuleManager: Shutting down and abandoning module LocalizationDashboard (494)
[2018.10.18-02.04.03:987][631]LogModuleManager: Shutting down and abandoning module LocalizationService (493)
[2018.10.18-02.04.03:987][631]LogModuleManager: Shutting down and abandoning module HardwareTargeting (490)
[2018.10.18-02.04.03:987][631]LogModuleManager: Shutting down and abandoning module DeviceProfileEditor (488)
[2018.10.18-02.04.03:987][631]LogModuleManager: Shutting down and abandoning module UndoHistory (486)
[2018.10.18-02.04.03:987][631]LogModuleManager: Shutting down and abandoning module XmlParser (484)
[2018.10.18-02.04.03:988][631]LogModuleManager: Shutting down and abandoning module Blutility (482)
[2018.10.18-02.04.03:988][631]LogModuleManager: Shutting down and abandoning module ProjectSettingsViewer (480)
[2018.10.18-02.04.03:988][631]LogModuleManager: Shutting down and abandoning module ProjectTargetPlatformEditor (479)
[2018.10.18-02.04.03:988][631]LogModuleManager: Shutting down and abandoning module EditorSettingsViewer (476)
[2018.10.18-02.04.03:988][631]LogModuleManager: Shutting down and abandoning module SettingsEditor (474)
[2018.10.18-02.04.03:988][631]LogModuleManager: Shutting down and abandoning module ProjectLauncher (472)
[2018.10.18-02.04.03:988][631]LogModuleManager: Shutting down and abandoning module SessionFrontend (470)
[2018.10.18-02.04.03:988][631]LogModuleManager: Shutting down and abandoning module ProfilerClient (468)
[2018.10.18-02.04.03:988][631]LogModuleManager: Shutting down and abandoning module DeviceManager (466)
[2018.10.18-02.04.03:988][631]LogModuleManager: Shutting down and abandoning module TargetDeviceServices (465)
[2018.10.18-02.04.04:044][631]LogModuleManager: Shutting down and abandoning module AutomationController (462)
[2018.10.18-02.04.04:044][631]LogModuleManager: Shutting down and abandoning module AutomationWindow (460)
[2018.10.18-02.04.04:044][631]LogModuleManager: Shutting down and abandoning module Layers (458)
[2018.10.18-02.04.04:044][631]LogModuleManager: Shutting down and abandoning module ComponentVisualizers (456)
[2018.10.18-02.04.04:044][631]LogModuleManager: Shutting down and abandoning module DetailCustomizations (454)
[2018.10.18-02.04.04:044][631]LogModuleManager: Shutting down and abandoning module PackagesDialog (452)
[2018.10.18-02.04.04:045][631]LogModuleManager: Shutting down and abandoning module Persona (450)
[2018.10.18-02.04.04:045][631]LogModuleManager: Shutting down and abandoning module AdvancedPreviewScene (449)
[2018.10.18-02.04.04:045][631]LogModuleManager: Shutting down and abandoning module AnimGraph (447)
[2018.10.18-02.04.04:045][631]LogModuleManager: Shutting down and abandoning module Kismet (444)
[2018.10.18-02.04.04:045][631]LogModuleManager: Shutting down and abandoning module GraphEditor (442)
[2018.10.18-02.04.04:046][631]LogModuleManager: Shutting down and abandoning module ClassViewer (440)
[2018.10.18-02.04.04:046][631]LogModuleManager: Shutting down and abandoning module Toolbox (438)
[2018.10.18-02.04.04:046][631]LogModuleManager: Shutting down and abandoning module ModuleUI (436)
[2018.10.18-02.04.04:046][631]LogModuleManager: Shutting down and abandoning module MovieSceneTools (434)
[2018.10.18-02.04.04:046][631]LogModuleManager: Shutting down and abandoning module OutputLog (432)
[2018.10.18-02.04.04:046][631]LogModuleManager: Shutting down and abandoning module GammaUI (430)
[2018.10.18-02.04.04:046][631]LogModuleManager: Shutting down and abandoning module Documentation (428)
[2018.10.18-02.04.04:046][631]LogModuleManager: Shutting down and abandoning module MovieSceneTracks (426)
[2018.10.18-02.04.04:046][631]LogModuleManager: Shutting down and abandoning module MovieScene (424)
[2018.10.18-02.04.04:046][631]LogModuleManager: Shutting down and abandoning module StreamingPauseRendering (422)
[2018.10.18-02.04.04:047][631]LogModuleManager: Shutting down and abandoning module LauncherPlatform (420)
[2018.10.18-02.04.04:047][631]LogModuleManager: Shutting down and abandoning module AnalyticsET (418)
[2018.10.18-02.04.04:047][631]LogModuleManager: Shutting down and abandoning module PortalServices (416)
[2018.10.18-02.04.04:047][631]LogModuleManager: Shutting down and abandoning module PortalRpc (414)
[2018.10.18-02.04.04:047][631]LogModuleManager: Shutting down and abandoning module MessagingRpc (412)
[2018.10.18-02.04.04:047][631]LogModuleManager: Shutting down and abandoning module AIModule (410)
[2018.10.18-02.04.04:047][631]LogModuleManager: Shutting down and abandoning module GameplayDebugger (409)
[2018.10.18-02.04.04:047][631]LogModuleManager: Shutting down and abandoning module AITestSuite (407)
[2018.10.18-02.04.04:047][631]LogModuleManager: Shutting down and abandoning module NavigationSystem (405)
[2018.10.18-02.04.04:047][631]LogModuleManager: Shutting down and abandoning module DesktopPlatform (402)
[2018.10.18-02.04.04:047][631]LogModuleManager: Shutting down and abandoning module ProfilerService (400)
[2018.10.18-02.04.04:265][631]LogModuleManager: Shutting down and abandoning module TaskGraph (398)
[2018.10.18-02.04.04:265][631]LogModuleManager: Shutting down and abandoning module SteamVRController (396)
[2018.10.18-02.04.04:265][631]LogModuleManager: Shutting down and abandoning module ProceduralMeshComponentEditor (394)
[2018.10.18-02.04.04:265][631]LogModuleManager: Shutting down and abandoning module ProceduralMeshComponent (392)
[2018.10.18-02.04.04:265][631]LogModuleManager: Shutting down and abandoning module OculusInput (390)
[2018.10.18-02.04.04:265][631]LogModuleManager: Shutting down and abandoning module MobilePatchingUtils (388)
[2018.10.18-02.04.04:265][631]LogModuleManager: Shutting down and abandoning module EditableMesh (386)
[2018.10.18-02.04.04:265][631]LogModuleManager: Shutting down and abandoning module CustomMeshComponent (384)
[2018.10.18-02.04.04:265][631]LogModuleManager: Shutting down and abandoning module CableComponent (382)
[2018.10.18-02.04.04:265][631]LogModuleManager: Shutting down and abandoning module AudioCapture (380)
[2018.10.18-02.04.04:265][631]LogModuleManager: Shutting down and abandoning module ArchVisCharacter (378)
[2018.10.18-02.04.04:265][631]LogModuleManager: Shutting down and abandoning module AndroidPermission (376)
[2018.10.18-02.04.04:265][631]LogModuleManager: Shutting down and abandoning module NUTUnrealEngine4 (374)
[2018.10.18-02.04.04:265][631]LogModuleManager: Shutting down and abandoning module NetcodeUnitTest (372)
[2018.10.18-02.04.04:265][631]LogModuleManager: Shutting down and abandoning module MediaCompositingEditor (370)
[2018.10.18-02.04.04:265][631]LogModuleManager: Shutting down and abandoning module MediaCompositing (368)
[2018.10.18-02.04.04:265][631]LogModuleManager: Shutting down and abandoning module LinearTimecode (366)
[2018.10.18-02.04.04:265][631]LogModuleManager: Shutting down and abandoning module ImgMedia (364)
[2018.10.18-02.04.04:275][631]LogModuleManager: Shutting down and abandoning module HTML5Networking (362)
[2018.10.18-02.04.04:275][631]LogModuleManager: Shutting down and abandoning module GeometryCacheTracks (360)
[2018.10.18-02.04.04:275][631]LogModuleManager: Shutting down and abandoning module GeometryCacheSequencer (358)
[2018.10.18-02.04.04:275][631]LogModuleManager: Shutting down and abandoning module BackChannel (356)
[2018.10.18-02.04.04:275][631]LogModuleManager: Shutting down and abandoning module AppleVision (354)
[2018.10.18-02.04.04:275][631]LogModuleManager: Shutting down and abandoning module AppleImageUtils (352)
[2018.10.18-02.04.04:275][631]LogModuleManager: Shutting down and abandoning module AlembicImporter (350)
[2018.10.18-02.04.04:275][631]LogModuleManager: Shutting down and abandoning module AlembicLibrary (349)
[2018.10.18-02.04.04:275][631]LogModuleManager: Shutting down and abandoning module GeometryCache (348)
[2018.10.18-02.04.04:275][631]LogModuleManager: Shutting down and abandoning module GeometryCacheEd (347)
[2018.10.18-02.04.04:275][631]LogModuleManager: Shutting down and abandoning module DatasmithContentEditor (342)
[2018.10.18-02.04.04:275][631]LogModuleManager: Shutting down and abandoning module DatasmithContent (340)
[2018.10.18-02.04.04:275][631]LogModuleManager: Shutting down and abandoning module SpeedTreeImporter (338)
[2018.10.18-02.04.04:275][631]LogModuleManager: Shutting down and abandoning module PluginBrowser (336)
[2018.10.18-02.04.04:276][631]LogModuleManager: Shutting down and abandoning module MobileLauncherProfileWizard (334)
[2018.10.18-02.04.04:276][631]LogModuleManager: Shutting down and abandoning module PolygonModeling (332)
[2018.10.18-02.04.04:276][631]LogModuleManager: Shutting down and abandoning module MeshEditor (330)
[2018.10.18-02.04.04:276][631]LogModuleManager: Shutting down and abandoning module CryptoKeysOpenSSL (328)
[2018.10.18-02.04.04:276][631]LogModuleManager: Shutting down and abandoning module CryptoKeys (326)
[2018.10.18-02.04.04:276][631]LogModuleManager: Shutting down and abandoning module VisualStudioSourceCodeAccess (324)
[2018.10.18-02.04.04:276][631]LogModuleManager: Shutting down and abandoning module VisualStudioCodeSourceCodeAccess (322)
[2018.10.18-02.04.04:276][631]LogModuleManager: Shutting down and abandoning module UObjectPlugin (320)
[2018.10.18-02.04.04:276][631]LogModuleManager: Shutting down and abandoning module SubversionSourceControl (318)
[2018.10.18-02.04.04:276][631]LogModuleManager: Shutting down and abandoning module PerforceSourceControl (316)
[2018.10.18-02.04.04:276][631]LogModuleManager: Shutting down and abandoning module GitSourceControl (314)
[2018.10.18-02.04.04:277][631]LogModuleManager: Shutting down and abandoning module SourceControl (313)
[2018.10.18-02.04.04:277][631]LogModuleManager: Shutting down and abandoning module CLionSourceCodeAccess (310)
[2018.10.18-02.04.04:277][631]LogModuleManager: Shutting down and abandoning module LightPropagationVolumeEditor (308)
[2018.10.18-02.04.04:277][631]LogModuleManager: Shutting down and abandoning module PaperTiledImporter (306)
[2018.10.18-02.04.04:277][631]LogModuleManager: Shutting down and abandoning module PaperSpriteSheetImporter (304)
[2018.10.18-02.04.04:277][631]LogModuleManager: Shutting down and abandoning module Paper2DEditor (302)
[2018.10.18-02.04.04:277][631]LogModuleManager: Shutting down and abandoning module MeshPaint (301)
[2018.10.18-02.04.04:277][631]LogModuleManager: Shutting down and abandoning module RuntimePhysXCooking (298)
[2018.10.18-02.04.04:277][631]LogModuleManager: Shutting down and abandoning module PhysXVehiclesEditor (296)
[2018.10.18-02.04.04:277][631]LogModuleManager: Shutting down and abandoning module PhysXVehicles (294)
[2018.10.18-02.04.04:277][631]LogModuleManager: Shutting down and abandoning module OculusEditor (292)
[2018.10.18-02.04.04:278][631]LogModuleManager: Shutting down and abandoning module LocationServicesBPLibrary (290)
[2018.10.18-02.04.04:278][631]LogModuleManager: Shutting down and abandoning module ImmediatePhysicsEditor (288)
[2018.10.18-02.04.04:278][631]LogModuleManager: Shutting down and abandoning module ImmediatePhysics (286)
[2018.10.18-02.04.04:278][631]LogModuleManager: Shutting down and abandoning module ActorSequence (284)
[2018.10.18-02.04.04:278][631]LogModuleManager: Shutting down and abandoning module UdpMessaging (282)
[2018.10.18-02.04.04:379][631]LogModuleManager: Shutting down and abandoning module TcpMessaging (280)
[2018.10.18-02.04.04:480][631]LogModuleManager: Shutting down and abandoning module MagicLeapAudio (278)
[2018.10.18-02.04.04:480][631]LogModuleManager: Shutting down and abandoning module GameplayTagsEditor (276)
[2018.10.18-02.04.04:480][631]LogModuleManager: Shutting down and abandoning module FacialAnimationEditor (274)
[2018.10.18-02.04.04:480][631]LogModuleManager: Shutting down and abandoning module FacialAnimation (272)
[2018.10.18-02.04.04:480][631]LogModuleManager: Shutting down and abandoning module DataValidation (270)
[2018.10.18-02.04.04:480][631]LogModuleManager: Shutting down and abandoning module AssetManagerEditor (268)
[2018.10.18-02.04.04:480][631]LogModuleManager: Shutting down and abandoning module LevelEditor (267)
[2018.10.18-02.04.04:482][631]LogModuleManager: Shutting down and abandoning module PixelInspectorModule (266)
[2018.10.18-02.04.04:482][631]LogModuleManager: Shutting down and abandoning module CommonMenuExtensions (264)
[2018.10.18-02.04.04:483][631]LogModuleManager: Shutting down and abandoning module MainFrame (262)
[2018.10.18-02.04.04:483][631]LogModuleManager: Shutting down and abandoning module HotReload (261)
[2018.10.18-02.04.04:484][631]LogModuleManager: Shutting down and abandoning module ContentBrowser (257)
[2018.10.18-02.04.04:486][631]LogModuleManager: Shutting down and abandoning module TreeMap (255)
[2018.10.18-02.04.04:486][631]LogModuleManager: Shutting down and abandoning module LightPropagationVolumeRuntime (252)
[2018.10.18-02.04.04:486][631]LogModuleManager: Shutting down and abandoning module AISupportModule (250)
[2018.10.18-02.04.04:486][631]LogModuleManager: Shutting down and abandoning module Paper2D (248)
[2018.10.18-02.04.04:487][631]LogModuleManager: Shutting down and abandoning module WindowsMoviePlayer (246)
[2018.10.18-02.04.04:487][631]LogModuleManager: Shutting down and abandoning module WmfMedia (244)
[2018.10.18-02.04.04:491][631]LogModuleManager: Shutting down and abandoning module Media (243)
[2018.10.18-02.04.04:498][631]LogModuleManager: Shutting down and abandoning module PacketHandler (240)
[2018.10.18-02.04.04:498][631]LogModuleManager: Shutting down and abandoning module ClothingSystemEditor (238)
[2018.10.18-02.04.04:498][631]LogModuleManager: Shutting down and abandoning module ClothingSystemRuntime (236)
[2018.10.18-02.04.04:498][631]LogModuleManager: Shutting down and abandoning module MediaAssets (234)
[2018.10.18-02.04.04:498][631]LogModuleManager: Shutting down and abandoning module Overlay (232)
[2018.10.18-02.04.04:498][631]LogModuleManager: Shutting down and abandoning module OverlayEditor (231)
[2018.10.18-02.04.04:499][631]LogModuleManager: Shutting down and abandoning module VREditor (228)
[2018.10.18-02.04.04:499][631]LogModuleManager: Shutting down and abandoning module StringTableEditor (226)
[2018.10.18-02.04.04:499][631]LogModuleManager: Shutting down and abandoning module GameplayTasksEditor (224)
[2018.10.18-02.04.04:499][631]LogModuleManager: Shutting down and abandoning module BehaviorTreeEditor (222)
[2018.10.18-02.04.04:499][631]LogModuleManager: Shutting down and abandoning module FunctionalTesting (220)
[2018.10.18-02.04.04:499][631]LogModuleManager: Shutting down and abandoning module CollisionAnalyzer (218)
[2018.10.18-02.04.04:499][631]LogModuleManager: Shutting down and abandoning module WorkspaceMenuStructure (217)
[2018.10.18-02.04.04:499][631]LogModuleManager: Shutting down and abandoning module UMG (214)
[2018.10.18-02.04.04:499][631]LogModuleManager: Shutting down and abandoning module UMGEditor (213)
[2018.10.18-02.04.04:499][631]LogModuleManager: Shutting down and abandoning module Sequencer (212)
[2018.10.18-02.04.04:500][631]LogModuleManager: Shutting down and abandoning module MessageLog (209)
[2018.10.18-02.04.04:500][631]LogModuleManager: Shutting down and abandoning module SlateReflector (204)
[2018.10.18-02.04.04:500][631]LogModuleManager: Shutting down and abandoning module Slate (202)
[2018.10.18-02.04.04:500][631]LogModuleManager: Shutting down and abandoning module EditorStyle (200)
[2018.10.18-02.04.04:504][631]LogModuleManager: Shutting down and abandoning module MRMesh (198)
[2018.10.18-02.04.04:505][631]LogModuleManager: Shutting down and abandoning module SourceCodeAccess (196)
[2018.10.18-02.04.04:505][631]LogModuleManager: Shutting down and abandoning module HeadMountedDisplay (194)
[2018.10.18-02.04.04:505][631]LogModuleManager: Shutting down and abandoning module XAudio2 (192)
[2018.10.18-02.04.04:505][631]LogModuleManager: Shutting down and abandoning module Networking (190)
[2018.10.18-02.04.04:505][631]LogModuleManager: Shutting down and abandoning module Core (188)
[2018.10.18-02.04.04:505][631]LogModuleManager: Shutting down and abandoning module LevelSequence (186)
[2018.10.18-02.04.04:505][631]LogModuleManager: Shutting down and abandoning module KismetCompiler (184)
[2018.10.18-02.04.04:505][631]LogModuleManager: Shutting down and abandoning module MeshUtilities (182)
[2018.10.18-02.04.04:505][631]LogModuleManager: Shutting down and abandoning module MeshMergeUtilities (181)
[2018.10.18-02.04.04:505][631]LogModuleManager: Shutting down and abandoning module MeshReductionInterface (180)
[2018.10.18-02.04.04:505][631]LogModuleManager: Shutting down and abandoning module SimplygonSwarm (179)
[2018.10.18-02.04.04:505][631]LogModuleManager: Shutting down and abandoning module ProxyLODMeshReduction (177)
[2018.10.18-02.04.04:505][631]LogModuleManager: Shutting down and abandoning module SimplygonMeshReduction (175)
[2018.10.18-02.04.04:506][631]LogModuleManager: Shutting down and abandoning module QuadricMeshReduction (173)
[2018.10.18-02.04.04:506][631]LogModuleManager: Shutting down and abandoning module MaterialBaking (169)
[2018.10.18-02.04.04:506][631]LogModuleManager: Shutting down and abandoning module DirectoryWatcher (165)
[2018.10.18-02.04.04:506][631]LogModuleManager: Shutting down and abandoning module DerivedDataCache (162)
[2018.10.18-02.04.04:526][631]LogDerivedDataCache: Shutdown
[2018.10.18-02.04.04:526][631]LogModuleManager: Shutting down and abandoning module XGEController (160)
[2018.10.18-02.04.04:526][631]LogModuleManager: Shutting down and abandoning module TargetPlatform (158)
[2018.10.18-02.04.04:526][631]LogModuleManager: Shutting down and abandoning module VulkanShaderFormat (157)
[2018.10.18-02.04.04:527][631]LogModuleManager: Shutting down and abandoning module ShaderFormatVectorVM (155)
[2018.10.18-02.04.04:527][631]LogModuleManager: Shutting down and abandoning module ShaderFormatOpenGL (153)
[2018.10.18-02.04.04:527][631]LogModuleManager: Shutting down and abandoning module ShaderFormatD3D (151)
[2018.10.18-02.04.04:527][631]LogModuleManager: Shutting down and abandoning module MetalShaderFormat (149)
[2018.10.18-02.04.04:527][631]LogModuleManager: Shutting down and abandoning module TextureFormatUncompressed (147)
[2018.10.18-02.04.04:527][631]LogModuleManager: Shutting down and abandoning module TextureFormatPVR (145)
[2018.10.18-02.04.04:527][631]LogModuleManager: Shutting down and abandoning module TextureFormatDXT (143)
[2018.10.18-02.04.04:527][631]LogModuleManager: Shutting down and abandoning module TextureFormatIntelISPCTexComp (141)
[2018.10.18-02.04.04:527][631]LogModuleManager: Shutting down and abandoning module TextureFormatASTC (139)
[2018.10.18-02.04.04:527][631]LogModuleManager: Shutting down and abandoning module ImageWrapper (138)
[2018.10.18-02.04.04:527][631]LogModuleManager: Shutting down and abandoning module TextureFormatAndroid (135)
[2018.10.18-02.04.04:527][631]LogModuleManager: Shutting down and abandoning module AudioFormatOpus (133)
[2018.10.18-02.04.04:527][631]LogModuleManager: Shutting down and abandoning module AudioFormatOgg (131)
[2018.10.18-02.04.04:527][631]LogModuleManager: Shutting down and abandoning module AudioFormatADPCM (129)
[2018.10.18-02.04.04:528][631]LogModuleManager: Shutting down and abandoning module LuminTargetPlatform (127)
[2018.10.18-02.04.04:528][631]LogModuleManager: Shutting down and abandoning module LinuxTargetPlatform (125)
[2018.10.18-02.04.04:528][631]LogModuleManager: Shutting down and abandoning module LinuxServerTargetPlatform (123)
[2018.10.18-02.04.04:528][631]LogModuleManager: Shutting down and abandoning module LinuxNoEditorTargetPlatform (121)
[2018.10.18-02.04.04:528][631]LogModuleManager: Shutting down and abandoning module LinuxClientTargetPlatform (119)
[2018.10.18-02.04.04:528][631]LogModuleManager: Shutting down and abandoning module TVOSTargetPlatform (117)
[2018.10.18-02.04.04:530][631]LogModuleManager: Shutting down and abandoning module Messaging (115)
[2018.10.18-02.04.04:530][631]LogModuleManager: Shutting down and abandoning module IOSTargetPlatform (113)
[2018.10.18-02.04.04:532][631]LogModuleManager: Shutting down and abandoning module HTML5TargetPlatform (111)
[2018.10.18-02.04.04:532][631]LogModuleManager: Shutting down and abandoning module AndroidTargetPlatform (109)
[2018.10.18-02.04.04:546][631]LogModuleManager: Shutting down and abandoning module WindowsTargetPlatform (107)
[2018.10.18-02.04.04:546][631]LogModuleManager: Shutting down and abandoning module WindowsServerTargetPlatform (105)
[2018.10.18-02.04.04:546][631]LogModuleManager: Shutting down and abandoning module WindowsNoEditorTargetPlatform (103)
[2018.10.18-02.04.04:547][631]LogModuleManager: Shutting down and abandoning module WindowsClientTargetPlatform (101)
[2018.10.18-02.04.04:547][631]LogModuleManager: Shutting down and abandoning module MacTargetPlatform (99)
[2018.10.18-02.04.04:547][631]LogModuleManager: Shutting down and abandoning module MacServerTargetPlatform (97)
[2018.10.18-02.04.04:547][631]LogModuleManager: Shutting down and abandoning module MacNoEditorTargetPlatform (95)
[2018.10.18-02.04.04:548][631]LogModuleManager: Shutting down and abandoning module MacClientTargetPlatform (93)
[2018.10.18-02.04.04:548][631]LogModuleManager: Shutting down and abandoning module AllDesktopTargetPlatform (91)
[2018.10.18-02.04.04:548][631]LogModuleManager: Shutting down and abandoning module InputCore (88)
[2018.10.18-02.04.04:548][631]LogModuleManager: Shutting down and abandoning module Settings (86)
[2018.10.18-02.04.04:548][631]LogModuleManager: Shutting down and abandoning module PhysXCooking (84)
[2018.10.18-02.04.04:548][631]LogModuleManager: Shutting down and abandoning module SteamVR (82)
[2018.10.18-02.04.04:548][631]LogModuleManager: Shutting down and abandoning module OculusHMD (80)
[2018.10.18-02.04.04:548][631]LogModuleManager: Shutting down and abandoning module ExampleDeviceProfileSelector (78)
[2018.10.18-02.04.04:548][631]LogModuleManager: Shutting down and abandoning module LauncherChunkInstaller (76)
[2018.10.18-02.04.04:548][631]LogModuleManager: Shutting down and abandoning module OnlineBlueprintSupport (74)
[2018.10.18-02.04.04:548][631]LogModuleManager: Shutting down and abandoning module OnlineSubsystem (70)
[2018.10.18-02.04.04:550][631]LogModuleManager: Shutting down and abandoning module XMPP (65)
[2018.10.18-02.04.04:550][631]LogModuleManager: Shutting down and abandoning module WebSockets (64)
[2018.10.18-02.04.04:567][631]LogModuleManager: Shutting down and abandoning module HTTP (61)
[2018.10.18-02.04.04:567][631]LogHttp: Display: Http module shutting down, but needs to wait on 1 outstanding Http requests:
[2018.10.18-02.04.04:568][631]LogHttp: Display: 	verb=[POST] url=[https://datarouter.ol.epicgames.com/datarouter/api/v1/public/data?SessionID=%7BC60D83A0-4AE7-1947-5E90-BAAF1698996C%7D&AppID=UEEditor.Rocket.Release&AppVersion=4.20.3-4369336%2B%2B%2BUE4%2BRelease-4.20&UserID=e47646254b1cb36faa018d96e5badd21%7C491d55297e4048cc8c52b7c03b5f574a%7C3b46d53e-a037-4552-9c11-e8b7a8d46aa7&AppEnvironment=datacollector-binary&UploadType=eteventstream] status=Processing
[2018.10.18-02.04.04:575][631]LogModuleManager: Shutting down and abandoning module SSL (60)
[2018.10.18-02.04.04:578][631]LogModuleManager: Shutting down and abandoning module MagicLeapEmulator (56)
[2018.10.18-02.04.04:578][631]LogModuleManager: Shutting down and abandoning module MagicLeapPrivileges (54)
[2018.10.18-02.04.04:578][631]LogModuleManager: Shutting down and abandoning module MagicLeapIdentity (52)
[2018.10.18-02.04.04:578][631]LogModuleManager: Shutting down and abandoning module MagicLeapHelperVulkan (50)
[2018.10.18-02.04.04:578][631]LogModuleManager: Shutting down and abandoning module MagicLeapHelperOpenGL (48)
[2018.10.18-02.04.04:578][631]LogModuleManager: Shutting down and abandoning module MagicLeapSecureStorage (46)
[2018.10.18-02.04.04:578][631]LogModuleManager: Shutting down and abandoning module MagicLeapGestures (44)
[2018.10.18-02.04.04:578][631]LogModuleManager: Shutting down and abandoning module MagicLeapEyeTracker (42)
[2018.10.18-02.04.04:578][631]LogModuleManager: Shutting down and abandoning module MagicLeapController (40)
[2018.10.18-02.04.04:578][631]LogSlate: Slate User Destroyed.  User Index 0, Is Virtual User: 0
[2018.10.18-02.04.04:578][631]LogModuleManager: Shutting down and abandoning module MagicLeap (38)
[2018.10.18-02.04.04:579][631]LogModuleManager: Shutting down and abandoning module AnimationModifiers (36)
[2018.10.18-02.04.04:579][631]LogModuleManager: Shutting down and abandoning module PropertyEditor (35)
[2018.10.18-02.04.04:579][631]LogModuleManager: Shutting down and abandoning module AudioEditor (32)
[2018.10.18-02.04.04:579][631]LogModuleManager: Shutting down and abandoning module TextureCompressor (30)
[2018.10.18-02.04.04:580][631]LogModuleManager: Shutting down and abandoning module ShaderCore (28)
[2018.10.18-02.04.04:580][631]LogModuleManager: Shutting down and abandoning module Landscape (26)
[2018.10.18-02.04.04:580][631]LogModuleManager: Shutting down and abandoning module SlateRHIRenderer (24)
[2018.10.18-02.04.04:581][631]LogModuleManager: Shutting down and abandoning module OpenGLDrv (22)
[2018.10.18-02.04.04:581][631]LogModuleManager: Shutting down and abandoning module D3D11RHI (20)
[2018.10.18-02.04.04:581][631]LogModuleManager: Shutting down and abandoning module AnimGraphRuntime (18)
[2018.10.18-02.04.04:581][631]LogModuleManager: Shutting down and abandoning module Renderer (16)
[2018.10.18-02.04.04:581][631]LogModuleManager: Shutting down and abandoning module Engine (14)
[2018.10.18-02.04.04:581][631]LogModuleManager: Shutting down and abandoning module CoreUObject (12)
[2018.10.18-02.04.04:581][631]LogModuleManager: Shutting down and abandoning module NetworkFile (10)
[2018.10.18-02.04.04:581][631]LogModuleManager: Shutting down and abandoning module CookedIterativeFile (8)
[2018.10.18-02.04.04:581][631]LogModuleManager: Shutting down and abandoning module StreamingFile (6)
[2018.10.18-02.04.04:581][631]LogModuleManager: Shutting down and abandoning module SandboxFile (4)
[2018.10.18-02.04.04:581][631]LogModuleManager: Shutting down and abandoning module PakFile (2)
[2018.10.18-02.04.04:607][631]LogExit: Exiting.
[2018.10.18-02.04.04:646][631]Log file closed, 10/17/18 20:04:04
