Log file open, 11/14/18 20:04:48
LogWindows: Failed to load 'aqProf.dll' (GetLastError=126)
LogWindows: File 'aqProf.dll' does not exist
LogWindows: Failed to load 'VSPerf140.dll' (GetLastError=126)
LogWindows: File 'VSPerf140.dll' does not exist
LogWindows: Failed to load 'VtuneApi.dll' (GetLastError=126)
LogWindows: File 'VtuneApi.dll' does not exist
LogWindows: Failed to load 'VtuneApi32e.dll' (GetLastError=126)
LogWindows: File 'VtuneApi32e.dll' does not exist
LogInit: Display: Running engine for game: APsec1LargeCityBase
LogPlatformFile: Not using cached read wrapper
LogTaskGraph: Started task graph with 5 named threads and 23 total threads with 3 sets of task threads.
LogStats: Stats thread started at 0.288836
LogD3D11RHI: Loaded GFSDK_Aftermath_Lib.x64.dll
LogICUInternationalization: Display: ICU TimeZone Detection - Raw Offset: -7:00, Platform Override: ''
LogPluginManager: Mounting plugin Paper2D
LogPluginManager: Mounting plugin AISupport
LogPluginManager: Mounting plugin LightPropagationVolume
LogPluginManager: Mounting plugin CLionSourceCodeAccess
LogPluginManager: Mounting plugin CodeLiteSourceCodeAccess
LogPluginManager: Mounting plugin GitSourceControl
LogPluginManager: Mounting plugin KDevelopSourceCodeAccess
LogPluginManager: Mounting plugin NullSourceCodeAccess
LogPluginManager: Mounting plugin PerforceSourceControl
LogPluginManager: Mounting plugin SubversionSourceControl
LogPluginManager: Mounting plugin UObjectPlugin
LogPluginManager: Mounting plugin VisualStudioCodeSourceCodeAccess
LogPluginManager: Mounting plugin VisualStudioSourceCodeAccess
LogPluginManager: Mounting plugin XCodeSourceCodeAccess
LogPluginManager: Mounting plugin AssetManagerEditor
LogPluginManager: Mounting plugin CryptoKeys
LogPluginManager: Mounting plugin DataValidation
LogPluginManager: Mounting plugin FacialAnimation
LogPluginManager: Mounting plugin GameplayTagsEditor
LogPluginManager: Mounting plugin MacGraphicsSwitching
LogPluginManager: Mounting plugin MeshEditor
LogPluginManager: Mounting plugin MobileLauncherProfileWizard
LogPluginManager: Mounting plugin PluginBrowser
LogPluginManager: Mounting plugin SpeedTreeImporter
LogPluginManager: Mounting plugin DatasmithContent
LogPluginManager: Mounting plugin AlembicImporter
LogPluginManager: Mounting plugin AppleImageUtils
LogPluginManager: Mounting plugin AppleVision
LogPluginManager: Mounting plugin BackChannel
LogPluginManager: Mounting plugin CharacterAI
LogPluginManager: Mounting plugin GeometryCache
LogPluginManager: Mounting plugin HTML5Networking
LogPluginManager: Mounting plugin ProxyLODPlugin
LogPluginManager: Mounting plugin MagicLeap
LogPluginManager: Mounting plugin MagicLeapEmulator
LogPluginManager: Mounting plugin MagicLeapMedia
LogPluginManager: Mounting plugin AndroidMedia
LogPluginManager: Mounting plugin AvfMedia
LogPluginManager: Mounting plugin ImgMedia
LogPluginManager: Mounting plugin LinearTimecode
LogPluginManager: Mounting plugin MediaCompositing
LogPluginManager: Mounting plugin MediaPlayerEditor
LogPluginManager: Mounting plugin WmfMedia
LogPluginManager: Mounting plugin TcpMessaging
LogPluginManager: Mounting plugin UdpMessaging
LogPluginManager: Mounting plugin ActorSequence
LogPluginManager: Mounting plugin LevelSequenceEditor
LogPluginManager: Mounting plugin MatineeToLevelSequence
LogPluginManager: Mounting plugin NetcodeUnitTest
LogPluginManager: Mounting plugin NUTUnrealEngine4
LogPluginManager: Mounting plugin OnlineSubsystemGooglePlay
LogPluginManager: Mounting plugin OnlineSubsystemIOS
LogPluginManager: Mounting plugin OnlineSubsystem
LogPluginManager: Mounting plugin OnlineSubsystemNull
LogPluginManager: Mounting plugin OnlineSubsystemUtils
LogPluginManager: Mounting plugin LauncherChunkInstaller
LogPluginManager: Mounting plugin AndroidDeviceProfileSelector
LogPluginManager: Mounting plugin AndroidMoviePlayer
LogPluginManager: Mounting plugin AndroidPermission
LogPluginManager: Mounting plugin AppleMoviePlayer
LogPluginManager: Mounting plugin ArchVisCharacter
LogPluginManager: Mounting plugin AudioCapture
LogPluginManager: Mounting plugin CableComponent
LogPluginManager: Mounting plugin CustomMeshComponent
LogPluginManager: Mounting plugin EditableMesh
LogPluginManager: Mounting plugin ExampleDeviceProfileSelector
LogPluginManager: Mounting plugin GoogleCloudMessaging
LogPluginManager: Mounting plugin ImmediatePhysics
LogPluginManager: Mounting plugin IOSDeviceProfileSelector
LogPluginManager: Mounting plugin LinuxDeviceProfileSelector
LogPluginManager: Mounting plugin LocationServicesBPLibrary
LogPluginManager: Mounting plugin MobilePatchingUtils
LogPluginManager: Mounting plugin OculusVR
LogPluginManager: Plugin shader directory ../../../Engine/Plugins/Runtime/Oculus/OculusVR/Shaders found
LogPluginManager: Mapping shader source directory ../../../Engine/Plugins/Runtime/Oculus/OculusVR/Shaders to virtual directory /Plugin/OculusVR
LogPluginManager: Mounting plugin PhysXVehicles
LogPluginManager: Mounting plugin ProceduralMeshComponent
LogPluginManager: Mounting plugin RuntimePhysXCooking
LogPluginManager: Mounting plugin SteamVR
LogPluginManager: Mounting plugin WindowsMoviePlayer
LogStreaming: Display: Took  0.146s to configure plugins.
LogInit: Using libcurl 7.55.1-DEV
LogInit:  - built for x86_64-pc-win32
LogInit:  - supports SSL with OpenSSL/1.0.2h
LogInit:  - supports HTTP deflate (compression) using libz 1.2.8
LogInit:  - other features:
LogInit:      CURL_VERSION_SSL
LogInit:      CURL_VERSION_LIBZ
LogInit:      CURL_VERSION_IPV6
LogInit:      CURL_VERSION_ASYNCHDNS
LogInit:      CURL_VERSION_LARGEFILE
LogInit:      CURL_VERSION_IDN
LogInit:  CurlRequestOptions (configurable via config and command line):
LogInit:  - bVerifyPeer = false  - Libcurl will NOT verify peer certificate
LogInit:  - bUseHttpProxy = false  - Libcurl will NOT use HTTP proxy
LogInit:  - bDontReuseConnections = false  - Libcurl will reuse connections
LogInit:  - CertBundlePath = nullptr  - Libcurl will use whatever was configured at build time.
LogInit:  - MaxHostConnections = 16  - Libcurl will limit the number of connections to a host
LogInit:  - LocalHostAddr = Default
LogInit:  - BufferSize = 65536
LogInit: WinSock: version 1.1 (2.2), MaxSocks=32767, MaxUdp=65467
LogInit: Build: ++UE4+Release-4.20-CL-4369336
LogInit: Engine Version: 4.20.3-4369336+++UE4+Release-4.20
LogInit: Compatible Engine Version: 4.20.0-4212847+++UE4+Release-4.20
LogInit: Net CL: 4212847
LogInit: OS: Windows 10 (), CPU: Intel(R) Core(TM) i7-7700HQ CPU @ 2.80GHz, GPU: Intel(R) HD Graphics 630
LogInit: Compiled (64-bit): Sep 17 2018 12:26:19
LogInit: Compiled with Visual C++: 19.13.26129.00
LogInit: Build Configuration: Development
LogInit: Branch Name: ++UE4+Release-4.20
LogInit: Command Line:  
LogInit: Base Directory: C:/Program Files (x86)/Epic Games/Unreal Engine/UE_4.20/Engine/Binaries/Win64/
LogInit: Installed Engine Build: 1
LogDevObjectVersion: Number of dev versions registered: 20
LogDevObjectVersion:   Dev-Blueprints (B0D832E4-1F89-4F0D-ACCF-7EB736FD4AA2): 10
LogDevObjectVersion:   Dev-Build (E1C64328-A22C-4D53-A36C-8E866417BD8C): 0
LogDevObjectVersion:   Dev-Core (375EC13C-06E4-48FB-B500-84F0262A717E): 2
LogDevObjectVersion:   Dev-Editor (E4B068ED-F494-42E9-A231-DA0B2E46BB41): 24
LogDevObjectVersion:   Dev-Framework (CFFC743F-43B0-4480-9391-14DF171D2073): 34
LogDevObjectVersion:   Dev-Mobile (B02B49B5-BB20-44E9-A304-32B752E40360): 2
LogDevObjectVersion:   Dev-Networking (A4E4105C-59A1-49B5-A7C5-40C4547EDFEE): 0
LogDevObjectVersion:   Dev-Online (39C831C9-5AE6-47DC-9A44-9C173E1C8E7C): 0
LogDevObjectVersion:   Dev-Physics (78F01B33-EBEA-4F98-B9B4-84EACCB95AA2): 0
LogDevObjectVersion:   Dev-Platform (6631380F-2D4D-43E0-8009-CF276956A95A): 0
LogDevObjectVersion:   Dev-Rendering (12F88B9F-8875-4AFC-A67C-D90C383ABD29): 26
LogDevObjectVersion:   Dev-Sequencer (7B5AE74C-D270-4C10-A958-57980B212A5A): 9
LogDevObjectVersion:   Dev-VR (D7296918-1DD6-4BDD-9DE2-64A83CC13884): 2
LogDevObjectVersion:   Dev-LoadTimes (C2A15278-BFE7-4AFE-6C17-90FF531DF755): 1
LogDevObjectVersion:   Private-Geometry (6EACA3D4-40EC-4CC1-B786-8BED09428FC5): 3
LogDevObjectVersion:   Dev-AnimPhys (29E575DD-E0A3-4627-9D10-D276232CDCEA): 17
LogDevObjectVersion:   Dev-ReflectionCapture (6B266CEC-1EC7-4B8F-A30B-E4D90942FC07): 1
LogDevObjectVersion:   Dev-Automation (0DF73D61-A23F-47EA-B727-89E90C41499A): 1
LogDevObjectVersion:   FortniteMain (601D1886-AC64-4F84-AA16-D3DE0DEAC7D6): 12
LogDevObjectVersion:   Dev-Enterprise (9DFFBCD6-494F-0158-E221-12823C92A888): 1
LogStreaming: Display: Took  0.011s to delete old logs.
LogInit: Presizing for max 8388607 objects, including 0 objects not considered by GC, pre-allocating 0 bytes for permanent pool.
LogInit: Object subsystem initialized
[2018.11.15-03.04.48:604][  0]LogInit: Selected Device Profile: [Windows]
[2018.11.15-03.04.48:604][  0]LogInit: Applying CVar settings loaded from the selected device profile: [Windows]
[2018.11.15-03.04.48:629][  0]LogHAL: Display: Platform has ~ 16 GB [17061810176 / 17179869184 / 16], which maps to Larger [LargestMinGB=32, LargerMinGB=12, DefaultMinGB=8, SmallerMinGB=6, SmallestMinGB=0)
[2018.11.15-03.04.48:629][  0]LogInit: Setting Device Profile CVar: [[r.Vulkan.UseRealUBs:1]]
[2018.11.15-03.04.48:629][  0]LogInit: Going up to parent DeviceProfile []
[2018.11.15-03.04.48:629][  0]LogInit: Computer: MSI
[2018.11.15-03.04.48:629][  0]LogInit: User: Shak
[2018.11.15-03.04.48:629][  0]LogInit: CPU Page size=4096, Cores=4
[2018.11.15-03.04.48:629][  0]LogInit: High frequency timer resolution =10.000000 MHz
[2018.11.15-03.04.48:629][  0]LogMemory: Memory total: Physical=15.9GB (16GB approx)
[2018.11.15-03.04.48:629][  0]LogMemory: Platform Memory Stats for Windows
[2018.11.15-03.04.48:629][  0]LogMemory: Process Physical Memory: 100.38 MB used, 100.39 MB peak
[2018.11.15-03.04.48:629][  0]LogMemory: Process Virtual Memory: 91.17 MB used, 91.17 MB peak
[2018.11.15-03.04.48:629][  0]LogMemory: Physical Memory: 10718.02 MB used,  5553.39 MB free, 16271.41 MB total
[2018.11.15-03.04.48:629][  0]LogMemory: Virtual Memory: 4642.32 MB used,  5553.39 MB free, 134217728.00 MB total
[2018.11.15-03.04.50:430][  0]LogInit: Using OS detected language (en-US).
[2018.11.15-03.04.50:430][  0]LogInit: Using OS detected locale (en-US).
[2018.11.15-03.04.50:431][  0]LogTextLocalizationManager: No specific localization for 'en-US' exists, so the 'en' localization will be used.
[2018.11.15-03.04.50:860][  0]LogStreaming: Display: Took  0.430s to InitEngineTextLocalization.
[2018.11.15-03.04.50:861][  0]LogInit: Setting process to per monitor DPI aware
[2018.11.15-03.04.50:942][  0]LogSlate: New Slate User Created.  User Index 0, Is Virtual User: 0
[2018.11.15-03.04.50:943][  0]LogSlate: Slate User Registered.  User Index 0, Is Virtual User: 0
[2018.11.15-03.04.51:363][  0]LogHMD: Failed to initialize OpenVR with code 110
[2018.11.15-03.04.51:363][  0]LogD3D11RHI: D3D11 adapters:
[2018.11.15-03.04.51:438][  0]LogD3D11RHI:    0. 'NVIDIA GeForce GTX 1060' (Feature Level 11_0)
[2018.11.15-03.04.51:438][  0]LogD3D11RHI:       6052/0/8135 MB DedicatedVideo/DedicatedSystem/SharedSystem, Outputs:1, VendorId:0x10de
[2018.11.15-03.04.51:448][  0]LogD3D11RHI:    1. 'Intel(R) HD Graphics 630' (Feature Level 11_0)
[2018.11.15-03.04.51:448][  0]LogD3D11RHI:       128/0/8135 MB DedicatedVideo/DedicatedSystem/SharedSystem, Outputs:0, VendorId:0x8086
[2018.11.15-03.04.51:451][  0]LogD3D11RHI:    2. 'Microsoft Basic Render Driver' (Feature Level 11_0)
[2018.11.15-03.04.51:451][  0]LogD3D11RHI:       0/0/8135 MB DedicatedVideo/DedicatedSystem/SharedSystem, Outputs:0, VendorId:0x1414
[2018.11.15-03.04.51:451][  0]LogD3D11RHI: Chosen D3D11 Adapter: 0
[2018.11.15-03.04.51:489][  0]LogD3D11RHI: Creating new Direct3DDevice
[2018.11.15-03.04.51:489][  0]LogD3D11RHI:     GPU DeviceId: 0x1c20 (for the marketing name, search the web for "GPU Device Id")
[2018.11.15-03.04.51:489][  0]LogWindows: EnumDisplayDevices:
[2018.11.15-03.04.51:489][  0]LogWindows:    0. 'Intel(R) HD Graphics 630' (P:1 D:1)
[2018.11.15-03.04.51:490][  0]LogWindows:    1. 'Intel(R) HD Graphics 630' (P:0 D:0)
[2018.11.15-03.04.51:491][  0]LogWindows:    2. 'Intel(R) HD Graphics 630' (P:0 D:0)
[2018.11.15-03.04.51:491][  0]LogWindows:    3. 'NVIDIA GeForce GTX 1060' (P:0 D:0)
[2018.11.15-03.04.51:492][  0]LogWindows:    4. 'NVIDIA GeForce GTX 1060' (P:0 D:0)
[2018.11.15-03.04.51:492][  0]LogWindows:    5. 'NVIDIA GeForce GTX 1060' (P:0 D:0)
[2018.11.15-03.04.51:493][  0]LogWindows:    6. 'NVIDIA GeForce GTX 1060' (P:0 D:0)
[2018.11.15-03.04.51:493][  0]LogWindows: DebugString: PrimaryIsNotTheChoosenAdapter PrimaryIsNotTheChoosenAdapter PrimaryIsNotTheChoosenAdapter FoundDriverCount:4 
[2018.11.15-03.04.51:493][  0]LogD3D11RHI:     Adapter Name: NVIDIA GeForce GTX 1060
[2018.11.15-03.04.51:493][  0]LogD3D11RHI:   Driver Version: 416.34 (internal:25.21.14.1634, unified:416.34)
[2018.11.15-03.04.51:493][  0]LogD3D11RHI:      Driver Date: 10-10-2018
[2018.11.15-03.04.51:493][  0]LogRHI: Texture pool is 4236 MB (70% of 6052 MB)
[2018.11.15-03.04.51:554][  0]LogD3D11RHI: Async texture creation enabled
[2018.11.15-03.04.51:603][  0]LogD3D11RHI: GPU Timing Frequency: 1000.000000 (Debug: 2 2)
[2018.11.15-03.04.51:605][  0]LogShaderCompilers: Guid format shader working directory is -54 characters bigger than the processId version (../../../../../../../Users/Shak/Desktop/AssetPipelineMaster02/AssetPipeMaster02/APsec1LargeCityBase/Intermediate/Shaders/WorkingDirectory/9088/).
[2018.11.15-03.04.51:605][  0]LogShaderCompilers: Cleaned the shader compiler working directory 'C:/Users/Shak/AppData/Local/Temp/UnrealShaderWorkingDir/23E6F6F5443A5E9E00A72E852F2C84EB/'.
[2018.11.15-03.04.52:006][  0]LogTemp: Display: Loaded TP AllDesktopTargetPlatform
[2018.11.15-03.04.52:023][  0]LogTemp: Display: Loaded TP MacClientTargetPlatform
[2018.11.15-03.04.52:040][  0]LogTemp: Display: Loaded TP MacNoEditorTargetPlatform
[2018.11.15-03.04.52:058][  0]LogTemp: Display: Loaded TP MacServerTargetPlatform
[2018.11.15-03.04.52:076][  0]LogTemp: Display: Loaded TP MacTargetPlatform
[2018.11.15-03.04.52:093][  0]LogTemp: Display: Loaded TP WindowsClientTargetPlatform
[2018.11.15-03.04.52:110][  0]LogTemp: Display: Loaded TP WindowsNoEditorTargetPlatform
[2018.11.15-03.04.52:130][  0]LogTemp: Display: Loaded TP WindowsServerTargetPlatform
[2018.11.15-03.04.52:142][  0]LogTemp: Display: Loaded TP WindowsTargetPlatform
[2018.11.15-03.04.52:282][  0]LogTemp: Display: Loaded TP AndroidTargetPlatform
[2018.11.15-03.04.52:282][  0]LogTemp: Display: Loaded TP AndroidTargetPlatform
[2018.11.15-03.04.52:282][  0]LogTemp: Display: Loaded TP AndroidTargetPlatform
[2018.11.15-03.04.52:282][  0]LogTemp: Display: Loaded TP AndroidTargetPlatform
[2018.11.15-03.04.52:282][  0]LogTemp: Display: Loaded TP AndroidTargetPlatform
[2018.11.15-03.04.52:282][  0]LogTemp: Display: Loaded TP AndroidTargetPlatform
[2018.11.15-03.04.52:282][  0]LogTemp: Display: Loaded TP AndroidTargetPlatform
[2018.11.15-03.04.52:282][  0]LogTemp: Display: Loaded TP AndroidTargetPlatform
[2018.11.15-03.04.52:282][  0]LogTemp: Display: Loaded TP AndroidTargetPlatform
[2018.11.15-03.04.52:282][  0]LogTemp: Display: Loaded TP AndroidTargetPlatform
[2018.11.15-03.04.52:282][  0]LogTemp: Display: Loaded TP AndroidTargetPlatform
[2018.11.15-03.04.52:282][  0]LogTemp: Display: Loaded TP AndroidTargetPlatform
[2018.11.15-03.04.52:282][  0]LogTemp: Display: Loaded TP AndroidTargetPlatform
[2018.11.15-03.04.52:282][  0]LogTemp: Display: Loaded TP AndroidTargetPlatform
[2018.11.15-03.04.52:282][  0]LogTemp: Display: Loaded TP AndroidTargetPlatform
[2018.11.15-03.04.52:282][  0]LogTemp: Display: Loaded TP AndroidTargetPlatform
[2018.11.15-03.04.52:282][  0]LogTemp: Display: Loaded TP AndroidTargetPlatform
[2018.11.15-03.04.52:282][  0]LogTemp: Display: Loaded TP AndroidTargetPlatform
[2018.11.15-03.04.52:285][  0]LogTemp: Display: Loaded TP HTML5TargetPlatform
[2018.11.15-03.04.52:354][  0]LogTemp: Display: Loaded TP IOSTargetPlatform
[2018.11.15-03.04.52:354][  0]LogTemp: Display: Loaded TP IOSTargetPlatform
[2018.11.15-03.04.52:384][  0]LogTemp: Display: Loaded TP TVOSTargetPlatform
[2018.11.15-03.04.52:384][  0]LogTemp: Display: Loaded TP TVOSTargetPlatform
[2018.11.15-03.04.52:406][  0]LogTemp: Display: Loaded TP LinuxClientTargetPlatform
[2018.11.15-03.04.52:423][  0]LogTemp: Display: Loaded TP LinuxNoEditorTargetPlatform
[2018.11.15-03.04.52:440][  0]LogTemp: Display: Loaded TP LinuxServerTargetPlatform
[2018.11.15-03.04.52:457][  0]LogTemp: Display: Loaded TP LinuxTargetPlatform
[2018.11.15-03.04.52:468][  0]LogTemp: Display: Loaded TP LuminTargetPlatform
[2018.11.15-03.04.52:468][  0]LogTargetPlatformManager: Display: Building Assets For Windows
[2018.11.15-03.04.52:548][  0]LogXGEController: Cleaning working directory: C:/Users/Shak/AppData/Local/Temp/UnrealXGEWorkingDir/
[2018.11.15-03.04.52:548][  0]LogXGEController: Cannot use XGE Controller as Incredibuild is not installed on this machine.
[2018.11.15-03.04.52:548][  0]LogShaderCompilers: Cannot use XGE Shader Compiler as Incredibuild is not installed on this machine.
[2018.11.15-03.04.52:549][  0]LogShaderCompilers: Display: Using Local Shader Compiler.
[2018.11.15-03.04.53:652][  0]LogDerivedDataCache: Display: Max Cache Size: 512 MB
[2018.11.15-03.04.53:724][  0]LogDerivedDataCache: Loaded boot cache 0.07s 71MB C:/Users/Shak/AppData/Local/UnrealEngine/4.20/DerivedDataCache/Boot.ddc.
[2018.11.15-03.04.53:725][  0]LogDerivedDataCache: Display: Loaded Boot cache: C:/Users/Shak/AppData/Local/UnrealEngine/4.20/DerivedDataCache/Boot.ddc
[2018.11.15-03.04.53:725][  0]LogDerivedDataCache: FDerivedDataBackendGraph:  Pak pak cache file ../../../../../../../Users/Shak/Desktop/AssetPipelineMaster02/AssetPipeMaster02/APsec1LargeCityBase/DerivedDataCache/DDC.ddp not found, will not use a pak cache.
[2018.11.15-03.04.53:725][  0]LogDerivedDataCache: Unable to find inner node Pak for hierarchical cache Hierarchy.
[2018.11.15-03.04.53:725][  0]LogDerivedDataCache: FDerivedDataBackendGraph:  CompressedPak pak cache file ../../../../../../../Users/Shak/Desktop/AssetPipelineMaster02/AssetPipeMaster02/APsec1LargeCityBase/DerivedDataCache/Compressed.ddp not found, will not use a pak cache.
[2018.11.15-03.04.53:725][  0]LogDerivedDataCache: Unable to find inner node CompressedPak for hierarchical cache Hierarchy.
[2018.11.15-03.04.53:741][  0]LogDerivedDataCache: Display: Pak cache opened for reading ../../../Engine/DerivedDataCache/Compressed.ddp.
[2018.11.15-03.04.53:753][  0]LogDerivedDataCache: Using Local data cache path C:/Users/Shak/AppData/Local/UnrealEngine/Common/DerivedDataCache: Writable
[2018.11.15-03.04.53:753][  0]LogDerivedDataCache: Shared data cache path not found in *engine.ini, will not use an Shared cache.
[2018.11.15-03.04.53:753][  0]LogDerivedDataCache: Unable to find inner node Shared for hierarchical cache Hierarchy.
[2018.11.15-03.04.53:779][  0]LogMaterial: Verifying Global Shaders for PCD3D_SM5
[2018.11.15-03.04.53:780][  0]LogSlate: Using FreeType 2.6.0
[2018.11.15-03.04.53:781][  0]LogSlate: SlateFontServices - WITH_FREETYPE: 1, WITH_HARFBUZZ: 1
[2018.11.15-03.04.53:874][  0]LogAssetRegistry: FAssetRegistry took 0.0277 seconds to start up
[2018.11.15-03.04.54:307][  0]LogInit: Selected Device Profile: [Windows]
[2018.11.15-03.04.54:509][  0]LogSimplygon: Simplygon DLL not present - disabling.
[2018.11.15-03.04.54:513][  0]LogMeshReduction: Using SimplygonSwarm for distributed automatic mesh merging
[2018.11.15-03.04.54:513][  0]LogMeshReduction: Using ProxyLODMeshReduction for automatic mesh merging
[2018.11.15-03.04.54:513][  0]LogMeshReduction: Using QuadricMeshReduction for automatic static mesh reduction
[2018.11.15-03.04.54:513][  0]LogMeshReduction: No automatic skeletal mesh reduction module available
[2018.11.15-03.04.54:537][  0]LogNetVersion: APsec1LargeCityBase 1.0.0, NetCL: 4212847, EngineNetVer: 5, GameNetVer: 0 (Checksum: 1121110827)
[2018.11.15-03.04.55:334][  0]LogPackageLocalizationCache: Processed 11 localized package path(s) for 2 prioritized culture(s) in 0.205335 seconds
[2018.11.15-03.04.55:344][  0]LogUObjectArray: 38425 objects as part of root set at end of initial load.
[2018.11.15-03.04.55:344][  0]LogUObjectAllocator: 6690872 out of 0 bytes used by permanent object pool.
[2018.11.15-03.04.55:344][  0]LogUObjectArray: CloseDisregardForGC: 0/0 objects in disregard for GC pool
[2018.11.15-03.04.56:573][  0]LogTcpMessaging: Initializing TcpMessaging bridge
[2018.11.15-03.04.56:589][  0]LogUdpMessaging: Initializing bridge on interface 0.0.0.0:0 to multicast group 230.0.0.1:6666.
[2018.11.15-03.04.56:763][  0]SourceControl: Source control is disabled
[2018.11.15-03.04.56:763][  0]SourceControl: Source control is disabled
[2018.11.15-03.04.56:764][  0]SourceControl: Source control is disabled
[2018.11.15-03.04.56:765][  0]SourceControl: Source control is disabled
[2018.11.15-03.04.56:959][  0]LogAndroidPermission: UAndroidPermissionCallbackProxy::GetInstance
[2018.11.15-03.04.57:287][  0]LogOcInput: OculusInput pre-init called
[2018.11.15-03.04.57:363][  0]LogEngine: Initializing Engine...
[2018.11.15-03.04.57:364][  0]LogHMD: Failed to initialize OpenVR with code 110
[2018.11.15-03.04.57:367][  0]LogStats: UGameplayTagsManager::ConstructGameplayTagTree: ImportINI prefixes -  0.000 s
[2018.11.15-03.04.57:367][  0]LogStats: UGameplayTagsManager::ConstructGameplayTagTree: Construct from data asset -  0.000 s
[2018.11.15-03.04.57:367][  0]LogStats: UGameplayTagsManager::ConstructGameplayTagTree: ImportINI -  0.000 s
[2018.11.15-03.04.57:367][  0]LogStats: UGameplayTagsManager::ConstructGameplayTagTree: GameplayTagTreeChangedEvent.Broadcast -  0.000 s
[2018.11.15-03.04.57:665][  0]LogInit: Initializing FReadOnlyCVARCache
[2018.11.15-03.04.57:687][  0]LogAIModule: Creating AISystem for world Untitled
[2018.11.15-03.04.57:783][  0]LogInit: XAudio2 using 'M801d-A3/A3R (NVIDIA High Definition Audio)' : 2 channels at 48 kHz using 16 bits per sample (channel mask 0x3)
[2018.11.15-03.04.57:828][  0]LogInit: FAudioDevice initialized.
[2018.11.15-03.04.57:829][  0]LogNetVersion: Set ProjectVersion to 1.0.0.0. Version Checksum will be recalculated on next use.
[2018.11.15-03.04.57:917][  0]LogDerivedDataCache: Saved boot cache 0.09s 71MB C:/Users/Shak/AppData/Local/UnrealEngine/4.20/DerivedDataCache/Boot.ddc.
[2018.11.15-03.04.57:929][  0]LogInit: Texture streaming: Enabled
[2018.11.15-03.04.57:953][  0]LogEngineSessionManager: EngineSessionManager initialized
[2018.11.15-03.04.58:197][  0]LogInit: Transaction tracking system initialized
[2018.11.15-03.04.58:233][  0]BlueprintLog: New page: Editor Load
[2018.11.15-03.04.58:339][  0]LocalizationService: Localization service is disabled
[2018.11.15-03.04.58:739][  0]LogCook: Display: Max memory allowance for cook 16384mb min free memory 0mb
[2018.11.15-03.04.58:739][  0]LogCook: Display: Mobile HDR setting 1
[2018.11.15-03.04.58:739][  0]LogGameplayTags: Display: UGameplayTagsManager::DoneAddingNativeTags. DelegateIsBound: 0
[2018.11.15-03.04.58:739][  0]LogStats: UGameplayTagsManager::ConstructGameplayTagTree: ImportINI prefixes -  0.000 s
[2018.11.15-03.04.58:739][  0]LogStats: UGameplayTagsManager::ConstructGameplayTagTree: Construct from data asset -  0.000 s
[2018.11.15-03.04.58:740][  0]LogStats: UGameplayTagsManager::ConstructGameplayTagTree: ImportINI -  0.000 s
[2018.11.15-03.04.58:740][  0]LogStats: UGameplayTagsManager::ConstructGameplayTagTree: GameplayTagTreeChangedEvent.Broadcast -  0.000 s
[2018.11.15-03.04.58:916][  0]LogFileCache: Scanning file cache for directory 'C:/Users/Shak/Desktop/AssetPipelineMaster02/AssetPipeMaster02/APsec1LargeCityBase/Content/' took 0.02s
[2018.11.15-03.04.58:916][  0]SourceControl: Source control is disabled
[2018.11.15-03.04.58:917][  0]Cmd: MAP LOAD FILE="../../../Engine/Content/Maps/Templates/Template_Default.umap" TEMPLATE=1 SHOWPROGRESS=1 FEATURELEVEL=3
[2018.11.15-03.04.58:928][  0]LightingResults: New page: Lighting Build
[2018.11.15-03.04.58:932][  0]MapCheck: New page: Map Check
[2018.11.15-03.04.58:932][  0]LightingResults: New page: Lighting Build
[2018.11.15-03.04.59:228][  0]LogAIModule: Creating AISystem for world Untitled_1
[2018.11.15-03.04.59:241][  0]LogEditorServer: Finished looking for orphan Actors (0.000 secs)
[2018.11.15-03.04.59:274][  0]Cmd: MAP CHECKDEP NOCLEARLOG
[2018.11.15-03.04.59:377][  0]MapCheck: Map check complete: 0 Error(s), 0 Warning(s), took 103.531ms to complete.
[2018.11.15-03.04.59:377][  0]LogFileHelpers: Loading map 'Template_Default' took 0.460
[2018.11.15-03.04.59:492][  0]LogSlate: Updating window title bar state: overlay mode, drag disabled, window buttons hidden, title bar hidden
[2018.11.15-03.04.59:508][  0]LogSlate: Updating window title bar state: overlay mode, drag disabled, window buttons hidden, title bar hidden
[2018.11.15-03.04.59:524][  0]LogSlate: Updating window title bar state: overlay mode, drag disabled, window buttons hidden, title bar hidden
[2018.11.15-03.04.59:540][  0]LogSlate: Updating window title bar state: overlay mode, drag disabled, window buttons hidden, title bar hidden
[2018.11.15-03.04.59:551][  0]LogCollectionManager: Loaded 0 collections in 0.006848 seconds
[2018.11.15-03.04.59:596][  0]LogFileCache: Scanning file cache for directory 'C:/Users/Shak/Desktop/AssetPipelineMaster02/AssetPipeMaster02/APsec1LargeCityBase/Saved/Collections/' took 0.01s
[2018.11.15-03.04.59:596][  0]LogFileCache: Scanning file cache for directory 'C:/Users/Shak/Desktop/AssetPipelineMaster02/AssetPipeMaster02/APsec1LargeCityBase/Content/Developers/Shak/Collections/' took 0.01s
[2018.11.15-03.04.59:596][  0]LogFileCache: Scanning file cache for directory 'C:/Users/Shak/Desktop/AssetPipelineMaster02/AssetPipeMaster02/APsec1LargeCityBase/Content/Collections/' took 0.01s
[2018.11.15-03.04.59:596][  0]LogCollectionManager: Rebuilt the GUID cache for 0 collections in 0.000000 seconds
[2018.11.15-03.04.59:609][  0]LogContentBrowser: Native class hierarchy populated in 0.0129 seconds. Added 2572 classes and 603 folders.
[2018.11.15-03.04.59:618][  0]LogContentBrowser: Native class hierarchy updated for 'WidgetCarousel' in 0.0004 seconds. Added 0 classes and 0 folders.
[2018.11.15-03.04.59:676][  0]LogContentBrowser: Native class hierarchy updated for 'AddContentDialog' in 0.0002 seconds. Added 0 classes and 0 folders.
[2018.11.15-03.04.59:683][  0]LogContentBrowser: Native class hierarchy updated for 'SceneOutliner' in 0.0005 seconds. Added 1 classes and 2 folders.
[2018.11.15-03.04.59:767][  0]LogSlate: Took 0.000479 seconds to synchronously load lazily loaded font '../../../Engine/Content/Slate/Fonts/Roboto-Regular.ttf' (155K)
[2018.11.15-03.04.59:775][  0]LogSlate: Took 0.000249 seconds to synchronously load lazily loaded font '../../../Engine/Content/Slate/Fonts/Roboto-Bold.ttf' (160K)
[2018.11.15-03.04.59:780][  0]LogSlate: Took 0.000299 seconds to synchronously load lazily loaded font '../../../Engine/Content/Editor/Slate/Fonts/FontAwesome.ttf' (139K)
[2018.11.15-03.04.59:886][  0]LogRenderer: Reallocating scene render targets to support 1196x624 Format 10 NumSamples 1 (Frame:1).
[2018.11.15-03.05.00:118][  0]LogContentBrowser: Native class hierarchy updated for 'HierarchicalLODOutliner' in 0.0004 seconds. Added 0 classes and 0 folders.
[2018.11.15-03.05.00:118][  0]LogLoad: (Engine Initialization) Total time: 13.63 seconds
[2018.11.15-03.05.00:118][  0]LogLoad: (Engine Initialization) Total Blueprint compile time: 0.00 seconds
[2018.11.15-03.05.00:155][  0]LogContentStreaming: Texture pool size now 3000 MB
[2018.11.15-03.05.00:211][  1]LogAssetRegistry: Asset discovery search completed in 6.3605 seconds
[2018.11.15-03.05.00:214][  1]LogCollectionManager: Rebuilt the object cache for 0 collections in 0.000001 seconds (found 0 objects)
[2018.11.15-03.05.00:215][  1]LogCollectionManager: Fixed up redirectors for 0 collections in 0.000200 seconds (updated 0 objects)
[2018.11.15-03.05.01:873][  6]LogEditorViewport: Clicking on Actor (LMB): BP_Sky_Sphere_C (Sky Sphere)
[2018.11.15-03.05.06:583][429]LogSlate: FSceneViewport::OnFocusLost() reason 0
[2018.11.15-03.05.06:722][444]LogSlate: Took 0.000269 seconds to synchronously load lazily loaded font '../../../Engine/Content/Slate/Fonts/Roboto-Light.ttf' (167K)
[2018.11.15-03.05.07:572][444]LogAIModule: Creating AISystem for world StreetSceneLarge_SD
[2018.11.15-03.05.07:582][444]LogAssetEditorManager: Opening Asset editor for World /Game/StreetSceneLarge_SD.StreetSceneLarge_SD
[2018.11.15-03.05.07:606][444]Cmd: MAP LOAD FILE="../../../../../../../Users/Shak/Desktop/AssetPipelineMaster02/AssetPipeMaster02/APsec1LargeCityBase/Content/StreetSceneLarge_SD.umap" TEMPLATE=0 SHOWPROGRESS=1 FEATURELEVEL=3
[2018.11.15-03.05.07:606][444]LightingResults: New page: Lighting Build
[2018.11.15-03.05.07:606][444]LoadErrors: New page: Loading map: StreetSceneLarge_SD.umap
[2018.11.15-03.05.07:607][444]MapCheck: New page: Map Check
[2018.11.15-03.05.07:607][444]LightingResults: New page: Lighting Build
[2018.11.15-03.05.07:696][444]LogEditorServer: Finished looking for orphan Actors (0.000 secs)
[2018.11.15-03.05.07:749][444]Cmd: MAP CHECKDEP NOCLEARLOG
[2018.11.15-03.05.07:834][444]MapCheck: Map check complete: 0 Error(s), 0 Warning(s), took 84.294ms to complete.
[2018.11.15-03.05.07:835][444]LogFileHelpers: Loading map 'StreetSceneLarge_SD' took 0.231
[2018.11.15-03.05.10:044][583]LogLinker: Warning: Can't find file '/Game/Human4Size/StainedWood_M_Mat'
[2018.11.15-03.05.10:044][583]LogLinker: Warning: Can't find file for asset '/Game/Human4Size/StainedWood_M_Mat' while loading ../../../../../../../Users/Shak/Desktop/AssetPipelineMaster02/AssetPipeMaster02/APsec1LargeCityBase/Content/StreetSceneLarge.umap.
[2018.11.15-03.05.10:044][583]LoadErrors: Error: /Game/StreetSceneLarge : Can't find file for asset. /Game/Human4Size/StainedWood_M_Mat
[2018.11.15-03.05.10:201][583]LogLinker: Warning: Can't find file '/Game/Hayden_Matthews_Content/Wood_Car'
[2018.11.15-03.05.10:201][583]LogLinker: Warning: Can't find file for asset '/Game/Hayden_Matthews_Content/Wood_Car' while loading ../../../../../../../Users/Shak/Desktop/AssetPipelineMaster02/AssetPipeMaster02/APsec1LargeCityBase/Content/StreetSceneLarge.umap.
[2018.11.15-03.05.10:201][583]LoadErrors: Error: /Game/StreetSceneLarge : Can't find file for asset. /Game/Hayden_Matthews_Content/Wood_Car
[2018.11.15-03.05.10:201][583]LogLinker: Warning: Can't find file '/Game/Human4Size/StainedWood_M_Mat'
[2018.11.15-03.05.10:201][583]LogLinker: Warning: Can't find file for asset '/Game/Human4Size/StainedWood_M_Mat' while loading ../../../../../../../Users/Shak/Desktop/AssetPipelineMaster02/AssetPipeMaster02/APsec1LargeCityBase/Content/StreetSceneLarge.umap.
[2018.11.15-03.05.10:258][583]LogLinker: Warning: Can't find file '/Game/Hayden_Matthews_Content/Wood_Car'
[2018.11.15-03.05.10:258][583]LogLinker: Warning: Can't find file for asset '/Game/Hayden_Matthews_Content/Wood_Car' while loading ../../../../../../../Users/Shak/Desktop/AssetPipelineMaster02/AssetPipeMaster02/APsec1LargeCityBase/Content/StreetSceneLarge.umap.
[2018.11.15-03.05.10:573][583]LogLinker: Warning: Can't find file '/Game/Hayden_Matthews_Content/Wood_Car'
[2018.11.15-03.05.10:574][583]LoadErrors: Failed to load /Game/Hayden_Matthews_Content/Wood_Car.Wood_Car Referenced by Wood_Car_1430
[2018.11.15-03.05.10:574][583]LogLinker: Warning: Can't find file for asset '/Game/Hayden_Matthews_Content/Wood_Car' while loading NULL.
[2018.11.15-03.05.10:574][583]LogLinker: Warning: Can't find file '/Game/Human4Size/StainedWood_M_Mat'
[2018.11.15-03.05.10:575][583]LoadErrors: Failed to load /Game/Human4Size/StainedWood_M_Mat.StainedWood_M_Mat Referenced by Wood_Car_1430
[2018.11.15-03.05.10:575][583]LogLinker: Warning: Can't find file for asset '/Game/Human4Size/StainedWood_M_Mat' while loading NULL.
[2018.11.15-03.05.10:776][583]LogAIModule: Creating AISystem for world StreetSceneLarge
[2018.11.15-03.05.10:802][583]LogAssetEditorManager: Opening Asset editor for World /Game/StreetSceneLarge.StreetSceneLarge
[2018.11.15-03.05.10:831][583]Cmd: MAP LOAD FILE="../../../../../../../Users/Shak/Desktop/AssetPipelineMaster02/AssetPipeMaster02/APsec1LargeCityBase/Content/StreetSceneLarge.umap" TEMPLATE=0 SHOWPROGRESS=1 FEATURELEVEL=3
[2018.11.15-03.05.10:832][583]LightingResults: New page: Lighting Build
[2018.11.15-03.05.10:832][583]LoadErrors: New page: Loading map: StreetSceneLarge.umap
[2018.11.15-03.05.10:835][583]MapCheck: New page: Map Check
[2018.11.15-03.05.10:835][583]LightingResults: New page: Lighting Build
[2018.11.15-03.05.10:963][583]LogEditorServer: Finished looking for orphan Actors (0.000 secs)
[2018.11.15-03.05.11:023][583]Cmd: MAP CHECKDEP NOCLEARLOG
[2018.11.15-03.05.11:113][583]MapCheck: Map check complete: 0 Error(s), 0 Warning(s), took 90.075ms to complete.
[2018.11.15-03.05.11:113][583]LogFileHelpers: Loading map 'StreetSceneLarge' took 0.283
[2018.11.15-03.05.13:517][812]LogEditorViewport: Clicking on Actor (LMB): StaticMeshActor (Shakti_Das_-_Car_UV_pCube7)
[2018.11.15-03.05.13:910][832]Cmd: CAMERA ALIGN ACTIVEVIEWPORTONLY
[2018.11.15-03.06.00:043][839]Cmd: CAMERA ALIGN ACTIVEVIEWPORTONLY
[2018.11.15-03.07.06:729][926]LogEditorViewport: Clicking on Actor (LMB): BP_Sky_Sphere_C (Sky Sphere)
[2018.11.15-03.07.29:749][418]LogEditorViewport: Clicking on Actor (LMB): StaticMeshActor (Shakti_Das_-_Car_UV_pCube7)
[2018.11.15-03.07.41:871][459]LogSlate: FSceneViewport::OnFocusLost() reason 0
[2018.11.15-03.07.52:555][254]LogAssetEditorManager: Opening Asset editor for MaterialInstanceConstant /Game/Shakti_Das_Content/M_WoodBlock_Instance_4.M_WoodBlock_Instance_4
[2018.11.15-03.07.52:978][254]LogRenderer: Reallocating scene render targets to support 1196x648 Format 10 NumSamples 1 (Frame:1).
[2018.11.15-03.07.57:639][559]LogSlate: Window 'M_WoodBlock_Instance_4' being destroyed
[2018.11.15-03.07.57:647][559]LogSlate: Window 'M_WoodBlock_Instance_4' being destroyed
[2018.11.15-03.07.58:740][643]LogAssetEditorManager: Opening Asset editor for Material /Game/Shakti_Das_Content/M_MasterWoodBlock_PGA.M_MasterWoodBlock_PGA
[2018.11.15-03.07.58:744][643]LogMaterial: Display: Missing cached shader map for material M_MasterWoodBlock_PGA, compiling. 
[2018.11.15-03.07.58:915][643]LogMaterial: Display: Missing cached shader map for material M_MasterWoodBlock_PGA, compiling. 
[2018.11.15-03.07.58:954][643]LogMaterial: Display: Missing cached shader map for material M_MasterWoodBlock_PGA, compiling. 
[2018.11.15-03.07.58:999][643]LogShaderCompilers: Display: Shaders left to compile 68
[2018.11.15-03.07.58:999][643]LogShaderCompilers: Display: Shaders left to compile 67
[2018.11.15-03.07.58:999][643]LogShaderCompilers: Display: Shaders left to compile 66
[2018.11.15-03.07.58:999][643]LogShaderCompilers: Display: Shaders left to compile 65
[2018.11.15-03.07.59:024][643]LogMaterial: Display: Missing cached shader map for material FMatExpressionPreview MaterialExpressionTextureSampleParameter2D_2, compiling. 
[2018.11.15-03.07.59:029][643]LogMaterial: Display: Missing cached shader map for material FMatExpressionPreview MaterialExpressionMultiply_0, compiling. 
[2018.11.15-03.07.59:033][643]LogMaterial: Display: Missing cached shader map for material FMatExpressionPreview MaterialExpressionTextureCoordinate_0, compiling. 
[2018.11.15-03.07.59:040][643]LogMaterial: Display: Missing cached shader map for material FMatExpressionPreview MaterialExpressionTextureSampleParameter2D_0, compiling. 
[2018.11.15-03.07.59:046][643]LogMaterial: Display: Missing cached shader map for material FMatExpressionPreview MaterialExpressionVectorParameter_0, compiling. 
[2018.11.15-03.07.59:053][643]LogMaterial: Display: Missing cached shader map for material FMatExpressionPreview MaterialExpressionTextureSampleParameter2D_1, compiling. 
[2018.11.15-03.07.59:112][643]LogSlate: Took 0.000174 seconds to synchronously load lazily loaded font '../../../Engine/Content/Slate/Fonts/Roboto-BoldCondensed.ttf' (158K)
[2018.11.15-03.07.59:288][644]LogSlate: Took 0.013209 seconds to synchronously load lazily loaded font '../../../Engine/Content/Slate/Fonts/Roboto-Italic.ttf' (157K)
[2018.11.15-03.07.59:788][666]LogShaderCompilers: Display: Shaders left to compile 76
[2018.11.15-03.07.59:914][671]LogShaderCompilers: Display: Shaders left to compile 75
[2018.11.15-03.07.59:932][672]LogShaderCompilers: Display: Shaders left to compile 74
[2018.11.15-03.07.59:932][672]LogShaderCompilers: Display: Shaders left to compile 73
[2018.11.15-03.08.00:136][681]LogShaderCompilers: Display: Shaders left to compile 72
[2018.11.15-03.08.00:265][686]LogShaderCompilers: Display: Shaders left to compile 71
[2018.11.15-03.08.00:293][687]LogShaderCompilers: Display: Shaders left to compile 70
[2018.11.15-03.08.00:318][688]LogShaderCompilers: Display: Shaders left to compile 69
[2018.11.15-03.08.00:454][693]LogShaderCompilers: Display: Shaders left to compile 68
[2018.11.15-03.08.00:753][705]LogShaderCompilers: Display: Shaders left to compile 67
[2018.11.15-03.08.01:075][718]LogShaderCompilers: Display: Shaders left to compile 66
[2018.11.15-03.08.01:116][720]LogShaderCompilers: Display: Shaders left to compile 65
[2018.11.15-03.08.01:204][724]LogShaderCompilers: Display: Shaders left to compile 64
[2018.11.15-03.08.01:501][737]LogShaderCompilers: Display: Shaders left to compile 63
[2018.11.15-03.08.01:529][738]LogShaderCompilers: Display: Shaders left to compile 62
[2018.11.15-03.08.01:817][749]LogShaderCompilers: Display: Shaders left to compile 61
[2018.11.15-03.08.01:903][752]LogShaderCompilers: Display: Shaders left to compile 60
[2018.11.15-03.08.01:924][753]LogShaderCompilers: Display: Shaders left to compile 59
[2018.11.15-03.08.02:290][767]LogShaderCompilers: Display: Shaders left to compile 58
[2018.11.15-03.08.02:346][769]LogShaderCompilers: Display: Shaders left to compile 57
[2018.11.15-03.08.02:599][780]LogShaderCompilers: Display: Shaders left to compile 56
[2018.11.15-03.08.02:670][783]LogShaderCompilers: Display: Shaders left to compile 55
[2018.11.15-03.08.02:713][785]LogShaderCompilers: Display: Shaders left to compile 54
[2018.11.15-03.08.03:042][798]LogShaderCompilers: Display: Shaders left to compile 53
[2018.11.15-03.08.03:215][805]LogShaderCompilers: Display: Shaders left to compile 52
[2018.11.15-03.08.03:433][814]LogShaderCompilers: Display: Shaders left to compile 51
[2018.11.15-03.08.03:526][818]LogShaderCompilers: Display: Shaders left to compile 50
[2018.11.15-03.08.03:674][824]LogShaderCompilers: Display: Shaders left to compile 49
[2018.11.15-03.08.03:860][831]LogShaderCompilers: Display: Shaders left to compile 48
[2018.11.15-03.08.03:956][834]LogShaderCompilers: Display: Shaders left to compile 47
[2018.11.15-03.08.03:985][834]LogShaderCompilers: Display: Shaders left to compile 46
[2018.11.15-03.08.04:115][840]LogShaderCompilers: Display: Shaders left to compile 45
[2018.11.15-03.08.04:270][846]LogShaderCompilers: Display: Shaders left to compile 44
[2018.11.15-03.08.04:462][854]LogShaderCompilers: Display: Shaders left to compile 43
[2018.11.15-03.08.04:462][854]LogShaderCompilers: Display: Shaders left to compile 42
[2018.11.15-03.08.04:483][855]LogShaderCompilers: Display: Shaders left to compile 41
[2018.11.15-03.08.04:619][861]LogShaderCompilers: Display: Shaders left to compile 40
[2018.11.15-03.08.04:981][875]LogShaderCompilers: Display: Shaders left to compile 39
[2018.11.15-03.08.05:242][886]LogShaderCompilers: Display: Shaders left to compile 38
[2018.11.15-03.08.05:333][889]LogShaderCompilers: Display: Shaders left to compile 37
[2018.11.15-03.08.05:418][892]LogShaderCompilers: Display: Shaders left to compile 36
[2018.11.15-03.08.05:780][906]LogShaderCompilers: Display: Shaders left to compile 35
[2018.11.15-03.08.05:780][906]LogShaderCompilers: Display: Shaders left to compile 34
[2018.11.15-03.08.06:060][917]LogMaterial: Display: Missing cached shader map for material M_MasterWoodBlock_PGA, compiling. 
[2018.11.15-03.08.06:130][917]LogShaderCompilers: Display: Shaders left to compile 12
[2018.11.15-03.08.06:134][917]LogMaterial: Display: Missing cached shader map for material M_MasterWoodBlock_PGA, compiling. 
[2018.11.15-03.08.06:186][917]LogShaderCompilers: Display: Shaders left to compile 11
[2018.11.15-03.08.06:186][917]LogShaderCompilers: Display: Shaders left to compile 10
[2018.11.15-03.08.06:193][917]LogMaterial: Display: Missing cached shader map for material M_MasterWoodBlock_PGA, compiling. 
[2018.11.15-03.08.06:304][918]LogShaderCompilers: Display: Shaders left to compile 92
[2018.11.15-03.08.06:536][927]LogShaderCompilers: Display: Shaders left to compile 91
[2018.11.15-03.08.06:609][929]LogShaderCompilers: Display: Shaders left to compile 90
[2018.11.15-03.08.06:659][930]LogShaderCompilers: Display: Shaders left to compile 89
[2018.11.15-03.08.06:672][931]LogShaderCompilers: Display: Shaders left to compile 88
[2018.11.15-03.08.06:980][942]LogShaderCompilers: Display: Shaders left to compile 87
[2018.11.15-03.08.07:057][944]LogShaderCompilers: Display: Shaders left to compile 86
[2018.11.15-03.08.07:090][946]LogShaderCompilers: Display: Shaders left to compile 85
[2018.11.15-03.08.07:177][950]LogShaderCompilers: Display: Shaders left to compile 84
[2018.11.15-03.08.07:349][956]LogMaterialEditor: Saving and Compiling material M_MasterWoodBlock_PGA
[2018.11.15-03.08.08:193][956]LogShaderCompilers: Display: Shaders left to compile 83
[2018.11.15-03.08.08:193][956]LogShaderCompilers: Display: Shaders left to compile 82
[2018.11.15-03.08.08:193][956]LogShaderCompilers: Display: Shaders left to compile 81
[2018.11.15-03.08.08:193][956]LogShaderCompilers: Display: Shaders left to compile 80
[2018.11.15-03.08.08:193][956]LogShaderCompilers: Display: Shaders left to compile 79
[2018.11.15-03.08.08:193][956]LogShaderCompilers: Display: Shaders left to compile 78
[2018.11.15-03.08.08:193][956]LogShaderCompilers: Display: Shaders left to compile 77
[2018.11.15-03.08.08:193][956]LogShaderCompilers: Display: Shaders left to compile 76
[2018.11.15-03.08.08:193][956]LogShaderCompilers: Display: Shaders left to compile 75
[2018.11.15-03.08.08:193][956]LogShaderCompilers: Display: Shaders left to compile 74
[2018.11.15-03.08.08:193][956]LogShaderCompilers: Display: Shaders left to compile 73
[2018.11.15-03.08.08:193][956]LogShaderCompilers: Display: Shaders left to compile 72
[2018.11.15-03.08.08:193][956]LogShaderCompilers: Display: Shaders left to compile 71
[2018.11.15-03.08.08:193][956]LogShaderCompilers: Display: Shaders left to compile 70
[2018.11.15-03.08.08:193][956]LogShaderCompilers: Display: Shaders left to compile 69
[2018.11.15-03.08.08:193][956]LogShaderCompilers: Display: Shaders left to compile 68
[2018.11.15-03.08.08:231][956]LogMaterial: Display: Missing cached shader map for material M_MasterWoodBlock_PGA, compiling. 
[2018.11.15-03.08.08:344][956]LogShaderCompilers: Display: Shaders left to compile 83
[2018.11.15-03.08.08:387][956]LogShaderCompilers: Display: Shaders left to compile 82
[2018.11.15-03.08.08:401][956]LogMaterial: Display: Missing cached shader map for material M_MasterWoodBlock_PGA, compiling. 
[2018.11.15-03.08.08:457][956]LogShaderCompilers: Display: Shaders left to compile 81
[2018.11.15-03.08.08:472][956]LogMaterial: Display: Missing cached shader map for material M_MasterWoodBlock_PGA, compiling. 
[2018.11.15-03.08.08:532][956]LogShaderCompilers: Display: Shaders left to compile 80
[2018.11.15-03.08.08:577][956]LogShaderCompilers: Display: Shaders left to compile 163
[2018.11.15-03.08.08:577][956]LogMaterial: Display: Missing cached shader map for material FDebugViewModeMaterialProxy M_MasterWoodBlock_PGA, compiling. 
[2018.11.15-03.08.15:278][956]LogShaderCompilers: Display: Shaders left to compile 163
[2018.11.15-03.08.15:278][956]LogShaderCompilers: Display: Shaders left to compile 162
[2018.11.15-03.08.15:278][956]LogShaderCompilers: Display: Shaders left to compile 161
[2018.11.15-03.08.15:278][956]LogShaderCompilers: Display: Shaders left to compile 160
[2018.11.15-03.08.15:278][956]LogShaderCompilers: Display: Shaders left to compile 159
[2018.11.15-03.08.15:278][956]LogShaderCompilers: Display: Shaders left to compile 158
[2018.11.15-03.08.15:278][956]LogShaderCompilers: Display: Shaders left to compile 157
[2018.11.15-03.08.15:278][956]LogShaderCompilers: Display: Shaders left to compile 156
[2018.11.15-03.08.15:278][956]LogShaderCompilers: Display: Shaders left to compile 155
[2018.11.15-03.08.15:278][956]LogShaderCompilers: Display: Shaders left to compile 154
[2018.11.15-03.08.15:278][956]LogShaderCompilers: Display: Shaders left to compile 153
[2018.11.15-03.08.15:278][956]LogShaderCompilers: Display: Shaders left to compile 152
[2018.11.15-03.08.15:278][956]LogShaderCompilers: Display: Shaders left to compile 151
[2018.11.15-03.08.15:278][956]LogShaderCompilers: Display: Shaders left to compile 150
[2018.11.15-03.08.15:278][956]LogShaderCompilers: Display: Shaders left to compile 149
[2018.11.15-03.08.15:278][956]LogShaderCompilers: Display: Shaders left to compile 148
[2018.11.15-03.08.15:278][956]LogShaderCompilers: Display: Shaders left to compile 147
[2018.11.15-03.08.15:278][956]LogShaderCompilers: Display: Shaders left to compile 146
[2018.11.15-03.08.15:278][956]LogShaderCompilers: Display: Shaders left to compile 145
[2018.11.15-03.08.15:278][956]LogShaderCompilers: Display: Shaders left to compile 144
[2018.11.15-03.08.15:278][956]LogShaderCompilers: Display: Shaders left to compile 143
[2018.11.15-03.08.15:278][956]LogShaderCompilers: Display: Shaders left to compile 142
[2018.11.15-03.08.15:278][956]LogShaderCompilers: Display: Shaders left to compile 141
[2018.11.15-03.08.15:278][956]LogShaderCompilers: Display: Shaders left to compile 140
[2018.11.15-03.08.15:278][956]LogShaderCompilers: Display: Shaders left to compile 139
[2018.11.15-03.08.15:278][956]LogShaderCompilers: Display: Shaders left to compile 138
[2018.11.15-03.08.15:278][956]LogShaderCompilers: Display: Shaders left to compile 137
[2018.11.15-03.08.15:278][956]LogShaderCompilers: Display: Shaders left to compile 136
[2018.11.15-03.08.15:278][956]LogShaderCompilers: Display: Shaders left to compile 135
[2018.11.15-03.08.15:278][956]LogShaderCompilers: Display: Shaders left to compile 134
[2018.11.15-03.08.15:278][956]LogShaderCompilers: Display: Shaders left to compile 133
[2018.11.15-03.08.15:278][956]LogShaderCompilers: Display: Shaders left to compile 132
[2018.11.15-03.08.15:278][956]LogShaderCompilers: Display: Shaders left to compile 131
[2018.11.15-03.08.15:278][956]LogShaderCompilers: Display: Shaders left to compile 130
[2018.11.15-03.08.15:278][956]LogShaderCompilers: Display: Shaders left to compile 129
[2018.11.15-03.08.15:278][956]LogShaderCompilers: Display: Shaders left to compile 128
[2018.11.15-03.08.15:278][956]LogShaderCompilers: Display: Shaders left to compile 127
[2018.11.15-03.08.15:278][956]LogShaderCompilers: Display: Shaders left to compile 126
[2018.11.15-03.08.15:278][956]LogShaderCompilers: Display: Shaders left to compile 125
[2018.11.15-03.08.15:278][956]LogShaderCompilers: Display: Shaders left to compile 124
[2018.11.15-03.08.15:279][956]LogShaderCompilers: Display: Shaders left to compile 123
[2018.11.15-03.08.15:279][956]LogShaderCompilers: Display: Shaders left to compile 122
[2018.11.15-03.08.15:279][956]LogShaderCompilers: Display: Shaders left to compile 121
[2018.11.15-03.08.15:279][956]LogShaderCompilers: Display: Shaders left to compile 120
[2018.11.15-03.08.15:279][956]LogShaderCompilers: Display: Shaders left to compile 119
[2018.11.15-03.08.15:279][956]LogShaderCompilers: Display: Shaders left to compile 118
[2018.11.15-03.08.15:279][956]LogShaderCompilers: Display: Shaders left to compile 117
[2018.11.15-03.08.15:279][956]LogShaderCompilers: Display: Shaders left to compile 116
[2018.11.15-03.08.15:279][956]LogShaderCompilers: Display: Shaders left to compile 115
[2018.11.15-03.08.15:279][956]LogShaderCompilers: Display: Shaders left to compile 114
[2018.11.15-03.08.15:279][956]LogShaderCompilers: Display: Shaders left to compile 113
[2018.11.15-03.08.15:279][956]LogShaderCompilers: Display: Shaders left to compile 112
[2018.11.15-03.08.15:279][956]LogShaderCompilers: Display: Shaders left to compile 111
[2018.11.15-03.08.15:279][956]LogShaderCompilers: Display: Shaders left to compile 110
[2018.11.15-03.08.15:279][956]LogShaderCompilers: Display: Shaders left to compile 109
[2018.11.15-03.08.15:279][956]LogShaderCompilers: Display: Shaders left to compile 108
[2018.11.15-03.08.15:279][956]LogShaderCompilers: Display: Shaders left to compile 107
[2018.11.15-03.08.15:279][956]LogShaderCompilers: Display: Shaders left to compile 106
[2018.11.15-03.08.15:279][956]LogShaderCompilers: Display: Shaders left to compile 105
[2018.11.15-03.08.15:279][956]LogShaderCompilers: Display: Shaders left to compile 104
[2018.11.15-03.08.15:279][956]LogShaderCompilers: Display: Shaders left to compile 103
[2018.11.15-03.08.15:279][956]LogShaderCompilers: Display: Shaders left to compile 102
[2018.11.15-03.08.15:279][956]LogShaderCompilers: Display: Shaders left to compile 101
[2018.11.15-03.08.15:279][956]LogShaderCompilers: Display: Shaders left to compile 100
[2018.11.15-03.08.15:279][956]LogShaderCompilers: Display: Shaders left to compile 99
[2018.11.15-03.08.15:279][956]LogShaderCompilers: Display: Shaders left to compile 98
[2018.11.15-03.08.15:279][956]LogShaderCompilers: Display: Shaders left to compile 97
[2018.11.15-03.08.15:279][956]LogShaderCompilers: Display: Shaders left to compile 96
[2018.11.15-03.08.15:279][956]LogShaderCompilers: Display: Shaders left to compile 95
[2018.11.15-03.08.15:279][956]LogShaderCompilers: Display: Shaders left to compile 94
[2018.11.15-03.08.15:279][956]LogShaderCompilers: Display: Shaders left to compile 93
[2018.11.15-03.08.15:279][956]LogShaderCompilers: Display: Shaders left to compile 92
[2018.11.15-03.08.15:279][956]LogShaderCompilers: Display: Shaders left to compile 91
[2018.11.15-03.08.15:279][956]LogShaderCompilers: Display: Shaders left to compile 90
[2018.11.15-03.08.15:279][956]LogShaderCompilers: Display: Shaders left to compile 89
[2018.11.15-03.08.15:280][956]LogShaderCompilers: Display: Shaders left to compile 88
[2018.11.15-03.08.15:280][956]LogShaderCompilers: Display: Shaders left to compile 87
[2018.11.15-03.08.15:280][956]LogShaderCompilers: Display: Shaders left to compile 86
[2018.11.15-03.08.15:280][956]LogShaderCompilers: Display: Shaders left to compile 85
[2018.11.15-03.08.15:280][956]LogShaderCompilers: Display: Shaders left to compile 84
[2018.11.15-03.08.15:280][956]LogShaderCompilers: Display: Shaders left to compile 74
[2018.11.15-03.08.15:280][956]LogShaderCompilers: Display: Shaders left to compile 64
[2018.11.15-03.08.15:280][956]LogShaderCompilers: Display: Shaders left to compile 54
[2018.11.15-03.08.15:284][956]TextureStreamingBuild: Display: Compiling optional shaders took 6.713 seconds.
[2018.11.15-03.08.21:193][956]LogShaderCompilers: Display: Shaders left to compile 44
[2018.11.15-03.08.21:193][956]LogShaderCompilers: Display: Shaders left to compile 34
[2018.11.15-03.08.21:193][956]LogShaderCompilers: Display: Shaders left to compile 24
[2018.11.15-03.08.21:193][956]LogShaderCompilers: Display: Shaders left to compile 14
[2018.11.15-03.08.21:193][956]LogShaderCompilers: Display: Shaders left to compile 4
[2018.11.15-03.08.21:366][956]LogSavePackage: Moving '../../../../../../../Users/Shak/Desktop/AssetPipelineMaster02/AssetPipeMaster02/APsec1LargeCityBase/Saved/M_MasterWoodBlock_PGA1FFCB31F4EA8643DAE8A3DA131576105.tmp' to '../../../../../../../Users/Shak/Desktop/AssetPipelineMaster02/AssetPipeMaster02/APsec1LargeCityBase/Content/Shakti_Das_Content/M_MasterWoodBlock_PGA.uasset'
[2018.11.15-03.08.21:393][956]MaterialEditorStats: Base pass shader: 124 instructions
[2018.11.15-03.08.21:393][956]MaterialEditorStats: Base pass shader with Surface Lightmap: 141 instructions
[2018.11.15-03.08.21:393][956]MaterialEditorStats: Base pass shader with Volumetric Lightmap: 198 instructions
[2018.11.15-03.08.21:393][956]MaterialEditorStats: Base pass vertex shader: 36 instructions
[2018.11.15-03.08.21:393][956]MaterialEditorStats: Base pass vertex shader: 148 instructions
[2018.11.15-03.08.21:393][956]MaterialEditorStats: Texture samplers: 6/16
[2018.11.15-03.08.21:393][956]MaterialEditorStats: Texture Lookups (Est.): VS(0), PS(3)
[2018.11.15-03.08.21:393][956]MaterialEditorStats: User interpolators: 2/4 Scalars (1/4 Vectors) (TexCoords: 2, Custom: 0)
[2018.11.15-03.08.22:212][998]LogSlate: Window 'M_MasterWoodBlock_PGA' being destroyed
[2018.11.15-03.08.22:223][998]LogSlate: Window 'M_MasterWoodBlock_PGA' being destroyed
[2018.11.15-03.09.12:028][353]LogSlate: FSceneViewport::OnFocusLost() reason 0
[2018.11.15-03.10.22:422][201]LogEditorViewport: Clicking on Actor (LMB): StaticMeshActor (Shakti_Das_-_Car_UV_pCube7)
[2018.11.15-03.10.31:127][139]LogSlate: FSceneViewport::OnFocusLost() reason 0
[2018.11.15-03.10.47:411][977]Cmd: CAMERA ALIGN ACTIVEVIEWPORTONLY
[2018.11.15-03.10.49:748][200]Cmd: TRANSACTION UNDO
[2018.11.15-03.10.49:748][200]LogEditorTransaction: Undo Move Actors
[2018.11.15-03.10.49:757][200]LogActorComponent: ~FComponentReregisterContext: (/Game/StreetSceneLarge.StreetSceneLarge:PersistentLevel.Shakti_Das_-_Car_UV_pCylinder8_12.StaticMeshComponent0) Component already registered.
[2018.11.15-03.12.49:360][630]LogSlate: FSceneViewport::OnFocusLost() reason 2
[2018.11.15-03.12.57:042][524]LogEditorViewport: Clicking on Actor (LMB): BP_Sky_Sphere_C (Sky Sphere)
[2018.11.15-03.12.57:819][607]LogEditorViewport: Clicking on Actor (LMB): StaticMeshActor (Shakti_Das_-_Car_UV_pCube7)
[2018.11.15-03.12.59:048][724]LogSlate: FSceneViewport::OnFocusLost() reason 2
[2018.11.15-03.13.00:353][864]LogEditorViewport: Clicking on Actor (LMB): StaticMeshActor (Shakti_Das_-_Car_UV_pCube7)
[2018.11.15-03.13.02:474][101]Cmd: CAMERA ALIGN ACTIVEVIEWPORTONLY
[2018.11.15-03.13.23:804][520]LogSlate: FSceneViewport::OnFocusLost() reason 2
[2018.11.15-03.13.25:262][520]LogSavePackage: Moving '../../../../../../../Users/Shak/Desktop/AssetPipelineMaster02/AssetPipeMaster02/APsec1LargeCityBase/Saved/StreetSceneLarge955E91C7484518898A81C2977666AEFC.tmp' to '../../../../../../../Users/Shak/Desktop/AssetPipelineMaster02/AssetPipeMaster02/APsec1LargeCityBase/Content/StreetSceneLarge.umap'
[2018.11.15-03.13.25:432][520]LogSavePackage: Moving '../../../../../../../Users/Shak/Desktop/AssetPipelineMaster02/AssetPipeMaster02/APsec1LargeCityBase/Saved/StreetSceneLarge_BuiltData0564508B4290430F7367A68204EEE722.tmp' to '../../../../../../../Users/Shak/Desktop/AssetPipelineMaster02/AssetPipeMaster02/APsec1LargeCityBase/Content/StreetSceneLarge_BuiltData.uasset'
[2018.11.15-03.13.28:962][877]LogAudio: Warning: Current Audio Device with ID {0.0.0.00000000}.{74c6c511-29fa-406a-8b49-6d487546a9d0} was removed. Shutting down audio device.
[2018.11.15-03.13.29:095][877]LogInit: XAudio2 using 'Speakers (Realtek High Definition Audio)' : 6 channels at 48 kHz using 32 bits per sample (channel mask 0x3f)
[2018.11.15-03.13.32:113][150]LogSlate: FSceneViewport::OnFocusLost() reason 0
[2018.11.15-03.13.32:269][156]LogSlate: Window 'APsec1LargeCityBase - Unreal Editor' being destroyed
[2018.11.15-03.13.32:485][157]Cmd: QUIT_EDITOR
[2018.11.15-03.13.32:505][157]LogWindowsTextInputMethodSystem: Display: IME system now deactivated.
[2018.11.15-03.13.32:526][157]LogExit: Preparing to exit.
[2018.11.15-03.13.32:902][157]LogExit: Editor shut down
[2018.11.15-03.13.32:903][157]LogExit: Transaction tracking system shut down
[2018.11.15-03.13.33:211][157]LogExit: Object subsystem successfully closed.
[2018.11.15-03.13.33:231][157]LogShaderCompilers: Display: Shaders left to compile 0
[2018.11.15-03.13.33:235][157]LogD3D11RHI: Shutdown
[2018.11.15-03.13.33:235][157]LogD3D11RHI: CleanupD3DDevice
[2018.11.15-03.13.33:237][157]LogD3D11RHI: ~FD3D11DynamicRHI
[2018.11.15-03.13.33:265][157]LogModuleManager: Shutting down and abandoning module HierarchicalLODOutliner (612)
[2018.11.15-03.13.33:265][157]LogModuleManager: Shutting down and abandoning module SceneOutliner (610)
[2018.11.15-03.13.33:265][157]LogModuleManager: Shutting down and abandoning module AddContentDialog (608)
[2018.11.15-03.13.33:265][157]LogModuleManager: Shutting down and abandoning module WidgetCarousel (607)
[2018.11.15-03.13.33:265][157]LogModuleManager: Shutting down and abandoning module EditorWidgets (604)
[2018.11.15-03.13.33:265][157]LogModuleManager: Shutting down and abandoning module CollectionManager (602)
[2018.11.15-03.13.33:265][157]LogModuleManager: Shutting down and abandoning module HierarchicalLODUtilities (600)
[2018.11.15-03.13.33:266][157]LogModuleManager: Shutting down and abandoning module StatsViewer (598)
[2018.11.15-03.13.33:266][157]LogModuleManager: Shutting down and abandoning module FoliageEdit (596)
[2018.11.15-03.13.33:266][157]LogModuleManager: Shutting down and abandoning module LandscapeEditor (594)
[2018.11.15-03.13.33:266][157]LogModuleManager: Shutting down and abandoning module MeshPaintMode (592)
[2018.11.15-03.13.33:266][157]LogModuleManager: Shutting down and abandoning module SceneDepthPickerMode (590)
[2018.11.15-03.13.33:266][157]LogModuleManager: Shutting down and abandoning module ActorPickerMode (588)
[2018.11.15-03.13.33:266][157]LogModuleManager: Shutting down and abandoning module GeometryMode (586)
[2018.11.15-03.13.33:266][157]LogModuleManager: Shutting down and abandoning module TextureAlignMode (584)
[2018.11.15-03.13.33:266][157]LogModuleManager: Shutting down and abandoning module BspMode (582)
[2018.11.15-03.13.33:266][157]LogModuleManager: Shutting down and abandoning module PIEPreviewDeviceProfileSelector (580)
[2018.11.15-03.13.33:266][157]LogModuleManager: Shutting down and abandoning module SequenceRecorderSections (578)
[2018.11.15-03.13.33:266][157]LogModuleManager: Shutting down and abandoning module AutomationWorker (576)
[2018.11.15-03.13.33:266][157]LogModuleManager: Shutting down and abandoning module AudioCaptureEditor (574)
[2018.11.15-03.13.33:266][157]LogModuleManager: Shutting down and abandoning module SequenceRecorder (573)
[2018.11.15-03.13.33:266][157]LogModuleManager: Shutting down and abandoning module MatineeToLevelSequence (570)
[2018.11.15-03.13.33:266][157]LogModuleManager: Shutting down and abandoning module LevelSequenceEditor (568)
[2018.11.15-03.13.33:266][157]LogModuleManager: Shutting down and abandoning module PlacementMode (567)
[2018.11.15-03.13.33:266][157]LogModuleManager: Shutting down and abandoning module MaterialEditor (566)
[2018.11.15-03.13.33:266][157]LogModuleManager: Shutting down and abandoning module WmfMediaFactory (562)
[2018.11.15-03.13.33:266][157]LogModuleManager: Shutting down and abandoning module WmfMediaEditor (560)
[2018.11.15-03.13.33:266][157]LogModuleManager: Shutting down and abandoning module MediaPlayerEditor (558)
[2018.11.15-03.13.33:266][157]LogModuleManager: Shutting down and abandoning module OpenExrWrapper (556)
[2018.11.15-03.13.33:266][157]LogModuleManager: Shutting down and abandoning module ImgMediaFactory (554)
[2018.11.15-03.13.33:266][157]LogModuleManager: Shutting down and abandoning module ImgMediaEditor (552)
[2018.11.15-03.13.33:266][157]LogModuleManager: Shutting down and abandoning module AvfMediaFactory (550)
[2018.11.15-03.13.33:266][157]LogModuleManager: Shutting down and abandoning module AvfMediaEditor (548)
[2018.11.15-03.13.33:267][157]LogModuleManager: Shutting down and abandoning module AndroidMediaFactory (546)
[2018.11.15-03.13.33:267][157]LogModuleManager: Shutting down and abandoning module AndroidMediaEditor (544)
[2018.11.15-03.13.33:267][157]LogModuleManager: Shutting down and abandoning module MagicLeapCameraPreviewFactory (542)
[2018.11.15-03.13.33:267][157]LogModuleManager: Shutting down and abandoning module MagicLeapMediaFactory (540)
[2018.11.15-03.13.33:267][157]LogModuleManager: Shutting down and abandoning module MagicLeapMediaEditor (538)
[2018.11.15-03.13.33:267][157]LogModuleManager: Shutting down and abandoning module CharacterAI (536)
[2018.11.15-03.13.33:267][157]LogModuleManager: Shutting down and abandoning module SmartSnapping (534)
[2018.11.15-03.13.33:267][157]LogModuleManager: Shutting down and abandoning module SessionServices (532)
[2018.11.15-03.13.33:267][157]LogModuleManager: Shutting down and abandoning module ViewportSnapping (530)
[2018.11.15-03.13.33:267][157]LogModuleManager: Shutting down and abandoning module ViewportInteraction (528)
[2018.11.15-03.13.33:267][157]LogModuleManager: Shutting down and abandoning module ClothPainter (526)
[2018.11.15-03.13.33:267][157]LogModuleManager: Shutting down and abandoning module SkeletalMeshEditor (525)
[2018.11.15-03.13.33:267][157]LogModuleManager: Shutting down and abandoning module LogVisualizer (522)
[2018.11.15-03.13.33:267][157]LogModuleManager: Shutting down and abandoning module IntroTutorials (520)
[2018.11.15-03.13.33:267][157]LogModuleManager: Shutting down and abandoning module GameProjectGeneration (519)
[2018.11.15-03.13.33:267][157]LogModuleManager: Shutting down and abandoning module LuminPlatformEditor (516)
[2018.11.15-03.13.33:267][157]LogModuleManager: Shutting down and abandoning module IOSPlatformEditor (514)
[2018.11.15-03.13.33:267][157]LogModuleManager: Shutting down and abandoning module HTML5PlatformEditor (512)
[2018.11.15-03.13.33:267][157]LogModuleManager: Shutting down and abandoning module AndroidPlatformEditor (510)
[2018.11.15-03.13.33:267][157]LogModuleManager: Shutting down and abandoning module AndroidDeviceDetection (509)
[2018.11.15-03.13.33:669][157]LogModuleManager: Shutting down and abandoning module WindowsPlatformEditor (506)
[2018.11.15-03.13.33:669][157]LogModuleManager: Shutting down and abandoning module LuminRuntimeSettings (504)
[2018.11.15-03.13.33:669][157]LogModuleManager: Shutting down and abandoning module IOSRuntimeSettings (502)
[2018.11.15-03.13.33:669][157]LogModuleManager: Shutting down and abandoning module AndroidRuntimeSettings (500)
[2018.11.15-03.13.33:669][157]LogModuleManager: Shutting down and abandoning module InputBindingEditor (498)
[2018.11.15-03.13.33:669][157]LogModuleManager: Shutting down and abandoning module MergeActors (496)
[2018.11.15-03.13.33:669][157]LogModuleManager: Shutting down and abandoning module LocalizationDashboard (494)
[2018.11.15-03.13.33:669][157]LogModuleManager: Shutting down and abandoning module LocalizationService (493)
[2018.11.15-03.13.33:670][157]LogModuleManager: Shutting down and abandoning module HardwareTargeting (490)
[2018.11.15-03.13.33:670][157]LogModuleManager: Shutting down and abandoning module DeviceProfileEditor (488)
[2018.11.15-03.13.33:670][157]LogModuleManager: Shutting down and abandoning module UndoHistory (486)
[2018.11.15-03.13.33:670][157]LogModuleManager: Shutting down and abandoning module XmlParser (484)
[2018.11.15-03.13.33:670][157]LogModuleManager: Shutting down and abandoning module Blutility (482)
[2018.11.15-03.13.33:670][157]LogModuleManager: Shutting down and abandoning module ProjectSettingsViewer (480)
[2018.11.15-03.13.33:670][157]LogModuleManager: Shutting down and abandoning module ProjectTargetPlatformEditor (479)
[2018.11.15-03.13.33:670][157]LogModuleManager: Shutting down and abandoning module EditorSettingsViewer (476)
[2018.11.15-03.13.33:670][157]LogModuleManager: Shutting down and abandoning module SettingsEditor (474)
[2018.11.15-03.13.33:670][157]LogModuleManager: Shutting down and abandoning module ProjectLauncher (472)
[2018.11.15-03.13.33:670][157]LogModuleManager: Shutting down and abandoning module SessionFrontend (470)
[2018.11.15-03.13.33:670][157]LogModuleManager: Shutting down and abandoning module ProfilerClient (468)
[2018.11.15-03.13.33:670][157]LogModuleManager: Shutting down and abandoning module DeviceManager (466)
[2018.11.15-03.13.33:670][157]LogModuleManager: Shutting down and abandoning module TargetDeviceServices (465)
[2018.11.15-03.13.33:725][157]LogModuleManager: Shutting down and abandoning module AutomationController (462)
[2018.11.15-03.13.33:725][157]LogModuleManager: Shutting down and abandoning module AutomationWindow (460)
[2018.11.15-03.13.33:725][157]LogModuleManager: Shutting down and abandoning module Layers (458)
[2018.11.15-03.13.33:725][157]LogModuleManager: Shutting down and abandoning module ComponentVisualizers (456)
[2018.11.15-03.13.33:725][157]LogModuleManager: Shutting down and abandoning module DetailCustomizations (454)
[2018.11.15-03.13.33:725][157]LogModuleManager: Shutting down and abandoning module PackagesDialog (452)
[2018.11.15-03.13.33:725][157]LogModuleManager: Shutting down and abandoning module Persona (450)
[2018.11.15-03.13.33:725][157]LogModuleManager: Shutting down and abandoning module AdvancedPreviewScene (449)
[2018.11.15-03.13.33:725][157]LogModuleManager: Shutting down and abandoning module AnimGraph (447)
[2018.11.15-03.13.33:725][157]LogModuleManager: Shutting down and abandoning module Kismet (444)
[2018.11.15-03.13.33:725][157]LogModuleManager: Shutting down and abandoning module GraphEditor (442)
[2018.11.15-03.13.33:725][157]LogModuleManager: Shutting down and abandoning module ClassViewer (440)
[2018.11.15-03.13.33:725][157]LogModuleManager: Shutting down and abandoning module Toolbox (438)
[2018.11.15-03.13.33:725][157]LogModuleManager: Shutting down and abandoning module ModuleUI (436)
[2018.11.15-03.13.33:726][157]LogModuleManager: Shutting down and abandoning module MovieSceneTools (434)
[2018.11.15-03.13.33:726][157]LogModuleManager: Shutting down and abandoning module OutputLog (432)
[2018.11.15-03.13.33:726][157]LogModuleManager: Shutting down and abandoning module GammaUI (430)
[2018.11.15-03.13.33:726][157]LogModuleManager: Shutting down and abandoning module Documentation (428)
[2018.11.15-03.13.33:726][157]LogModuleManager: Shutting down and abandoning module MovieSceneTracks (426)
[2018.11.15-03.13.33:726][157]LogModuleManager: Shutting down and abandoning module MovieScene (424)
[2018.11.15-03.13.33:726][157]LogModuleManager: Shutting down and abandoning module StreamingPauseRendering (422)
[2018.11.15-03.13.33:726][157]LogModuleManager: Shutting down and abandoning module LauncherPlatform (420)
[2018.11.15-03.13.33:726][157]LogModuleManager: Shutting down and abandoning module AnalyticsET (418)
[2018.11.15-03.13.33:726][157]LogModuleManager: Shutting down and abandoning module PortalServices (416)
[2018.11.15-03.13.33:726][157]LogModuleManager: Shutting down and abandoning module PortalRpc (414)
[2018.11.15-03.13.33:726][157]LogModuleManager: Shutting down and abandoning module MessagingRpc (412)
[2018.11.15-03.13.33:726][157]LogModuleManager: Shutting down and abandoning module AIModule (410)
[2018.11.15-03.13.33:726][157]LogModuleManager: Shutting down and abandoning module GameplayDebugger (409)
[2018.11.15-03.13.33:726][157]LogModuleManager: Shutting down and abandoning module AITestSuite (407)
[2018.11.15-03.13.33:726][157]LogModuleManager: Shutting down and abandoning module NavigationSystem (405)
[2018.11.15-03.13.33:726][157]LogModuleManager: Shutting down and abandoning module DesktopPlatform (402)
[2018.11.15-03.13.33:726][157]LogModuleManager: Shutting down and abandoning module ProfilerService (400)
[2018.11.15-03.13.33:934][157]LogModuleManager: Shutting down and abandoning module TaskGraph (398)
[2018.11.15-03.13.33:934][157]LogModuleManager: Shutting down and abandoning module SteamVRController (396)
[2018.11.15-03.13.33:934][157]LogModuleManager: Shutting down and abandoning module ProceduralMeshComponentEditor (394)
[2018.11.15-03.13.33:934][157]LogModuleManager: Shutting down and abandoning module ProceduralMeshComponent (392)
[2018.11.15-03.13.33:934][157]LogModuleManager: Shutting down and abandoning module OculusInput (390)
[2018.11.15-03.13.33:934][157]LogModuleManager: Shutting down and abandoning module MobilePatchingUtils (388)
[2018.11.15-03.13.33:934][157]LogModuleManager: Shutting down and abandoning module EditableMesh (386)
[2018.11.15-03.13.33:934][157]LogModuleManager: Shutting down and abandoning module CustomMeshComponent (384)
[2018.11.15-03.13.33:934][157]LogModuleManager: Shutting down and abandoning module CableComponent (382)
[2018.11.15-03.13.33:934][157]LogModuleManager: Shutting down and abandoning module AudioCapture (380)
[2018.11.15-03.13.33:934][157]LogModuleManager: Shutting down and abandoning module ArchVisCharacter (378)
[2018.11.15-03.13.33:934][157]LogModuleManager: Shutting down and abandoning module AndroidPermission (376)
[2018.11.15-03.13.33:935][157]LogModuleManager: Shutting down and abandoning module NUTUnrealEngine4 (374)
[2018.11.15-03.13.33:935][157]LogModuleManager: Shutting down and abandoning module NetcodeUnitTest (372)
[2018.11.15-03.13.33:935][157]LogModuleManager: Shutting down and abandoning module MediaCompositingEditor (370)
[2018.11.15-03.13.33:935][157]LogModuleManager: Shutting down and abandoning module MediaCompositing (368)
[2018.11.15-03.13.33:935][157]LogModuleManager: Shutting down and abandoning module LinearTimecode (366)
[2018.11.15-03.13.33:935][157]LogModuleManager: Shutting down and abandoning module ImgMedia (364)
[2018.11.15-03.13.33:938][157]LogModuleManager: Shutting down and abandoning module HTML5Networking (362)
[2018.11.15-03.13.33:938][157]LogModuleManager: Shutting down and abandoning module GeometryCacheTracks (360)
[2018.11.15-03.13.33:938][157]LogModuleManager: Shutting down and abandoning module GeometryCacheSequencer (358)
[2018.11.15-03.13.33:938][157]LogModuleManager: Shutting down and abandoning module BackChannel (356)
[2018.11.15-03.13.33:938][157]LogModuleManager: Shutting down and abandoning module AppleVision (354)
[2018.11.15-03.13.33:938][157]LogModuleManager: Shutting down and abandoning module AppleImageUtils (352)
[2018.11.15-03.13.33:938][157]LogModuleManager: Shutting down and abandoning module AlembicImporter (350)
[2018.11.15-03.13.33:938][157]LogModuleManager: Shutting down and abandoning module AlembicLibrary (349)
[2018.11.15-03.13.33:938][157]LogModuleManager: Shutting down and abandoning module GeometryCache (348)
[2018.11.15-03.13.33:938][157]LogModuleManager: Shutting down and abandoning module GeometryCacheEd (347)
[2018.11.15-03.13.33:938][157]LogModuleManager: Shutting down and abandoning module DatasmithContentEditor (342)
[2018.11.15-03.13.33:938][157]LogModuleManager: Shutting down and abandoning module DatasmithContent (340)
[2018.11.15-03.13.33:939][157]LogModuleManager: Shutting down and abandoning module SpeedTreeImporter (338)
[2018.11.15-03.13.33:939][157]LogModuleManager: Shutting down and abandoning module PluginBrowser (336)
[2018.11.15-03.13.33:939][157]LogModuleManager: Shutting down and abandoning module MobileLauncherProfileWizard (334)
[2018.11.15-03.13.33:940][157]LogModuleManager: Shutting down and abandoning module PolygonModeling (332)
[2018.11.15-03.13.33:940][157]LogModuleManager: Shutting down and abandoning module MeshEditor (330)
[2018.11.15-03.13.33:940][157]LogModuleManager: Shutting down and abandoning module CryptoKeysOpenSSL (328)
[2018.11.15-03.13.33:940][157]LogModuleManager: Shutting down and abandoning module CryptoKeys (326)
[2018.11.15-03.13.33:940][157]LogModuleManager: Shutting down and abandoning module VisualStudioSourceCodeAccess (324)
[2018.11.15-03.13.33:940][157]LogModuleManager: Shutting down and abandoning module VisualStudioCodeSourceCodeAccess (322)
[2018.11.15-03.13.33:940][157]LogModuleManager: Shutting down and abandoning module UObjectPlugin (320)
[2018.11.15-03.13.33:940][157]LogModuleManager: Shutting down and abandoning module SubversionSourceControl (318)
[2018.11.15-03.13.33:940][157]LogModuleManager: Shutting down and abandoning module PerforceSourceControl (316)
[2018.11.15-03.13.33:940][157]LogModuleManager: Shutting down and abandoning module GitSourceControl (314)
[2018.11.15-03.13.33:940][157]LogModuleManager: Shutting down and abandoning module SourceControl (313)
[2018.11.15-03.13.33:940][157]LogModuleManager: Shutting down and abandoning module CLionSourceCodeAccess (310)
[2018.11.15-03.13.33:940][157]LogModuleManager: Shutting down and abandoning module LightPropagationVolumeEditor (308)
[2018.11.15-03.13.33:940][157]LogModuleManager: Shutting down and abandoning module PaperTiledImporter (306)
[2018.11.15-03.13.33:940][157]LogModuleManager: Shutting down and abandoning module PaperSpriteSheetImporter (304)
[2018.11.15-03.13.33:940][157]LogModuleManager: Shutting down and abandoning module Paper2DEditor (302)
[2018.11.15-03.13.33:940][157]LogModuleManager: Shutting down and abandoning module MeshPaint (301)
[2018.11.15-03.13.33:940][157]LogModuleManager: Shutting down and abandoning module RuntimePhysXCooking (298)
[2018.11.15-03.13.33:940][157]LogModuleManager: Shutting down and abandoning module PhysXVehiclesEditor (296)
[2018.11.15-03.13.33:940][157]LogModuleManager: Shutting down and abandoning module PhysXVehicles (294)
[2018.11.15-03.13.33:940][157]LogModuleManager: Shutting down and abandoning module OculusEditor (292)
[2018.11.15-03.13.33:940][157]LogModuleManager: Shutting down and abandoning module LocationServicesBPLibrary (290)
[2018.11.15-03.13.33:940][157]LogModuleManager: Shutting down and abandoning module ImmediatePhysicsEditor (288)
[2018.11.15-03.13.33:940][157]LogModuleManager: Shutting down and abandoning module ImmediatePhysics (286)
[2018.11.15-03.13.33:940][157]LogModuleManager: Shutting down and abandoning module ActorSequence (284)
[2018.11.15-03.13.33:940][157]LogModuleManager: Shutting down and abandoning module UdpMessaging (282)
[2018.11.15-03.13.34:042][157]LogModuleManager: Shutting down and abandoning module TcpMessaging (280)
[2018.11.15-03.13.34:143][157]LogModuleManager: Shutting down and abandoning module MagicLeapAudio (278)
[2018.11.15-03.13.34:143][157]LogModuleManager: Shutting down and abandoning module GameplayTagsEditor (276)
[2018.11.15-03.13.34:143][157]LogModuleManager: Shutting down and abandoning module FacialAnimationEditor (274)
[2018.11.15-03.13.34:143][157]LogModuleManager: Shutting down and abandoning module FacialAnimation (272)
[2018.11.15-03.13.34:143][157]LogModuleManager: Shutting down and abandoning module DataValidation (270)
[2018.11.15-03.13.34:143][157]LogModuleManager: Shutting down and abandoning module AssetManagerEditor (268)
[2018.11.15-03.13.34:143][157]LogModuleManager: Shutting down and abandoning module LevelEditor (267)
[2018.11.15-03.13.34:144][157]LogModuleManager: Shutting down and abandoning module PixelInspectorModule (266)
[2018.11.15-03.13.34:144][157]LogModuleManager: Shutting down and abandoning module CommonMenuExtensions (264)
[2018.11.15-03.13.34:144][157]LogModuleManager: Shutting down and abandoning module MainFrame (262)
[2018.11.15-03.13.34:144][157]LogModuleManager: Shutting down and abandoning module HotReload (261)
[2018.11.15-03.13.34:145][157]LogModuleManager: Shutting down and abandoning module ContentBrowser (257)
[2018.11.15-03.13.34:146][157]LogModuleManager: Shutting down and abandoning module TreeMap (255)
[2018.11.15-03.13.34:146][157]LogModuleManager: Shutting down and abandoning module LightPropagationVolumeRuntime (252)
[2018.11.15-03.13.34:146][157]LogModuleManager: Shutting down and abandoning module AISupportModule (250)
[2018.11.15-03.13.34:146][157]LogModuleManager: Shutting down and abandoning module Paper2D (248)
[2018.11.15-03.13.34:146][157]LogModuleManager: Shutting down and abandoning module WindowsMoviePlayer (246)
[2018.11.15-03.13.34:146][157]LogModuleManager: Shutting down and abandoning module WmfMedia (244)
[2018.11.15-03.13.34:148][157]LogModuleManager: Shutting down and abandoning module Media (243)
[2018.11.15-03.13.34:154][157]LogModuleManager: Shutting down and abandoning module PacketHandler (240)
[2018.11.15-03.13.34:154][157]LogModuleManager: Shutting down and abandoning module ClothingSystemEditor (238)
[2018.11.15-03.13.34:154][157]LogModuleManager: Shutting down and abandoning module ClothingSystemRuntime (236)
[2018.11.15-03.13.34:154][157]LogModuleManager: Shutting down and abandoning module MediaAssets (234)
[2018.11.15-03.13.34:154][157]LogModuleManager: Shutting down and abandoning module Overlay (232)
[2018.11.15-03.13.34:154][157]LogModuleManager: Shutting down and abandoning module OverlayEditor (231)
[2018.11.15-03.13.34:154][157]LogModuleManager: Shutting down and abandoning module VREditor (228)
[2018.11.15-03.13.34:154][157]LogModuleManager: Shutting down and abandoning module StringTableEditor (226)
[2018.11.15-03.13.34:154][157]LogModuleManager: Shutting down and abandoning module GameplayTasksEditor (224)
[2018.11.15-03.13.34:154][157]LogModuleManager: Shutting down and abandoning module BehaviorTreeEditor (222)
[2018.11.15-03.13.34:154][157]LogModuleManager: Shutting down and abandoning module FunctionalTesting (220)
[2018.11.15-03.13.34:154][157]LogModuleManager: Shutting down and abandoning module CollisionAnalyzer (218)
[2018.11.15-03.13.34:154][157]LogModuleManager: Shutting down and abandoning module WorkspaceMenuStructure (217)
[2018.11.15-03.13.34:155][157]LogModuleManager: Shutting down and abandoning module UMG (214)
[2018.11.15-03.13.34:155][157]LogModuleManager: Shutting down and abandoning module UMGEditor (213)
[2018.11.15-03.13.34:155][157]LogModuleManager: Shutting down and abandoning module Sequencer (212)
[2018.11.15-03.13.34:155][157]LogModuleManager: Shutting down and abandoning module MessageLog (209)
[2018.11.15-03.13.34:155][157]LogModuleManager: Shutting down and abandoning module SlateReflector (204)
[2018.11.15-03.13.34:155][157]LogModuleManager: Shutting down and abandoning module Slate (202)
[2018.11.15-03.13.34:155][157]LogModuleManager: Shutting down and abandoning module EditorStyle (200)
[2018.11.15-03.13.34:157][157]LogModuleManager: Shutting down and abandoning module MRMesh (198)
[2018.11.15-03.13.34:157][157]LogModuleManager: Shutting down and abandoning module SourceCodeAccess (196)
[2018.11.15-03.13.34:157][157]LogModuleManager: Shutting down and abandoning module HeadMountedDisplay (194)
[2018.11.15-03.13.34:157][157]LogModuleManager: Shutting down and abandoning module XAudio2 (192)
[2018.11.15-03.13.34:157][157]LogModuleManager: Shutting down and abandoning module Networking (190)
[2018.11.15-03.13.34:157][157]LogModuleManager: Shutting down and abandoning module Core (188)
[2018.11.15-03.13.34:157][157]LogModuleManager: Shutting down and abandoning module LevelSequence (186)
[2018.11.15-03.13.34:157][157]LogModuleManager: Shutting down and abandoning module KismetCompiler (184)
[2018.11.15-03.13.34:157][157]LogModuleManager: Shutting down and abandoning module MeshUtilities (182)
[2018.11.15-03.13.34:157][157]LogModuleManager: Shutting down and abandoning module MeshMergeUtilities (181)
[2018.11.15-03.13.34:157][157]LogModuleManager: Shutting down and abandoning module MeshReductionInterface (180)
[2018.11.15-03.13.34:157][157]LogModuleManager: Shutting down and abandoning module SimplygonSwarm (179)
[2018.11.15-03.13.34:157][157]LogModuleManager: Shutting down and abandoning module ProxyLODMeshReduction (177)
[2018.11.15-03.13.34:157][157]LogModuleManager: Shutting down and abandoning module SimplygonMeshReduction (175)
[2018.11.15-03.13.34:157][157]LogModuleManager: Shutting down and abandoning module QuadricMeshReduction (173)
[2018.11.15-03.13.34:157][157]LogModuleManager: Shutting down and abandoning module MaterialBaking (169)
[2018.11.15-03.13.34:157][157]LogModuleManager: Shutting down and abandoning module DirectoryWatcher (165)
[2018.11.15-03.13.34:157][157]LogModuleManager: Shutting down and abandoning module DerivedDataCache (162)
[2018.11.15-03.13.34:190][157]LogDerivedDataCache: Shutdown
[2018.11.15-03.13.34:190][157]LogModuleManager: Shutting down and abandoning module XGEController (160)
[2018.11.15-03.13.34:190][157]LogXGEController: Cleaning working directory: C:/Users/Shak/AppData/Local/Temp/UnrealXGEWorkingDir/
[2018.11.15-03.13.34:190][157]LogModuleManager: Shutting down and abandoning module TargetPlatform (158)
[2018.11.15-03.13.34:190][157]LogModuleManager: Shutting down and abandoning module VulkanShaderFormat (157)
[2018.11.15-03.13.34:190][157]LogModuleManager: Shutting down and abandoning module ShaderFormatVectorVM (155)
[2018.11.15-03.13.34:190][157]LogModuleManager: Shutting down and abandoning module ShaderFormatOpenGL (153)
[2018.11.15-03.13.34:190][157]LogModuleManager: Shutting down and abandoning module ShaderFormatD3D (151)
[2018.11.15-03.13.34:190][157]LogModuleManager: Shutting down and abandoning module MetalShaderFormat (149)
[2018.11.15-03.13.34:190][157]LogModuleManager: Shutting down and abandoning module TextureFormatUncompressed (147)
[2018.11.15-03.13.34:190][157]LogModuleManager: Shutting down and abandoning module TextureFormatPVR (145)
[2018.11.15-03.13.34:190][157]LogModuleManager: Shutting down and abandoning module TextureFormatDXT (143)
[2018.11.15-03.13.34:191][157]LogModuleManager: Shutting down and abandoning module TextureFormatIntelISPCTexComp (141)
[2018.11.15-03.13.34:191][157]LogModuleManager: Shutting down and abandoning module TextureFormatASTC (139)
[2018.11.15-03.13.34:191][157]LogModuleManager: Shutting down and abandoning module ImageWrapper (138)
[2018.11.15-03.13.34:191][157]LogModuleManager: Shutting down and abandoning module TextureFormatAndroid (135)
[2018.11.15-03.13.34:191][157]LogModuleManager: Shutting down and abandoning module AudioFormatOpus (133)
[2018.11.15-03.13.34:191][157]LogModuleManager: Shutting down and abandoning module AudioFormatOgg (131)
[2018.11.15-03.13.34:191][157]LogModuleManager: Shutting down and abandoning module AudioFormatADPCM (129)
[2018.11.15-03.13.34:191][157]LogModuleManager: Shutting down and abandoning module LuminTargetPlatform (127)
[2018.11.15-03.13.34:191][157]LogModuleManager: Shutting down and abandoning module LinuxTargetPlatform (125)
[2018.11.15-03.13.34:191][157]LogModuleManager: Shutting down and abandoning module LinuxServerTargetPlatform (123)
[2018.11.15-03.13.34:191][157]LogModuleManager: Shutting down and abandoning module LinuxNoEditorTargetPlatform (121)
[2018.11.15-03.13.34:191][157]LogModuleManager: Shutting down and abandoning module LinuxClientTargetPlatform (119)
[2018.11.15-03.13.34:191][157]LogModuleManager: Shutting down and abandoning module TVOSTargetPlatform (117)
[2018.11.15-03.13.34:191][157]LogModuleManager: Shutting down and abandoning module Messaging (115)
[2018.11.15-03.13.34:192][157]LogModuleManager: Shutting down and abandoning module IOSTargetPlatform (113)
[2018.11.15-03.13.34:192][157]LogModuleManager: Shutting down and abandoning module HTML5TargetPlatform (111)
[2018.11.15-03.13.34:192][157]LogModuleManager: Shutting down and abandoning module AndroidTargetPlatform (109)
[2018.11.15-03.13.34:199][157]LogModuleManager: Shutting down and abandoning module WindowsTargetPlatform (107)
[2018.11.15-03.13.34:199][157]LogModuleManager: Shutting down and abandoning module WindowsServerTargetPlatform (105)
[2018.11.15-03.13.34:199][157]LogModuleManager: Shutting down and abandoning module WindowsNoEditorTargetPlatform (103)
[2018.11.15-03.13.34:199][157]LogModuleManager: Shutting down and abandoning module WindowsClientTargetPlatform (101)
[2018.11.15-03.13.34:199][157]LogModuleManager: Shutting down and abandoning module MacTargetPlatform (99)
[2018.11.15-03.13.34:199][157]LogModuleManager: Shutting down and abandoning module MacServerTargetPlatform (97)
[2018.11.15-03.13.34:199][157]LogModuleManager: Shutting down and abandoning module MacNoEditorTargetPlatform (95)
[2018.11.15-03.13.34:199][157]LogModuleManager: Shutting down and abandoning module MacClientTargetPlatform (93)
[2018.11.15-03.13.34:199][157]LogModuleManager: Shutting down and abandoning module AllDesktopTargetPlatform (91)
[2018.11.15-03.13.34:199][157]LogModuleManager: Shutting down and abandoning module InputCore (88)
[2018.11.15-03.13.34:199][157]LogModuleManager: Shutting down and abandoning module Settings (86)
[2018.11.15-03.13.34:199][157]LogModuleManager: Shutting down and abandoning module PhysXCooking (84)
[2018.11.15-03.13.34:199][157]LogModuleManager: Shutting down and abandoning module SteamVR (82)
[2018.11.15-03.13.34:199][157]LogModuleManager: Shutting down and abandoning module OculusHMD (80)
[2018.11.15-03.13.34:199][157]LogModuleManager: Shutting down and abandoning module ExampleDeviceProfileSelector (78)
[2018.11.15-03.13.34:199][157]LogModuleManager: Shutting down and abandoning module LauncherChunkInstaller (76)
[2018.11.15-03.13.34:199][157]LogModuleManager: Shutting down and abandoning module OnlineBlueprintSupport (74)
[2018.11.15-03.13.34:199][157]LogModuleManager: Shutting down and abandoning module OnlineSubsystem (70)
[2018.11.15-03.13.34:200][157]LogModuleManager: Shutting down and abandoning module XMPP (65)
[2018.11.15-03.13.34:200][157]LogModuleManager: Shutting down and abandoning module WebSockets (64)
[2018.11.15-03.13.34:214][157]LogModuleManager: Shutting down and abandoning module HTTP (61)
[2018.11.15-03.13.34:214][157]LogHttp: Display: Http module shutting down, but needs to wait on 1 outstanding Http requests:
[2018.11.15-03.13.34:214][157]LogHttp: Display: 	verb=[POST] url=[https://datarouter.ol.epicgames.com/datarouter/api/v1/public/data?SessionID=%7BD0067C4E-47B5-F3E5-5476-66AF0AD28EF7%7D&AppID=UEEditor.Rocket.Release&AppVersion=4.20.3-4369336%2B%2B%2BUE4%2BRelease-4.20&UserID=08508f9d4a1c616a1893d5a718ab866c%7C1a70b28e24b641e78dbc16771d40c6fa%7Cbe565a12-f482-4351-a2d0-49d31e486086&AppEnvironment=datacollector-binary&UploadType=eteventstream] status=Processing
[2018.11.15-03.13.34:229][157]LogModuleManager: Shutting down and abandoning module SSL (60)
[2018.11.15-03.13.34:230][157]LogModuleManager: Shutting down and abandoning module MagicLeapEmulator (56)
[2018.11.15-03.13.34:230][157]LogModuleManager: Shutting down and abandoning module MagicLeapPrivileges (54)
[2018.11.15-03.13.34:230][157]LogModuleManager: Shutting down and abandoning module MagicLeapIdentity (52)
[2018.11.15-03.13.34:230][157]LogModuleManager: Shutting down and abandoning module MagicLeapHelperVulkan (50)
[2018.11.15-03.13.34:230][157]LogModuleManager: Shutting down and abandoning module MagicLeapHelperOpenGL (48)
[2018.11.15-03.13.34:231][157]LogModuleManager: Shutting down and abandoning module MagicLeapSecureStorage (46)
[2018.11.15-03.13.34:231][157]LogModuleManager: Shutting down and abandoning module MagicLeapGestures (44)
[2018.11.15-03.13.34:231][157]LogModuleManager: Shutting down and abandoning module MagicLeapEyeTracker (42)
[2018.11.15-03.13.34:231][157]LogModuleManager: Shutting down and abandoning module MagicLeapController (40)
[2018.11.15-03.13.34:231][157]LogSlate: Slate User Destroyed.  User Index 0, Is Virtual User: 0
[2018.11.15-03.13.34:231][157]LogModuleManager: Shutting down and abandoning module MagicLeap (38)
[2018.11.15-03.13.34:231][157]LogModuleManager: Shutting down and abandoning module AnimationModifiers (36)
[2018.11.15-03.13.34:231][157]LogModuleManager: Shutting down and abandoning module PropertyEditor (35)
[2018.11.15-03.13.34:231][157]LogModuleManager: Shutting down and abandoning module AudioEditor (32)
[2018.11.15-03.13.34:231][157]LogModuleManager: Shutting down and abandoning module TextureCompressor (30)
[2018.11.15-03.13.34:231][157]LogModuleManager: Shutting down and abandoning module ShaderCore (28)
[2018.11.15-03.13.34:231][157]LogModuleManager: Shutting down and abandoning module Landscape (26)
[2018.11.15-03.13.34:231][157]LogModuleManager: Shutting down and abandoning module SlateRHIRenderer (24)
[2018.11.15-03.13.34:231][157]LogModuleManager: Shutting down and abandoning module OpenGLDrv (22)
[2018.11.15-03.13.34:231][157]LogModuleManager: Shutting down and abandoning module D3D11RHI (20)
[2018.11.15-03.13.34:231][157]LogModuleManager: Shutting down and abandoning module AnimGraphRuntime (18)
[2018.11.15-03.13.34:231][157]LogModuleManager: Shutting down and abandoning module Renderer (16)
[2018.11.15-03.13.34:231][157]LogModuleManager: Shutting down and abandoning module Engine (14)
[2018.11.15-03.13.34:231][157]LogModuleManager: Shutting down and abandoning module CoreUObject (12)
[2018.11.15-03.13.34:231][157]LogModuleManager: Shutting down and abandoning module NetworkFile (10)
[2018.11.15-03.13.34:232][157]LogModuleManager: Shutting down and abandoning module CookedIterativeFile (8)
[2018.11.15-03.13.34:232][157]LogModuleManager: Shutting down and abandoning module StreamingFile (6)
[2018.11.15-03.13.34:232][157]LogModuleManager: Shutting down and abandoning module SandboxFile (4)
[2018.11.15-03.13.34:232][157]LogModuleManager: Shutting down and abandoning module PakFile (2)
[2018.11.15-03.13.34:238][157]LogExit: Exiting.
[2018.11.15-03.13.34:243][157]Log file closed, 11/14/18 20:13:34
