Log file open, 10/22/18 19:51:57
LogWindows: Failed to load 'aqProf.dll' (GetLastError=126)
LogWindows: File 'aqProf.dll' does not exist
LogWindows: Failed to load 'VSPerf140.dll' (GetLastError=126)
LogWindows: File 'VSPerf140.dll' does not exist
LogWindows: Failed to load 'VtuneApi.dll' (GetLastError=126)
LogWindows: File 'VtuneApi.dll' does not exist
LogWindows: Failed to load 'VtuneApi32e.dll' (GetLastError=126)
LogWindows: File 'VtuneApi32e.dll' does not exist
LogInit: Display: Running engine for game: APsec1LargeCityBase
LogPlatformFile: Not using cached read wrapper
LogTaskGraph: Started task graph with 5 named threads and 14 total threads with 3 sets of task threads.
LogStats: Stats thread started at 0.858138
LogD3D11RHI: Loaded GFSDK_Aftermath_Lib.x64.dll
LogICUInternationalization: Display: ICU TimeZone Detection - Raw Offset: -7:00, Platform Override: ''
LogPluginManager: Mounting plugin Paper2D
LogPluginManager: Mounting plugin AISupport
LogPluginManager: Mounting plugin LightPropagationVolume
LogPluginManager: Mounting plugin CLionSourceCodeAccess
LogPluginManager: Mounting plugin CodeLiteSourceCodeAccess
LogPluginManager: Mounting plugin GitSourceControl
LogPluginManager: Mounting plugin KDevelopSourceCodeAccess
LogPluginManager: Mounting plugin NullSourceCodeAccess
LogPluginManager: Mounting plugin PerforceSourceControl
LogPluginManager: Mounting plugin SubversionSourceControl
LogPluginManager: Mounting plugin UObjectPlugin
LogPluginManager: Mounting plugin VisualStudioCodeSourceCodeAccess
LogPluginManager: Mounting plugin VisualStudioSourceCodeAccess
LogPluginManager: Mounting plugin XCodeSourceCodeAccess
LogPluginManager: Mounting plugin AssetManagerEditor
LogPluginManager: Mounting plugin CryptoKeys
LogPluginManager: Mounting plugin DataValidation
LogPluginManager: Mounting plugin FacialAnimation
LogPluginManager: Mounting plugin GameplayTagsEditor
LogPluginManager: Mounting plugin MacGraphicsSwitching
LogPluginManager: Mounting plugin MeshEditor
LogPluginManager: Mounting plugin MobileLauncherProfileWizard
LogPluginManager: Mounting plugin PluginBrowser
LogPluginManager: Mounting plugin SpeedTreeImporter
LogPluginManager: Mounting plugin DatasmithContent
LogPluginManager: Mounting plugin AlembicImporter
LogPluginManager: Mounting plugin AppleImageUtils
LogPluginManager: Mounting plugin AppleVision
LogPluginManager: Mounting plugin BackChannel
LogPluginManager: Mounting plugin CharacterAI
LogPluginManager: Mounting plugin GeometryCache
LogPluginManager: Mounting plugin HTML5Networking
LogPluginManager: Mounting plugin ProxyLODPlugin
LogPluginManager: Mounting plugin MagicLeap
LogPluginManager: Mounting plugin MagicLeapEmulator
LogPluginManager: Mounting plugin MagicLeapMedia
LogPluginManager: Mounting plugin AndroidMedia
LogPluginManager: Mounting plugin AvfMedia
LogPluginManager: Mounting plugin ImgMedia
LogPluginManager: Mounting plugin LinearTimecode
LogPluginManager: Mounting plugin MediaCompositing
LogPluginManager: Mounting plugin MediaPlayerEditor
LogPluginManager: Mounting plugin WmfMedia
LogPluginManager: Mounting plugin TcpMessaging
LogPluginManager: Mounting plugin UdpMessaging
LogPluginManager: Mounting plugin ActorSequence
LogPluginManager: Mounting plugin LevelSequenceEditor
LogPluginManager: Mounting plugin MatineeToLevelSequence
LogPluginManager: Mounting plugin NetcodeUnitTest
LogPluginManager: Mounting plugin NUTUnrealEngine4
LogPluginManager: Mounting plugin OnlineSubsystemGooglePlay
LogPluginManager: Mounting plugin OnlineSubsystemIOS
LogPluginManager: Mounting plugin OnlineSubsystem
LogPluginManager: Mounting plugin OnlineSubsystemNull
LogPluginManager: Mounting plugin OnlineSubsystemUtils
LogPluginManager: Mounting plugin LauncherChunkInstaller
LogPluginManager: Mounting plugin AndroidDeviceProfileSelector
LogPluginManager: Mounting plugin AndroidMoviePlayer
LogPluginManager: Mounting plugin AndroidPermission
LogPluginManager: Mounting plugin AppleMoviePlayer
LogPluginManager: Mounting plugin ArchVisCharacter
LogPluginManager: Mounting plugin AudioCapture
LogPluginManager: Mounting plugin CableComponent
LogPluginManager: Mounting plugin CustomMeshComponent
LogPluginManager: Mounting plugin EditableMesh
LogPluginManager: Mounting plugin ExampleDeviceProfileSelector
LogPluginManager: Mounting plugin GoogleCloudMessaging
LogPluginManager: Mounting plugin ImmediatePhysics
LogPluginManager: Mounting plugin IOSDeviceProfileSelector
LogPluginManager: Mounting plugin LinuxDeviceProfileSelector
LogPluginManager: Mounting plugin LocationServicesBPLibrary
LogPluginManager: Mounting plugin MobilePatchingUtils
LogPluginManager: Mounting plugin OculusVR
LogPluginManager: Plugin shader directory ../../../Engine/Plugins/Runtime/Oculus/OculusVR/Shaders found
LogPluginManager: Mapping shader source directory ../../../Engine/Plugins/Runtime/Oculus/OculusVR/Shaders to virtual directory /Plugin/OculusVR
LogPluginManager: Mounting plugin PhysXVehicles
LogPluginManager: Mounting plugin ProceduralMeshComponent
LogPluginManager: Mounting plugin RuntimePhysXCooking
LogPluginManager: Mounting plugin SteamVR
LogPluginManager: Mounting plugin WindowsMoviePlayer
LogStreaming: Display: Took  0.134s to configure plugins.
LogInit: Using libcurl 7.55.1-DEV
LogInit:  - built for x86_64-pc-win32
LogInit:  - supports SSL with OpenSSL/1.0.2h
LogInit:  - supports HTTP deflate (compression) using libz 1.2.8
LogInit:  - other features:
LogInit:      CURL_VERSION_SSL
LogInit:      CURL_VERSION_LIBZ
LogInit:      CURL_VERSION_IPV6
LogInit:      CURL_VERSION_ASYNCHDNS
LogInit:      CURL_VERSION_LARGEFILE
LogInit:      CURL_VERSION_IDN
LogInit:  CurlRequestOptions (configurable via config and command line):
LogInit:  - bVerifyPeer = false  - Libcurl will NOT verify peer certificate
LogInit:  - bUseHttpProxy = false  - Libcurl will NOT use HTTP proxy
LogInit:  - bDontReuseConnections = false  - Libcurl will reuse connections
LogInit:  - CertBundlePath = nullptr  - Libcurl will use whatever was configured at build time.
LogInit:  - MaxHostConnections = 16  - Libcurl will limit the number of connections to a host
LogInit:  - LocalHostAddr = Default
LogInit:  - BufferSize = 65536
LogInit: WinSock: version 1.1 (2.2), MaxSocks=32767, MaxUdp=65467
LogInit: Build: ++UE4+Release-4.20-CL-4233996
LogInit: Engine Version: 4.20.1-4233996+++UE4+Release-4.20
LogInit: Compatible Engine Version: 4.20.0-4212847+++UE4+Release-4.20
LogInit: Net CL: 4212847
LogInit: OS: Windows 10 (), CPU: Intel(R) Core(TM) i5-6300HQ CPU @ 2.30GHz, GPU: Intel(R) HD Graphics 530
LogInit: Compiled (64-bit): Jul 26 2018 10:07:30
LogInit: Compiled with Visual C++: 19.13.26129.00
LogInit: Build Configuration: Development
LogInit: Branch Name: ++UE4+Release-4.20
LogInit: Command Line:  
LogInit: Base Directory: D:/Unreal/UE_4.20/Engine/Binaries/Win64/
LogInit: Installed Engine Build: 1
LogDevObjectVersion: Number of dev versions registered: 20
LogDevObjectVersion:   Dev-Blueprints (B0D832E4-1F89-4F0D-ACCF-7EB736FD4AA2): 10
LogDevObjectVersion:   Dev-Build (E1C64328-A22C-4D53-A36C-8E866417BD8C): 0
LogDevObjectVersion:   Dev-Core (375EC13C-06E4-48FB-B500-84F0262A717E): 2
LogDevObjectVersion:   Dev-Editor (E4B068ED-F494-42E9-A231-DA0B2E46BB41): 24
LogDevObjectVersion:   Dev-Framework (CFFC743F-43B0-4480-9391-14DF171D2073): 34
LogDevObjectVersion:   Dev-Mobile (B02B49B5-BB20-44E9-A304-32B752E40360): 2
LogDevObjectVersion:   Dev-Networking (A4E4105C-59A1-49B5-A7C5-40C4547EDFEE): 0
LogDevObjectVersion:   Dev-Online (39C831C9-5AE6-47DC-9A44-9C173E1C8E7C): 0
LogDevObjectVersion:   Dev-Physics (78F01B33-EBEA-4F98-B9B4-84EACCB95AA2): 0
LogDevObjectVersion:   Dev-Platform (6631380F-2D4D-43E0-8009-CF276956A95A): 0
LogDevObjectVersion:   Dev-Rendering (12F88B9F-8875-4AFC-A67C-D90C383ABD29): 26
LogDevObjectVersion:   Dev-Sequencer (7B5AE74C-D270-4C10-A958-57980B212A5A): 9
LogDevObjectVersion:   Dev-VR (D7296918-1DD6-4BDD-9DE2-64A83CC13884): 2
LogDevObjectVersion:   Dev-LoadTimes (C2A15278-BFE7-4AFE-6C17-90FF531DF755): 1
LogDevObjectVersion:   Private-Geometry (6EACA3D4-40EC-4CC1-B786-8BED09428FC5): 3
LogDevObjectVersion:   Dev-AnimPhys (29E575DD-E0A3-4627-9D10-D276232CDCEA): 17
LogDevObjectVersion:   Dev-ReflectionCapture (6B266CEC-1EC7-4B8F-A30B-E4D90942FC07): 1
LogDevObjectVersion:   Dev-Automation (0DF73D61-A23F-47EA-B727-89E90C41499A): 1
LogDevObjectVersion:   FortniteMain (601D1886-AC64-4F84-AA16-D3DE0DEAC7D6): 12
LogDevObjectVersion:   Dev-Enterprise (9DFFBCD6-494F-0158-E221-12823C92A888): 1
LogStreaming: Display: Took  0.003s to delete old logs.
LogInit: Presizing for max 8388607 objects, including 0 objects not considered by GC, pre-allocating 0 bytes for permanent pool.
LogInit: Object subsystem initialized
[2018.10.23-01.51.58:542][  0]LogInit: Selected Device Profile: [Windows]
[2018.10.23-01.51.58:542][  0]LogInit: Applying CVar settings loaded from the selected device profile: [Windows]
[2018.10.23-01.51.58:563][  0]LogHAL: Display: Platform has ~ 8 GB [8444403712 / 8589934592 / 8], which maps to Default [LargestMinGB=32, LargerMinGB=12, DefaultMinGB=8, SmallerMinGB=6, SmallestMinGB=0)
[2018.10.23-01.51.58:563][  0]LogInit: Setting Device Profile CVar: [[r.Vulkan.UseRealUBs:1]]
[2018.10.23-01.51.58:564][  0]LogInit: Going up to parent DeviceProfile []
[2018.10.23-01.51.58:571][  0]LogInit: Computer: DESKTOP-2U81M9K
[2018.10.23-01.51.58:571][  0]LogInit: User: Dell
[2018.10.23-01.51.58:571][  0]LogInit: CPU Page size=4096, Cores=4
[2018.10.23-01.51.58:571][  0]LogInit: High frequency timer resolution =2.250002 MHz
[2018.10.23-01.51.58:571][  0]LogMemory: Memory total: Physical=7.9GB (8GB approx)
[2018.10.23-01.51.58:571][  0]LogMemory: Platform Memory Stats for Windows
[2018.10.23-01.51.58:571][  0]LogMemory: Process Physical Memory: 99.88 MB used, 99.88 MB peak
[2018.10.23-01.51.58:571][  0]LogMemory: Process Virtual Memory: 84.34 MB used, 84.34 MB peak
[2018.10.23-01.51.58:571][  0]LogMemory: Physical Memory: 4691.05 MB used,  3362.16 MB free, 8053.21 MB total
[2018.10.23-01.51.58:571][  0]LogMemory: Virtual Memory: 4620.34 MB used,  3362.16 MB free, 134217728.00 MB total
[2018.10.23-01.51.59:462][  0]LogInit: Using OS detected language (en-US).
[2018.10.23-01.51.59:462][  0]LogInit: Using OS detected locale (en-US).
[2018.10.23-01.51.59:467][  0]LogTextLocalizationManager: No specific localization for 'en-US' exists, so the 'en' localization will be used.
[2018.10.23-01.52.00:067][  0]LogStreaming: Display: Took  0.599s to InitEngineTextLocalization.
[2018.10.23-01.52.00:068][  0]LogInit: Setting process to per monitor DPI aware
[2018.10.23-01.52.00:205][  0]LogSlate: New Slate User Created.  User Index 0, Is Virtual User: 0
[2018.10.23-01.52.00:205][  0]LogSlate: Slate User Registered.  User Index 0, Is Virtual User: 0
[2018.10.23-01.52.03:504][  0]LogHMD: Failed to initialize OpenVR with code 126
[2018.10.23-01.52.03:504][  0]LogD3D11RHI: D3D11 adapters:
[2018.10.23-01.52.03:710][  0]LogD3D11RHI:    0. 'NVIDIA GeForce GTX 960M' (Feature Level 11_0)
[2018.10.23-01.52.03:710][  0]LogD3D11RHI:       4055/0/4026 MB DedicatedVideo/DedicatedSystem/SharedSystem, Outputs:1, VendorId:0x10de
[2018.10.23-01.52.03:727][  0]LogD3D11RHI:    1. 'Intel(R) HD Graphics 530' (Feature Level 11_0)
[2018.10.23-01.52.03:727][  0]LogD3D11RHI:       128/0/4026 MB DedicatedVideo/DedicatedSystem/SharedSystem, Outputs:0, VendorId:0x8086
[2018.10.23-01.52.03:730][  0]LogD3D11RHI:    2. 'Microsoft Basic Render Driver' (Feature Level 11_0)
[2018.10.23-01.52.03:730][  0]LogD3D11RHI:       0/0/4026 MB DedicatedVideo/DedicatedSystem/SharedSystem, Outputs:0, VendorId:0x1414
[2018.10.23-01.52.03:730][  0]LogD3D11RHI: Chosen D3D11 Adapter: 0
[2018.10.23-01.52.03:752][  0]LogD3D11RHI: Creating new Direct3DDevice
[2018.10.23-01.52.03:752][  0]LogD3D11RHI:     GPU DeviceId: 0x139b (for the marketing name, search the web for "GPU Device Id")
[2018.10.23-01.52.03:752][  0]LogWindows: EnumDisplayDevices:
[2018.10.23-01.52.03:752][  0]LogWindows:    0. 'Intel(R) HD Graphics 530' (P:1 D:1)
[2018.10.23-01.52.03:752][  0]LogWindows:    1. 'Intel(R) HD Graphics 530' (P:0 D:0)
[2018.10.23-01.52.03:753][  0]LogWindows:    2. 'Intel(R) HD Graphics 530' (P:0 D:0)
[2018.10.23-01.52.03:753][  0]LogWindows: DebugString: PrimaryIsNotTheChoosenAdapter PrimaryIsNotTheChoosenAdapter PrimaryIsNotTheChoosenAdapter FoundDriverCount:0 
[2018.10.23-01.52.03:753][  0]LogD3D11RHI:     Adapter Name: NVIDIA GeForce GTX 960M
[2018.10.23-01.52.03:753][  0]LogD3D11RHI:   Driver Version: Unknown (internal:Unknown, unified:Unknown)
[2018.10.23-01.52.03:753][  0]LogD3D11RHI:      Driver Date: Unknown
[2018.10.23-01.52.03:753][  0]LogRHI: Texture pool is 2839 MB (70% of 4055 MB)
[2018.10.23-01.52.03:800][  0]LogD3D11RHI: Async texture creation enabled
[2018.10.23-01.52.03:860][  0]LogD3D11RHI: GPU Timing Frequency: 1000.000000 (Debug: 2 2)
[2018.10.23-01.52.03:864][  0]LogShaderCompilers: Guid format shader working directory is -23 characters bigger than the processId version (C:/Users/Dell/Documents/GitHub/AssetPipeMaster02/APsec1LargeCityBase/Intermediate/Shaders/WorkingDirectory/2600/).
[2018.10.23-01.52.03:864][  0]LogShaderCompilers: Cleaned the shader compiler working directory 'C:/Users/Dell/AppData/Local/Temp/UnrealShaderWorkingDir/D607BA2446A1E5BC1ABBB6B717AE7167/'.
[2018.10.23-01.52.04:467][  0]LogTemp: Display: Loaded TP AllDesktopTargetPlatform
[2018.10.23-01.52.04:493][  0]LogTemp: Display: Loaded TP MacClientTargetPlatform
[2018.10.23-01.52.04:519][  0]LogTemp: Display: Loaded TP MacNoEditorTargetPlatform
[2018.10.23-01.52.04:547][  0]LogTemp: Display: Loaded TP MacServerTargetPlatform
[2018.10.23-01.52.04:578][  0]LogTemp: Display: Loaded TP MacTargetPlatform
[2018.10.23-01.52.04:605][  0]LogTemp: Display: Loaded TP WindowsClientTargetPlatform
[2018.10.23-01.52.04:632][  0]LogTemp: Display: Loaded TP WindowsNoEditorTargetPlatform
[2018.10.23-01.52.04:661][  0]LogTemp: Display: Loaded TP WindowsServerTargetPlatform
[2018.10.23-01.52.04:681][  0]LogTemp: Display: Loaded TP WindowsTargetPlatform
[2018.10.23-01.52.04:800][  0]LogTemp: Display: Loaded TP AndroidTargetPlatform
[2018.10.23-01.52.04:800][  0]LogTemp: Display: Loaded TP AndroidTargetPlatform
[2018.10.23-01.52.04:800][  0]LogTemp: Display: Loaded TP AndroidTargetPlatform
[2018.10.23-01.52.04:800][  0]LogTemp: Display: Loaded TP AndroidTargetPlatform
[2018.10.23-01.52.04:800][  0]LogTemp: Display: Loaded TP AndroidTargetPlatform
[2018.10.23-01.52.04:800][  0]LogTemp: Display: Loaded TP AndroidTargetPlatform
[2018.10.23-01.52.04:800][  0]LogTemp: Display: Loaded TP AndroidTargetPlatform
[2018.10.23-01.52.04:800][  0]LogTemp: Display: Loaded TP AndroidTargetPlatform
[2018.10.23-01.52.04:800][  0]LogTemp: Display: Loaded TP AndroidTargetPlatform
[2018.10.23-01.52.04:800][  0]LogTemp: Display: Loaded TP AndroidTargetPlatform
[2018.10.23-01.52.04:800][  0]LogTemp: Display: Loaded TP AndroidTargetPlatform
[2018.10.23-01.52.04:800][  0]LogTemp: Display: Loaded TP AndroidTargetPlatform
[2018.10.23-01.52.04:800][  0]LogTemp: Display: Loaded TP AndroidTargetPlatform
[2018.10.23-01.52.04:800][  0]LogTemp: Display: Loaded TP AndroidTargetPlatform
[2018.10.23-01.52.04:800][  0]LogTemp: Display: Loaded TP AndroidTargetPlatform
[2018.10.23-01.52.04:800][  0]LogTemp: Display: Loaded TP AndroidTargetPlatform
[2018.10.23-01.52.04:800][  0]LogTemp: Display: Loaded TP AndroidTargetPlatform
[2018.10.23-01.52.04:800][  0]LogTemp: Display: Loaded TP AndroidTargetPlatform
[2018.10.23-01.52.04:815][  0]LogTemp: Display: Loaded TP HTML5TargetPlatform
[2018.10.23-01.52.04:946][  0]LogTemp: Display: Loaded TP IOSTargetPlatform
[2018.10.23-01.52.04:946][  0]LogTemp: Display: Loaded TP IOSTargetPlatform
[2018.10.23-01.52.04:985][  0]LogTemp: Display: Loaded TP TVOSTargetPlatform
[2018.10.23-01.52.04:985][  0]LogTemp: Display: Loaded TP TVOSTargetPlatform
[2018.10.23-01.52.05:012][  0]LogTemp: Display: Loaded TP LinuxClientTargetPlatform
[2018.10.23-01.52.05:041][  0]LogTemp: Display: Loaded TP LinuxNoEditorTargetPlatform
[2018.10.23-01.52.05:067][  0]LogTemp: Display: Loaded TP LinuxServerTargetPlatform
[2018.10.23-01.52.05:103][  0]LogTemp: Display: Loaded TP LinuxTargetPlatform
[2018.10.23-01.52.05:126][  0]LogTemp: Display: Loaded TP LuminTargetPlatform
[2018.10.23-01.52.05:126][  0]LogTargetPlatformManager: Display: Building Assets For Windows
[2018.10.23-01.52.05:579][  0]LogXGEController: Cleaning working directory: C:/Users/Dell/AppData/Local/Temp/UnrealXGEWorkingDir/
[2018.10.23-01.52.05:579][  0]LogXGEController: Cannot use XGE Controller as Incredibuild is not installed on this machine.
[2018.10.23-01.52.05:579][  0]LogShaderCompilers: Cannot use XGE Shader Compiler as Incredibuild is not installed on this machine.
[2018.10.23-01.52.05:579][  0]LogShaderCompilers: Display: Using Local Shader Compiler.
[2018.10.23-01.52.07:819][  0]LogDerivedDataCache: Display: Max Cache Size: 512 MB
[2018.10.23-01.52.08:111][  0]LogDerivedDataCache: Loaded boot cache 0.29s 71MB C:/Users/Dell/AppData/Local/UnrealEngine/4.20/DerivedDataCache/Boot.ddc.
[2018.10.23-01.52.08:111][  0]LogDerivedDataCache: Display: Loaded Boot cache: C:/Users/Dell/AppData/Local/UnrealEngine/4.20/DerivedDataCache/Boot.ddc
[2018.10.23-01.52.08:112][  0]LogDerivedDataCache: FDerivedDataBackendGraph:  Pak pak cache file C:/Users/Dell/Documents/GitHub/AssetPipeMaster02/APsec1LargeCityBase/DerivedDataCache/DDC.ddp not found, will not use a pak cache.
[2018.10.23-01.52.08:112][  0]LogDerivedDataCache: Unable to find inner node Pak for hierarchical cache Hierarchy.
[2018.10.23-01.52.08:112][  0]LogDerivedDataCache: FDerivedDataBackendGraph:  CompressedPak pak cache file C:/Users/Dell/Documents/GitHub/AssetPipeMaster02/APsec1LargeCityBase/DerivedDataCache/Compressed.ddp not found, will not use a pak cache.
[2018.10.23-01.52.08:112][  0]LogDerivedDataCache: Unable to find inner node CompressedPak for hierarchical cache Hierarchy.
[2018.10.23-01.52.08:145][  0]LogDerivedDataCache: Display: Pak cache opened for reading ../../../Engine/DerivedDataCache/Compressed.ddp.
[2018.10.23-01.52.08:158][  0]LogDerivedDataCache: Using Local data cache path C:/Users/Dell/AppData/Local/UnrealEngine/Common/DerivedDataCache: Writable
[2018.10.23-01.52.08:158][  0]LogDerivedDataCache: Shared data cache path not found in *engine.ini, will not use an Shared cache.
[2018.10.23-01.52.08:158][  0]LogDerivedDataCache: Unable to find inner node Shared for hierarchical cache Hierarchy.
[2018.10.23-01.52.08:188][  0]LogMaterial: Verifying Global Shaders for PCD3D_SM5
[2018.10.23-01.52.08:197][  0]LogSlate: Using FreeType 2.6.0
[2018.10.23-01.52.08:223][  0]LogSlate: SlateFontServices - WITH_FREETYPE: 1, WITH_HARFBUZZ: 1
[2018.10.23-01.52.08:564][  0]LogAssetRegistry: FAssetRegistry took 0.0320 seconds to start up
[2018.10.23-01.52.09:205][  0]LogInit: Selected Device Profile: [Windows]
[2018.10.23-01.52.09:734][  0]LogSimplygon: Simplygon DLL not present - disabling.
[2018.10.23-01.52.09:782][  0]LogMeshReduction: Using SimplygonSwarm for distributed automatic mesh merging
[2018.10.23-01.52.09:782][  0]LogMeshReduction: Using ProxyLODMeshReduction for automatic mesh merging
[2018.10.23-01.52.09:783][  0]LogMeshReduction: Using QuadricMeshReduction for automatic static mesh reduction
[2018.10.23-01.52.09:783][  0]LogMeshReduction: No automatic skeletal mesh reduction module available
[2018.10.23-01.52.09:869][  0]LogNetVersion: APsec1LargeCityBase 1.0.0, NetCL: 4212847, EngineNetVer: 5, GameNetVer: 0 (Checksum: 1121110827)
[2018.10.23-01.52.11:379][  0]LogPackageLocalizationCache: Processed 11 localized package path(s) for 2 prioritized culture(s) in 0.143769 seconds
[2018.10.23-01.52.11:389][  0]LogUObjectArray: 38425 objects as part of root set at end of initial load.
[2018.10.23-01.52.11:389][  0]LogUObjectAllocator: 6690864 out of 0 bytes used by permanent object pool.
[2018.10.23-01.52.11:389][  0]LogUObjectArray: CloseDisregardForGC: 0/0 objects in disregard for GC pool
[2018.10.23-01.52.15:891][  0]LogTcpMessaging: Initializing TcpMessaging bridge
[2018.10.23-01.52.15:921][  0]LogUdpMessaging: Initializing bridge on interface 0.0.0.0:0 to multicast group 230.0.0.1:6666.
[2018.10.23-01.52.16:480][  0]SourceControl: Source control is disabled
[2018.10.23-01.52.16:481][  0]SourceControl: Source control is disabled
[2018.10.23-01.52.16:511][  0]SourceControl: Source control is disabled
[2018.10.23-01.52.16:529][  0]SourceControl: Source control is disabled
[2018.10.23-01.52.17:344][  0]LogAndroidPermission: UAndroidPermissionCallbackProxy::GetInstance
[2018.10.23-01.52.17:507][  0]LogOcInput: OculusInput pre-init called
[2018.10.23-01.52.17:726][  0]LogEngine: Initializing Engine...
[2018.10.23-01.52.17:762][  0]LogHMD: Failed to initialize OpenVR with code 126
[2018.10.23-01.52.17:768][  0]LogStats: UGameplayTagsManager::ConstructGameplayTagTree: ImportINI prefixes -  0.001 s
[2018.10.23-01.52.17:768][  0]LogStats: UGameplayTagsManager::ConstructGameplayTagTree: Construct from data asset -  0.000 s
[2018.10.23-01.52.17:769][  0]LogStats: UGameplayTagsManager::ConstructGameplayTagTree: ImportINI -  0.000 s
[2018.10.23-01.52.17:769][  0]LogStats: UGameplayTagsManager::ConstructGameplayTagTree: GameplayTagTreeChangedEvent.Broadcast -  0.000 s
[2018.10.23-01.52.18:107][  0]LogInit: Initializing FReadOnlyCVARCache
[2018.10.23-01.52.18:201][  0]LogAIModule: Creating AISystem for world Untitled
[2018.10.23-01.52.18:252][  0]LogInit: XAudio2 using 'Speakers / Headphones (Realtek Audio)' : 2 channels at 48 kHz using 32 bits per sample (channel mask 0x3)
[2018.10.23-01.52.18:420][  0]LogInit: FAudioDevice initialized.
[2018.10.23-01.52.18:422][  0]LogNetVersion: Set ProjectVersion to 1.0.0.0. Version Checksum will be recalculated on next use.
[2018.10.23-01.52.18:555][  0]LogDerivedDataCache: Saved boot cache 0.13s 71MB C:/Users/Dell/AppData/Local/UnrealEngine/4.20/DerivedDataCache/Boot.ddc.
[2018.10.23-01.52.18:568][  0]LogInit: Texture streaming: Enabled
[2018.10.23-01.52.18:650][  0]LogEngineSessionManager: EngineSessionManager initialized
[2018.10.23-01.52.18:698][  0]LogInit: Transaction tracking system initialized
[2018.10.23-01.52.18:845][  0]BlueprintLog: New page: Editor Load
[2018.10.23-01.52.19:356][  0]LocalizationService: Localization service is disabled
[2018.10.23-01.52.20:043][  0]LogFileCache: Scanning file cache for directory 'C:/Users/Dell/Documents/GitHub/AssetPipeMaster02/APsec1LargeCityBase/Content/' took 0.02s
[2018.10.23-01.52.20:043][  0]LogCook: Display: Max memory allowance for cook 16384mb min free memory 0mb
[2018.10.23-01.52.20:043][  0]LogCook: Display: Mobile HDR setting 1
[2018.10.23-01.52.20:045][  0]LogGameplayTags: Display: UGameplayTagsManager::DoneAddingNativeTags. DelegateIsBound: 0
[2018.10.23-01.52.20:045][  0]LogStats: UGameplayTagsManager::ConstructGameplayTagTree: ImportINI prefixes -  0.000 s
[2018.10.23-01.52.20:045][  0]LogStats: UGameplayTagsManager::ConstructGameplayTagTree: Construct from data asset -  0.000 s
[2018.10.23-01.52.20:045][  0]LogStats: UGameplayTagsManager::ConstructGameplayTagTree: ImportINI -  0.000 s
[2018.10.23-01.52.20:045][  0]LogStats: UGameplayTagsManager::ConstructGameplayTagTree: GameplayTagTreeChangedEvent.Broadcast -  0.000 s
[2018.10.23-01.52.20:729][  0]SourceControl: Source control is disabled
[2018.10.23-01.52.20:731][  0]Cmd: MAP LOAD FILE="../../../Engine/Content/Maps/Templates/Template_Default.umap" TEMPLATE=1 SHOWPROGRESS=1 FEATURELEVEL=3
[2018.10.23-01.52.20:734][  0]LightingResults: New page: Lighting Build
[2018.10.23-01.52.20:756][  0]MapCheck: New page: Map Check
[2018.10.23-01.52.20:757][  0]LightingResults: New page: Lighting Build
[2018.10.23-01.52.21:144][  0]LogAIModule: Creating AISystem for world Untitled_1
[2018.10.23-01.52.21:221][  0]LogEditorServer: Finished looking for orphan Actors (0.000 secs)
[2018.10.23-01.52.21:259][  0]Cmd: MAP CHECKDEP NOCLEARLOG
[2018.10.23-01.52.21:324][  0]MapCheck: Map check complete: 0 Error(s), 0 Warning(s), took 64.041ms to complete.
[2018.10.23-01.52.21:324][  0]LogFileHelpers: Loading map 'Template_Default' took 0.595
[2018.10.23-01.52.21:547][  0]LogSlate: Updating window title bar state: overlay mode, drag disabled, window buttons hidden, title bar hidden
[2018.10.23-01.52.21:559][  0]LogSlate: Updating window title bar state: overlay mode, drag disabled, window buttons hidden, title bar hidden
[2018.10.23-01.52.21:569][  0]LogSlate: Updating window title bar state: overlay mode, drag disabled, window buttons hidden, title bar hidden
[2018.10.23-01.52.21:577][  0]LogSlate: Updating window title bar state: overlay mode, drag disabled, window buttons hidden, title bar hidden
[2018.10.23-01.52.21:611][  0]LogCollectionManager: Loaded 0 collections in 0.000972 seconds
[2018.10.23-01.52.21:680][  0]LogFileCache: Scanning file cache for directory 'C:/Users/Dell/Documents/GitHub/AssetPipeMaster02/APsec1LargeCityBase/Saved/Collections/' took 0.01s
[2018.10.23-01.52.21:680][  0]LogFileCache: Scanning file cache for directory 'C:/Users/Dell/Documents/GitHub/AssetPipeMaster02/APsec1LargeCityBase/Content/Developers/Dell/Collections/' took 0.01s
[2018.10.23-01.52.21:680][  0]LogFileCache: Scanning file cache for directory 'C:/Users/Dell/Documents/GitHub/AssetPipeMaster02/APsec1LargeCityBase/Content/Collections/' took 0.01s
[2018.10.23-01.52.21:680][  0]LogCollectionManager: Rebuilt the GUID cache for 0 collections in 0.000000 seconds
[2018.10.23-01.52.21:695][  0]LogContentBrowser: Native class hierarchy populated in 0.0125 seconds. Added 2572 classes and 603 folders.
[2018.10.23-01.52.21:715][  0]LogContentBrowser: Native class hierarchy updated for 'WidgetCarousel' in 0.0002 seconds. Added 0 classes and 0 folders.
[2018.10.23-01.52.22:190][  0]LogContentBrowser: Native class hierarchy updated for 'AddContentDialog' in 0.0004 seconds. Added 0 classes and 0 folders.
[2018.10.23-01.52.22:212][  0]LogContentBrowser: Native class hierarchy updated for 'SceneOutliner' in 0.0003 seconds. Added 1 classes and 2 folders.
[2018.10.23-01.52.22:294][  0]LogSlate: Took 0.009313 seconds to synchronously load lazily loaded font '../../../Engine/Content/Slate/Fonts/Roboto-Regular.ttf' (155K)
[2018.10.23-01.52.22:308][  0]LogSlate: Took 0.007941 seconds to synchronously load lazily loaded font '../../../Engine/Content/Slate/Fonts/Roboto-Bold.ttf' (160K)
[2018.10.23-01.52.22:491][  0]LogRenderer: Reallocating scene render targets to support 844x436 Format 10 NumSamples 1 (Frame:1).
[2018.10.23-01.52.22:795][  0]LogContentBrowser: Native class hierarchy updated for 'HierarchicalLODOutliner' in 0.0003 seconds. Added 0 classes and 0 folders.
[2018.10.23-01.52.22:795][  0]LogLoad: (Engine Initialization) Total time: 29.48 seconds
[2018.10.23-01.52.22:795][  0]LogLoad: (Engine Initialization) Total Blueprint compile time: 0.00 seconds
[2018.10.23-01.52.22:869][  0]LogContentStreaming: Texture pool size now 3000 MB
[2018.10.23-01.52.22:918][  1]LogAssetRegistry: Asset discovery search completed in 14.3787 seconds
[2018.10.23-01.52.22:920][  1]LogCollectionManager: Rebuilt the object cache for 0 collections in 0.000000 seconds (found 0 objects)
[2018.10.23-01.52.22:920][  1]LogCollectionManager: Fixed up redirectors for 0 collections in 0.000064 seconds (updated 0 objects)
[2018.10.23-01.52.37:446][ 65]LogSlate: FSceneViewport::OnFocusLost() reason 0
[2018.10.23-01.52.37:623][ 67]LogSlate: Took 0.014428 seconds to synchronously load lazily loaded font '../../../Engine/Content/Editor/Slate/Fonts/FontAwesome.ttf' (139K)
[2018.10.23-01.53.33:269][431]LogSlate: Took 0.008708 seconds to synchronously load lazily loaded font '../../../Engine/Content/Slate/Fonts/Roboto-Light.ttf' (167K)
[2018.10.23-01.53.33:990][431]LogTexture: Display: Building textures: HQ_Lightmap1_2 (AutoDXT, 64X64)
[2018.10.23-01.53.33:990][431]LogTexture: Display: Building textures: HQ_Lightmap1_1 (AutoDXT, 1024X1024)
[2018.10.23-01.53.33:990][431]LogTexture: Display: Building textures: LQ_Lightmap_1_1 (DXT1, 1024X1024)
[2018.10.23-01.53.33:990][431]LogTexture: Display: Building textures: LQ_Lightmap_1_2 (DXT1, 64X64)
[2018.10.23-01.53.33:991][431]LogTexture: Display: Building textures: ShadowMapTexture2D_14 (G8, 1024X256)
[2018.10.23-01.53.33:991][431]LogTexture: Display: Building textures: ShadowMapTexture2D_15 (G8, 32X32)
[2018.10.23-01.53.33:991][431]LogTexture: Display: Building textures: streetLines001 (AutoDXT, 2048X2048)
[2018.10.23-01.53.34:100][431]LogTexture: Display: Building textures: WoodTexture004 (AutoDXT, 2048X2048)
[2018.10.23-01.53.34:100][431]LogStaticMesh: Building static mesh SM_MERGED_tractorBase...
[2018.10.23-01.53.34:663][431]LogTexture: Display: Building textures: N_WoodTexture001_AP (BGRA8, 2299X2299)
[2018.10.23-01.53.34:663][431]LogStaticMesh: Built static mesh [0.57s] /Game/Tractor/SM_MERGED_tractorBase.SM_MERGED_tractorBase
[2018.10.23-01.53.36:711][431]LogMaterial: Display: Missing cached shader map for material M_MasterWoodBlock_AP, compiling. 
[2018.10.23-01.53.36:799][431]LogStaticMesh: Building static mesh streetBlocks100X100X30...
[2018.10.23-01.53.36:802][431]LogShaderCompilers: Display: Shaders left to compile 31
[2018.10.23-01.53.36:802][431]LogShaderCompilers: Display: Shaders left to compile 21
[2018.10.23-01.53.36:802][431]LogShaderCompilers: Display: Shaders left to compile 11
[2018.10.23-01.53.36:802][431]LogStaticMesh: Built static mesh [0.00s] /Game/StreetBlocks/streetBlocks100X100X30.streetBlocks100X100X30
[2018.10.23-01.53.36:812][431]LogStaticMesh: Building static mesh streetBlocks100X100X20...
[2018.10.23-01.53.36:819][431]LogStaticMesh: Built static mesh [0.01s] /Game/StreetBlocks/streetBlocks100X100X20.streetBlocks100X100X20
[2018.10.23-01.53.36:824][431]LogMaterial: Display: Missing cached shader map for material M_WBchar_MACH, compiling. 
[2018.10.23-01.53.36:935][431]LogStaticMesh: Building static mesh streetBlocks50RCorner...
[2018.10.23-01.53.36:941][431]LogStaticMesh: Built static mesh [0.01s] /Game/StreetBlocks/streetBlocks50RCorner.streetBlocks50RCorner
[2018.10.23-01.53.36:945][431]LogStaticMesh: Building static mesh streetBlocks50X50X20...
[2018.10.23-01.53.36:947][431]LogStaticMesh: Built static mesh [0.00s] /Game/StreetBlocks/streetBlocks50X50X20.streetBlocks50X50X20
[2018.10.23-01.53.37:229][431]LogStaticMesh: Building static mesh MACHicAssign004WBsize...
[2018.10.23-01.53.37:866][431]LogStaticMesh: Built static mesh [0.64s] /Game/Human4Size/MACHicAssign004WBsize.MACHicAssign004WBsize
[2018.10.23-01.53.37:989][431]LogStaticMesh: Building static mesh streetBlocks100X50X30...
[2018.10.23-01.53.37:994][431]LogStaticMesh: Built static mesh [0.01s] /Game/StreetBlocks/streetBlocks100X50X30.streetBlocks100X50X30
[2018.10.23-01.53.37:998][431]LogStaticMesh: Building static mesh streetBlocks100X50X20...
[2018.10.23-01.53.38:003][431]LogStaticMesh: Built static mesh [0.01s] /Game/StreetBlocks/streetBlocks100X50X20.streetBlocks100X50X20
[2018.10.23-01.53.38:012][431]LogAIModule: Creating AISystem for world StreetSceneLarge
[2018.10.23-01.53.38:030][431]LogAssetEditorManager: Opening Asset editor for World /Game/StreetSceneLarge.StreetSceneLarge
[2018.10.23-01.53.38:079][431]Cmd: MAP LOAD FILE="C:/Users/Dell/Documents/GitHub/AssetPipeMaster02/APsec1LargeCityBase/Content/StreetSceneLarge.umap" TEMPLATE=0 SHOWPROGRESS=1 FEATURELEVEL=3
[2018.10.23-01.53.38:079][431]LightingResults: New page: Lighting Build
[2018.10.23-01.53.38:080][431]LoadErrors: New page: Loading map: StreetSceneLarge.umap
[2018.10.23-01.53.38:084][431]MapCheck: New page: Map Check
[2018.10.23-01.53.38:084][431]LightingResults: New page: Lighting Build
[2018.10.23-01.53.38:131][431]LogEditorServer: Finished looking for orphan Actors (0.000 secs)
[2018.10.23-01.53.38:187][431]Cmd: MAP CHECKDEP NOCLEARLOG
[2018.10.23-01.53.38:266][431]MapCheck: Map check complete: 0 Error(s), 0 Warning(s), took 78.979ms to complete.
[2018.10.23-01.53.38:274][431]LogFileHelpers: Loading map 'StreetSceneLarge' took 0.200
[2018.10.23-01.53.41:336][522]LogShaderCompilers: Display: Shaders left to compile 23
[2018.10.23-01.53.43:002][571]LogEditorViewport: Clicking on Actor (LMB): StaticMeshActor (sideWalkBlock008)
[2018.10.23-01.53.43:363][573]LogShaderCompilers: Display: Shaders left to compile 13
[2018.10.23-01.53.43:444][573]LogShaderCompilers: Display: Shaders left to compile 3
[2018.10.23-01.53.44:093][574]Cmd: CAMERA ALIGN ACTIVEVIEWPORTONLY
[2018.10.23-01.53.51:090][772]LogSlate: FSceneViewport::OnFocusLost() reason 0
[2018.10.23-01.53.51:696][777]LogAIModule: Creating AISystem for world StreetSceneLarge_YCF
[2018.10.23-01.53.51:721][777]LogAssetEditorManager: Opening Asset editor for World /Game/StreetSceneLarge_YCF.StreetSceneLarge_YCF
[2018.10.23-01.53.51:761][777]Cmd: MAP LOAD FILE="C:/Users/Dell/Documents/GitHub/AssetPipeMaster02/APsec1LargeCityBase/Content/StreetSceneLarge_YCF.umap" TEMPLATE=0 SHOWPROGRESS=1 FEATURELEVEL=3
[2018.10.23-01.53.51:761][777]LightingResults: New page: Lighting Build
[2018.10.23-01.53.51:762][777]LoadErrors: New page: Loading map: StreetSceneLarge_YCF.umap
[2018.10.23-01.53.51:766][777]MapCheck: New page: Map Check
[2018.10.23-01.53.51:766][777]LightingResults: New page: Lighting Build
[2018.10.23-01.53.51:815][777]LogEditorServer: Finished looking for orphan Actors (0.000 secs)
[2018.10.23-01.53.51:870][777]Cmd: MAP CHECKDEP NOCLEARLOG
[2018.10.23-01.53.51:940][777]MapCheck: Map check complete: 0 Error(s), 0 Warning(s), took 70.368ms to complete.
[2018.10.23-01.53.51:941][777]LogFileHelpers: Loading map 'StreetSceneLarge_YCF' took 0.182
[2018.10.23-01.55.02:608][153]LogSlate: FSceneViewport::OnFocusLost() reason 0
[2018.10.23-01.55.20:519][576]LogAIModule: Creating AISystem for world StreetSceneLarge
[2018.10.23-01.55.22:793][617]LogD3D11RHI: Error: Result failed 
 at D:\Build\++UE4\Sync\Engine\Source\Runtime\Windows\D3D11RHI\Private\D3D11Query.cpp:146 
 with error DXGI_ERROR_DEVICE_REMOVED DXGI_ERROR_DEVICE_HUNG
[2018.10.23-01.55.22:793][617]LogD3D11RHI: [Aftermath] GDynamicRHI=00000260EE2B0080, GDX11NVAfterMathEnabled=0, Result=0xFFFFFFFF, bDeviceActive=0
[2018.10.23-01.55.22:793][617]LogWindows: Windows GetLastError: The operation completed successfully. (0)
[2018.10.23-01.55.24:847][617]LogWindows: Windows GetLastError: The operation completed successfully. (0)
[2018.10.23-01.55.24:847][617]LogWindows: Error: === Critical error: ===
[2018.10.23-01.55.24:847][617]LogWindows: Error: 
[2018.10.23-01.55.24:847][617]LogWindows: Error: Fatal error: [File:D:\Build\++UE4\Sync\Engine\Source\Runtime\RenderCore\Private\RenderingThread.cpp] [Line: 826] 
[2018.10.23-01.55.24:847][617]LogWindows: Error: Rendering thread exception:
[2018.10.23-01.55.24:847][617]LogWindows: Error: Fatal error: [File:D:\Build\++UE4\Sync\Engine\Source\Runtime\Windows\D3D11RHI\Private\D3D11Util.cpp] [Line: 200] 
[2018.10.23-01.55.24:847][617]LogWindows: Error: Unreal Engine is exiting due to D3D device being lost. (Error: 0x887A0006 - 'HUNG')
[2018.10.23-01.55.24:847][617]LogWindows: Error: 
[2018.10.23-01.55.24:847][617]LogWindows: Error: 
[2018.10.23-01.55.24:847][617]LogWindows: Error: [Callstack] 0x00007ffa2bf3a388 KERNELBASE.dll!UnknownFunction []
[2018.10.23-01.55.24:847][617]LogWindows: Error: [Callstack] 0x00007ff9fdbd6850 UE4Editor-ApplicationCore.dll!UnknownFunction []
[2018.10.23-01.55.24:847][617]LogWindows: Error: [Callstack] 0x00007ff9c71762ec UE4Editor-Core.dll!UnknownFunction []
[2018.10.23-01.55.24:847][617]LogWindows: Error: [Callstack] 0x00007ff9c71051cb UE4Editor-Core.dll!UnknownFunction []
[2018.10.23-01.55.24:847][617]LogWindows: Error: [Callstack] 0x00007ff9aaa1adea UE4Editor-D3D11RHI.dll!UnknownFunction []
[2018.10.23-01.55.24:847][617]LogWindows: Error: [Callstack] 0x00007ff9aaa1e6e4 UE4Editor-D3D11RHI.dll!UnknownFunction []
[2018.10.23-01.55.24:847][617]LogWindows: Error: [Callstack] 0x00007ff9aa9f5951 UE4Editor-D3D11RHI.dll!UnknownFunction []
[2018.10.23-01.55.24:847][617]LogWindows: Error: [Callstack] 0x00007ff9aaa0abf8 UE4Editor-D3D11RHI.dll!UnknownFunction []
[2018.10.23-01.55.24:847][617]LogWindows: Error: [Callstack] 0x00007ffa0322b106 UE4Editor-RHI.dll!UnknownFunction []
[2018.10.23-01.55.24:847][617]LogWindows: Error: [Callstack] 0x00007ff9aa7b1b42 UE4Editor-SlateRHIRenderer.dll!UnknownFunction []
[2018.10.23-01.55.24:848][617]LogWindows: Error: [Callstack] 0x00007ff9aa7b7d0a UE4Editor-SlateRHIRenderer.dll!UnknownFunction []
[2018.10.23-01.55.24:848][617]LogWindows: Error: [Callstack] 0x00007ff9c6f91f92 UE4Editor-Core.dll!UnknownFunction []
[2018.10.23-01.55.24:848][617]LogWindows: Error: [Callstack] 0x00007ff9c6f92456 UE4Editor-Core.dll!UnknownFunction []
[2018.10.23-01.55.24:848][617]LogWindows: Error: [Callstack] 0x00007ffa042475f9 UE4Editor-RenderCore.dll!UnknownFunction []
[2018.10.23-01.55.24:848][617]LogWindows: Error: [Callstack] 0x00007ffa04248574 UE4Editor-RenderCore.dll!UnknownFunction []
[2018.10.23-01.55.24:848][617]LogWindows: Error: [Callstack] 0x00007ff9c73d6abc UE4Editor-Core.dll!UnknownFunction []
[2018.10.23-01.55.24:848][617]LogWindows: Error: [Callstack] 0x00007ff9c73d1707 UE4Editor-Core.dll!UnknownFunction []
[2018.10.23-01.55.24:848][617]LogWindows: Error: [Callstack] 0x00007ffa2d0e3034 KERNEL32.DLL!UnknownFunction []
[2018.10.23-01.55.24:848][617]LogWindows: Error: [Callstack] 0x00007ffa2f801461 ntdll.dll!UnknownFunction []
[2018.10.23-01.55.24:848][617]LogWindows: Error: 
[2018.10.23-01.55.24:848][617]LogWindows: Error: 
[2018.10.23-01.55.24:848][617]LogWindows: Error: 
[2018.10.23-01.55.24:848][617]LogWindows: Error: 
[2018.10.23-01.55.24:866][617]LogExit: Executing StaticShutdownAfterError
[2018.10.23-01.55.24:888][617]LogWindows: FPlatformMisc::RequestExit(1)
[2018.10.23-01.55.24:894][617]Log file closed, 10/22/18 19:55:24
