Log file open, 10/17/18 19:33:52
LogWindows: Failed to load 'aqProf.dll' (GetLastError=126)
LogWindows: File 'aqProf.dll' does not exist
LogWindows: Failed to load 'VtuneApi.dll' (GetLastError=126)
LogWindows: File 'VtuneApi.dll' does not exist
LogWindows: Failed to load 'VtuneApi32e.dll' (GetLastError=126)
LogWindows: File 'VtuneApi32e.dll' does not exist
LogInit: Display: Running engine for game: APsec1LargeCityBase
LogPlatformFile: Not using cached read wrapper
LogTaskGraph: Started task graph with 5 named threads and 23 total threads with 3 sets of task threads.
LogStats: Stats thread started at 0.273374
LogD3D11RHI: Loaded GFSDK_Aftermath_Lib.x64.dll
LogICUInternationalization: Display: ICU TimeZone Detection - Raw Offset: -7:00, Platform Override: ''
LogPluginManager: Mounting plugin Paper2D
LogPluginManager: Mounting plugin AISupport
LogPluginManager: Mounting plugin LightPropagationVolume
LogPluginManager: Mounting plugin CLionSourceCodeAccess
LogPluginManager: Mounting plugin CodeLiteSourceCodeAccess
LogPluginManager: Mounting plugin GitSourceControl
LogPluginManager: Mounting plugin KDevelopSourceCodeAccess
LogPluginManager: Mounting plugin NullSourceCodeAccess
LogPluginManager: Mounting plugin PerforceSourceControl
LogPluginManager: Mounting plugin SubversionSourceControl
LogPluginManager: Mounting plugin UObjectPlugin
LogPluginManager: Mounting plugin VisualStudioCodeSourceCodeAccess
LogPluginManager: Mounting plugin VisualStudioSourceCodeAccess
LogPluginManager: Mounting plugin XCodeSourceCodeAccess
LogPluginManager: Mounting plugin AssetManagerEditor
LogPluginManager: Mounting plugin CryptoKeys
LogPluginManager: Mounting plugin DataValidation
LogPluginManager: Mounting plugin FacialAnimation
LogPluginManager: Mounting plugin GameplayTagsEditor
LogPluginManager: Mounting plugin MacGraphicsSwitching
LogPluginManager: Mounting plugin MeshEditor
LogPluginManager: Mounting plugin MobileLauncherProfileWizard
LogPluginManager: Mounting plugin PluginBrowser
LogPluginManager: Mounting plugin SpeedTreeImporter
LogPluginManager: Mounting plugin DatasmithContent
LogPluginManager: Mounting plugin AlembicImporter
LogPluginManager: Mounting plugin AppleImageUtils
LogPluginManager: Mounting plugin AppleVision
LogPluginManager: Mounting plugin BackChannel
LogPluginManager: Mounting plugin CharacterAI
LogPluginManager: Mounting plugin GeometryCache
LogPluginManager: Mounting plugin HTML5Networking
LogPluginManager: Mounting plugin ProxyLODPlugin
LogPluginManager: Mounting plugin MagicLeap
LogPluginManager: Mounting plugin MagicLeapEmulator
LogPluginManager: Mounting plugin MagicLeapMedia
LogPluginManager: Mounting plugin AndroidMedia
LogPluginManager: Mounting plugin AvfMedia
LogPluginManager: Mounting plugin ImgMedia
LogPluginManager: Mounting plugin LinearTimecode
LogPluginManager: Mounting plugin MediaCompositing
LogPluginManager: Mounting plugin MediaPlayerEditor
LogPluginManager: Mounting plugin WmfMedia
LogPluginManager: Mounting plugin TcpMessaging
LogPluginManager: Mounting plugin UdpMessaging
LogPluginManager: Mounting plugin ActorSequence
LogPluginManager: Mounting plugin LevelSequenceEditor
LogPluginManager: Mounting plugin MatineeToLevelSequence
LogPluginManager: Mounting plugin NetcodeUnitTest
LogPluginManager: Mounting plugin NUTUnrealEngine4
LogPluginManager: Mounting plugin OnlineSubsystemGooglePlay
LogPluginManager: Mounting plugin OnlineSubsystemIOS
LogPluginManager: Mounting plugin OnlineSubsystem
LogPluginManager: Mounting plugin OnlineSubsystemNull
LogPluginManager: Mounting plugin OnlineSubsystemUtils
LogPluginManager: Mounting plugin LauncherChunkInstaller
LogPluginManager: Mounting plugin AndroidDeviceProfileSelector
LogPluginManager: Mounting plugin AndroidMoviePlayer
LogPluginManager: Mounting plugin AndroidPermission
LogPluginManager: Mounting plugin AppleMoviePlayer
LogPluginManager: Mounting plugin ArchVisCharacter
LogPluginManager: Mounting plugin AudioCapture
LogPluginManager: Mounting plugin CableComponent
LogPluginManager: Mounting plugin CustomMeshComponent
LogPluginManager: Mounting plugin EditableMesh
LogPluginManager: Mounting plugin ExampleDeviceProfileSelector
LogPluginManager: Mounting plugin GoogleCloudMessaging
LogPluginManager: Mounting plugin ImmediatePhysics
LogPluginManager: Mounting plugin IOSDeviceProfileSelector
LogPluginManager: Mounting plugin LinuxDeviceProfileSelector
LogPluginManager: Mounting plugin LocationServicesBPLibrary
LogPluginManager: Mounting plugin MobilePatchingUtils
LogPluginManager: Mounting plugin OculusVR
LogPluginManager: Plugin shader directory ../../../Engine/Plugins/Runtime/Oculus/OculusVR/Shaders found
LogPluginManager: Mapping shader source directory ../../../Engine/Plugins/Runtime/Oculus/OculusVR/Shaders to virtual directory /Plugin/OculusVR
LogPluginManager: Mounting plugin PhysXVehicles
LogPluginManager: Mounting plugin ProceduralMeshComponent
LogPluginManager: Mounting plugin RuntimePhysXCooking
LogPluginManager: Mounting plugin SteamVR
LogPluginManager: Mounting plugin WindowsMoviePlayer
LogStreaming: Display: Took  0.092s to configure plugins.
LogInit: Using libcurl 7.55.1-DEV
LogInit:  - built for x86_64-pc-win32
LogInit:  - supports SSL with OpenSSL/1.0.2h
LogInit:  - supports HTTP deflate (compression) using libz 1.2.8
LogInit:  - other features:
LogInit:      CURL_VERSION_SSL
LogInit:      CURL_VERSION_LIBZ
LogInit:      CURL_VERSION_IPV6
LogInit:      CURL_VERSION_ASYNCHDNS
LogInit:      CURL_VERSION_LARGEFILE
LogInit:      CURL_VERSION_IDN
LogInit:  CurlRequestOptions (configurable via config and command line):
LogInit:  - bVerifyPeer = false  - Libcurl will NOT verify peer certificate
LogInit:  - bUseHttpProxy = false  - Libcurl will NOT use HTTP proxy
LogInit:  - bDontReuseConnections = false  - Libcurl will reuse connections
LogInit:  - CertBundlePath = nullptr  - Libcurl will use whatever was configured at build time.
LogInit:  - MaxHostConnections = 16  - Libcurl will limit the number of connections to a host
LogInit:  - LocalHostAddr = Default
LogInit:  - BufferSize = 65536
LogInit: WinSock: version 1.1 (2.2), MaxSocks=32767, MaxUdp=65467
LogInit: Build: ++UE4+Release-4.20-CL-4212847
LogInit: Engine Version: 4.20.0-4212847+++UE4+Release-4.20
LogInit: Compatible Engine Version: 4.20.0-4212847+++UE4+Release-4.20
LogInit: Net CL: 4212847
LogInit: OS: Windows 10 (), CPU: Intel(R) Core(TM) i7-8809G CPU @ 3.10GHz, GPU: Radeon RX Vega M GH Graphics
LogInit: Compiled (64-bit): Jul 14 2018 09:51:14
LogInit: Compiled with Visual C++: 19.13.26129.00
LogInit: Build Configuration: Development
LogInit: Branch Name: ++UE4+Release-4.20
LogInit: Command Line:  
LogInit: Base Directory: C:/Program Files/Epic Games/UE_4.20/Engine/Binaries/Win64/
LogInit: Installed Engine Build: 1
LogDevObjectVersion: Number of dev versions registered: 20
LogDevObjectVersion:   Dev-Blueprints (B0D832E4-1F89-4F0D-ACCF-7EB736FD4AA2): 10
LogDevObjectVersion:   Dev-Build (E1C64328-A22C-4D53-A36C-8E866417BD8C): 0
LogDevObjectVersion:   Dev-Core (375EC13C-06E4-48FB-B500-84F0262A717E): 2
LogDevObjectVersion:   Dev-Editor (E4B068ED-F494-42E9-A231-DA0B2E46BB41): 24
LogDevObjectVersion:   Dev-Framework (CFFC743F-43B0-4480-9391-14DF171D2073): 34
LogDevObjectVersion:   Dev-Mobile (B02B49B5-BB20-44E9-A304-32B752E40360): 2
LogDevObjectVersion:   Dev-Networking (A4E4105C-59A1-49B5-A7C5-40C4547EDFEE): 0
LogDevObjectVersion:   Dev-Online (39C831C9-5AE6-47DC-9A44-9C173E1C8E7C): 0
LogDevObjectVersion:   Dev-Physics (78F01B33-EBEA-4F98-B9B4-84EACCB95AA2): 0
LogDevObjectVersion:   Dev-Platform (6631380F-2D4D-43E0-8009-CF276956A95A): 0
LogDevObjectVersion:   Dev-Rendering (12F88B9F-8875-4AFC-A67C-D90C383ABD29): 26
LogDevObjectVersion:   Dev-Sequencer (7B5AE74C-D270-4C10-A958-57980B212A5A): 9
LogDevObjectVersion:   Dev-VR (D7296918-1DD6-4BDD-9DE2-64A83CC13884): 2
LogDevObjectVersion:   Dev-LoadTimes (C2A15278-BFE7-4AFE-6C17-90FF531DF755): 1
LogDevObjectVersion:   Private-Geometry (6EACA3D4-40EC-4CC1-B786-8BED09428FC5): 3
LogDevObjectVersion:   Dev-AnimPhys (29E575DD-E0A3-4627-9D10-D276232CDCEA): 17
LogDevObjectVersion:   Dev-ReflectionCapture (6B266CEC-1EC7-4B8F-A30B-E4D90942FC07): 1
LogDevObjectVersion:   Dev-Automation (0DF73D61-A23F-47EA-B727-89E90C41499A): 1
LogDevObjectVersion:   FortniteMain (601D1886-AC64-4F84-AA16-D3DE0DEAC7D6): 12
LogDevObjectVersion:   Dev-Enterprise (9DFFBCD6-494F-0158-E221-12823C92A888): 1
LogStreaming: Display: Took  0.003s to delete old logs.
LogInit: Presizing for max 8388607 objects, including 0 objects not considered by GC, pre-allocating 0 bytes for permanent pool.
LogInit: Object subsystem initialized
[2018.10.18-01.33.53:063][  0]LogInit: Selected Device Profile: [Windows]
[2018.10.18-01.33.53:063][  0]LogInit: Applying CVar settings loaded from the selected device profile: [Windows]
[2018.10.18-01.33.53:074][  0]LogHAL: Display: Platform has ~ 16 GB [17094848512 / 17179869184 / 16], which maps to Larger [LargestMinGB=32, LargerMinGB=12, DefaultMinGB=8, SmallerMinGB=6, SmallestMinGB=0)
[2018.10.18-01.33.53:074][  0]LogInit: Setting Device Profile CVar: [[r.Vulkan.UseRealUBs:1]]
[2018.10.18-01.33.53:074][  0]LogInit: Going up to parent DeviceProfile []
[2018.10.18-01.33.53:074][  0]LogInit: Computer: eae-n-023
[2018.10.18-01.33.53:074][  0]LogInit: User: u1079731
[2018.10.18-01.33.53:074][  0]LogInit: CPU Page size=4096, Cores=4
[2018.10.18-01.33.53:074][  0]LogInit: High frequency timer resolution =3.023434 MHz
[2018.10.18-01.33.53:074][  0]LogMemory: Memory total: Physical=15.9GB (16GB approx)
[2018.10.18-01.33.53:074][  0]LogMemory: Platform Memory Stats for Windows
[2018.10.18-01.33.53:074][  0]LogMemory: Process Physical Memory: 99.88 MB used, 99.88 MB peak
[2018.10.18-01.33.53:074][  0]LogMemory: Process Virtual Memory: 90.96 MB used, 90.96 MB peak
[2018.10.18-01.33.53:074][  0]LogMemory: Physical Memory: 5711.05 MB used,  10591.86 MB free, 16302.92 MB total
[2018.10.18-01.33.53:074][  0]LogMemory: Virtual Memory: 4640.43 MB used,  10591.86 MB free, 134217728.00 MB total
[2018.10.18-01.33.53:090][  0]LogInit: Using OS detected language (en-US).
[2018.10.18-01.33.53:090][  0]LogInit: Using OS detected locale (en-US).
[2018.10.18-01.33.53:091][  0]LogTextLocalizationManager: No specific localization for 'en-US' exists, so the 'en' localization will be used.
[2018.10.18-01.33.53:398][  0]LogStreaming: Display: Took  0.308s to InitEngineTextLocalization.
[2018.10.18-01.33.53:398][  0]LogInit: Setting process to per monitor DPI aware
[2018.10.18-01.33.53:439][  0]LogSlate: New Slate User Created.  User Index 0, Is Virtual User: 0
[2018.10.18-01.33.53:439][  0]LogSlate: Slate User Registered.  User Index 0, Is Virtual User: 0
[2018.10.18-01.33.53:614][  0]LogHMD: Failed to initialize OpenVR with code 110
[2018.10.18-01.33.53:614][  0]LogD3D11RHI: D3D11 adapters:
[2018.10.18-01.33.53:645][  0]LogD3D11RHI:    0. 'Radeon RX Vega M GH Graphics' (Feature Level 11_0)
[2018.10.18-01.33.53:645][  0]LogD3D11RHI:       4042/0/8151 MB DedicatedVideo/DedicatedSystem/SharedSystem, Outputs:1, VendorId:0x1002
[2018.10.18-01.33.53:668][  0]LogD3D11RHI:    1. 'Intel(R) HD Graphics 630' (Feature Level 11_0)
[2018.10.18-01.33.53:668][  0]LogD3D11RHI:       128/0/8151 MB DedicatedVideo/DedicatedSystem/SharedSystem, Outputs:0, VendorId:0x8086
[2018.10.18-01.33.53:670][  0]LogD3D11RHI:    2. 'Microsoft Basic Render Driver' (Feature Level 11_0)
[2018.10.18-01.33.53:670][  0]LogD3D11RHI:       0/0/8151 MB DedicatedVideo/DedicatedSystem/SharedSystem, Outputs:0, VendorId:0x1414
[2018.10.18-01.33.53:670][  0]LogD3D11RHI: Chosen D3D11 Adapter: 0
[2018.10.18-01.33.53:677][  0]LogD3D11RHI: Creating new Direct3DDevice
[2018.10.18-01.33.53:677][  0]LogD3D11RHI:     GPU DeviceId: 0x694c (for the marketing name, search the web for "GPU Device Id")
[2018.10.18-01.33.53:677][  0]LogWindows: EnumDisplayDevices:
[2018.10.18-01.33.53:677][  0]LogWindows:    0. 'Radeon RX Vega M GH Graphics' (P:1 D:1)
[2018.10.18-01.33.53:678][  0]LogWindows:    1. 'Radeon RX Vega M GH Graphics' (P:0 D:0)
[2018.10.18-01.33.53:678][  0]LogWindows:    2. 'Radeon RX Vega M GH Graphics' (P:0 D:0)
[2018.10.18-01.33.53:678][  0]LogWindows:    3. 'Radeon RX Vega M GH Graphics' (P:0 D:0)
[2018.10.18-01.33.53:678][  0]LogWindows:    4. 'Radeon RX Vega M GH Graphics' (P:0 D:0)
[2018.10.18-01.33.53:679][  0]LogWindows:    5. 'Radeon RX Vega M GH Graphics' (P:0 D:0)
[2018.10.18-01.33.53:679][  0]LogWindows:    6. 'Radeon RX Vega M GH Graphics' (P:0 D:0)
[2018.10.18-01.33.53:679][  0]LogWindows:    7. 'Radeon RX Vega M GH Graphics' (P:0 D:0)
[2018.10.18-01.33.53:679][  0]LogWindows:    8. 'Radeon RX Vega M GH Graphics' (P:0 D:0)
[2018.10.18-01.33.53:679][  0]LogWindows:    9. 'Radeon RX Vega M GH Graphics' (P:0 D:0)
[2018.10.18-01.33.53:680][  0]LogWindows:    10. 'Radeon RX Vega M GH Graphics' (P:0 D:0)
[2018.10.18-01.33.53:680][  0]LogWindows:    11. 'Radeon RX Vega M GH Graphics' (P:0 D:0)
[2018.10.18-01.33.53:680][  0]LogWindows:    12. 'Radeon RX Vega M GH Graphics' (P:0 D:0)
[2018.10.18-01.33.53:680][  0]LogWindows:    13. 'Radeon RX Vega M GH Graphics' (P:0 D:0)
[2018.10.18-01.33.53:681][  0]LogWindows:    14. 'Radeon RX Vega M GH Graphics' (P:0 D:0)
[2018.10.18-01.33.53:681][  0]LogWindows:    15. 'Radeon RX Vega M GH Graphics' (P:0 D:0)
[2018.10.18-01.33.53:681][  0]LogWindows:    16. 'Intel(R) HD Graphics 630' (P:0 D:0)
[2018.10.18-01.33.53:681][  0]LogWindows:    17. 'Intel(R) HD Graphics 630' (P:0 D:0)
[2018.10.18-01.33.53:681][  0]LogWindows: DebugString: PrimaryIsNotTheChoosenAdapter PrimaryIsNotTheChoosenAdapter FoundDriverCount:16 
[2018.10.18-01.33.53:681][  0]LogD3D11RHI:     Adapter Name: Radeon RX Vega M GH Graphics
[2018.10.18-01.33.53:681][  0]LogD3D11RHI:   Driver Version: Adrenalin 18.5.1 (internal:24.20.11016.4, unified:24.20.11016.4)
[2018.10.18-01.33.53:681][  0]LogD3D11RHI:      Driver Date: 5-16-2018
[2018.10.18-01.33.53:681][  0]LogRHI: Texture pool is 2829 MB (70% of 4042 MB)
[2018.10.18-01.33.53:815][  0]LogD3D11RHI: Async texture creation enabled
[2018.10.18-01.33.53:826][  0]LogD3D11RHI: GPU Timing Frequency: 25.000000 (Debug: 2 1)
[2018.10.18-01.33.53:827][  0]LogShaderCompilers: Guid format shader working directory is -39 characters bigger than the processId version (../../../../../../Users/u1079731/Documents/GitHub/AssetPipeMaster02/APsec1LargeCityBase/Intermediate/Shaders/WorkingDirectory/18688/).
[2018.10.18-01.33.53:827][  0]LogShaderCompilers: Cleaned the shader compiler working directory 'C:/Users/u1079731/AppData/Local/Temp/UnrealShaderWorkingDir/88ED894748E0E6C9622C33875712AD8A/'.
[2018.10.18-01.33.54:050][  0]LogTemp: Display: Loaded TP AllDesktopTargetPlatform
[2018.10.18-01.33.54:062][  0]LogTemp: Display: Loaded TP MacClientTargetPlatform
[2018.10.18-01.33.54:073][  0]LogTemp: Display: Loaded TP MacNoEditorTargetPlatform
[2018.10.18-01.33.54:084][  0]LogTemp: Display: Loaded TP MacServerTargetPlatform
[2018.10.18-01.33.54:096][  0]LogTemp: Display: Loaded TP MacTargetPlatform
[2018.10.18-01.33.54:107][  0]LogTemp: Display: Loaded TP WindowsClientTargetPlatform
[2018.10.18-01.33.54:118][  0]LogTemp: Display: Loaded TP WindowsNoEditorTargetPlatform
[2018.10.18-01.33.54:129][  0]LogTemp: Display: Loaded TP WindowsServerTargetPlatform
[2018.10.18-01.33.54:134][  0]LogTemp: Display: Loaded TP WindowsTargetPlatform
[2018.10.18-01.33.54:197][  0]LogTemp: Display: Loaded TP AndroidTargetPlatform
[2018.10.18-01.33.54:197][  0]LogTemp: Display: Loaded TP AndroidTargetPlatform
[2018.10.18-01.33.54:197][  0]LogTemp: Display: Loaded TP AndroidTargetPlatform
[2018.10.18-01.33.54:197][  0]LogTemp: Display: Loaded TP AndroidTargetPlatform
[2018.10.18-01.33.54:197][  0]LogTemp: Display: Loaded TP AndroidTargetPlatform
[2018.10.18-01.33.54:197][  0]LogTemp: Display: Loaded TP AndroidTargetPlatform
[2018.10.18-01.33.54:197][  0]LogTemp: Display: Loaded TP AndroidTargetPlatform
[2018.10.18-01.33.54:197][  0]LogTemp: Display: Loaded TP AndroidTargetPlatform
[2018.10.18-01.33.54:197][  0]LogTemp: Display: Loaded TP AndroidTargetPlatform
[2018.10.18-01.33.54:197][  0]LogTemp: Display: Loaded TP AndroidTargetPlatform
[2018.10.18-01.33.54:197][  0]LogTemp: Display: Loaded TP AndroidTargetPlatform
[2018.10.18-01.33.54:197][  0]LogTemp: Display: Loaded TP AndroidTargetPlatform
[2018.10.18-01.33.54:197][  0]LogTemp: Display: Loaded TP AndroidTargetPlatform
[2018.10.18-01.33.54:197][  0]LogTemp: Display: Loaded TP AndroidTargetPlatform
[2018.10.18-01.33.54:197][  0]LogTemp: Display: Loaded TP AndroidTargetPlatform
[2018.10.18-01.33.54:197][  0]LogTemp: Display: Loaded TP AndroidTargetPlatform
[2018.10.18-01.33.54:197][  0]LogTemp: Display: Loaded TP AndroidTargetPlatform
[2018.10.18-01.33.54:197][  0]LogTemp: Display: Loaded TP AndroidTargetPlatform
[2018.10.18-01.33.54:198][  0]LogTemp: Display: Loaded TP HTML5TargetPlatform
[2018.10.18-01.33.54:254][  0]LogTemp: Display: Loaded TP IOSTargetPlatform
[2018.10.18-01.33.54:254][  0]LogTemp: Display: Loaded TP IOSTargetPlatform
[2018.10.18-01.33.54:273][  0]LogTemp: Display: Loaded TP TVOSTargetPlatform
[2018.10.18-01.33.54:273][  0]LogTemp: Display: Loaded TP TVOSTargetPlatform
[2018.10.18-01.33.54:283][  0]LogTemp: Display: Loaded TP LinuxClientTargetPlatform
[2018.10.18-01.33.54:295][  0]LogTemp: Display: Loaded TP LinuxNoEditorTargetPlatform
[2018.10.18-01.33.54:307][  0]LogTemp: Display: Loaded TP LinuxServerTargetPlatform
[2018.10.18-01.33.54:318][  0]LogTemp: Display: Loaded TP LinuxTargetPlatform
[2018.10.18-01.33.54:326][  0]LogTemp: Display: Loaded TP LuminTargetPlatform
[2018.10.18-01.33.54:326][  0]LogTargetPlatformManager: Display: Building Assets For Windows
[2018.10.18-01.33.54:382][  0]LogXGEController: Cleaning working directory: C:/Users/u1079731/AppData/Local/Temp/UnrealXGEWorkingDir/
[2018.10.18-01.33.54:382][  0]LogXGEController: Cannot use XGE Controller as Incredibuild is not installed on this machine.
[2018.10.18-01.33.54:382][  0]LogShaderCompilers: Cannot use XGE Shader Compiler as Incredibuild is not installed on this machine.
[2018.10.18-01.33.54:382][  0]LogShaderCompilers: Display: Using Local Shader Compiler.
[2018.10.18-01.33.55:011][  0]LogDerivedDataCache: Display: Max Cache Size: 512 MB
[2018.10.18-01.33.55:068][  0]LogDerivedDataCache: Loaded boot cache 0.06s 87MB C:/Users/u1079731/AppData/Local/UnrealEngine/4.20/DerivedDataCache/Boot.ddc.
[2018.10.18-01.33.55:068][  0]LogDerivedDataCache: Display: Loaded Boot cache: C:/Users/u1079731/AppData/Local/UnrealEngine/4.20/DerivedDataCache/Boot.ddc
[2018.10.18-01.33.55:069][  0]LogDerivedDataCache: FDerivedDataBackendGraph:  Pak pak cache file ../../../../../../Users/u1079731/Documents/GitHub/AssetPipeMaster02/APsec1LargeCityBase/DerivedDataCache/DDC.ddp not found, will not use a pak cache.
[2018.10.18-01.33.55:069][  0]LogDerivedDataCache: Unable to find inner node Pak for hierarchical cache Hierarchy.
[2018.10.18-01.33.55:069][  0]LogDerivedDataCache: FDerivedDataBackendGraph:  CompressedPak pak cache file ../../../../../../Users/u1079731/Documents/GitHub/AssetPipeMaster02/APsec1LargeCityBase/DerivedDataCache/Compressed.ddp not found, will not use a pak cache.
[2018.10.18-01.33.55:069][  0]LogDerivedDataCache: Unable to find inner node CompressedPak for hierarchical cache Hierarchy.
[2018.10.18-01.33.55:079][  0]LogDerivedDataCache: Display: Pak cache opened for reading ../../../Engine/DerivedDataCache/Compressed.ddp.
[2018.10.18-01.33.55:092][  0]LogDerivedDataCache: Using Local data cache path C:/Users/u1079731/AppData/Local/UnrealEngine/Common/DerivedDataCache: Writable
[2018.10.18-01.33.55:092][  0]LogDerivedDataCache: Shared data cache path not found in *engine.ini, will not use an Shared cache.
[2018.10.18-01.33.55:092][  0]LogDerivedDataCache: Unable to find inner node Shared for hierarchical cache Hierarchy.
[2018.10.18-01.33.55:107][  0]LogMaterial: Verifying Global Shaders for PCD3D_SM5
[2018.10.18-01.33.55:108][  0]LogSlate: Using FreeType 2.6.0
[2018.10.18-01.33.55:108][  0]LogSlate: SlateFontServices - WITH_FREETYPE: 1, WITH_HARFBUZZ: 1
[2018.10.18-01.33.55:173][  0]LogAssetRegistry: FAssetRegistry took 0.0250 seconds to start up
[2018.10.18-01.33.55:443][  0]LogInit: Selected Device Profile: [Windows]
[2018.10.18-01.33.55:558][  0]LogSimplygon: Simplygon DLL not present - disabling.
[2018.10.18-01.33.55:561][  0]LogMeshReduction: Using SimplygonSwarm for distributed automatic mesh merging
[2018.10.18-01.33.55:561][  0]LogMeshReduction: Using ProxyLODMeshReduction for automatic mesh merging
[2018.10.18-01.33.55:561][  0]LogMeshReduction: Using QuadricMeshReduction for automatic static mesh reduction
[2018.10.18-01.33.55:561][  0]LogMeshReduction: No automatic skeletal mesh reduction module available
[2018.10.18-01.33.55:575][  0]LogNetVersion: APsec1LargeCityBase 1.0.0, NetCL: 4212847, EngineNetVer: 5, GameNetVer: 0 (Checksum: 1121110827)
[2018.10.18-01.33.56:011][  0]LogPackageLocalizationCache: Processed 11 localized package path(s) for 2 prioritized culture(s) in 0.082690 seconds
[2018.10.18-01.33.56:017][  0]LogUObjectArray: 38425 objects as part of root set at end of initial load.
[2018.10.18-01.33.56:017][  0]LogUObjectAllocator: 6690872 out of 0 bytes used by permanent object pool.
[2018.10.18-01.33.56:017][  0]LogUObjectArray: CloseDisregardForGC: 0/0 objects in disregard for GC pool
[2018.10.18-01.33.56:722][  0]LogTcpMessaging: Initializing TcpMessaging bridge
[2018.10.18-01.33.56:734][  0]LogUdpMessaging: Initializing bridge on interface 0.0.0.0:0 to multicast group 230.0.0.1:6666.
[2018.10.18-01.33.56:861][  0]SourceControl: Source control is disabled
[2018.10.18-01.33.56:861][  0]SourceControl: Source control is disabled
[2018.10.18-01.33.56:862][  0]SourceControl: Source control is disabled
[2018.10.18-01.33.56:863][  0]SourceControl: Source control is disabled
[2018.10.18-01.33.57:012][  0]LogAndroidPermission: UAndroidPermissionCallbackProxy::GetInstance
[2018.10.18-01.33.57:080][  0]LogOcInput: OculusInput pre-init called
[2018.10.18-01.33.57:133][  0]LogEngine: Initializing Engine...
[2018.10.18-01.33.57:134][  0]LogHMD: Failed to initialize OpenVR with code 110
[2018.10.18-01.33.57:135][  0]LogStats: UGameplayTagsManager::ConstructGameplayTagTree: ImportINI prefixes -  0.000 s
[2018.10.18-01.33.57:135][  0]LogStats: UGameplayTagsManager::ConstructGameplayTagTree: Construct from data asset -  0.000 s
[2018.10.18-01.33.57:135][  0]LogStats: UGameplayTagsManager::ConstructGameplayTagTree: ImportINI -  0.000 s
[2018.10.18-01.33.57:135][  0]LogStats: UGameplayTagsManager::ConstructGameplayTagTree: GameplayTagTreeChangedEvent.Broadcast -  0.000 s
[2018.10.18-01.33.57:319][  0]LogInit: Initializing FReadOnlyCVARCache
[2018.10.18-01.33.57:333][  0]LogAIModule: Creating AISystem for world Untitled
[2018.10.18-01.33.57:356][  0]LogInit: XAudio2 using '5 - DELL UZ2315H (AMD High Definition Audio Device)' : 2 channels at 48 kHz using 16 bits per sample (channel mask 0x3)
[2018.10.18-01.33.57:369][  0]LogInit: FAudioDevice initialized.
[2018.10.18-01.33.57:369][  0]LogNetVersion: Set ProjectVersion to 1.0.0.0. Version Checksum will be recalculated on next use.
[2018.10.18-01.33.57:454][  0]LogDerivedDataCache: Saved boot cache 0.08s 87MB C:/Users/u1079731/AppData/Local/UnrealEngine/4.20/DerivedDataCache/Boot.ddc.
[2018.10.18-01.33.57:471][  0]LogInit: Texture streaming: Enabled
[2018.10.18-01.33.57:485][  0]LogEngineSessionManager: EngineSessionManager initialized
[2018.10.18-01.33.57:497][  0]LogInit: Transaction tracking system initialized
[2018.10.18-01.33.57:519][  0]BlueprintLog: New page: Editor Load
[2018.10.18-01.33.57:587][  0]LocalizationService: Localization service is disabled
[2018.10.18-01.33.57:805][  0]LogCook: Display: Max memory allowance for cook 16384mb min free memory 0mb
[2018.10.18-01.33.57:805][  0]LogCook: Display: Mobile HDR setting 1
[2018.10.18-01.33.57:805][  0]LogGameplayTags: Display: UGameplayTagsManager::DoneAddingNativeTags. DelegateIsBound: 0
[2018.10.18-01.33.57:805][  0]LogStats: UGameplayTagsManager::ConstructGameplayTagTree: ImportINI prefixes -  0.000 s
[2018.10.18-01.33.57:805][  0]LogStats: UGameplayTagsManager::ConstructGameplayTagTree: Construct from data asset -  0.000 s
[2018.10.18-01.33.57:805][  0]LogStats: UGameplayTagsManager::ConstructGameplayTagTree: ImportINI -  0.000 s
[2018.10.18-01.33.57:805][  0]LogStats: UGameplayTagsManager::ConstructGameplayTagTree: GameplayTagTreeChangedEvent.Broadcast -  0.000 s
[2018.10.18-01.33.57:911][  0]LogFileCache: Scanning file cache for directory 'C:/Users/u1079731/Documents/GitHub/AssetPipeMaster02/APsec1LargeCityBase/Content/' took 0.01s
[2018.10.18-01.33.57:911][  0]SourceControl: Source control is disabled
[2018.10.18-01.33.57:911][  0]Cmd: MAP LOAD FILE="../../../Engine/Content/Maps/Templates/Template_Default.umap" TEMPLATE=1 SHOWPROGRESS=1 FEATURELEVEL=3
[2018.10.18-01.33.57:912][  0]LightingResults: New page: Lighting Build
[2018.10.18-01.33.57:919][  0]MapCheck: New page: Map Check
[2018.10.18-01.33.57:919][  0]LightingResults: New page: Lighting Build
[2018.10.18-01.33.58:099][  0]LogAIModule: Creating AISystem for world Untitled_1
[2018.10.18-01.33.58:105][  0]LogEditorServer: Finished looking for orphan Actors (0.000 secs)
[2018.10.18-01.33.58:125][  0]Cmd: MAP CHECKDEP NOCLEARLOG
[2018.10.18-01.33.58:186][  0]MapCheck: Map check complete: 0 Error(s), 0 Warning(s), took 60.625ms to complete.
[2018.10.18-01.33.58:186][  0]LogFileHelpers: Loading map 'Template_Default' took 0.275
[2018.10.18-01.33.58:287][  0]LogSlate: Updating window title bar state: overlay mode, drag disabled, window buttons hidden, title bar hidden
[2018.10.18-01.33.58:294][  0]LogSlate: Updating window title bar state: overlay mode, drag disabled, window buttons hidden, title bar hidden
[2018.10.18-01.33.58:301][  0]LogSlate: Updating window title bar state: overlay mode, drag disabled, window buttons hidden, title bar hidden
[2018.10.18-01.33.58:308][  0]LogSlate: Updating window title bar state: overlay mode, drag disabled, window buttons hidden, title bar hidden
[2018.10.18-01.33.58:314][  0]LogCollectionManager: Loaded 0 collections in 0.001886 seconds
[2018.10.18-01.33.58:356][  0]LogFileCache: Scanning file cache for directory 'C:/Users/u1079731/Documents/GitHub/AssetPipeMaster02/APsec1LargeCityBase/Saved/Collections/' took 0.01s
[2018.10.18-01.33.58:356][  0]LogFileCache: Scanning file cache for directory 'C:/Users/u1079731/Documents/GitHub/AssetPipeMaster02/APsec1LargeCityBase/Content/Developers/u1079731/Collections/' took 0.01s
[2018.10.18-01.33.58:356][  0]LogFileCache: Scanning file cache for directory 'C:/Users/u1079731/Documents/GitHub/AssetPipeMaster02/APsec1LargeCityBase/Content/Collections/' took 0.01s
[2018.10.18-01.33.58:356][  0]LogCollectionManager: Rebuilt the GUID cache for 0 collections in 0.000000 seconds
[2018.10.18-01.33.58:365][  0]LogContentBrowser: Native class hierarchy populated in 0.0081 seconds. Added 2572 classes and 603 folders.
[2018.10.18-01.33.58:371][  0]LogContentBrowser: Native class hierarchy updated for 'WidgetCarousel' in 0.0002 seconds. Added 0 classes and 0 folders.
[2018.10.18-01.33.58:414][  0]LogContentBrowser: Native class hierarchy updated for 'AddContentDialog' in 0.0002 seconds. Added 0 classes and 0 folders.
[2018.10.18-01.33.58:419][  0]LogContentBrowser: Native class hierarchy updated for 'SceneOutliner' in 0.0002 seconds. Added 1 classes and 2 folders.
[2018.10.18-01.33.58:433][  0]LogSlate: Took 0.000180 seconds to synchronously load lazily loaded font '../../../Engine/Content/Slate/Fonts/Roboto-Regular.ttf' (155K)
[2018.10.18-01.33.58:435][  0]LogSlate: Took 0.000188 seconds to synchronously load lazily loaded font '../../../Engine/Content/Slate/Fonts/Roboto-Bold.ttf' (160K)
[2018.10.18-01.33.58:440][  0]LogSlate: Took 0.000298 seconds to synchronously load lazily loaded font '../../../Engine/Content/Editor/Slate/Fonts/FontAwesome.ttf' (139K)
[2018.10.18-01.33.58:507][  0]LogRenderer: Reallocating scene render targets to support 1208x576 Format 10 NumSamples 1 (Frame:1).
[2018.10.18-01.33.58:635][  0]LogContentBrowser: Native class hierarchy updated for 'HierarchicalLODOutliner' in 0.0002 seconds. Added 0 classes and 0 folders.
[2018.10.18-01.33.58:636][  0]LogLoad: (Engine Initialization) Total time: 7.14 seconds
[2018.10.18-01.33.58:636][  0]LogLoad: (Engine Initialization) Total Blueprint compile time: 0.00 seconds
[2018.10.18-01.33.58:647][  0]LogWindowsTextInputMethodSystem: Display: IME system now deactivated.
[2018.10.18-01.33.58:667][  0]LogAssetRegistry: Asset discovery search completed in 3.5163 seconds
[2018.10.18-01.33.58:669][  0]LogCollectionManager: Rebuilt the object cache for 0 collections in 0.000000 seconds (found 0 objects)
[2018.10.18-01.33.58:669][  0]LogCollectionManager: Fixed up redirectors for 0 collections in 0.000054 seconds (updated 0 objects)
[2018.10.18-01.33.58:671][  0]LogContentStreaming: Texture pool size now 3000 MB
[2018.10.18-01.34.00:201][174]LogSlate: FSceneViewport::OnFocusLost() reason 0
[2018.10.18-01.34.04:167][649]LogSlate: Took 0.000225 seconds to synchronously load lazily loaded font '../../../Engine/Content/Slate/Fonts/Roboto-Light.ttf' (167K)
[2018.10.18-01.34.04:365][649]LogAIModule: Creating AISystem for world StreetSceneLarge
[2018.10.18-01.34.04:377][649]LogAssetEditorManager: Opening Asset editor for World /Game/StreetSceneLarge.StreetSceneLarge
[2018.10.18-01.34.04:400][649]Cmd: MAP LOAD FILE="../../../../../../Users/u1079731/Documents/GitHub/AssetPipeMaster02/APsec1LargeCityBase/Content/StreetSceneLarge.umap" TEMPLATE=0 SHOWPROGRESS=1 FEATURELEVEL=3
[2018.10.18-01.34.04:401][649]LightingResults: New page: Lighting Build
[2018.10.18-01.34.04:401][649]LoadErrors: New page: Loading map: StreetSceneLarge.umap
[2018.10.18-01.34.04:401][649]MapCheck: New page: Map Check
[2018.10.18-01.34.04:401][649]LightingResults: New page: Lighting Build
[2018.10.18-01.34.04:434][649]LogEditorServer: Finished looking for orphan Actors (0.000 secs)
[2018.10.18-01.34.04:473][649]Cmd: MAP CHECKDEP NOCLEARLOG
[2018.10.18-01.34.04:536][649]MapCheck: Map check complete: 0 Error(s), 0 Warning(s), took 62.071ms to complete.
[2018.10.18-01.34.04:536][649]LogFileHelpers: Loading map 'StreetSceneLarge' took 0.135
[2018.10.18-01.34.10:420][ 16]LogSlate: FSceneViewport::OnFocusLost() reason 0
[2018.10.18-01.34.10:737][ 33]LogAIModule: Creating AISystem for world StreetSceneLarge_AR
[2018.10.18-01.34.10:746][ 33]LogAssetEditorManager: Opening Asset editor for World /Game/StreetSceneLarge_AR.StreetSceneLarge_AR
[2018.10.18-01.34.10:769][ 33]Cmd: MAP LOAD FILE="../../../../../../Users/u1079731/Documents/GitHub/AssetPipeMaster02/APsec1LargeCityBase/Content/StreetSceneLarge_AR.umap" TEMPLATE=0 SHOWPROGRESS=1 FEATURELEVEL=3
[2018.10.18-01.34.10:769][ 33]LightingResults: New page: Lighting Build
[2018.10.18-01.34.10:770][ 33]LoadErrors: New page: Loading map: StreetSceneLarge_AR.umap
[2018.10.18-01.34.10:772][ 33]MapCheck: New page: Map Check
[2018.10.18-01.34.10:772][ 33]LightingResults: New page: Lighting Build
[2018.10.18-01.34.10:807][ 33]LogEditorServer: Finished looking for orphan Actors (0.000 secs)
[2018.10.18-01.34.10:847][ 33]Cmd: MAP CHECKDEP NOCLEARLOG
[2018.10.18-01.34.10:910][ 33]MapCheck: Map check complete: 0 Error(s), 0 Warning(s), took 62.624ms to complete.
[2018.10.18-01.34.10:910][ 33]LogFileHelpers: Loading map 'StreetSceneLarge_AR' took 0.142
[2018.10.18-01.34.13:839][375]LogSlate: FSceneViewport::OnFocusLost() reason 0
[2018.10.18-01.34.14:093][392]LogAIModule: Creating AISystem for world StreetSceneLarge_CIR
[2018.10.18-01.34.14:102][392]LogAssetEditorManager: Opening Asset editor for World /Game/StreetSceneLarge_CIR.StreetSceneLarge_CIR
[2018.10.18-01.34.14:123][392]Cmd: MAP LOAD FILE="../../../../../../Users/u1079731/Documents/GitHub/AssetPipeMaster02/APsec1LargeCityBase/Content/StreetSceneLarge_CIR.umap" TEMPLATE=0 SHOWPROGRESS=1 FEATURELEVEL=3
[2018.10.18-01.34.14:123][392]LightingResults: New page: Lighting Build
[2018.10.18-01.34.14:123][392]LoadErrors: New page: Loading map: StreetSceneLarge_CIR.umap
[2018.10.18-01.34.14:125][392]MapCheck: New page: Map Check
[2018.10.18-01.34.14:125][392]LightingResults: New page: Lighting Build
[2018.10.18-01.34.14:159][392]LogEditorServer: Finished looking for orphan Actors (0.000 secs)
[2018.10.18-01.34.14:201][392]Cmd: MAP CHECKDEP NOCLEARLOG
[2018.10.18-01.34.14:267][392]MapCheck: Map check complete: 0 Error(s), 0 Warning(s), took 66.362ms to complete.
[2018.10.18-01.34.14:267][392]LogFileHelpers: Loading map 'StreetSceneLarge_CIR' took 0.145
[2018.10.18-01.34.17:178][641]LogSlate: FSceneViewport::OnFocusLost() reason 0
[2018.10.18-01.34.17:339][654]LogAssetEditorManager: Opening Asset editor for MapBuildDataRegistry /Game/StreetSceneLarge_CIR_BuiltData.StreetSceneLarge_CIR_BuiltData
[2018.10.18-01.34.18:665][747]LogSlate: Window 'StreetSceneLarge_CIR_BuiltData - Generic Asset Editor' being destroyed
[2018.10.18-01.34.18:669][747]LogSlate: Window 'StreetSceneLarge_CIR_BuiltData - Generic Asset Editor' being destroyed
[2018.10.18-01.34.19:525][818]LogLinker: Warning: Can't find file '/Game/StreetSceneLarge_LP_BuiltData'
[2018.10.18-01.34.19:525][818]LogLinker: Warning: Can't find file for asset '/Game/StreetSceneLarge_LP_BuiltData' while loading ../../../../../../Users/u1079731/Documents/GitHub/AssetPipeMaster02/APsec1LargeCityBase/Content/StreetSceneLarge_LP.umap.
[2018.10.18-01.34.19:525][818]LoadErrors: Error: /Game/StreetSceneLarge_LP : Can't find file for asset. /Game/StreetSceneLarge_LP_BuiltData
[2018.10.18-01.34.19:530][818]LogLinker: Warning: Can't find file '/Game/StreetSceneLarge_LP_BuiltData'
[2018.10.18-01.34.19:530][818]LogLinker: Warning: Can't find file for asset '/Game/StreetSceneLarge_LP_BuiltData' while loading ../../../../../../Users/u1079731/Documents/GitHub/AssetPipeMaster02/APsec1LargeCityBase/Content/StreetSceneLarge_LP.umap.
[2018.10.18-01.34.19:597][818]LogLinker: Warning: Can't find file '/Game/StreetSceneLarge_LP_BuiltData'
[2018.10.18-01.34.19:597][818]LoadErrors: Failed to load /Game/StreetSceneLarge_LP_BuiltData.StreetSceneLarge_LP_BuiltData Referenced by PersistentLevel
[2018.10.18-01.34.19:597][818]LogLinker: Warning: Can't find file for asset '/Game/StreetSceneLarge_LP_BuiltData' while loading NULL.
[2018.10.18-01.34.19:614][818]LogAIModule: Creating AISystem for world StreetSceneLarge_LP
[2018.10.18-01.34.19:622][818]LogAssetEditorManager: Opening Asset editor for World /Game/StreetSceneLarge_LP.StreetSceneLarge_LP
[2018.10.18-01.34.19:643][818]Cmd: MAP LOAD FILE="../../../../../../Users/u1079731/Documents/GitHub/AssetPipeMaster02/APsec1LargeCityBase/Content/StreetSceneLarge_LP.umap" TEMPLATE=0 SHOWPROGRESS=1 FEATURELEVEL=3
[2018.10.18-01.34.19:643][818]LightingResults: New page: Lighting Build
[2018.10.18-01.34.19:643][818]LoadErrors: New page: Loading map: StreetSceneLarge_LP.umap
[2018.10.18-01.34.19:645][818]MapCheck: New page: Map Check
[2018.10.18-01.34.19:645][818]LightingResults: New page: Lighting Build
[2018.10.18-01.34.19:677][818]LogEditorServer: Finished looking for orphan Actors (0.000 secs)
[2018.10.18-01.34.19:718][818]Cmd: MAP CHECKDEP NOCLEARLOG
[2018.10.18-01.34.19:778][818]MapCheck: Map check complete: 0 Error(s), 0 Warning(s), took 59.96ms to complete.
[2018.10.18-01.34.19:778][818]LogFileHelpers: Loading map 'StreetSceneLarge_LP' took 0.136
[2018.10.18-01.34.21:121][957]LogAIModule: Creating AISystem for world StreetSceneLarge_SCB
[2018.10.18-01.34.21:131][957]LogAssetEditorManager: Opening Asset editor for World /Game/StreetSceneLarge_SCB.StreetSceneLarge_SCB
[2018.10.18-01.34.21:154][957]Cmd: MAP LOAD FILE="../../../../../../Users/u1079731/Documents/GitHub/AssetPipeMaster02/APsec1LargeCityBase/Content/StreetSceneLarge_SCB.umap" TEMPLATE=0 SHOWPROGRESS=1 FEATURELEVEL=3
[2018.10.18-01.34.21:154][957]LightingResults: New page: Lighting Build
[2018.10.18-01.34.21:154][957]LoadErrors: New page: Loading map: StreetSceneLarge_SCB.umap
[2018.10.18-01.34.21:156][957]MapCheck: New page: Map Check
[2018.10.18-01.34.21:156][957]LightingResults: New page: Lighting Build
[2018.10.18-01.34.21:191][957]LogEditorServer: Finished looking for orphan Actors (0.000 secs)
[2018.10.18-01.34.21:232][957]Cmd: MAP CHECKDEP NOCLEARLOG
[2018.10.18-01.34.21:300][957]MapCheck: Map check complete: 0 Error(s), 0 Warning(s), took 66.699ms to complete.
[2018.10.18-01.34.21:300][957]LogFileHelpers: Loading map 'StreetSceneLarge_SCB' took 0.146
[2018.10.18-01.34.26:588][204]LogSlate: Window 'Delete Assets' being destroyed
[2018.10.18-01.34.26:604][204]LightingResults: New page: Lighting Build
[2018.10.18-01.34.26:606][204]MapCheck: New page: Map Check
[2018.10.18-01.34.26:606][204]LightingResults: New page: Lighting Build
[2018.10.18-01.34.26:633][204]LogAIModule: Creating AISystem for world Untitled
[2018.10.18-01.34.26:641][204]LoadErrors: New page: New Map
[2018.10.18-01.34.26:757][204]LogAIModule: Creating AISystem for world StreetSceneLarge_SCB
[2018.10.18-01.34.28:663][334]LogAIModule: Creating AISystem for world StreetSceneLarge_AR
[2018.10.18-01.34.29:635][334]LogSlate: Window 'Delete Assets' being destroyed
[2018.10.18-01.34.31:127][487]LogAIModule: Creating AISystem for world StreetSceneLarge_CIR
[2018.10.18-01.34.32:106][487]LogSlate: Window 'Delete Assets' being destroyed
[2018.10.18-01.34.33:141][595]LogLinker: Warning: Can't find file '/Game/StreetSceneLarge_LP_BuiltData'
[2018.10.18-01.34.33:142][595]LogLinker: Warning: Can't find file for asset '/Game/StreetSceneLarge_LP_BuiltData' while loading ../../../../../../Users/u1079731/Documents/GitHub/AssetPipeMaster02/APsec1LargeCityBase/Content/StreetSceneLarge_LP.umap.
[2018.10.18-01.34.33:142][595]LoadErrors: Error: /Game/StreetSceneLarge_LP : Can't find file for asset. /Game/StreetSceneLarge_LP_BuiltData
[2018.10.18-01.34.33:144][595]LogLinker: Warning: Can't find file '/Game/StreetSceneLarge_LP_BuiltData'
[2018.10.18-01.34.33:144][595]LogLinker: Warning: Can't find file for asset '/Game/StreetSceneLarge_LP_BuiltData' while loading ../../../../../../Users/u1079731/Documents/GitHub/AssetPipeMaster02/APsec1LargeCityBase/Content/StreetSceneLarge_LP.umap.
[2018.10.18-01.34.33:211][595]LogLinker: Warning: Can't find file '/Game/StreetSceneLarge_LP_BuiltData'
[2018.10.18-01.34.33:211][595]LoadErrors: Failed to load /Game/StreetSceneLarge_LP_BuiltData.StreetSceneLarge_LP_BuiltData Referenced by PersistentLevel
[2018.10.18-01.34.33:211][595]LogLinker: Warning: Can't find file for asset '/Game/StreetSceneLarge_LP_BuiltData' while loading NULL.
[2018.10.18-01.34.33:230][595]LogAIModule: Creating AISystem for world StreetSceneLarge_LP
[2018.10.18-01.34.34:172][595]LogSlate: Window 'Delete Assets' being destroyed
[2018.10.18-01.34.35:042][674]LogAIModule: Creating AISystem for world StreetSceneLarge
[2018.10.18-01.34.35:051][674]LogAssetEditorManager: Opening Asset editor for World /Game/StreetSceneLarge.StreetSceneLarge
[2018.10.18-01.34.35:071][674]Cmd: MAP LOAD FILE="../../../../../../Users/u1079731/Documents/GitHub/AssetPipeMaster02/APsec1LargeCityBase/Content/StreetSceneLarge.umap" TEMPLATE=0 SHOWPROGRESS=1 FEATURELEVEL=3
[2018.10.18-01.34.35:071][674]LightingResults: New page: Lighting Build
[2018.10.18-01.34.35:072][674]LoadErrors: New page: Loading map: StreetSceneLarge.umap
[2018.10.18-01.34.35:072][674]MapCheck: New page: Map Check
[2018.10.18-01.34.35:072][674]LightingResults: New page: Lighting Build
[2018.10.18-01.34.35:103][674]LogEditorServer: Finished looking for orphan Actors (0.000 secs)
[2018.10.18-01.34.35:144][674]Cmd: MAP CHECKDEP NOCLEARLOG
[2018.10.18-01.34.35:208][674]MapCheck: Map check complete: 0 Error(s), 0 Warning(s), took 64.472ms to complete.
[2018.10.18-01.34.35:208][674]LogFileHelpers: Loading map 'StreetSceneLarge' took 0.139
[2018.10.18-01.34.38:345][876]LogEditorViewport: Clicking on Actor (LMB): StaticMeshActor (streetBlockBase94)
[2018.10.18-01.34.41:109][ 35]LogSlate: FSceneViewport::OnFocusLost() reason 0
[2018.10.18-01.34.47:878][480]LogAIModule: Creating AISystem for world StreetSceneLarge1_SS
[2018.10.18-01.34.54:667][ 32]LogAssetEditorManager: Opening Asset editor for World /Game/StreetSceneLarge.StreetSceneLarge
[2018.10.18-01.34.55:782][ 32]LogSlate: Window 'Save Content' being destroyed
[2018.10.18-01.34.56:318][ 32]LogSavePackage: Moving '../../../../../../Users/u1079731/Documents/GitHub/AssetPipeMaster02/APsec1LargeCityBase/Saved/StreetSceneLarge1_SSD62D58C94A63D93A744C41B530C28713.tmp' to '../../../../../../Users/u1079731/Documents/GitHub/AssetPipeMaster02/APsec1LargeCityBase/Content/StreetSceneLarge1_SS.umap'
[2018.10.18-01.34.56:329][ 32]LogFileHelpers: Saving map 'StreetSceneLarge1_SS' took 0.540
[2018.10.18-01.34.56:387][ 32]LogSavePackage: Moving '../../../../../../Users/u1079731/Documents/GitHub/AssetPipeMaster02/APsec1LargeCityBase/Saved/StreetSceneLarge1_SS_BuiltDataCA58A68A4BC3747BF436BC901B98EB46.tmp' to '../../../../../../Users/u1079731/Documents/GitHub/AssetPipeMaster02/APsec1LargeCityBase/Content/StreetSceneLarge1_SS_BuiltData.uasset'
[2018.10.18-01.34.56:394][ 32]Cmd: MAP LOAD FILE="../../../../../../Users/u1079731/Documents/GitHub/AssetPipeMaster02/APsec1LargeCityBase/Content/StreetSceneLarge.umap" TEMPLATE=0 SHOWPROGRESS=1 FEATURELEVEL=3
[2018.10.18-01.34.56:394][ 32]LightingResults: New page: Lighting Build
[2018.10.18-01.34.56:394][ 32]LoadErrors: New page: Loading map: StreetSceneLarge.umap
[2018.10.18-01.34.56:425][ 32]MapCheck: New page: Map Check
[2018.10.18-01.34.56:425][ 32]LightingResults: New page: Lighting Build
[2018.10.18-01.34.56:596][ 32]LogAIModule: Creating AISystem for world StreetSceneLarge
[2018.10.18-01.34.56:609][ 32]LogEditorServer: Finished looking for orphan Actors (0.000 secs)
[2018.10.18-01.34.56:651][ 32]Cmd: MAP CHECKDEP NOCLEARLOG
[2018.10.18-01.34.56:716][ 32]MapCheck: Map check complete: 0 Error(s), 0 Warning(s), took 64.175ms to complete.
[2018.10.18-01.34.56:717][ 32]LogFileHelpers: Loading map 'StreetSceneLarge' took 0.325
[2018.10.18-01.34.57:341][ 67]LogEditorViewport: Clicking on Actor (LMB): BP_Sky_Sphere_C (Sky Sphere)
[2018.10.18-01.34.58:714][141]LogEditorViewport: Clicking on Actor (LMB): StaticMeshActor (sidewalkBlock74)
[2018.10.18-01.35.00:857][249]LogSlate: FSceneViewport::OnFocusLost() reason 2
[2018.10.18-01.35.03:535][479]LogSlate: FSceneViewport::OnFocusLost() reason 2
[2018.10.18-01.35.04:331][561]LogSlate: FSceneViewport::OnFocusLost() reason 2
[2018.10.18-01.35.04:745][561]LogSavePackage: Moving '../../../../../../Users/u1079731/Documents/GitHub/AssetPipeMaster02/APsec1LargeCityBase/Saved/StreetSceneLarge538EFE494608C75B58BA7686276D476F.tmp' to '../../../../../../Users/u1079731/Documents/GitHub/AssetPipeMaster02/APsec1LargeCityBase/Content/StreetSceneLarge.umap'
[2018.10.18-01.35.04:858][561]LogSavePackage: Moving '../../../../../../Users/u1079731/Documents/GitHub/AssetPipeMaster02/APsec1LargeCityBase/Saved/StreetSceneLarge_BuiltData07158CEA433382A95F4EE788606406E0.tmp' to '../../../../../../Users/u1079731/Documents/GitHub/AssetPipeMaster02/APsec1LargeCityBase/Content/StreetSceneLarge_BuiltData.uasset'
[2018.10.18-01.35.05:166][576]LogSlate: FSceneViewport::OnFocusLost() reason 2
[2018.10.18-01.35.08:831][928]LogSlate: FSceneViewport::OnFocusLost() reason 2
[2018.10.18-01.35.13:096][289]LogSlate: FSceneViewport::OnFocusLost() reason 0
