Log file open, 12/17/18 22:25:45
LogWindows: Failed to load 'aqProf.dll' (GetLastError=126)
LogWindows: File 'aqProf.dll' does not exist
LogWindows: Failed to load 'VSPerf140.dll' (GetLastError=126)
LogWindows: File 'VSPerf140.dll' does not exist
LogWindows: Failed to load 'VtuneApi.dll' (GetLastError=126)
LogWindows: File 'VtuneApi.dll' does not exist
LogWindows: Failed to load 'VtuneApi32e.dll' (GetLastError=126)
LogWindows: File 'VtuneApi32e.dll' does not exist
LogInit: Display: Running engine for game: APsec1LargeCityBase
LogPlatformFile: Not using cached read wrapper
LogTaskGraph: Started task graph with 5 named threads and 14 total threads with 3 sets of task threads.
LogStats: Stats thread started at 7.226134
LogD3D11RHI: Loaded GFSDK_Aftermath_Lib.x64.dll
LogICUInternationalization: Display: ICU TimeZone Detection - Raw Offset: -7:00, Platform Override: ''
LogPluginManager: Mounting plugin Paper2D
LogPluginManager: Mounting plugin AISupport
LogPluginManager: Mounting plugin LightPropagationVolume
LogPluginManager: Mounting plugin CLionSourceCodeAccess
LogPluginManager: Mounting plugin CodeLiteSourceCodeAccess
LogPluginManager: Mounting plugin GitSourceControl
LogPluginManager: Mounting plugin KDevelopSourceCodeAccess
LogPluginManager: Mounting plugin NullSourceCodeAccess
LogPluginManager: Mounting plugin PerforceSourceControl
LogPluginManager: Mounting plugin SubversionSourceControl
LogPluginManager: Mounting plugin UObjectPlugin
LogPluginManager: Mounting plugin VisualStudioCodeSourceCodeAccess
LogPluginManager: Mounting plugin VisualStudioSourceCodeAccess
LogPluginManager: Mounting plugin XCodeSourceCodeAccess
LogPluginManager: Mounting plugin AssetManagerEditor
LogPluginManager: Mounting plugin CryptoKeys
LogPluginManager: Mounting plugin DataValidation
LogPluginManager: Mounting plugin FacialAnimation
LogPluginManager: Mounting plugin GameplayTagsEditor
LogPluginManager: Mounting plugin MacGraphicsSwitching
LogPluginManager: Mounting plugin MeshEditor
LogPluginManager: Mounting plugin MobileLauncherProfileWizard
LogPluginManager: Mounting plugin PluginBrowser
LogPluginManager: Mounting plugin SpeedTreeImporter
LogPluginManager: Mounting plugin DatasmithContent
LogPluginManager: Mounting plugin AlembicImporter
LogPluginManager: Mounting plugin AppleImageUtils
LogPluginManager: Mounting plugin AppleVision
LogPluginManager: Mounting plugin BackChannel
LogPluginManager: Mounting plugin CharacterAI
LogPluginManager: Mounting plugin GeometryCache
LogPluginManager: Mounting plugin HTML5Networking
LogPluginManager: Mounting plugin ProxyLODPlugin
LogPluginManager: Mounting plugin MagicLeap
LogPluginManager: Mounting plugin MagicLeapEmulator
LogPluginManager: Mounting plugin MagicLeapMedia
LogPluginManager: Mounting plugin AndroidMedia
LogPluginManager: Mounting plugin AvfMedia
LogPluginManager: Mounting plugin ImgMedia
LogPluginManager: Mounting plugin LinearTimecode
LogPluginManager: Mounting plugin MediaCompositing
LogPluginManager: Mounting plugin MediaPlayerEditor
LogPluginManager: Mounting plugin WmfMedia
LogPluginManager: Mounting plugin TcpMessaging
LogPluginManager: Mounting plugin UdpMessaging
LogPluginManager: Mounting plugin ActorSequence
LogPluginManager: Mounting plugin LevelSequenceEditor
LogPluginManager: Mounting plugin MatineeToLevelSequence
LogPluginManager: Mounting plugin NetcodeUnitTest
LogPluginManager: Mounting plugin NUTUnrealEngine4
LogPluginManager: Mounting plugin OnlineSubsystemGooglePlay
LogPluginManager: Mounting plugin OnlineSubsystemIOS
LogPluginManager: Mounting plugin OnlineSubsystem
LogPluginManager: Mounting plugin OnlineSubsystemNull
LogPluginManager: Mounting plugin OnlineSubsystemUtils
LogPluginManager: Mounting plugin LauncherChunkInstaller
LogPluginManager: Mounting plugin AndroidDeviceProfileSelector
LogPluginManager: Mounting plugin AndroidMoviePlayer
LogPluginManager: Mounting plugin AndroidPermission
LogPluginManager: Mounting plugin AppleMoviePlayer
LogPluginManager: Mounting plugin ArchVisCharacter
LogPluginManager: Mounting plugin AudioCapture
LogPluginManager: Mounting plugin CableComponent
LogPluginManager: Mounting plugin CustomMeshComponent
LogPluginManager: Mounting plugin EditableMesh
LogPluginManager: Mounting plugin ExampleDeviceProfileSelector
LogPluginManager: Mounting plugin GoogleCloudMessaging
LogPluginManager: Mounting plugin HoudiniEngine
LogPluginManager: Mounting plugin ImmediatePhysics
LogPluginManager: Mounting plugin IOSDeviceProfileSelector
LogPluginManager: Mounting plugin LinuxDeviceProfileSelector
LogPluginManager: Mounting plugin LocationServicesBPLibrary
LogPluginManager: Mounting plugin MobilePatchingUtils
LogPluginManager: Mounting plugin OculusVR
LogPluginManager: Plugin shader directory ../../../Engine/Plugins/Runtime/Oculus/OculusVR/Shaders found
LogPluginManager: Mapping shader source directory ../../../Engine/Plugins/Runtime/Oculus/OculusVR/Shaders to virtual directory /Plugin/OculusVR
LogPluginManager: Mounting plugin PhysXVehicles
LogPluginManager: Mounting plugin ProceduralMeshComponent
LogPluginManager: Mounting plugin RuntimePhysXCooking
LogPluginManager: Mounting plugin SteamVR
LogPluginManager: Mounting plugin WindowsMoviePlayer
LogStreaming: Display: Took  0.540s to configure plugins.
LogInit: Using libcurl 7.55.1-DEV
LogInit:  - built for x86_64-pc-win32
LogInit:  - supports SSL with OpenSSL/1.0.2h
LogInit:  - supports HTTP deflate (compression) using libz 1.2.8
LogInit:  - other features:
LogInit:      CURL_VERSION_SSL
LogInit:      CURL_VERSION_LIBZ
LogInit:      CURL_VERSION_IPV6
LogInit:      CURL_VERSION_ASYNCHDNS
LogInit:      CURL_VERSION_LARGEFILE
LogInit:      CURL_VERSION_IDN
LogInit:  CurlRequestOptions (configurable via config and command line):
LogInit:  - bVerifyPeer = false  - Libcurl will NOT verify peer certificate
LogInit:  - bUseHttpProxy = false  - Libcurl will NOT use HTTP proxy
LogInit:  - bDontReuseConnections = false  - Libcurl will reuse connections
LogInit:  - CertBundlePath = nullptr  - Libcurl will use whatever was configured at build time.
LogInit:  - MaxHostConnections = 16  - Libcurl will limit the number of connections to a host
LogInit:  - LocalHostAddr = Default
LogInit:  - BufferSize = 65536
LogInit: WinSock: version 1.1 (2.2), MaxSocks=32767, MaxUdp=65467
LogInit: Build: ++UE4+Release-4.20-CL-4302132
LogInit: Engine Version: 4.20.2-4302132+++UE4+Release-4.20
LogInit: Compatible Engine Version: 4.20.0-4212847+++UE4+Release-4.20
LogInit: Net CL: 4212847
LogInit: OS: Windows 10 (), CPU: Intel(R) Core(TM) i5-6400 CPU @ 2.70GHz, GPU: NVIDIA GeForce GTX 1070
LogInit: Compiled (64-bit): Aug 21 2018 02:06:06
LogInit: Compiled with Visual C++: 19.13.26129.00
LogInit: Build Configuration: Development
LogInit: Branch Name: ++UE4+Release-4.20
LogInit: Command Line:  
LogInit: Base Directory: D:/Epic Games/UE_4.20/Engine/Binaries/Win64/
LogInit: Installed Engine Build: 1
LogDevObjectVersion: Number of dev versions registered: 20
LogDevObjectVersion:   Dev-Blueprints (B0D832E4-1F89-4F0D-ACCF-7EB736FD4AA2): 10
LogDevObjectVersion:   Dev-Build (E1C64328-A22C-4D53-A36C-8E866417BD8C): 0
LogDevObjectVersion:   Dev-Core (375EC13C-06E4-48FB-B500-84F0262A717E): 2
LogDevObjectVersion:   Dev-Editor (E4B068ED-F494-42E9-A231-DA0B2E46BB41): 24
LogDevObjectVersion:   Dev-Framework (CFFC743F-43B0-4480-9391-14DF171D2073): 34
LogDevObjectVersion:   Dev-Mobile (B02B49B5-BB20-44E9-A304-32B752E40360): 2
LogDevObjectVersion:   Dev-Networking (A4E4105C-59A1-49B5-A7C5-40C4547EDFEE): 0
LogDevObjectVersion:   Dev-Online (39C831C9-5AE6-47DC-9A44-9C173E1C8E7C): 0
LogDevObjectVersion:   Dev-Physics (78F01B33-EBEA-4F98-B9B4-84EACCB95AA2): 0
LogDevObjectVersion:   Dev-Platform (6631380F-2D4D-43E0-8009-CF276956A95A): 0
LogDevObjectVersion:   Dev-Rendering (12F88B9F-8875-4AFC-A67C-D90C383ABD29): 26
LogDevObjectVersion:   Dev-Sequencer (7B5AE74C-D270-4C10-A958-57980B212A5A): 9
LogDevObjectVersion:   Dev-VR (D7296918-1DD6-4BDD-9DE2-64A83CC13884): 2
LogDevObjectVersion:   Dev-LoadTimes (C2A15278-BFE7-4AFE-6C17-90FF531DF755): 1
LogDevObjectVersion:   Private-Geometry (6EACA3D4-40EC-4CC1-B786-8BED09428FC5): 3
LogDevObjectVersion:   Dev-AnimPhys (29E575DD-E0A3-4627-9D10-D276232CDCEA): 17
LogDevObjectVersion:   Dev-ReflectionCapture (6B266CEC-1EC7-4B8F-A30B-E4D90942FC07): 1
LogDevObjectVersion:   Dev-Automation (0DF73D61-A23F-47EA-B727-89E90C41499A): 1
LogDevObjectVersion:   FortniteMain (601D1886-AC64-4F84-AA16-D3DE0DEAC7D6): 12
LogDevObjectVersion:   Dev-Enterprise (9DFFBCD6-494F-0158-E221-12823C92A888): 1
LogStreaming: Display: Took  0.027s to delete old logs.
LogInit: Presizing for max 8388607 objects, including 0 objects not considered by GC, pre-allocating 0 bytes for permanent pool.
LogInit: Object subsystem initialized
[2018.12.18-05.25.48:742][  0]LogInit: Selected Device Profile: [Windows]
[2018.12.18-05.25.48:743][  0]LogInit: Applying CVar settings loaded from the selected device profile: [Windows]
[2018.12.18-05.25.48:780][  0]LogHAL: Display: Platform has ~ 8 GB [8541630464 / 8589934592 / 8], which maps to Default [LargestMinGB=32, LargerMinGB=12, DefaultMinGB=8, SmallerMinGB=6, SmallestMinGB=0)
[2018.12.18-05.25.48:795][  0]LogInit: Setting Device Profile CVar: [[r.Vulkan.UseRealUBs:1]]
[2018.12.18-05.25.48:796][  0]LogInit: Going up to parent DeviceProfile []
[2018.12.18-05.25.48:857][  0]LogInit: Computer: DESKTOP-NEQGG2N
[2018.12.18-05.25.48:857][  0]LogInit: User: chuanqi
[2018.12.18-05.25.48:857][  0]LogInit: CPU Page size=4096, Cores=4
[2018.12.18-05.25.48:858][  0]LogInit: High frequency timer resolution =2.648441 MHz
[2018.12.18-05.25.48:858][  0]LogMemory: Memory total: Physical=8.0GB (8GB approx)
[2018.12.18-05.25.48:858][  0]LogMemory: Platform Memory Stats for Windows
[2018.12.18-05.25.48:858][  0]LogMemory: Process Physical Memory: 101.36 MB used, 101.36 MB peak
[2018.12.18-05.25.48:858][  0]LogMemory: Process Virtual Memory: 84.52 MB used, 84.52 MB peak
[2018.12.18-05.25.48:858][  0]LogMemory: Physical Memory: 3832.99 MB used,  4312.94 MB free, 8145.93 MB total
[2018.12.18-05.25.48:858][  0]LogMemory: Virtual Memory: 4632.09 MB used,  4312.94 MB free, 134217728.00 MB total
[2018.12.18-05.25.49:569][  0]LogInit: Using OS detected language (en-US).
[2018.12.18-05.25.49:569][  0]LogInit: Using OS detected locale (en-US).
[2018.12.18-05.25.49:651][  0]LogTextLocalizationManager: No specific localization for 'en-US' exists, so the 'en' localization will be used.
[2018.12.18-05.25.50:720][  0]LogStreaming: Display: Took  1.121s to InitEngineTextLocalization.
[2018.12.18-05.25.50:730][  0]LogInit: Setting process to per monitor DPI aware
[2018.12.18-05.25.51:353][  0]LogSlate: New Slate User Created.  User Index 0, Is Virtual User: 0
[2018.12.18-05.25.51:353][  0]LogSlate: Slate User Registered.  User Index 0, Is Virtual User: 0
[2018.12.18-05.25.52:499][  0]LogHMD: Failed to initialize OpenVR with code 110
[2018.12.18-05.25.52:499][  0]LogD3D11RHI: D3D11 adapters:
[2018.12.18-05.25.52:704][  0]LogD3D11RHI:    0. 'NVIDIA GeForce GTX 1070' (Feature Level 11_0)
[2018.12.18-05.25.52:704][  0]LogD3D11RHI:       8088/0/4072 MB DedicatedVideo/DedicatedSystem/SharedSystem, Outputs:1, VendorId:0x10de
[2018.12.18-05.25.52:708][  0]LogD3D11RHI:    1. 'Microsoft Basic Render Driver' (Feature Level 11_0)
[2018.12.18-05.25.52:708][  0]LogD3D11RHI:       0/0/4072 MB DedicatedVideo/DedicatedSystem/SharedSystem, Outputs:0, VendorId:0x1414
[2018.12.18-05.25.52:708][  0]LogD3D11RHI: Chosen D3D11 Adapter: 0
[2018.12.18-05.25.52:717][  0]LogD3D11RHI: Creating new Direct3DDevice
[2018.12.18-05.25.52:717][  0]LogD3D11RHI:     GPU DeviceId: 0x1b81 (for the marketing name, search the web for "GPU Device Id")
[2018.12.18-05.25.52:721][  0]LogWindows: EnumDisplayDevices:
[2018.12.18-05.25.52:722][  0]LogWindows:    0. 'NVIDIA GeForce GTX 1070' (P:1 D:1)
[2018.12.18-05.25.52:722][  0]LogWindows:    1. 'NVIDIA GeForce GTX 1070' (P:0 D:0)
[2018.12.18-05.25.52:722][  0]LogWindows:    2. 'NVIDIA GeForce GTX 1070' (P:0 D:0)
[2018.12.18-05.25.52:723][  0]LogWindows:    3. 'NVIDIA GeForce GTX 1070' (P:0 D:0)
[2018.12.18-05.25.52:723][  0]LogWindows: DebugString: FoundDriverCount:4 
[2018.12.18-05.25.52:723][  0]LogD3D11RHI:     Adapter Name: NVIDIA GeForce GTX 1070
[2018.12.18-05.25.52:724][  0]LogD3D11RHI:   Driver Version: 399.07 (internal:24.21.13.9907, unified:399.07)
[2018.12.18-05.25.52:724][  0]LogD3D11RHI:      Driver Date: 8-21-2018
[2018.12.18-05.25.52:724][  0]LogRHI: Texture pool is 5661 MB (70% of 8088 MB)
[2018.12.18-05.25.52:784][  0]LogD3D11RHI: Async texture creation enabled
[2018.12.18-05.25.53:026][  0]LogD3D11RHI: GPU Timing Frequency: 1000.000000 (Debug: 2 2)
[2018.12.18-05.25.53:052][  0]LogShaderCompilers: Guid format shader working directory is -22 characters bigger than the processId version (C:/Users/chuanqi/Documents/GitHub/AssetPipeMaster02/APsec1LargeCityBase/Intermediate/Shaders/WorkingDirectory/644/).
[2018.12.18-05.25.53:052][  0]LogShaderCompilers: Cleaned the shader compiler working directory 'C:/Users/chuanqi/AppData/Local/Temp/UnrealShaderWorkingDir/3E9A2D134D94AE87A64A73BF4BD0F309/'.
[2018.12.18-05.25.54:521][  0]LogTemp: Display: Loaded TP AllDesktopTargetPlatform
[2018.12.18-05.25.54:609][  0]LogTemp: Display: Loaded TP MacClientTargetPlatform
[2018.12.18-05.25.54:658][  0]LogTemp: Display: Loaded TP MacNoEditorTargetPlatform
[2018.12.18-05.25.54:691][  0]LogTemp: Display: Loaded TP MacServerTargetPlatform
[2018.12.18-05.25.54:765][  0]LogTemp: Display: Loaded TP MacTargetPlatform
[2018.12.18-05.25.54:817][  0]LogTemp: Display: Loaded TP WindowsClientTargetPlatform
[2018.12.18-05.25.54:840][  0]LogTemp: Display: Loaded TP WindowsNoEditorTargetPlatform
[2018.12.18-05.25.54:868][  0]LogTemp: Display: Loaded TP WindowsServerTargetPlatform
[2018.12.18-05.25.54:927][  0]LogTemp: Display: Loaded TP WindowsTargetPlatform
[2018.12.18-05.25.55:134][  0]LogTemp: Display: Loaded TP AndroidTargetPlatform
[2018.12.18-05.25.55:134][  0]LogTemp: Display: Loaded TP AndroidTargetPlatform
[2018.12.18-05.25.55:134][  0]LogTemp: Display: Loaded TP AndroidTargetPlatform
[2018.12.18-05.25.55:134][  0]LogTemp: Display: Loaded TP AndroidTargetPlatform
[2018.12.18-05.25.55:134][  0]LogTemp: Display: Loaded TP AndroidTargetPlatform
[2018.12.18-05.25.55:134][  0]LogTemp: Display: Loaded TP AndroidTargetPlatform
[2018.12.18-05.25.55:134][  0]LogTemp: Display: Loaded TP AndroidTargetPlatform
[2018.12.18-05.25.55:134][  0]LogTemp: Display: Loaded TP AndroidTargetPlatform
[2018.12.18-05.25.55:134][  0]LogTemp: Display: Loaded TP AndroidTargetPlatform
[2018.12.18-05.25.55:134][  0]LogTemp: Display: Loaded TP AndroidTargetPlatform
[2018.12.18-05.25.55:134][  0]LogTemp: Display: Loaded TP AndroidTargetPlatform
[2018.12.18-05.25.55:134][  0]LogTemp: Display: Loaded TP AndroidTargetPlatform
[2018.12.18-05.25.55:134][  0]LogTemp: Display: Loaded TP AndroidTargetPlatform
[2018.12.18-05.25.55:134][  0]LogTemp: Display: Loaded TP AndroidTargetPlatform
[2018.12.18-05.25.55:134][  0]LogTemp: Display: Loaded TP AndroidTargetPlatform
[2018.12.18-05.25.55:134][  0]LogTemp: Display: Loaded TP AndroidTargetPlatform
[2018.12.18-05.25.55:134][  0]LogTemp: Display: Loaded TP AndroidTargetPlatform
[2018.12.18-05.25.55:134][  0]LogTemp: Display: Loaded TP AndroidTargetPlatform
[2018.12.18-05.25.55:161][  0]LogTemp: Display: Loaded TP HTML5TargetPlatform
[2018.12.18-05.25.55:363][  0]LogTemp: Display: Loaded TP IOSTargetPlatform
[2018.12.18-05.25.55:363][  0]LogTemp: Display: Loaded TP IOSTargetPlatform
[2018.12.18-05.25.55:404][  0]LogTemp: Display: Loaded TP TVOSTargetPlatform
[2018.12.18-05.25.55:404][  0]LogTemp: Display: Loaded TP TVOSTargetPlatform
[2018.12.18-05.25.55:448][  0]LogTemp: Display: Loaded TP LinuxClientTargetPlatform
[2018.12.18-05.25.55:480][  0]LogTemp: Display: Loaded TP LinuxNoEditorTargetPlatform
[2018.12.18-05.25.55:515][  0]LogTemp: Display: Loaded TP LinuxServerTargetPlatform
[2018.12.18-05.25.55:548][  0]LogTemp: Display: Loaded TP LinuxTargetPlatform
[2018.12.18-05.25.55:580][  0]LogTemp: Display: Loaded TP LuminTargetPlatform
[2018.12.18-05.25.55:580][  0]LogTargetPlatformManager: Display: Building Assets For Windows
[2018.12.18-05.25.56:387][  0]LogXGEController: Cleaning working directory: C:/Users/chuanqi/AppData/Local/Temp/UnrealXGEWorkingDir/
[2018.12.18-05.25.56:389][  0]LogXGEController: Cannot use XGE Controller as Incredibuild is not installed on this machine.
[2018.12.18-05.25.56:389][  0]LogShaderCompilers: Cannot use XGE Shader Compiler as Incredibuild is not installed on this machine.
[2018.12.18-05.25.56:389][  0]LogShaderCompilers: Display: Using Local Shader Compiler.
[2018.12.18-05.25.58:274][  0]LogDerivedDataCache: Display: Max Cache Size: 512 MB
[2018.12.18-05.25.58:634][  0]LogDerivedDataCache: Loaded boot cache 0.35s 71MB C:/Users/chuanqi/AppData/Local/UnrealEngine/4.20/DerivedDataCache/Boot.ddc.
[2018.12.18-05.25.58:635][  0]LogDerivedDataCache: Display: Loaded Boot cache: C:/Users/chuanqi/AppData/Local/UnrealEngine/4.20/DerivedDataCache/Boot.ddc
[2018.12.18-05.25.58:635][  0]LogDerivedDataCache: FDerivedDataBackendGraph:  Pak pak cache file C:/Users/chuanqi/Documents/GitHub/AssetPipeMaster02/APsec1LargeCityBase/DerivedDataCache/DDC.ddp not found, will not use a pak cache.
[2018.12.18-05.25.58:635][  0]LogDerivedDataCache: Unable to find inner node Pak for hierarchical cache Hierarchy.
[2018.12.18-05.25.58:635][  0]LogDerivedDataCache: FDerivedDataBackendGraph:  CompressedPak pak cache file C:/Users/chuanqi/Documents/GitHub/AssetPipeMaster02/APsec1LargeCityBase/DerivedDataCache/Compressed.ddp not found, will not use a pak cache.
[2018.12.18-05.25.58:635][  0]LogDerivedDataCache: Unable to find inner node CompressedPak for hierarchical cache Hierarchy.
[2018.12.18-05.25.58:727][  0]LogDerivedDataCache: Display: Pak cache opened for reading ../../../Engine/DerivedDataCache/Compressed.ddp.
[2018.12.18-05.25.58:742][  0]LogDerivedDataCache: Using Local data cache path C:/Users/chuanqi/AppData/Local/UnrealEngine/Common/DerivedDataCache: Writable
[2018.12.18-05.25.58:742][  0]LogDerivedDataCache: Shared data cache path not found in *engine.ini, will not use an Shared cache.
[2018.12.18-05.25.58:742][  0]LogDerivedDataCache: Unable to find inner node Shared for hierarchical cache Hierarchy.
[2018.12.18-05.25.58:796][  0]LogMaterial: Verifying Global Shaders for PCD3D_SM5
[2018.12.18-05.25.58:835][  0]LogSlate: Using FreeType 2.6.0
[2018.12.18-05.25.58:956][  0]LogSlate: SlateFontServices - WITH_FREETYPE: 1, WITH_HARFBUZZ: 1
[2018.12.18-05.25.59:403][  0]LogAssetRegistry: FAssetRegistry took 0.0300 seconds to start up
[2018.12.18-05.26.03:704][  0]LogInit: Selected Device Profile: [Windows]
[2018.12.18-05.26.06:501][  0]LogSimplygon: Simplygon DLL not present - disabling.
[2018.12.18-05.26.06:967][  0]LogMeshReduction: Using SimplygonSwarm for distributed automatic mesh merging
[2018.12.18-05.26.06:967][  0]LogMeshReduction: Using ProxyLODMeshReduction for automatic mesh merging
[2018.12.18-05.26.06:969][  0]LogMeshReduction: Using QuadricMeshReduction for automatic static mesh reduction
[2018.12.18-05.26.06:969][  0]LogMeshReduction: No automatic skeletal mesh reduction module available
[2018.12.18-05.26.07:457][  0]LogNetVersion: APsec1LargeCityBase 1.0.0, NetCL: 4212847, EngineNetVer: 5, GameNetVer: 0 (Checksum: 1121110827)
[2018.12.18-05.26.14:182][  0]LogPackageLocalizationCache: Processed 12 localized package path(s) for 2 prioritized culture(s) in 0.280135 seconds
[2018.12.18-05.26.14:228][  0]LogUObjectArray: 38425 objects as part of root set at end of initial load.
[2018.12.18-05.26.14:228][  0]LogUObjectAllocator: 6690872 out of 0 bytes used by permanent object pool.
[2018.12.18-05.26.14:229][  0]LogUObjectArray: CloseDisregardForGC: 0/0 objects in disregard for GC pool
[2018.12.18-05.26.29:660][  0]LogTcpMessaging: Initializing TcpMessaging bridge
[2018.12.18-05.26.29:791][  0]LogUdpMessaging: Initializing bridge on interface 0.0.0.0:0 to multicast group 230.0.0.1:6666.
[2018.12.18-05.26.32:529][  0]SourceControl: Source control is disabled
[2018.12.18-05.26.32:529][  0]SourceControl: Source control is disabled
[2018.12.18-05.26.32:577][  0]SourceControl: Source control is disabled
[2018.12.18-05.26.32:596][  0]SourceControl: Source control is disabled
[2018.12.18-05.26.34:028][  0]LogAndroidPermission: UAndroidPermissionCallbackProxy::GetInstance
[2018.12.18-05.26.34:468][  0]LogHoudiniEngine: Starting the Houdini Engine module.
[2018.12.18-05.26.34:477][  0]LogHoudiniEngine: Loaded libHAPIL.dll from Registry path C:\Program Files\Side Effects Software\Houdini 16.5.571/bin
[2018.12.18-05.26.34:478][  0]LogLinker: Warning: Asset '../../Plugins/Runtime/HoudiniEngine/Content/houdini_logo.uasset' has been saved with empty engine version. The asset will be loaded but may be incompatible.
[2018.12.18-05.26.34:482][  0]LogLinker: Warning: Asset '../../Plugins/Runtime/HoudiniEngine/Content/houdini_default_material.uasset' has been saved with empty engine version. The asset will be loaded but may be incompatible.
[2018.12.18-05.26.34:488][  0]LogLinker: Warning: Asset '../../Plugins/Runtime/HoudiniEngine/Content/houdini_bgeo_import.uasset' has been saved with empty engine version. The asset will be loaded but may be incompatible.
[2018.12.18-05.26.43:956][  0]LogHoudiniEngine: Successfully intialized the Houdini Engine API module.
[2018.12.18-05.26.44:094][  0]LogOcInput: OculusInput pre-init called
[2018.12.18-05.26.44:679][  0]LogEngine: Initializing Engine...
[2018.12.18-05.26.44:697][  0]LogHMD: Failed to initialize OpenVR with code 110
[2018.12.18-05.26.44:726][  0]LogStats: UGameplayTagsManager::ConstructGameplayTagTree: ImportINI prefixes -  0.001 s
[2018.12.18-05.26.44:726][  0]LogStats: UGameplayTagsManager::ConstructGameplayTagTree: Construct from data asset -  0.000 s
[2018.12.18-05.26.44:726][  0]LogStats: UGameplayTagsManager::ConstructGameplayTagTree: ImportINI -  0.000 s
[2018.12.18-05.26.44:726][  0]LogStats: UGameplayTagsManager::ConstructGameplayTagTree: GameplayTagTreeChangedEvent.Broadcast -  0.000 s
[2018.12.18-05.26.45:021][  0]LogInit: Initializing FReadOnlyCVARCache
[2018.12.18-05.26.45:323][  0]LogAIModule: Creating AISystem for world Untitled
[2018.12.18-05.26.45:419][  0]LogInit: XAudio2 using 'Speakers (Realtek High Definition Audio)' : 2 channels at 48 kHz using 32 bits per sample (channel mask 0x3)
[2018.12.18-05.26.45:611][  0]LogInit: FAudioDevice initialized.
[2018.12.18-05.26.45:611][  0]LogNetVersion: Set ProjectVersion to 1.0.0.0. Version Checksum will be recalculated on next use.
[2018.12.18-05.26.45:741][  0]LogDerivedDataCache: Saved boot cache 0.13s 71MB C:/Users/chuanqi/AppData/Local/UnrealEngine/4.20/DerivedDataCache/Boot.ddc.
[2018.12.18-05.26.45:755][  0]LogInit: Texture streaming: Enabled
[2018.12.18-05.26.45:864][  0]LogEngineSessionManager: EngineSessionManager initialized
[2018.12.18-05.26.46:389][  0]LogInit: Transaction tracking system initialized
[2018.12.18-05.26.48:000][  0]BlueprintLog: New page: Editor Load
[2018.12.18-05.26.51:413][  0]LocalizationService: Localization service is disabled
[2018.12.18-05.26.54:482][  0]LogFileCache: Scanning file cache for directory 'C:/Users/chuanqi/Documents/GitHub/AssetPipeMaster02/APsec1LargeCityBase/Content/' took 0.03s
[2018.12.18-05.26.54:482][  0]LogCook: Display: Max memory allowance for cook 16384mb min free memory 0mb
[2018.12.18-05.26.54:489][  0]LogCook: Display: Mobile HDR setting 1
[2018.12.18-05.26.54:495][  0]LogGameplayTags: Display: UGameplayTagsManager::DoneAddingNativeTags. DelegateIsBound: 0
[2018.12.18-05.26.54:495][  0]LogStats: UGameplayTagsManager::ConstructGameplayTagTree: ImportINI prefixes -  0.000 s
[2018.12.18-05.26.54:495][  0]LogStats: UGameplayTagsManager::ConstructGameplayTagTree: Construct from data asset -  0.000 s
[2018.12.18-05.26.54:496][  0]LogStats: UGameplayTagsManager::ConstructGameplayTagTree: ImportINI -  0.000 s
[2018.12.18-05.26.54:496][  0]LogStats: UGameplayTagsManager::ConstructGameplayTagTree: GameplayTagTreeChangedEvent.Broadcast -  0.000 s
[2018.12.18-05.26.59:217][  0]LogHoudiniEngineEditor: Starting the Houdini Engine Editor module.
[2018.12.18-05.27.01:833][  0]SourceControl: Source control is disabled
[2018.12.18-05.27.01:892][  0]Cmd: MAP LOAD FILE="../../../Engine/Content/Maps/Templates/Template_Default.umap" TEMPLATE=1 SHOWPROGRESS=1 FEATURELEVEL=3
[2018.12.18-05.27.01:907][  0]LightingResults: New page: Lighting Build
[2018.12.18-05.27.02:206][  0]MapCheck: New page: Map Check
[2018.12.18-05.27.02:206][  0]LightingResults: New page: Lighting Build
[2018.12.18-05.27.04:955][  0]LogAIModule: Creating AISystem for world Untitled_1
[2018.12.18-05.27.05:518][  0]LogEditorServer: Finished looking for orphan Actors (0.000 secs)
[2018.12.18-05.27.05:678][  0]Cmd: MAP CHECKDEP NOCLEARLOG
[2018.12.18-05.27.05:770][  0]MapCheck: Map check complete: 0 Error(s), 0 Warning(s), took 92.439ms to complete.
[2018.12.18-05.27.05:770][  0]LogFileHelpers: Loading map 'Template_Default' took 3.926
[2018.12.18-05.27.07:273][  0]LogSlate: Updating window title bar state: overlay mode, drag disabled, window buttons hidden, title bar hidden
[2018.12.18-05.27.07:283][  0]LogSlate: Updating window title bar state: overlay mode, drag disabled, window buttons hidden, title bar hidden
[2018.12.18-05.27.07:291][  0]LogSlate: Updating window title bar state: overlay mode, drag disabled, window buttons hidden, title bar hidden
[2018.12.18-05.27.07:300][  0]LogSlate: Updating window title bar state: overlay mode, drag disabled, window buttons hidden, title bar hidden
[2018.12.18-05.27.07:552][  0]LogCollectionManager: Loaded 0 collections in 0.001558 seconds
[2018.12.18-05.27.07:958][  0]LogFileCache: Scanning file cache for directory 'C:/Users/chuanqi/Documents/GitHub/AssetPipeMaster02/APsec1LargeCityBase/Saved/Collections/' took 0.01s
[2018.12.18-05.27.07:958][  0]LogFileCache: Scanning file cache for directory 'C:/Users/chuanqi/Documents/GitHub/AssetPipeMaster02/APsec1LargeCityBase/Content/Developers/chuanqi/Collections/' took 0.01s
[2018.12.18-05.27.07:958][  0]LogFileCache: Scanning file cache for directory 'C:/Users/chuanqi/Documents/GitHub/AssetPipeMaster02/APsec1LargeCityBase/Content/Collections/' took 0.01s
[2018.12.18-05.27.07:958][  0]LogCollectionManager: Rebuilt the GUID cache for 0 collections in 0.000001 seconds
[2018.12.18-05.27.08:016][  0]LogContentBrowser: Native class hierarchy populated in 0.0566 seconds. Added 2607 classes and 610 folders.
[2018.12.18-05.27.08:166][  0]LogContentBrowser: Native class hierarchy updated for 'WidgetCarousel' in 0.0004 seconds. Added 0 classes and 0 folders.
[2018.12.18-05.27.09:898][  0]LogContentBrowser: Native class hierarchy updated for 'AddContentDialog' in 0.0003 seconds. Added 0 classes and 0 folders.
[2018.12.18-05.27.10:059][  0]LogContentBrowser: Native class hierarchy updated for 'SceneOutliner' in 0.0004 seconds. Added 1 classes and 2 folders.
[2018.12.18-05.27.10:740][  0]LogSlate: Took 0.010971 seconds to synchronously load lazily loaded font '../../../Engine/Content/Slate/Fonts/Roboto-Regular.ttf' (155K)
[2018.12.18-05.27.10:750][  0]LogSlate: Took 0.007276 seconds to synchronously load lazily loaded font '../../../Engine/Content/Slate/Fonts/Roboto-Bold.ttf' (160K)
[2018.12.18-05.27.10:858][  0]LogSlate: Took 0.016253 seconds to synchronously load lazily loaded font '../../../Engine/Content/Editor/Slate/Fonts/FontAwesome.ttf' (139K)
[2018.12.18-05.27.11:676][  0]LogRenderer: Reallocating scene render targets to support 988x476 Format 10 NumSamples 1 (Frame:1).
[2018.12.18-05.27.12:747][  0]LogContentBrowser: Native class hierarchy updated for 'HierarchicalLODOutliner' in 0.0004 seconds. Added 0 classes and 0 folders.
[2018.12.18-05.27.12:747][  0]LogLoad: (Engine Initialization) Total time: 107.16 seconds
[2018.12.18-05.27.12:747][  0]LogLoad: (Engine Initialization) Total Blueprint compile time: 0.00 seconds
[2018.12.18-05.27.13:432][  0]LogContentStreaming: Texture pool size now 1000 MB
[2018.12.18-05.27.13:918][  1]LogFileCache: Retrieving MD5 hashes for directory 'C:/Users/chuanqi/Documents/GitHub/AssetPipeMaster02/APsec1LargeCityBase/Content/' took 0.82s
[2018.12.18-05.27.14:283][  5]LogAssetRegistry: Asset discovery search completed in 74.9035 seconds
[2018.12.18-05.27.14:351][  5]LogCollectionManager: Rebuilt the object cache for 0 collections in 0.000001 seconds (found 0 objects)
[2018.12.18-05.27.14:351][  5]LogCollectionManager: Fixed up redirectors for 0 collections in 0.000089 seconds (updated 0 objects)
[2018.12.18-05.28.13:624][565]LogSlate: FSceneViewport::OnFocusLost() reason 0
[2018.12.18-05.28.13:817][579]LogSlate: Took 0.015209 seconds to synchronously load lazily loaded font '../../../Engine/Content/Slate/Fonts/Roboto-Light.ttf' (167K)
[2018.12.18-05.28.16:560][579]LogAIModule: Creating AISystem for world StreetScene_HaydenMatthews
[2018.12.18-05.28.16:664][579]LogAssetEditorManager: Opening Asset editor for World /Game/StreetScene_HaydenMatthews.StreetScene_HaydenMatthews
[2018.12.18-05.28.16:763][579]Cmd: MAP LOAD FILE="C:/Users/chuanqi/Documents/GitHub/AssetPipeMaster02/APsec1LargeCityBase/Content/StreetScene_HaydenMatthews.umap" TEMPLATE=0 SHOWPROGRESS=1 FEATURELEVEL=3
[2018.12.18-05.28.16:763][579]LightingResults: New page: Lighting Build
[2018.12.18-05.28.16:764][579]LoadErrors: New page: Loading map: StreetScene_HaydenMatthews.umap
[2018.12.18-05.28.16:808][579]MapCheck: New page: Map Check
[2018.12.18-05.28.16:808][579]LightingResults: New page: Lighting Build
[2018.12.18-05.28.17:017][579]LogEditorServer: Finished looking for orphan Actors (0.000 secs)
[2018.12.18-05.28.17:110][579]Cmd: MAP CHECKDEP NOCLEARLOG
[2018.12.18-05.28.17:303][579]MapCheck: Map check complete: 0 Error(s), 0 Warning(s), took 193.975ms to complete.
[2018.12.18-05.28.17:303][579]LogFileHelpers: Loading map 'StreetScene_HaydenMatthews' took 0.585
[2018.12.18-05.28.19:935][768]LogEditorViewport: Clicking on Actor (LMB): StaticMeshActor (mannequinn)
[2018.12.18-05.28.23:471][944]LogSlate: FSceneViewport::OnFocusLost() reason 0
[2018.12.18-05.29.05:885][231]LogFactory: FactoryCreateFile: Texture with ReimportTextureFactory (0 0 C:\Users\chuanqi\Desktop\TEXTURE\MANNEQUIN_lambert1_Normal.png)
[2018.12.18-05.29.06:139][231]LogTexture: Display: Building textures: MANNEQUIN_lambert1_Normal (BC5, 2048X2048)
[2018.12.18-05.29.06:747][231]LogFactory: FactoryCreateFile: Texture with ReimportTextureFactory (0 0 C:\Users\chuanqi\Desktop\TEXTURE\MANNEQUIN_lambert1_BaseColor.png)
[2018.12.18-05.29.06:864][231]LogTexture: Display: Building textures: MANNEQUIN_lambert1_BaseColor (AutoDXT, 2048X2048)
[2018.12.18-05.29.12:542][443]LogFactory: FactoryCreateFile: StaticMesh with FbxFactory (0 0 C:\Users\chuanqi\Desktop\MANNEQUIN.fbx)
[2018.12.18-05.29.12:678][443]LogFbx: Loading FBX Scene from C:\Users\chuanqi\Desktop\MANNEQUIN.fbx
[2018.12.18-05.29.12:731][443]LogFbx: FBX Scene Loaded Succesfully
[2018.12.18-05.29.14:170][443]LogSlate: Window 'FBX Import Options' being destroyed
[2018.12.18-05.29.14:538][443]LogFbx: Warning: Triangulating static mesh polySurface11
[2018.12.18-05.29.14:726][443]LogStaticMesh: Building static mesh MANNEQUIN...
[2018.12.18-05.29.14:803][443]LogStaticMesh: Built static mesh [0.08s] /Game/Chuanqi_Liu_Content/ChuanqiLiuMannequinn/MANNEQUIN.MANNEQUIN
[2018.12.18-05.29.14:892][443]FBXImport: Warning: No smoothing group information was found in this FBX scene.  Please make sure to enable the 'Export Smoothing Groups' option in the FBX Exporter plug-in before exporting the file.  Even for tools that don't support smoothing groups, the FBX Exporter will generate appropriate smoothing data at export-time so that correct vertex normals can be inferred while importing. 
[2018.12.18-05.29.16:415][550]LogSlate: Window 'Message Log' being destroyed
[2018.12.18-05.29.16:417][550]LogSlate: Window 'Message Log' being destroyed
[2018.12.18-05.29.18:239][686]LogActorFactory: Actor Factory created MANNEQUIN
[2018.12.18-05.29.18:877][723]LogActorFactory: Actor Factory created MANNEQUIN
[2018.12.18-05.29.19:372][757]Cmd: CAMERA ALIGN ACTIVEVIEWPORTONLY
[2018.12.18-05.29.23:982][199]Cmd: TRANSACTION UNDO
[2018.12.18-05.29.23:983][199]LogEditorTransaction: Undo Scale Actors
[2018.12.18-05.29.26:087][368]LogSlate: FSceneViewport::OnFocusLost() reason 0
[2018.12.18-05.29.29:573][740]Cmd: DELETE
[2018.12.18-05.29.29:573][740]Cmd: ACTOR DELETE
[2018.12.18-05.29.29:802][740]LogEditorActor: Deleted Actor: StaticMeshActor
[2018.12.18-05.29.29:837][740]LogEditorActor: Deleted 1 Actors (0.090 secs)
[2018.12.18-05.29.35:366][121]LogSlate: Window 'Delete Assets' being destroyed
[2018.12.18-05.29.36:774][227]LogFactory: FactoryCreateFile: StaticMesh with FbxFactory (0 0 C:\Users\chuanqi\Desktop\MANNEQUIN.fbx)
[2018.12.18-05.29.36:802][227]LogFbx: Loading FBX Scene from C:\Users\chuanqi\Desktop\MANNEQUIN.fbx
[2018.12.18-05.29.36:831][227]LogFbx: FBX Scene Loaded Succesfully
[2018.12.18-05.29.42:698][227]LogSlate: Window 'FBX Import Options' being destroyed
[2018.12.18-05.29.42:743][227]LogFbx: Warning: Triangulating static mesh polySurface11
[2018.12.18-05.29.42:867][227]LogStaticMesh: Building static mesh MANNEQUIN...
[2018.12.18-05.29.42:907][227]LogStaticMesh: Built static mesh [0.05s] /Game/Chuanqi_Liu_Content/ChuanqiLiuMannequinn/MANNEQUIN.MANNEQUIN
[2018.12.18-05.29.42:925][227]FBXImport: Warning: No smoothing group information was found in this FBX scene.  Please make sure to enable the 'Export Smoothing Groups' option in the FBX Exporter plug-in before exporting the file.  Even for tools that don't support smoothing groups, the FBX Exporter will generate appropriate smoothing data at export-time so that correct vertex normals can be inferred while importing. 
[2018.12.18-05.29.44:147][348]LogSlate: Window 'Message Log' being destroyed
[2018.12.18-05.29.44:150][348]LogSlate: Window 'Message Log' being destroyed
[2018.12.18-05.29.44:616][397]LogActorFactory: Actor Factory created MANNEQUIN
[2018.12.18-05.29.45:180][446]LogActorFactory: Actor Factory created MANNEQUIN
[2018.12.18-05.29.52:010][ 24]Cmd: CAMERA ALIGN ACTIVEVIEWPORTONLY
[2018.12.18-05.30.02:091][879]Cmd: CAMERA ALIGN ACTIVEVIEWPORTONLY
[2018.12.18-05.30.06:678][362]LogEditorViewport: Clicking on Actor (LMB): StaticMeshActor (mannequinn)
[2018.12.18-05.30.07:671][472]Cmd: DELETE
[2018.12.18-05.30.07:671][472]Cmd: ACTOR DELETE
[2018.12.18-05.30.07:704][472]LogEditorActor: Deleted Actor: StaticMeshActor
[2018.12.18-05.30.07:731][472]LogEditorActor: Deleted 1 Actors (0.060 secs)
[2018.12.18-05.30.08:471][557]LogEditorViewport: Clicking on Actor (LMB): StaticMeshActor (MANNEQUIN)
[2018.12.18-05.30.14:238][213]Cmd: CAMERA ALIGN ACTIVEVIEWPORTONLY
[2018.12.18-05.30.21:391][887]LogSlate: FSceneViewport::OnFocusLost() reason 0
[2018.12.18-05.30.30:546][770]LogAssetEditorManager: Opening Asset editor for Material /Game/Chuanqi_Liu_Content/ChuanqiLiuMannequinn/manmat.manmat
[2018.12.18-05.30.30:573][770]LogMaterial: Display: Missing cached shader map for material manmat, compiling. 
[2018.12.18-05.30.31:674][770]LogMaterial: Display: Missing cached shader map for material manmat, compiling. 
[2018.12.18-05.30.31:698][770]LogShaderCompilers: Display: Shaders left to compile 21
[2018.12.18-05.30.31:698][770]LogShaderCompilers: Display: Shaders left to compile 20
[2018.12.18-05.30.31:698][770]LogShaderCompilers: Display: Shaders left to compile 19
[2018.12.18-05.30.31:715][770]LogMaterial: Display: Missing cached shader map for material manmat, compiling. 
[2018.12.18-05.30.31:822][770]LogSlate: Took 0.027222 seconds to synchronously load lazily loaded font '../../../Engine/Content/Slate/Fonts/Roboto-BoldCondensed.ttf' (158K)
[2018.12.18-05.30.37:094][106]LogShaderCompilers: Display: Shaders left to compile 21
[2018.12.18-05.30.37:168][114]LogShaderCompilers: Display: Shaders left to compile 20
[2018.12.18-05.30.37:214][119]LogShaderCompilers: Display: Shaders left to compile 19
[2018.12.18-05.30.37:588][149]LogShaderCompilers: Display: Shaders left to compile 18
[2018.12.18-05.30.37:607][151]LogShaderCompilers: Display: Shaders left to compile 17
[2018.12.18-05.30.37:790][170]LogShaderCompilers: Display: Shaders left to compile 16
[2018.12.18-05.30.37:983][190]LogShaderCompilers: Display: Shaders left to compile 15
[2018.12.18-05.30.38:025][194]LogShaderCompilers: Display: Shaders left to compile 14
[2018.12.18-05.30.38:106][203]LogShaderCompilers: Display: Shaders left to compile 13
[2018.12.18-05.30.38:321][225]LogShaderCompilers: Display: Shaders left to compile 12
[2018.12.18-05.30.38:431][236]LogShaderCompilers: Display: Shaders left to compile 11
[2018.12.18-05.30.38:513][245]LogShaderCompilers: Display: Shaders left to compile 10
[2018.12.18-05.30.38:924][281]LogMaterial: Display: Missing cached shader map for material manmat, compiling. 
[2018.12.18-05.30.38:965][281]LogMaterial: Display: Missing cached shader map for material FMatExpressionPreview MaterialExpressionTextureSample_0, compiling. 
[2018.12.18-05.30.39:062][282]LogShaderCompilers: Display: Shaders left to compile 21
[2018.12.18-05.30.39:100][284]LogShaderCompilers: Display: Shaders left to compile 20
[2018.12.18-05.30.40:537][373]LogShaderCompilers: Display: Shaders left to compile 19
[2018.12.18-05.30.41:484][435]LogShaderCompilers: Display: Shaders left to compile 18
[2018.12.18-05.30.41:484][435]LogShaderCompilers: Display: Shaders left to compile 17
[2018.12.18-05.30.41:582][443]LogShaderCompilers: Display: Shaders left to compile 16
[2018.12.18-05.30.41:787][454]LogMaterial: Display: Missing cached shader map for material manmat, compiling. 
[2018.12.18-05.30.41:814][454]LogMaterial: Display: Missing cached shader map for material FMatExpressionPreview MaterialExpressionTextureSample_0, compiling. 
[2018.12.18-05.30.41:845][454]LogMaterial: Display: Missing cached shader map for material FMatExpressionPreview MaterialExpressionTextureSample_1, compiling. 
[2018.12.18-05.30.44:099][597]LogShaderCompilers: Display: Shaders left to compile 21
[2018.12.18-05.30.44:099][597]LogShaderCompilers: Display: Shaders left to compile 20
[2018.12.18-05.30.44:099][597]LogShaderCompilers: Display: Shaders left to compile 19
[2018.12.18-05.30.45:208][670]LogShaderCompilers: Display: Shaders left to compile 18
[2018.12.18-05.30.45:217][671]LogShaderCompilers: Display: Shaders left to compile 17
[2018.12.18-05.30.45:239][673]LogShaderCompilers: Display: Shaders left to compile 16
[2018.12.18-05.30.45:456][692]LogMaterial: Display: Missing cached shader map for material manmat, compiling. 
[2018.12.18-05.30.45:478][692]LogMaterial: Display: Missing cached shader map for material FMatExpressionPreview MaterialExpressionTextureSample_0, compiling. 
[2018.12.18-05.30.45:514][692]LogShaderCompilers: Display: Shaders left to compile 21
[2018.12.18-05.30.45:534][692]LogShaderCompilers: Display: Shaders left to compile 22
[2018.12.18-05.30.45:534][692]LogMaterial: Display: Missing cached shader map for material FMatExpressionPreview MaterialExpressionTextureSample_1, compiling. 
[2018.12.18-05.30.45:561][692]LogMaterial: Display: Missing cached shader map for material manmat, compiling. 
[2018.12.18-05.30.45:608][693]LogShaderCompilers: Display: Shaders left to compile 23
[2018.12.18-05.30.47:110][808]LogShaderCompilers: Display: Shaders left to compile 22
[2018.12.18-05.30.47:144][811]LogShaderCompilers: Display: Shaders left to compile 21
[2018.12.18-05.30.47:524][846]LogShaderCompilers: Display: Shaders left to compile 20
[2018.12.18-05.30.47:720][864]LogMaterial: Display: Missing cached shader map for material manmat, compiling. 
[2018.12.18-05.30.47:732][864]LogShaderCompilers: Display: Shaders left to compile 21
[2018.12.18-05.30.47:732][864]LogShaderCompilers: Display: Shaders left to compile 20
[2018.12.18-05.30.47:739][864]LogMaterial: Display: Missing cached shader map for material FMatExpressionPreview MaterialExpressionTextureSample_0, compiling. 
[2018.12.18-05.30.48:729][935]LogShaderCompilers: Display: Shaders left to compile 21
[2018.12.18-05.30.48:894][951]LogShaderCompilers: Display: Shaders left to compile 20
[2018.12.18-05.30.48:906][952]LogShaderCompilers: Display: Shaders left to compile 19
[2018.12.18-05.30.51:209][108]LogShaderCompilers: Display: Shaders left to compile 18
[2018.12.18-05.30.51:236][110]LogMaterial: Display: Missing cached shader map for material manmat, compiling. 
[2018.12.18-05.30.51:258][110]LogMaterial: Display: Missing cached shader map for material FMatExpressionPreview MaterialExpressionTextureSample_1, compiling. 
[2018.12.18-05.30.51:273][110]LogShaderCompilers: Display: Shaders left to compile 25
[2018.12.18-05.30.51:287][110]LogMaterial: Display: Missing cached shader map for material manmat, compiling. 
[2018.12.18-05.30.51:299][110]LogShaderCompilers: Display: Shaders left to compile 3
[2018.12.18-05.30.52:644][212]LogShaderCompilers: Display: Shaders left to compile 23
[2018.12.18-05.30.52:994][243]LogShaderCompilers: Display: Shaders left to compile 22
[2018.12.18-05.30.53:171][259]LogShaderCompilers: Display: Shaders left to compile 21
[2018.12.18-05.30.53:364][276]LogMaterial: Display: Missing cached shader map for material manmat, compiling. 
[2018.12.18-05.30.53:382][276]LogMaterial: Display: Missing cached shader map for material FMatExpressionPreview MaterialExpressionTextureSample_1, compiling. 
[2018.12.18-05.30.54:546][354]LogMaterialEditor: Saving and Compiling material manmat
[2018.12.18-05.30.55:143][354]LogShaderCompilers: Display: Shaders left to compile 23
[2018.12.18-05.30.55:143][354]LogShaderCompilers: Display: Shaders left to compile 22
[2018.12.18-05.30.55:143][354]LogShaderCompilers: Display: Shaders left to compile 21
[2018.12.18-05.30.55:143][354]LogShaderCompilers: Display: Shaders left to compile 20
[2018.12.18-05.30.55:143][354]LogShaderCompilers: Display: Shaders left to compile 19
[2018.12.18-05.30.55:164][354]LogMaterial: Display: Missing cached shader map for material manmat, compiling. 
[2018.12.18-05.30.55:210][354]LogShaderCompilers: Display: Shaders left to compile 2
[2018.12.18-05.30.55:210][354]LogShaderCompilers: Display: Shaders left to compile 1
[2018.12.18-05.30.55:230][354]LogMaterial: Display: Missing cached shader map for material manmat, compiling. 
[2018.12.18-05.30.55:266][354]LogMaterial: Display: Missing cached shader map for material manmat, compiling. 
[2018.12.18-05.30.55:339][354]LogMaterial: Display: Missing cached shader map for material FDebugViewModeMaterialProxy manmat, compiling. 
[2018.12.18-05.30.57:908][354]LogShaderCompilers: Display: Shaders left to compile 44
[2018.12.18-05.30.57:908][354]LogShaderCompilers: Display: Shaders left to compile 43
[2018.12.18-05.30.57:908][354]LogShaderCompilers: Display: Shaders left to compile 42
[2018.12.18-05.30.57:908][354]LogShaderCompilers: Display: Shaders left to compile 41
[2018.12.18-05.30.57:908][354]LogShaderCompilers: Display: Shaders left to compile 40
[2018.12.18-05.30.57:908][354]LogShaderCompilers: Display: Shaders left to compile 39
[2018.12.18-05.30.57:908][354]LogShaderCompilers: Display: Shaders left to compile 38
[2018.12.18-05.30.57:908][354]LogShaderCompilers: Display: Shaders left to compile 37
[2018.12.18-05.30.57:908][354]LogShaderCompilers: Display: Shaders left to compile 36
[2018.12.18-05.30.57:908][354]LogShaderCompilers: Display: Shaders left to compile 35
[2018.12.18-05.30.57:908][354]LogShaderCompilers: Display: Shaders left to compile 34
[2018.12.18-05.30.57:908][354]LogShaderCompilers: Display: Shaders left to compile 33
[2018.12.18-05.30.57:908][354]LogShaderCompilers: Display: Shaders left to compile 32
[2018.12.18-05.30.57:908][354]LogShaderCompilers: Display: Shaders left to compile 31
[2018.12.18-05.30.57:908][354]LogShaderCompilers: Display: Shaders left to compile 30
[2018.12.18-05.30.57:908][354]LogShaderCompilers: Display: Shaders left to compile 29
[2018.12.18-05.30.57:908][354]LogShaderCompilers: Display: Shaders left to compile 28
[2018.12.18-05.30.57:908][354]LogShaderCompilers: Display: Shaders left to compile 27
[2018.12.18-05.30.57:908][354]LogShaderCompilers: Display: Shaders left to compile 26
[2018.12.18-05.30.57:908][354]LogShaderCompilers: Display: Shaders left to compile 25
[2018.12.18-05.30.57:908][354]LogShaderCompilers: Display: Shaders left to compile 24
[2018.12.18-05.30.57:908][354]LogShaderCompilers: Display: Shaders left to compile 23
[2018.12.18-05.30.57:908][354]LogShaderCompilers: Display: Shaders left to compile 22
[2018.12.18-05.30.57:908][354]LogShaderCompilers: Display: Shaders left to compile 12
[2018.12.18-05.30.57:908][354]LogShaderCompilers: Display: Shaders left to compile 2
[2018.12.18-05.30.57:925][354]TextureStreamingBuild: Display: Compiling optional shaders took 2.605 seconds.
[2018.12.18-05.31.00:905][354]LogSavePackage: Moving 'C:/Users/chuanqi/Documents/GitHub/AssetPipeMaster02/APsec1LargeCityBase/Saved/manmat7538673141CD392683E24BBB6D0EDCBE.tmp' to 'C:/Users/chuanqi/Documents/GitHub/AssetPipeMaster02/APsec1LargeCityBase/Content/Chuanqi_Liu_Content/ChuanqiLiuMannequinn/manmat.uasset'
[2018.12.18-05.31.00:946][354]MaterialEditorStats: Base pass shader: 108 instructions
[2018.12.18-05.31.00:946][354]MaterialEditorStats: Base pass shader with Volumetric Lightmap: 181 instructions
[2018.12.18-05.31.00:946][354]MaterialEditorStats: Base pass vertex shader: 36 instructions
[2018.12.18-05.31.00:946][354]MaterialEditorStats: Texture samplers: 5/16
[2018.12.18-05.31.00:946][354]MaterialEditorStats: Texture Lookups (Est.): VS(0), PS(2)
[2018.12.18-05.31.00:946][354]MaterialEditorStats: User interpolators: 2/4 Scalars (1/4 Vectors) (TexCoords: 2, Custom: 0)
[2018.12.18-05.31.02:809][465]LogSlate: Window 'manmat' being destroyed
[2018.12.18-05.31.02:812][465]LogSlate: Window 'manmat' being destroyed
[2018.12.18-05.31.07:611][888]LogEditorViewport: Clicking on Actor (LMB): StaticMeshActor (MANNEQUIN)
[2018.12.18-05.31.23:275][254]LogEditorViewport: Clicking on Actor (LMB): StaticMeshActor (03)
[2018.12.18-05.31.26:683][542]Cmd: TRANSACTION UNDO
[2018.12.18-05.31.26:683][542]LogEditorTransaction: Undo Move Actors
[2018.12.18-05.31.27:301][586]LogEditorViewport: Clicking on Actor (LMB): StaticMeshActor (pyramid)
[2018.12.18-05.31.28:228][659]LogEditorViewport: Clicking on Actor (LMB): StaticMeshActor (MANNEQUIN)
[2018.12.18-05.31.28:497][676]Cmd: CAMERA ALIGN ACTIVEVIEWPORTONLY
[2018.12.18-05.31.32:286][ 41]LogEditorViewport: Clicking on Actor (LMB): StaticMeshActor (MANNEQUIN)
[2018.12.18-05.31.40:104][904]LogEditorViewport: Clicking on Actor (LMB): BP_Sky_Sphere_C (Sky Sphere)
[2018.12.18-05.31.41:391][ 40]LogEditorViewport: Clicking on Actor (LMB): StaticMeshActor (MANNEQUIN)
[2018.12.18-05.31.47:023][638]LogEditorViewport: Clicking on Actor (LMB): BP_Sky_Sphere_C (Sky Sphere)
[2018.12.18-05.31.50:054][920]LogRenderer: Reallocating scene render targets to support 1284x660 Format 10 NumSamples 1 (Frame:14289).
[2018.12.18-05.31.50:125][921]LogRenderer: Reallocating scene render targets to support 1712x928 Format 10 NumSamples 1 (Frame:14291).
[2018.12.18-05.31.50:126][921]LogSlate: FSceneViewport::OnFocusLost() reason 2
[2018.12.18-05.32.14:069][506]LogSlate: FSceneViewport::OnFocusLost() reason 2
[2018.12.18-05.32.22:624][272]LogSlate: FSceneViewport::OnFocusLost() reason 0
[2018.12.18-05.32.24:301][280]LogSlate: Window 'Save Content' being destroyed
[2018.12.18-05.32.24:376][280]LogSavePackage: Moving 'C:/Users/chuanqi/Documents/GitHub/AssetPipeMaster02/APsec1LargeCityBase/Saved/lambert1A4F58FEA476E21240BC75BA13E77036B.tmp' to 'C:/Users/chuanqi/Documents/GitHub/AssetPipeMaster02/APsec1LargeCityBase/Content/Chuanqi_Liu_Content/ChuanqiLiuMannequinn/lambert1.uasset'
[2018.12.18-05.32.24:456][280]LogSavePackage: Moving 'C:/Users/chuanqi/Documents/GitHub/AssetPipeMaster02/APsec1LargeCityBase/Saved/MANNEQUIN8C1C0B2C42E6B0C3791F499971AA92EA.tmp' to 'C:/Users/chuanqi/Documents/GitHub/AssetPipeMaster02/APsec1LargeCityBase/Content/Chuanqi_Liu_Content/ChuanqiLiuMannequinn/MANNEQUIN.uasset'
[2018.12.18-05.32.24:806][280]LogSavePackage: Moving 'C:/Users/chuanqi/Documents/GitHub/AssetPipeMaster02/APsec1LargeCityBase/Saved/MANNEQUIN_lambert1_BaseColor790F200649CF0DD763A380834F0B5B68.tmp' to 'C:/Users/chuanqi/Documents/GitHub/AssetPipeMaster02/APsec1LargeCityBase/Content/Chuanqi_Liu_Content/ChuanqiLiuMannequinn/MANNEQUIN_lambert1_BaseColor.uasset'
[2018.12.18-05.32.25:153][280]LogSavePackage: Moving 'C:/Users/chuanqi/Documents/GitHub/AssetPipeMaster02/APsec1LargeCityBase/Saved/MANNEQUIN_lambert1_NormalE535C0D54DDE687DFFD7668B4B4B4DFC.tmp' to 'C:/Users/chuanqi/Documents/GitHub/AssetPipeMaster02/APsec1LargeCityBase/Content/Chuanqi_Liu_Content/ChuanqiLiuMannequinn/MANNEQUIN_lambert1_Normal.uasset'
[2018.12.18-05.32.28:109][280]LogSavePackage: Moving 'C:/Users/chuanqi/Documents/GitHub/AssetPipeMaster02/APsec1LargeCityBase/Saved/StreetScene_HaydenMatthews430409DB47B1771EBA3131BF674F3D76.tmp' to 'C:/Users/chuanqi/Documents/GitHub/AssetPipeMaster02/APsec1LargeCityBase/Content/StreetScene_HaydenMatthews.umap'
[2018.12.18-05.32.28:156][280]LogFileHelpers: Saving map 'StreetScene_HaydenMatthews' took 2.981
[2018.12.18-05.32.28:277][280]LogSlate: Window 'APsec1LargeCityBase - Unreal Editor' being destroyed
[2018.12.18-05.32.28:278][280]LogWindowsTextInputMethodSystem: Display: IME system now deactivated.
[2018.12.18-05.32.28:608][281]Cmd: QUIT_EDITOR
[2018.12.18-05.32.28:992][281]LogExit: Preparing to exit.
[2018.12.18-05.32.30:508][281]LogExit: Editor shut down
[2018.12.18-05.32.30:508][281]LogExit: Transaction tracking system shut down
[2018.12.18-05.32.32:164][281]LogExit: Object subsystem successfully closed.
[2018.12.18-05.32.32:286][281]LogShaderCompilers: Display: Shaders left to compile 0
[2018.12.18-05.32.32:299][281]LogD3D11RHI: Shutdown
[2018.12.18-05.32.32:299][281]LogD3D11RHI: CleanupD3DDevice
[2018.12.18-05.32.32:339][281]LogD3D11RHI: ~FD3D11DynamicRHI
[2018.12.18-05.32.33:362][281]LogModuleManager: Shutting down and abandoning module MeshBuilder (618)
[2018.12.18-05.32.33:362][281]LogModuleManager: Shutting down and abandoning module HierarchicalLODOutliner (616)
[2018.12.18-05.32.33:362][281]LogModuleManager: Shutting down and abandoning module SceneOutliner (614)
[2018.12.18-05.32.33:362][281]LogModuleManager: Shutting down and abandoning module AddContentDialog (612)
[2018.12.18-05.32.33:385][281]LogModuleManager: Shutting down and abandoning module WidgetCarousel (611)
[2018.12.18-05.32.33:385][281]LogModuleManager: Shutting down and abandoning module EditorWidgets (608)
[2018.12.18-05.32.33:385][281]LogModuleManager: Shutting down and abandoning module CollectionManager (606)
[2018.12.18-05.32.33:397][281]LogModuleManager: Shutting down and abandoning module HierarchicalLODUtilities (604)
[2018.12.18-05.32.33:410][281]LogModuleManager: Shutting down and abandoning module StatsViewer (602)
[2018.12.18-05.32.33:423][281]LogModuleManager: Shutting down and abandoning module FoliageEdit (600)
[2018.12.18-05.32.33:433][281]LogModuleManager: Shutting down and abandoning module LandscapeEditor (598)
[2018.12.18-05.32.33:454][281]LogModuleManager: Shutting down and abandoning module MeshPaintMode (596)
[2018.12.18-05.32.33:463][281]LogModuleManager: Shutting down and abandoning module SceneDepthPickerMode (594)
[2018.12.18-05.32.33:463][281]LogModuleManager: Shutting down and abandoning module ActorPickerMode (592)
[2018.12.18-05.32.33:463][281]LogModuleManager: Shutting down and abandoning module GeometryMode (590)
[2018.12.18-05.32.33:463][281]LogModuleManager: Shutting down and abandoning module TextureAlignMode (588)
[2018.12.18-05.32.33:463][281]LogModuleManager: Shutting down and abandoning module BspMode (586)
[2018.12.18-05.32.33:463][281]LogModuleManager: Shutting down and abandoning module PIEPreviewDeviceProfileSelector (584)
[2018.12.18-05.32.33:472][281]LogModuleManager: Shutting down and abandoning module SequenceRecorderSections (582)
[2018.12.18-05.32.33:480][281]LogModuleManager: Shutting down and abandoning module AutomationWorker (580)
[2018.12.18-05.32.33:480][281]LogModuleManager: Shutting down and abandoning module HoudiniEngineEditor (578)
[2018.12.18-05.32.33:480][281]LogHoudiniEngineEditor: Shutting down the Houdini Engine Editor module.
[2018.12.18-05.32.33:491][281]LogModuleManager: Shutting down and abandoning module AudioCaptureEditor (576)
[2018.12.18-05.32.33:492][281]LogModuleManager: Shutting down and abandoning module SequenceRecorder (575)
[2018.12.18-05.32.33:505][281]LogModuleManager: Shutting down and abandoning module MatineeToLevelSequence (572)
[2018.12.18-05.32.33:514][281]LogModuleManager: Shutting down and abandoning module LevelSequenceEditor (570)
[2018.12.18-05.32.33:529][281]LogModuleManager: Shutting down and abandoning module PlacementMode (569)
[2018.12.18-05.32.33:529][281]LogModuleManager: Shutting down and abandoning module MaterialEditor (568)
[2018.12.18-05.32.33:529][281]LogModuleManager: Shutting down and abandoning module WmfMediaFactory (564)
[2018.12.18-05.32.33:529][281]LogModuleManager: Shutting down and abandoning module WmfMediaEditor (562)
[2018.12.18-05.32.33:529][281]LogModuleManager: Shutting down and abandoning module MediaPlayerEditor (560)
[2018.12.18-05.32.33:541][281]LogModuleManager: Shutting down and abandoning module OpenExrWrapper (558)
[2018.12.18-05.32.33:541][281]LogModuleManager: Shutting down and abandoning module ImgMediaFactory (556)
[2018.12.18-05.32.33:541][281]LogModuleManager: Shutting down and abandoning module ImgMediaEditor (554)
[2018.12.18-05.32.33:542][281]LogModuleManager: Shutting down and abandoning module AvfMediaFactory (552)
[2018.12.18-05.32.33:542][281]LogModuleManager: Shutting down and abandoning module AvfMediaEditor (550)
[2018.12.18-05.32.33:542][281]LogModuleManager: Shutting down and abandoning module AndroidMediaFactory (548)
[2018.12.18-05.32.33:542][281]LogModuleManager: Shutting down and abandoning module AndroidMediaEditor (546)
[2018.12.18-05.32.33:542][281]LogModuleManager: Shutting down and abandoning module MagicLeapCameraPreviewFactory (544)
[2018.12.18-05.32.33:542][281]LogModuleManager: Shutting down and abandoning module MagicLeapMediaFactory (542)
[2018.12.18-05.32.33:542][281]LogModuleManager: Shutting down and abandoning module MagicLeapMediaEditor (540)
[2018.12.18-05.32.33:542][281]LogModuleManager: Shutting down and abandoning module CharacterAI (538)
[2018.12.18-05.32.33:542][281]LogModuleManager: Shutting down and abandoning module SmartSnapping (536)
[2018.12.18-05.32.33:542][281]LogModuleManager: Shutting down and abandoning module SessionServices (534)
[2018.12.18-05.32.33:542][281]LogModuleManager: Shutting down and abandoning module ViewportSnapping (532)
[2018.12.18-05.32.33:542][281]LogModuleManager: Shutting down and abandoning module ViewportInteraction (530)
[2018.12.18-05.32.33:542][281]LogModuleManager: Shutting down and abandoning module ClothPainter (528)
[2018.12.18-05.32.33:567][281]LogModuleManager: Shutting down and abandoning module SkeletalMeshEditor (527)
[2018.12.18-05.32.33:577][281]LogModuleManager: Shutting down and abandoning module LogVisualizer (524)
[2018.12.18-05.32.33:591][281]LogModuleManager: Shutting down and abandoning module IntroTutorials (522)
[2018.12.18-05.32.33:602][281]LogModuleManager: Shutting down and abandoning module GameProjectGeneration (521)
[2018.12.18-05.32.33:612][281]LogModuleManager: Shutting down and abandoning module LuminPlatformEditor (518)
[2018.12.18-05.32.33:613][281]LogModuleManager: Shutting down and abandoning module IOSPlatformEditor (516)
[2018.12.18-05.32.33:621][281]LogModuleManager: Shutting down and abandoning module HTML5PlatformEditor (514)
[2018.12.18-05.32.33:621][281]LogModuleManager: Shutting down and abandoning module AndroidPlatformEditor (512)
[2018.12.18-05.32.33:621][281]LogModuleManager: Shutting down and abandoning module AndroidDeviceDetection (511)
[2018.12.18-05.32.33:918][281]LogModuleManager: Shutting down and abandoning module WindowsPlatformEditor (508)
[2018.12.18-05.32.33:918][281]LogModuleManager: Shutting down and abandoning module LuminRuntimeSettings (506)
[2018.12.18-05.32.33:918][281]LogModuleManager: Shutting down and abandoning module IOSRuntimeSettings (504)
[2018.12.18-05.32.33:918][281]LogModuleManager: Shutting down and abandoning module AndroidRuntimeSettings (502)
[2018.12.18-05.32.33:918][281]LogModuleManager: Shutting down and abandoning module InputBindingEditor (500)
[2018.12.18-05.32.33:930][281]LogModuleManager: Shutting down and abandoning module MergeActors (498)
[2018.12.18-05.32.33:956][281]LogModuleManager: Shutting down and abandoning module LocalizationDashboard (496)
[2018.12.18-05.32.33:971][281]LogModuleManager: Shutting down and abandoning module LocalizationService (495)
[2018.12.18-05.32.33:979][281]LogModuleManager: Shutting down and abandoning module HardwareTargeting (492)
[2018.12.18-05.32.33:979][281]LogModuleManager: Shutting down and abandoning module DeviceProfileEditor (490)
[2018.12.18-05.32.33:979][281]LogModuleManager: Shutting down and abandoning module UndoHistory (488)
[2018.12.18-05.32.33:988][281]LogModuleManager: Shutting down and abandoning module XmlParser (486)
[2018.12.18-05.32.33:988][281]LogModuleManager: Shutting down and abandoning module Blutility (484)
[2018.12.18-05.32.33:995][281]LogModuleManager: Shutting down and abandoning module ProjectSettingsViewer (482)
[2018.12.18-05.32.33:995][281]LogModuleManager: Shutting down and abandoning module ProjectTargetPlatformEditor (481)
[2018.12.18-05.32.33:995][281]LogModuleManager: Shutting down and abandoning module EditorSettingsViewer (478)
[2018.12.18-05.32.33:995][281]LogModuleManager: Shutting down and abandoning module SettingsEditor (476)
[2018.12.18-05.32.34:007][281]LogModuleManager: Shutting down and abandoning module ProjectLauncher (474)
[2018.12.18-05.32.34:021][281]LogModuleManager: Shutting down and abandoning module SessionFrontend (472)
[2018.12.18-05.32.34:027][281]LogModuleManager: Shutting down and abandoning module ProfilerClient (470)
[2018.12.18-05.32.34:038][281]LogModuleManager: Shutting down and abandoning module DeviceManager (468)
[2018.12.18-05.32.34:046][281]LogModuleManager: Shutting down and abandoning module TargetDeviceServices (467)
[2018.12.18-05.32.34:101][281]LogModuleManager: Shutting down and abandoning module AutomationController (464)
[2018.12.18-05.32.34:114][281]LogModuleManager: Shutting down and abandoning module AutomationWindow (462)
[2018.12.18-05.32.34:127][281]LogModuleManager: Shutting down and abandoning module Layers (460)
[2018.12.18-05.32.34:140][281]LogModuleManager: Shutting down and abandoning module ComponentVisualizers (458)
[2018.12.18-05.32.34:140][281]LogModuleManager: Shutting down and abandoning module DetailCustomizations (456)
[2018.12.18-05.32.34:140][281]LogModuleManager: Shutting down and abandoning module PackagesDialog (454)
[2018.12.18-05.32.34:141][281]LogModuleManager: Shutting down and abandoning module Persona (452)
[2018.12.18-05.32.34:166][281]LogModuleManager: Shutting down and abandoning module AdvancedPreviewScene (451)
[2018.12.18-05.32.34:166][281]LogModuleManager: Shutting down and abandoning module AnimGraph (449)
[2018.12.18-05.32.34:170][281]LogModuleManager: Shutting down and abandoning module Kismet (446)
[2018.12.18-05.32.34:185][281]LogModuleManager: Shutting down and abandoning module GraphEditor (444)
[2018.12.18-05.32.34:185][281]LogModuleManager: Shutting down and abandoning module ClassViewer (442)
[2018.12.18-05.32.34:185][281]LogModuleManager: Shutting down and abandoning module Toolbox (440)
[2018.12.18-05.32.34:185][281]LogModuleManager: Shutting down and abandoning module ModuleUI (438)
[2018.12.18-05.32.34:197][281]LogModuleManager: Shutting down and abandoning module MovieSceneTools (436)
[2018.12.18-05.32.34:222][281]LogModuleManager: Shutting down and abandoning module OutputLog (434)
[2018.12.18-05.32.34:222][281]LogModuleManager: Shutting down and abandoning module GammaUI (432)
[2018.12.18-05.32.34:237][281]LogModuleManager: Shutting down and abandoning module Documentation (430)
[2018.12.18-05.32.34:237][281]LogModuleManager: Shutting down and abandoning module MovieSceneTracks (428)
[2018.12.18-05.32.34:237][281]LogModuleManager: Shutting down and abandoning module MovieScene (426)
[2018.12.18-05.32.34:246][281]LogModuleManager: Shutting down and abandoning module StreamingPauseRendering (424)
[2018.12.18-05.32.34:259][281]LogModuleManager: Shutting down and abandoning module LauncherPlatform (422)
[2018.12.18-05.32.34:259][281]LogModuleManager: Shutting down and abandoning module AnalyticsET (420)
[2018.12.18-05.32.34:259][281]LogModuleManager: Shutting down and abandoning module PortalServices (418)
[2018.12.18-05.32.34:259][281]LogModuleManager: Shutting down and abandoning module PortalRpc (416)
[2018.12.18-05.32.34:259][281]LogModuleManager: Shutting down and abandoning module MessagingRpc (414)
[2018.12.18-05.32.34:259][281]LogModuleManager: Shutting down and abandoning module AIModule (412)
[2018.12.18-05.32.34:271][281]LogModuleManager: Shutting down and abandoning module GameplayDebugger (411)
[2018.12.18-05.32.34:280][281]LogModuleManager: Shutting down and abandoning module AITestSuite (409)
[2018.12.18-05.32.34:285][281]LogModuleManager: Shutting down and abandoning module NavigationSystem (407)
[2018.12.18-05.32.34:285][281]LogModuleManager: Shutting down and abandoning module DesktopPlatform (404)
[2018.12.18-05.32.34:285][281]LogModuleManager: Shutting down and abandoning module ProfilerService (402)
[2018.12.18-05.32.34:296][281]LogModuleManager: Shutting down and abandoning module TaskGraph (400)
[2018.12.18-05.32.34:306][281]LogModuleManager: Shutting down and abandoning module SteamVRController (398)
[2018.12.18-05.32.34:306][281]LogModuleManager: Shutting down and abandoning module ProceduralMeshComponentEditor (396)
[2018.12.18-05.32.34:306][281]LogModuleManager: Shutting down and abandoning module ProceduralMeshComponent (394)
[2018.12.18-05.32.34:322][281]LogModuleManager: Shutting down and abandoning module OculusInput (392)
[2018.12.18-05.32.34:322][281]LogModuleManager: Shutting down and abandoning module MobilePatchingUtils (390)
[2018.12.18-05.32.34:322][281]LogModuleManager: Shutting down and abandoning module HoudiniEngineRuntime (388)
[2018.12.18-05.32.34:322][281]LogHoudiniEngine: Shutting down the Houdini Engine module.
[2018.12.18-05.32.34:353][281]LogModuleManager: Shutting down and abandoning module EditableMesh (386)
[2018.12.18-05.32.34:363][281]LogModuleManager: Shutting down and abandoning module CustomMeshComponent (384)
[2018.12.18-05.32.34:363][281]LogModuleManager: Shutting down and abandoning module CableComponent (382)
[2018.12.18-05.32.34:363][281]LogModuleManager: Shutting down and abandoning module AudioCapture (380)
[2018.12.18-05.32.34:363][281]LogModuleManager: Shutting down and abandoning module ArchVisCharacter (378)
[2018.12.18-05.32.34:363][281]LogModuleManager: Shutting down and abandoning module AndroidPermission (376)
[2018.12.18-05.32.34:363][281]LogModuleManager: Shutting down and abandoning module NUTUnrealEngine4 (374)
[2018.12.18-05.32.34:363][281]LogModuleManager: Shutting down and abandoning module NetcodeUnitTest (372)
[2018.12.18-05.32.34:381][281]LogModuleManager: Shutting down and abandoning module MediaCompositingEditor (370)
[2018.12.18-05.32.34:381][281]LogModuleManager: Shutting down and abandoning module MediaCompositing (368)
[2018.12.18-05.32.34:381][281]LogModuleManager: Shutting down and abandoning module LinearTimecode (366)
[2018.12.18-05.32.34:381][281]LogModuleManager: Shutting down and abandoning module ImgMedia (364)
[2018.12.18-05.32.34:391][281]LogModuleManager: Shutting down and abandoning module HTML5Networking (362)
[2018.12.18-05.32.34:391][281]LogModuleManager: Shutting down and abandoning module GeometryCacheTracks (360)
[2018.12.18-05.32.34:391][281]LogModuleManager: Shutting down and abandoning module GeometryCacheSequencer (358)
[2018.12.18-05.32.34:391][281]LogModuleManager: Shutting down and abandoning module BackChannel (356)
[2018.12.18-05.32.34:404][281]LogModuleManager: Shutting down and abandoning module AppleVision (354)
[2018.12.18-05.32.34:404][281]LogModuleManager: Shutting down and abandoning module AppleImageUtils (352)
[2018.12.18-05.32.34:404][281]LogModuleManager: Shutting down and abandoning module AlembicImporter (350)
[2018.12.18-05.32.34:404][281]LogModuleManager: Shutting down and abandoning module AlembicLibrary (349)
[2018.12.18-05.32.34:404][281]LogModuleManager: Shutting down and abandoning module GeometryCache (348)
[2018.12.18-05.32.34:404][281]LogModuleManager: Shutting down and abandoning module GeometryCacheEd (347)
[2018.12.18-05.32.34:404][281]LogModuleManager: Shutting down and abandoning module DatasmithContentEditor (342)
[2018.12.18-05.32.34:413][281]LogModuleManager: Shutting down and abandoning module DatasmithContent (340)
[2018.12.18-05.32.34:415][281]LogModuleManager: Shutting down and abandoning module SpeedTreeImporter (338)
[2018.12.18-05.32.34:415][281]LogModuleManager: Shutting down and abandoning module PluginBrowser (336)
[2018.12.18-05.32.34:418][281]LogModuleManager: Shutting down and abandoning module MobileLauncherProfileWizard (334)
[2018.12.18-05.32.34:431][281]LogModuleManager: Shutting down and abandoning module PolygonModeling (332)
[2018.12.18-05.32.34:431][281]LogModuleManager: Shutting down and abandoning module MeshEditor (330)
[2018.12.18-05.32.34:441][281]LogModuleManager: Shutting down and abandoning module CryptoKeysOpenSSL (328)
[2018.12.18-05.32.34:450][281]LogModuleManager: Shutting down and abandoning module CryptoKeys (326)
[2018.12.18-05.32.34:450][281]LogModuleManager: Shutting down and abandoning module VisualStudioSourceCodeAccess (324)
[2018.12.18-05.32.34:450][281]LogModuleManager: Shutting down and abandoning module VisualStudioCodeSourceCodeAccess (322)
[2018.12.18-05.32.34:450][281]LogModuleManager: Shutting down and abandoning module UObjectPlugin (320)
[2018.12.18-05.32.34:450][281]LogModuleManager: Shutting down and abandoning module SubversionSourceControl (318)
[2018.12.18-05.32.34:464][281]LogModuleManager: Shutting down and abandoning module PerforceSourceControl (316)
[2018.12.18-05.32.34:479][281]LogModuleManager: Shutting down and abandoning module GitSourceControl (314)
[2018.12.18-05.32.34:489][281]LogModuleManager: Shutting down and abandoning module SourceControl (313)
[2018.12.18-05.32.34:503][281]LogModuleManager: Shutting down and abandoning module CLionSourceCodeAccess (310)
[2018.12.18-05.32.34:503][281]LogModuleManager: Shutting down and abandoning module LightPropagationVolumeEditor (308)
[2018.12.18-05.32.34:503][281]LogModuleManager: Shutting down and abandoning module PaperTiledImporter (306)
[2018.12.18-05.32.34:503][281]LogModuleManager: Shutting down and abandoning module PaperSpriteSheetImporter (304)
[2018.12.18-05.32.34:503][281]LogModuleManager: Shutting down and abandoning module Paper2DEditor (302)
[2018.12.18-05.32.34:515][281]LogModuleManager: Shutting down and abandoning module MeshPaint (301)
[2018.12.18-05.32.34:521][281]LogModuleManager: Shutting down and abandoning module RuntimePhysXCooking (298)
[2018.12.18-05.32.34:521][281]LogModuleManager: Shutting down and abandoning module PhysXVehiclesEditor (296)
[2018.12.18-05.32.34:521][281]LogModuleManager: Shutting down and abandoning module PhysXVehicles (294)
[2018.12.18-05.32.34:521][281]LogModuleManager: Shutting down and abandoning module OculusEditor (292)
[2018.12.18-05.32.34:529][281]LogModuleManager: Shutting down and abandoning module LocationServicesBPLibrary (290)
[2018.12.18-05.32.34:529][281]LogModuleManager: Shutting down and abandoning module ImmediatePhysicsEditor (288)
[2018.12.18-05.32.34:529][281]LogModuleManager: Shutting down and abandoning module ImmediatePhysics (286)
[2018.12.18-05.32.34:536][281]LogModuleManager: Shutting down and abandoning module ActorSequence (284)
[2018.12.18-05.32.34:536][281]LogModuleManager: Shutting down and abandoning module UdpMessaging (282)
[2018.12.18-05.32.34:637][281]LogModuleManager: Shutting down and abandoning module TcpMessaging (280)
[2018.12.18-05.32.34:753][281]LogModuleManager: Shutting down and abandoning module MagicLeapAudio (278)
[2018.12.18-05.32.34:753][281]LogModuleManager: Shutting down and abandoning module GameplayTagsEditor (276)
[2018.12.18-05.32.34:761][281]LogModuleManager: Shutting down and abandoning module FacialAnimationEditor (274)
[2018.12.18-05.32.34:762][281]LogModuleManager: Shutting down and abandoning module FacialAnimation (272)
[2018.12.18-05.32.34:762][281]LogModuleManager: Shutting down and abandoning module DataValidation (270)
[2018.12.18-05.32.34:762][281]LogModuleManager: Shutting down and abandoning module AssetManagerEditor (268)
[2018.12.18-05.32.34:771][281]LogModuleManager: Shutting down and abandoning module LevelEditor (267)
[2018.12.18-05.32.34:797][281]LogModuleManager: Shutting down and abandoning module PixelInspectorModule (266)
[2018.12.18-05.32.34:807][281]LogModuleManager: Shutting down and abandoning module CommonMenuExtensions (264)
[2018.12.18-05.32.34:807][281]LogModuleManager: Shutting down and abandoning module MainFrame (262)
[2018.12.18-05.32.34:816][281]LogModuleManager: Shutting down and abandoning module HotReload (261)
[2018.12.18-05.32.34:830][281]LogModuleManager: Shutting down and abandoning module ContentBrowser (257)
[2018.12.18-05.32.34:831][281]LogModuleManager: Shutting down and abandoning module TreeMap (255)
[2018.12.18-05.32.34:842][281]LogModuleManager: Shutting down and abandoning module LightPropagationVolumeRuntime (252)
[2018.12.18-05.32.34:842][281]LogModuleManager: Shutting down and abandoning module AISupportModule (250)
[2018.12.18-05.32.34:842][281]LogModuleManager: Shutting down and abandoning module Paper2D (248)
[2018.12.18-05.32.34:849][281]LogModuleManager: Shutting down and abandoning module WindowsMoviePlayer (246)
[2018.12.18-05.32.34:864][281]LogModuleManager: Shutting down and abandoning module WmfMedia (244)
[2018.12.18-05.32.34:880][281]LogModuleManager: Shutting down and abandoning module Media (243)
[2018.12.18-05.32.34:886][281]LogModuleManager: Shutting down and abandoning module PacketHandler (240)
[2018.12.18-05.32.34:886][281]LogModuleManager: Shutting down and abandoning module ClothingSystemEditor (238)
[2018.12.18-05.32.34:886][281]LogModuleManager: Shutting down and abandoning module ClothingSystemRuntime (236)
[2018.12.18-05.32.34:908][281]LogModuleManager: Shutting down and abandoning module MediaAssets (234)
[2018.12.18-05.32.34:908][281]LogModuleManager: Shutting down and abandoning module Overlay (232)
[2018.12.18-05.32.34:908][281]LogModuleManager: Shutting down and abandoning module OverlayEditor (231)
[2018.12.18-05.32.34:908][281]LogModuleManager: Shutting down and abandoning module VREditor (228)
[2018.12.18-05.32.34:924][281]LogModuleManager: Shutting down and abandoning module StringTableEditor (226)
[2018.12.18-05.32.34:936][281]LogModuleManager: Shutting down and abandoning module GameplayTasksEditor (224)
[2018.12.18-05.32.34:937][281]LogModuleManager: Shutting down and abandoning module BehaviorTreeEditor (222)
[2018.12.18-05.32.34:953][281]LogModuleManager: Shutting down and abandoning module FunctionalTesting (220)
[2018.12.18-05.32.34:961][281]LogModuleManager: Shutting down and abandoning module CollisionAnalyzer (218)
[2018.12.18-05.32.34:968][281]LogModuleManager: Shutting down and abandoning module WorkspaceMenuStructure (217)
[2018.12.18-05.32.34:968][281]LogModuleManager: Shutting down and abandoning module UMG (214)
[2018.12.18-05.32.34:974][281]LogModuleManager: Shutting down and abandoning module UMGEditor (213)
[2018.12.18-05.32.35:004][281]LogModuleManager: Shutting down and abandoning module Sequencer (212)
[2018.12.18-05.32.35:033][281]LogModuleManager: Shutting down and abandoning module MessageLog (209)
[2018.12.18-05.32.35:034][281]LogModuleManager: Shutting down and abandoning module SlateReflector (204)
[2018.12.18-05.32.35:052][281]LogModuleManager: Shutting down and abandoning module Slate (202)
[2018.12.18-05.32.35:052][281]LogModuleManager: Shutting down and abandoning module EditorStyle (200)
[2018.12.18-05.32.35:054][281]LogModuleManager: Shutting down and abandoning module MRMesh (198)
[2018.12.18-05.32.35:062][281]LogModuleManager: Shutting down and abandoning module SourceCodeAccess (196)
[2018.12.18-05.32.35:062][281]LogModuleManager: Shutting down and abandoning module HeadMountedDisplay (194)
[2018.12.18-05.32.35:062][281]LogModuleManager: Shutting down and abandoning module XAudio2 (192)
[2018.12.18-05.32.35:062][281]LogModuleManager: Shutting down and abandoning module Networking (190)
[2018.12.18-05.32.35:062][281]LogModuleManager: Shutting down and abandoning module Core (188)
[2018.12.18-05.32.35:062][281]LogModuleManager: Shutting down and abandoning module LevelSequence (186)
[2018.12.18-05.32.35:063][281]LogModuleManager: Shutting down and abandoning module KismetCompiler (184)
[2018.12.18-05.32.35:063][281]LogModuleManager: Shutting down and abandoning module MeshUtilities (182)
[2018.12.18-05.32.35:077][281]LogModuleManager: Shutting down and abandoning module MeshMergeUtilities (181)
[2018.12.18-05.32.35:088][281]LogModuleManager: Shutting down and abandoning module MeshReductionInterface (180)
[2018.12.18-05.32.35:088][281]LogModuleManager: Shutting down and abandoning module SimplygonSwarm (179)
[2018.12.18-05.32.35:095][281]LogModuleManager: Shutting down and abandoning module ProxyLODMeshReduction (177)
[2018.12.18-05.32.35:113][281]LogModuleManager: Shutting down and abandoning module SimplygonMeshReduction (175)
[2018.12.18-05.32.35:113][281]LogModuleManager: Shutting down and abandoning module QuadricMeshReduction (173)
[2018.12.18-05.32.35:134][281]LogModuleManager: Shutting down and abandoning module MaterialBaking (169)
[2018.12.18-05.32.35:145][281]LogModuleManager: Shutting down and abandoning module DirectoryWatcher (165)
[2018.12.18-05.32.35:145][281]LogModuleManager: Shutting down and abandoning module DerivedDataCache (162)
[2018.12.18-05.32.35:173][281]LogDerivedDataCache: Shutdown
[2018.12.18-05.32.35:173][281]LogModuleManager: Shutting down and abandoning module XGEController (160)
[2018.12.18-05.32.35:173][281]LogXGEController: Cleaning working directory: C:/Users/chuanqi/AppData/Local/Temp/UnrealXGEWorkingDir/
[2018.12.18-05.32.35:184][281]LogModuleManager: Shutting down and abandoning module TargetPlatform (158)
[2018.12.18-05.32.35:184][281]LogModuleManager: Shutting down and abandoning module VulkanShaderFormat (157)
[2018.12.18-05.32.35:201][281]LogModuleManager: Shutting down and abandoning module ShaderFormatVectorVM (155)
[2018.12.18-05.32.35:209][281]LogModuleManager: Shutting down and abandoning module ShaderFormatOpenGL (153)
[2018.12.18-05.32.35:215][281]LogModuleManager: Shutting down and abandoning module ShaderFormatD3D (151)
[2018.12.18-05.32.35:216][281]LogModuleManager: Shutting down and abandoning module MetalShaderFormat (149)
[2018.12.18-05.32.35:228][281]LogModuleManager: Shutting down and abandoning module TextureFormatUncompressed (147)
[2018.12.18-05.32.35:228][281]LogModuleManager: Shutting down and abandoning module TextureFormatPVR (145)
[2018.12.18-05.32.35:228][281]LogModuleManager: Shutting down and abandoning module TextureFormatDXT (143)
[2018.12.18-05.32.35:228][281]LogModuleManager: Shutting down and abandoning module TextureFormatIntelISPCTexComp (141)
[2018.12.18-05.32.35:245][281]LogModuleManager: Shutting down and abandoning module TextureFormatASTC (139)
[2018.12.18-05.32.35:245][281]LogModuleManager: Shutting down and abandoning module ImageWrapper (138)
[2018.12.18-05.32.35:245][281]LogModuleManager: Shutting down and abandoning module TextureFormatAndroid (135)
[2018.12.18-05.32.35:245][281]LogModuleManager: Shutting down and abandoning module AudioFormatOpus (133)
[2018.12.18-05.32.35:245][281]LogModuleManager: Shutting down and abandoning module AudioFormatOgg (131)
[2018.12.18-05.32.35:245][281]LogModuleManager: Shutting down and abandoning module AudioFormatADPCM (129)
[2018.12.18-05.32.35:245][281]LogModuleManager: Shutting down and abandoning module LuminTargetPlatform (127)
[2018.12.18-05.32.35:245][281]LogModuleManager: Shutting down and abandoning module LinuxTargetPlatform (125)
[2018.12.18-05.32.35:245][281]LogModuleManager: Shutting down and abandoning module LinuxServerTargetPlatform (123)
[2018.12.18-05.32.35:245][281]LogModuleManager: Shutting down and abandoning module LinuxNoEditorTargetPlatform (121)
[2018.12.18-05.32.35:249][281]LogModuleManager: Shutting down and abandoning module LinuxClientTargetPlatform (119)
[2018.12.18-05.32.35:260][281]LogModuleManager: Shutting down and abandoning module TVOSTargetPlatform (117)
[2018.12.18-05.32.35:261][281]LogModuleManager: Shutting down and abandoning module Messaging (115)
[2018.12.18-05.32.35:261][281]LogModuleManager: Shutting down and abandoning module IOSTargetPlatform (113)
[2018.12.18-05.32.35:262][281]LogModuleManager: Shutting down and abandoning module HTML5TargetPlatform (111)
[2018.12.18-05.32.35:262][281]LogModuleManager: Shutting down and abandoning module AndroidTargetPlatform (109)
[2018.12.18-05.32.35:278][281]LogModuleManager: Shutting down and abandoning module WindowsTargetPlatform (107)
[2018.12.18-05.32.35:278][281]LogModuleManager: Shutting down and abandoning module WindowsServerTargetPlatform (105)
[2018.12.18-05.32.35:278][281]LogModuleManager: Shutting down and abandoning module WindowsNoEditorTargetPlatform (103)
[2018.12.18-05.32.35:278][281]LogModuleManager: Shutting down and abandoning module WindowsClientTargetPlatform (101)
[2018.12.18-05.32.35:278][281]LogModuleManager: Shutting down and abandoning module MacTargetPlatform (99)
[2018.12.18-05.32.35:278][281]LogModuleManager: Shutting down and abandoning module MacServerTargetPlatform (97)
[2018.12.18-05.32.35:278][281]LogModuleManager: Shutting down and abandoning module MacNoEditorTargetPlatform (95)
[2018.12.18-05.32.35:278][281]LogModuleManager: Shutting down and abandoning module MacClientTargetPlatform (93)
[2018.12.18-05.32.35:278][281]LogModuleManager: Shutting down and abandoning module AllDesktopTargetPlatform (91)
[2018.12.18-05.32.35:278][281]LogModuleManager: Shutting down and abandoning module InputCore (88)
[2018.12.18-05.32.35:278][281]LogModuleManager: Shutting down and abandoning module Settings (86)
[2018.12.18-05.32.35:278][281]LogModuleManager: Shutting down and abandoning module PhysXCooking (84)
[2018.12.18-05.32.35:278][281]LogModuleManager: Shutting down and abandoning module SteamVR (82)
[2018.12.18-05.32.35:278][281]LogModuleManager: Shutting down and abandoning module OculusHMD (80)
[2018.12.18-05.32.35:288][281]LogModuleManager: Shutting down and abandoning module ExampleDeviceProfileSelector (78)
[2018.12.18-05.32.35:288][281]LogModuleManager: Shutting down and abandoning module LauncherChunkInstaller (76)
[2018.12.18-05.32.35:288][281]LogModuleManager: Shutting down and abandoning module OnlineBlueprintSupport (74)
[2018.12.18-05.32.35:288][281]LogModuleManager: Shutting down and abandoning module OnlineSubsystem (70)
[2018.12.18-05.32.35:315][281]LogModuleManager: Shutting down and abandoning module XMPP (65)
[2018.12.18-05.32.35:334][281]LogModuleManager: Shutting down and abandoning module WebSockets (64)
[2018.12.18-05.32.35:390][281]LogModuleManager: Shutting down and abandoning module HTTP (61)
[2018.12.18-05.32.35:400][281]LogHttp: Display: Http module shutting down, but needs to wait on 1 outstanding Http requests:
[2018.12.18-05.32.35:400][281]LogHttp: Display: 	verb=[POST] url=[https://datarouter.ol.epicgames.com/datarouter/api/v1/public/data?SessionID=%7B9C39A001-41C3-8554-5CBA-2F8F2E3F4784%7D&AppID=UEEditor.Rocket.Release&AppVersion=4.20.2-4302132%2B%2B%2BUE4%2BRelease-4.20&UserID=077a5b4e449ca3d21b870a83c197c5e3%7C1472872e08874ffb9f50c212deaea1ca%7C9a42dd69-885d-4d62-a925-0929687a7cbb&AppEnvironment=datacollector-binary&UploadType=eteventstream] status=Processing
[2018.12.18-05.32.35:404][281]LogModuleManager: Shutting down and abandoning module SSL (60)
[2018.12.18-05.32.35:415][281]LogModuleManager: Shutting down and abandoning module MagicLeapEmulator (56)
[2018.12.18-05.32.35:415][281]LogModuleManager: Shutting down and abandoning module MagicLeapPrivileges (54)
[2018.12.18-05.32.35:415][281]LogModuleManager: Shutting down and abandoning module MagicLeapIdentity (52)
[2018.12.18-05.32.35:416][281]LogModuleManager: Shutting down and abandoning module MagicLeapHelperVulkan (50)
[2018.12.18-05.32.35:416][281]LogModuleManager: Shutting down and abandoning module MagicLeapHelperOpenGL (48)
[2018.12.18-05.32.35:416][281]LogModuleManager: Shutting down and abandoning module MagicLeapSecureStorage (46)
[2018.12.18-05.32.35:416][281]LogModuleManager: Shutting down and abandoning module MagicLeapGestures (44)
[2018.12.18-05.32.35:416][281]LogModuleManager: Shutting down and abandoning module MagicLeapEyeTracker (42)
[2018.12.18-05.32.35:416][281]LogModuleManager: Shutting down and abandoning module MagicLeapController (40)
[2018.12.18-05.32.35:423][281]LogSlate: Slate User Destroyed.  User Index 0, Is Virtual User: 0
[2018.12.18-05.32.35:423][281]LogModuleManager: Shutting down and abandoning module MagicLeap (38)
[2018.12.18-05.32.35:423][281]LogModuleManager: Shutting down and abandoning module AnimationModifiers (36)
[2018.12.18-05.32.35:437][281]LogModuleManager: Shutting down and abandoning module PropertyEditor (35)
[2018.12.18-05.32.35:446][281]LogModuleManager: Shutting down and abandoning module AudioEditor (32)
[2018.12.18-05.32.35:462][281]LogModuleManager: Shutting down and abandoning module TextureCompressor (30)
[2018.12.18-05.32.35:463][281]LogModuleManager: Shutting down and abandoning module ShaderCore (28)
[2018.12.18-05.32.35:463][281]LogModuleManager: Shutting down and abandoning module Landscape (26)
[2018.12.18-05.32.35:463][281]LogModuleManager: Shutting down and abandoning module SlateRHIRenderer (24)
[2018.12.18-05.32.35:482][281]LogModuleManager: Shutting down and abandoning module OpenGLDrv (22)
[2018.12.18-05.32.35:487][281]LogModuleManager: Shutting down and abandoning module D3D11RHI (20)
[2018.12.18-05.32.35:487][281]LogModuleManager: Shutting down and abandoning module AnimGraphRuntime (18)
[2018.12.18-05.32.35:491][281]LogModuleManager: Shutting down and abandoning module Renderer (16)
[2018.12.18-05.32.35:491][281]LogModuleManager: Shutting down and abandoning module Engine (14)
[2018.12.18-05.32.35:491][281]LogModuleManager: Shutting down and abandoning module CoreUObject (12)
[2018.12.18-05.32.35:491][281]LogModuleManager: Shutting down and abandoning module NetworkFile (10)
[2018.12.18-05.32.35:504][281]LogModuleManager: Shutting down and abandoning module CookedIterativeFile (8)
[2018.12.18-05.32.35:504][281]LogModuleManager: Shutting down and abandoning module StreamingFile (6)
[2018.12.18-05.32.35:513][281]LogModuleManager: Shutting down and abandoning module SandboxFile (4)
[2018.12.18-05.32.35:513][281]LogModuleManager: Shutting down and abandoning module PakFile (2)
[2018.12.18-05.32.35:551][281]LogExit: Exiting.
[2018.12.18-05.32.35:595][281]Log file closed, 12/17/18 22:32:35
