Log file open, 12/05/18 18:17:59
LogWindows: Failed to load 'aqProf.dll' (GetLastError=126)
LogWindows: File 'aqProf.dll' does not exist
LogWindows: Failed to load 'VtuneApi.dll' (GetLastError=126)
LogWindows: File 'VtuneApi.dll' does not exist
LogWindows: Failed to load 'VtuneApi32e.dll' (GetLastError=126)
LogWindows: File 'VtuneApi32e.dll' does not exist
LogInit: Display: Running engine for game: APsec1LargeCityBase
LogPlatformFile: Not using cached read wrapper
LogTaskGraph: Started task graph with 5 named threads and 23 total threads with 3 sets of task threads.
LogStats: Stats thread started at 1.461958
LogD3D11RHI: Loaded GFSDK_Aftermath_Lib.x64.dll
LogICUInternationalization: Display: ICU TimeZone Detection - Raw Offset: -7:00, Platform Override: ''
LogPluginManager: Display: Disabled plugin 'HoudiniEngine', continuing.
LogPluginManager: Mounting plugin Paper2D
LogPluginManager: Mounting plugin AISupport
LogPluginManager: Mounting plugin LightPropagationVolume
LogPluginManager: Mounting plugin CLionSourceCodeAccess
LogPluginManager: Mounting plugin CodeLiteSourceCodeAccess
LogPluginManager: Mounting plugin GitSourceControl
LogPluginManager: Mounting plugin KDevelopSourceCodeAccess
LogPluginManager: Mounting plugin NullSourceCodeAccess
LogPluginManager: Mounting plugin PerforceSourceControl
LogPluginManager: Mounting plugin SubversionSourceControl
LogPluginManager: Mounting plugin UObjectPlugin
LogPluginManager: Mounting plugin VisualStudioCodeSourceCodeAccess
LogPluginManager: Mounting plugin VisualStudioSourceCodeAccess
LogPluginManager: Mounting plugin XCodeSourceCodeAccess
LogPluginManager: Mounting plugin AssetManagerEditor
LogPluginManager: Mounting plugin CryptoKeys
LogPluginManager: Mounting plugin DataValidation
LogPluginManager: Mounting plugin FacialAnimation
LogPluginManager: Mounting plugin GameplayTagsEditor
LogPluginManager: Mounting plugin MacGraphicsSwitching
LogPluginManager: Mounting plugin MeshEditor
LogPluginManager: Mounting plugin MobileLauncherProfileWizard
LogPluginManager: Mounting plugin PluginBrowser
LogPluginManager: Mounting plugin SpeedTreeImporter
LogPluginManager: Mounting plugin DatasmithContent
LogPluginManager: Mounting plugin AlembicImporter
LogPluginManager: Mounting plugin AppleImageUtils
LogPluginManager: Mounting plugin AppleVision
LogPluginManager: Mounting plugin BackChannel
LogPluginManager: Mounting plugin CharacterAI
LogPluginManager: Mounting plugin GeometryCache
LogPluginManager: Mounting plugin HTML5Networking
LogPluginManager: Mounting plugin ProxyLODPlugin
LogPluginManager: Mounting plugin MagicLeap
LogPluginManager: Mounting plugin MagicLeapEmulator
LogPluginManager: Mounting plugin MagicLeapMedia
LogPluginManager: Mounting plugin AndroidMedia
LogPluginManager: Mounting plugin AvfMedia
LogPluginManager: Mounting plugin ImgMedia
LogPluginManager: Mounting plugin LinearTimecode
LogPluginManager: Mounting plugin MediaCompositing
LogPluginManager: Mounting plugin MediaPlayerEditor
LogPluginManager: Mounting plugin WmfMedia
LogPluginManager: Mounting plugin TcpMessaging
LogPluginManager: Mounting plugin UdpMessaging
LogPluginManager: Mounting plugin ActorSequence
LogPluginManager: Mounting plugin LevelSequenceEditor
LogPluginManager: Mounting plugin MatineeToLevelSequence
LogPluginManager: Mounting plugin NetcodeUnitTest
LogPluginManager: Mounting plugin NUTUnrealEngine4
LogPluginManager: Mounting plugin OnlineSubsystemGooglePlay
LogPluginManager: Mounting plugin OnlineSubsystemIOS
LogPluginManager: Mounting plugin OnlineSubsystem
LogPluginManager: Mounting plugin OnlineSubsystemNull
LogPluginManager: Mounting plugin OnlineSubsystemUtils
LogPluginManager: Mounting plugin LauncherChunkInstaller
LogPluginManager: Mounting plugin AndroidDeviceProfileSelector
LogPluginManager: Mounting plugin AndroidMoviePlayer
LogPluginManager: Mounting plugin AndroidPermission
LogPluginManager: Mounting plugin AppleMoviePlayer
LogPluginManager: Mounting plugin ArchVisCharacter
LogPluginManager: Mounting plugin AudioCapture
LogPluginManager: Mounting plugin CableComponent
LogPluginManager: Mounting plugin CustomMeshComponent
LogPluginManager: Mounting plugin EditableMesh
LogPluginManager: Mounting plugin ExampleDeviceProfileSelector
LogPluginManager: Mounting plugin GoogleCloudMessaging
LogPluginManager: Mounting plugin ImmediatePhysics
LogPluginManager: Mounting plugin IOSDeviceProfileSelector
LogPluginManager: Mounting plugin LinuxDeviceProfileSelector
LogPluginManager: Mounting plugin LocationServicesBPLibrary
LogPluginManager: Mounting plugin MobilePatchingUtils
LogPluginManager: Mounting plugin OculusVR
LogPluginManager: Plugin shader directory ../../../Engine/Plugins/Runtime/Oculus/OculusVR/Shaders found
LogPluginManager: Mapping shader source directory ../../../Engine/Plugins/Runtime/Oculus/OculusVR/Shaders to virtual directory /Plugin/OculusVR
LogPluginManager: Mounting plugin PhysXVehicles
LogPluginManager: Mounting plugin ProceduralMeshComponent
LogPluginManager: Mounting plugin RuntimePhysXCooking
LogPluginManager: Mounting plugin SteamVR
LogPluginManager: Mounting plugin WindowsMoviePlayer
LogStreaming: Display: Took  3.083s to configure plugins.
LogInit: Using libcurl 7.55.1-DEV
LogInit:  - built for x86_64-pc-win32
LogInit:  - supports SSL with OpenSSL/1.0.2h
LogInit:  - supports HTTP deflate (compression) using libz 1.2.8
LogInit:  - other features:
LogInit:      CURL_VERSION_SSL
LogInit:      CURL_VERSION_LIBZ
LogInit:      CURL_VERSION_IPV6
LogInit:      CURL_VERSION_ASYNCHDNS
LogInit:      CURL_VERSION_LARGEFILE
LogInit:      CURL_VERSION_IDN
LogInit:  CurlRequestOptions (configurable via config and command line):
LogInit:  - bVerifyPeer = false  - Libcurl will NOT verify peer certificate
LogInit:  - bUseHttpProxy = false  - Libcurl will NOT use HTTP proxy
LogInit:  - bDontReuseConnections = false  - Libcurl will reuse connections
LogInit:  - CertBundlePath = nullptr  - Libcurl will use whatever was configured at build time.
LogInit:  - MaxHostConnections = 16  - Libcurl will limit the number of connections to a host
LogInit:  - LocalHostAddr = Default
LogInit:  - BufferSize = 65536
LogInit: WinSock: version 1.1 (2.2), MaxSocks=32767, MaxUdp=65467
LogInit: Build: ++UE4+Release-4.20-CL-4212847
LogInit: Engine Version: 4.20.2-4212847+++UE4+Release-4.20
LogInit: Compatible Engine Version: 4.20.0-4212847+++UE4+Release-4.20
LogInit: Net CL: 4212847
LogInit: OS: Windows 10 (), CPU: Intel(R) Core(TM) i7-8809G CPU @ 3.10GHz, GPU: Radeon RX Vega M GH Graphics
LogInit: Compiled (64-bit): Jul 14 2018 09:51:14
LogInit: Compiled with Visual C++: 19.13.26129.00
LogInit: Build Configuration: Development
LogInit: Branch Name: ++UE4+Release-4.20
LogInit: Command Line:  
LogInit: Base Directory: C:/Program Files/Epic Games/UE_4.20/Engine/Binaries/Win64/
LogInit: Installed Engine Build: 1
LogDevObjectVersion: Number of dev versions registered: 20
LogDevObjectVersion:   Dev-Blueprints (B0D832E4-1F89-4F0D-ACCF-7EB736FD4AA2): 10
LogDevObjectVersion:   Dev-Build (E1C64328-A22C-4D53-A36C-8E866417BD8C): 0
LogDevObjectVersion:   Dev-Core (375EC13C-06E4-48FB-B500-84F0262A717E): 2
LogDevObjectVersion:   Dev-Editor (E4B068ED-F494-42E9-A231-DA0B2E46BB41): 24
LogDevObjectVersion:   Dev-Framework (CFFC743F-43B0-4480-9391-14DF171D2073): 34
LogDevObjectVersion:   Dev-Mobile (B02B49B5-BB20-44E9-A304-32B752E40360): 2
LogDevObjectVersion:   Dev-Networking (A4E4105C-59A1-49B5-A7C5-40C4547EDFEE): 0
LogDevObjectVersion:   Dev-Online (39C831C9-5AE6-47DC-9A44-9C173E1C8E7C): 0
LogDevObjectVersion:   Dev-Physics (78F01B33-EBEA-4F98-B9B4-84EACCB95AA2): 0
LogDevObjectVersion:   Dev-Platform (6631380F-2D4D-43E0-8009-CF276956A95A): 0
LogDevObjectVersion:   Dev-Rendering (12F88B9F-8875-4AFC-A67C-D90C383ABD29): 26
LogDevObjectVersion:   Dev-Sequencer (7B5AE74C-D270-4C10-A958-57980B212A5A): 9
LogDevObjectVersion:   Dev-VR (D7296918-1DD6-4BDD-9DE2-64A83CC13884): 2
LogDevObjectVersion:   Dev-LoadTimes (C2A15278-BFE7-4AFE-6C17-90FF531DF755): 1
LogDevObjectVersion:   Private-Geometry (6EACA3D4-40EC-4CC1-B786-8BED09428FC5): 3
LogDevObjectVersion:   Dev-AnimPhys (29E575DD-E0A3-4627-9D10-D276232CDCEA): 17
LogDevObjectVersion:   Dev-ReflectionCapture (6B266CEC-1EC7-4B8F-A30B-E4D90942FC07): 1
LogDevObjectVersion:   Dev-Automation (0DF73D61-A23F-47EA-B727-89E90C41499A): 1
LogDevObjectVersion:   FortniteMain (601D1886-AC64-4F84-AA16-D3DE0DEAC7D6): 12
LogDevObjectVersion:   Dev-Enterprise (9DFFBCD6-494F-0158-E221-12823C92A888): 1
LogStreaming: Display: Took  0.001s to delete old logs.
LogInit: Presizing for max 8388607 objects, including 0 objects not considered by GC, pre-allocating 0 bytes for permanent pool.
LogInit: Object subsystem initialized
[2018.12.06-01.17.59:892][  0]LogInit: Selected Device Profile: [Windows]
[2018.12.06-01.17.59:893][  0]LogInit: Applying CVar settings loaded from the selected device profile: [Windows]
[2018.12.06-01.17.59:909][  0]LogHAL: Display: Platform has ~ 16 GB [17094643712 / 17179869184 / 16], which maps to Larger [LargestMinGB=32, LargerMinGB=12, DefaultMinGB=8, SmallerMinGB=6, SmallestMinGB=0)
[2018.12.06-01.17.59:910][  0]LogInit: Setting Device Profile CVar: [[r.Vulkan.UseRealUBs:1]]
[2018.12.06-01.17.59:910][  0]LogInit: Going up to parent DeviceProfile []
[2018.12.06-01.17.59:918][  0]LogInit: Computer: eae-n-028
[2018.12.06-01.17.59:918][  0]LogInit: User: u1213321
[2018.12.06-01.17.59:918][  0]LogInit: CPU Page size=4096, Cores=4
[2018.12.06-01.17.59:918][  0]LogInit: High frequency timer resolution =3.023441 MHz
[2018.12.06-01.17.59:918][  0]LogMemory: Memory total: Physical=15.9GB (16GB approx)
[2018.12.06-01.17.59:918][  0]LogMemory: Platform Memory Stats for Windows
[2018.12.06-01.17.59:918][  0]LogMemory: Process Physical Memory: 103.38 MB used, 103.38 MB peak
[2018.12.06-01.17.59:918][  0]LogMemory: Process Virtual Memory: 91.23 MB used, 91.23 MB peak
[2018.12.06-01.17.59:918][  0]LogMemory: Physical Memory: 6058.83 MB used,  10243.89 MB free, 16302.72 MB total
[2018.12.06-01.17.59:918][  0]LogMemory: Virtual Memory: 4676.14 MB used,  10243.89 MB free, 134217728.00 MB total
[2018.12.06-01.18.00:184][  0]LogInit: Using OS detected language (en-US).
[2018.12.06-01.18.00:184][  0]LogInit: Using OS detected locale (en-US).
[2018.12.06-01.18.00:189][  0]LogTextLocalizationManager: No specific localization for 'en-US' exists, so the 'en' localization will be used.
[2018.12.06-01.18.00:599][  0]LogStreaming: Display: Took  0.414s to InitEngineTextLocalization.
[2018.12.06-01.18.00:600][  0]LogInit: Setting process to per monitor DPI aware
[2018.12.06-01.18.00:717][  0]LogSlate: New Slate User Created.  User Index 0, Is Virtual User: 0
[2018.12.06-01.18.00:717][  0]LogSlate: Slate User Registered.  User Index 0, Is Virtual User: 0
[2018.12.06-01.18.02:909][  0]LogHMD: Failed to initialize OpenVR with code 110
[2018.12.06-01.18.02:909][  0]LogD3D11RHI: D3D11 adapters:
[2018.12.06-01.18.02:959][  0]LogD3D11RHI:    0. 'Radeon RX Vega M GH Graphics' (Feature Level 11_0)
[2018.12.06-01.18.02:959][  0]LogD3D11RHI:       4042/0/8151 MB DedicatedVideo/DedicatedSystem/SharedSystem, Outputs:1, VendorId:0x1002
[2018.12.06-01.18.02:970][  0]LogD3D11RHI:    1. 'Intel(R) HD Graphics 630' (Feature Level 11_0)
[2018.12.06-01.18.02:970][  0]LogD3D11RHI:       128/0/8151 MB DedicatedVideo/DedicatedSystem/SharedSystem, Outputs:0, VendorId:0x8086
[2018.12.06-01.18.02:971][  0]LogD3D11RHI:    2. 'Microsoft Basic Render Driver' (Feature Level 11_0)
[2018.12.06-01.18.02:971][  0]LogD3D11RHI:       0/0/8151 MB DedicatedVideo/DedicatedSystem/SharedSystem, Outputs:0, VendorId:0x1414
[2018.12.06-01.18.02:971][  0]LogD3D11RHI: Chosen D3D11 Adapter: 0
[2018.12.06-01.18.02:979][  0]LogD3D11RHI: Creating new Direct3DDevice
[2018.12.06-01.18.02:979][  0]LogD3D11RHI:     GPU DeviceId: 0x694c (for the marketing name, search the web for "GPU Device Id")
[2018.12.06-01.18.02:979][  0]LogWindows: EnumDisplayDevices:
[2018.12.06-01.18.02:979][  0]LogWindows:    0. 'Radeon RX Vega M GH Graphics' (P:1 D:1)
[2018.12.06-01.18.02:979][  0]LogWindows:    1. 'Radeon RX Vega M GH Graphics' (P:0 D:0)
[2018.12.06-01.18.02:980][  0]LogWindows:    2. 'Radeon RX Vega M GH Graphics' (P:0 D:0)
[2018.12.06-01.18.02:980][  0]LogWindows:    3. 'Radeon RX Vega M GH Graphics' (P:0 D:0)
[2018.12.06-01.18.02:980][  0]LogWindows:    4. 'Radeon RX Vega M GH Graphics' (P:0 D:0)
[2018.12.06-01.18.02:980][  0]LogWindows:    5. 'Radeon RX Vega M GH Graphics' (P:0 D:0)
[2018.12.06-01.18.02:980][  0]LogWindows:    6. 'Radeon RX Vega M GH Graphics' (P:0 D:0)
[2018.12.06-01.18.02:981][  0]LogWindows:    7. 'Radeon RX Vega M GH Graphics' (P:0 D:0)
[2018.12.06-01.18.02:981][  0]LogWindows:    8. 'Radeon RX Vega M GH Graphics' (P:0 D:0)
[2018.12.06-01.18.02:981][  0]LogWindows:    9. 'Radeon RX Vega M GH Graphics' (P:0 D:0)
[2018.12.06-01.18.02:981][  0]LogWindows:    10. 'Radeon RX Vega M GH Graphics' (P:0 D:0)
[2018.12.06-01.18.02:982][  0]LogWindows:    11. 'Radeon RX Vega M GH Graphics' (P:0 D:0)
[2018.12.06-01.18.02:982][  0]LogWindows:    12. 'Radeon RX Vega M GH Graphics' (P:0 D:0)
[2018.12.06-01.18.02:982][  0]LogWindows:    13. 'Radeon RX Vega M GH Graphics' (P:0 D:0)
[2018.12.06-01.18.02:982][  0]LogWindows:    14. 'Radeon RX Vega M GH Graphics' (P:0 D:0)
[2018.12.06-01.18.02:982][  0]LogWindows:    15. 'Radeon RX Vega M GH Graphics' (P:0 D:0)
[2018.12.06-01.18.02:983][  0]LogWindows:    16. 'Intel(R) HD Graphics 630' (P:0 D:0)
[2018.12.06-01.18.02:983][  0]LogWindows:    17. 'Intel(R) HD Graphics 630' (P:0 D:0)
[2018.12.06-01.18.02:983][  0]LogWindows: DebugString: PrimaryIsNotTheChoosenAdapter PrimaryIsNotTheChoosenAdapter FoundDriverCount:16 
[2018.12.06-01.18.02:983][  0]LogD3D11RHI:     Adapter Name: Radeon RX Vega M GH Graphics
[2018.12.06-01.18.02:983][  0]LogD3D11RHI:   Driver Version: Adrenalin 18.5.1 (internal:24.20.11016.4, unified:24.20.11016.4)
[2018.12.06-01.18.02:983][  0]LogD3D11RHI:      Driver Date: 5-16-2018
[2018.12.06-01.18.02:983][  0]LogRHI: Texture pool is 2829 MB (70% of 4042 MB)
[2018.12.06-01.18.03:130][  0]LogD3D11RHI: Async texture creation enabled
[2018.12.06-01.18.03:160][  0]LogD3D11RHI: GPU Timing Frequency: 25.000000 (Debug: 2 1)
[2018.12.06-01.18.03:167][  0]LogShaderCompilers: Guid format shader working directory is -38 characters bigger than the processId version (../../../../../../Users/u1213321/Documents/GitHub/AssetPipeMaster02/APsec1LargeCityBase/Intermediate/Shaders/WorkingDirectory/2384/).
[2018.12.06-01.18.03:167][  0]LogShaderCompilers: Cleaned the shader compiler working directory 'C:/Users/u1213321/AppData/Local/Temp/UnrealShaderWorkingDir/80FD12184ADBF199178CBA8C46599B6A/'.
[2018.12.06-01.18.03:461][  0]LogTemp: Display: Loaded TP AllDesktopTargetPlatform
[2018.12.06-01.18.03:474][  0]LogTemp: Display: Loaded TP MacClientTargetPlatform
[2018.12.06-01.18.03:488][  0]LogTemp: Display: Loaded TP MacNoEditorTargetPlatform
[2018.12.06-01.18.03:502][  0]LogTemp: Display: Loaded TP MacServerTargetPlatform
[2018.12.06-01.18.03:522][  0]LogTemp: Display: Loaded TP MacTargetPlatform
[2018.12.06-01.18.03:537][  0]LogTemp: Display: Loaded TP WindowsClientTargetPlatform
[2018.12.06-01.18.03:552][  0]LogTemp: Display: Loaded TP WindowsNoEditorTargetPlatform
[2018.12.06-01.18.03:566][  0]LogTemp: Display: Loaded TP WindowsServerTargetPlatform
[2018.12.06-01.18.03:575][  0]LogTemp: Display: Loaded TP WindowsTargetPlatform
[2018.12.06-01.18.03:653][  0]LogTemp: Display: Loaded TP AndroidTargetPlatform
[2018.12.06-01.18.03:653][  0]LogTemp: Display: Loaded TP AndroidTargetPlatform
[2018.12.06-01.18.03:653][  0]LogTemp: Display: Loaded TP AndroidTargetPlatform
[2018.12.06-01.18.03:653][  0]LogTemp: Display: Loaded TP AndroidTargetPlatform
[2018.12.06-01.18.03:653][  0]LogTemp: Display: Loaded TP AndroidTargetPlatform
[2018.12.06-01.18.03:653][  0]LogTemp: Display: Loaded TP AndroidTargetPlatform
[2018.12.06-01.18.03:653][  0]LogTemp: Display: Loaded TP AndroidTargetPlatform
[2018.12.06-01.18.03:653][  0]LogTemp: Display: Loaded TP AndroidTargetPlatform
[2018.12.06-01.18.03:653][  0]LogTemp: Display: Loaded TP AndroidTargetPlatform
[2018.12.06-01.18.03:653][  0]LogTemp: Display: Loaded TP AndroidTargetPlatform
[2018.12.06-01.18.03:653][  0]LogTemp: Display: Loaded TP AndroidTargetPlatform
[2018.12.06-01.18.03:653][  0]LogTemp: Display: Loaded TP AndroidTargetPlatform
[2018.12.06-01.18.03:653][  0]LogTemp: Display: Loaded TP AndroidTargetPlatform
[2018.12.06-01.18.03:653][  0]LogTemp: Display: Loaded TP AndroidTargetPlatform
[2018.12.06-01.18.03:653][  0]LogTemp: Display: Loaded TP AndroidTargetPlatform
[2018.12.06-01.18.03:653][  0]LogTemp: Display: Loaded TP AndroidTargetPlatform
[2018.12.06-01.18.03:653][  0]LogTemp: Display: Loaded TP AndroidTargetPlatform
[2018.12.06-01.18.03:653][  0]LogTemp: Display: Loaded TP AndroidTargetPlatform
[2018.12.06-01.18.03:658][  0]LogTemp: Display: Loaded TP HTML5TargetPlatform
[2018.12.06-01.18.03:732][  0]LogTemp: Display: Loaded TP IOSTargetPlatform
[2018.12.06-01.18.03:732][  0]LogTemp: Display: Loaded TP IOSTargetPlatform
[2018.12.06-01.18.03:753][  0]LogTemp: Display: Loaded TP TVOSTargetPlatform
[2018.12.06-01.18.03:753][  0]LogTemp: Display: Loaded TP TVOSTargetPlatform
[2018.12.06-01.18.03:766][  0]LogTemp: Display: Loaded TP LinuxClientTargetPlatform
[2018.12.06-01.18.03:779][  0]LogTemp: Display: Loaded TP LinuxNoEditorTargetPlatform
[2018.12.06-01.18.03:792][  0]LogTemp: Display: Loaded TP LinuxServerTargetPlatform
[2018.12.06-01.18.03:811][  0]LogTemp: Display: Loaded TP LinuxTargetPlatform
[2018.12.06-01.18.03:822][  0]LogTemp: Display: Loaded TP LuminTargetPlatform
[2018.12.06-01.18.03:822][  0]LogTargetPlatformManager: Display: Building Assets For Windows
[2018.12.06-01.18.03:980][  0]LogXGEController: Cleaning working directory: C:/Users/u1213321/AppData/Local/Temp/UnrealXGEWorkingDir/
[2018.12.06-01.18.03:981][  0]LogXGEController: Cannot use XGE Controller as Incredibuild is not installed on this machine.
[2018.12.06-01.18.03:981][  0]LogShaderCompilers: Cannot use XGE Shader Compiler as Incredibuild is not installed on this machine.
[2018.12.06-01.18.03:981][  0]LogShaderCompilers: Display: Using Local Shader Compiler.
[2018.12.06-01.18.05:843][  0]LogDerivedDataCache: Display: Max Cache Size: 512 MB
[2018.12.06-01.18.06:157][  0]LogDerivedDataCache: Loaded boot cache 0.31s 87MB C:/Users/u1213321/AppData/Local/UnrealEngine/4.20/DerivedDataCache/Boot.ddc.
[2018.12.06-01.18.06:158][  0]LogDerivedDataCache: Display: Loaded Boot cache: C:/Users/u1213321/AppData/Local/UnrealEngine/4.20/DerivedDataCache/Boot.ddc
[2018.12.06-01.18.06:158][  0]LogDerivedDataCache: FDerivedDataBackendGraph:  Pak pak cache file ../../../../../../Users/u1213321/Documents/GitHub/AssetPipeMaster02/APsec1LargeCityBase/DerivedDataCache/DDC.ddp not found, will not use a pak cache.
[2018.12.06-01.18.06:158][  0]LogDerivedDataCache: Unable to find inner node Pak for hierarchical cache Hierarchy.
[2018.12.06-01.18.06:158][  0]LogDerivedDataCache: FDerivedDataBackendGraph:  CompressedPak pak cache file ../../../../../../Users/u1213321/Documents/GitHub/AssetPipeMaster02/APsec1LargeCityBase/DerivedDataCache/Compressed.ddp not found, will not use a pak cache.
[2018.12.06-01.18.06:158][  0]LogDerivedDataCache: Unable to find inner node CompressedPak for hierarchical cache Hierarchy.
[2018.12.06-01.18.06:181][  0]LogDerivedDataCache: Display: Pak cache opened for reading ../../../Engine/DerivedDataCache/Compressed.ddp.
[2018.12.06-01.18.06:193][  0]LogDerivedDataCache: Using Local data cache path C:/Users/u1213321/AppData/Local/UnrealEngine/Common/DerivedDataCache: Writable
[2018.12.06-01.18.06:193][  0]LogDerivedDataCache: Shared data cache path not found in *engine.ini, will not use an Shared cache.
[2018.12.06-01.18.06:193][  0]LogDerivedDataCache: Unable to find inner node Shared for hierarchical cache Hierarchy.
[2018.12.06-01.18.06:211][  0]LogMaterial: Verifying Global Shaders for PCD3D_SM5
[2018.12.06-01.18.06:219][  0]LogSlate: Using FreeType 2.6.0
[2018.12.06-01.18.06:240][  0]LogSlate: SlateFontServices - WITH_FREETYPE: 1, WITH_HARFBUZZ: 1
[2018.12.06-01.18.06:512][  0]LogAssetRegistry: FAssetRegistry took 0.0293 seconds to start up
[2018.12.06-01.18.06:923][  0]LogInit: Selected Device Profile: [Windows]
[2018.12.06-01.18.07:309][  0]LogSimplygon: Simplygon DLL not present - disabling.
[2018.12.06-01.18.07:334][  0]LogMeshReduction: Using SimplygonSwarm for distributed automatic mesh merging
[2018.12.06-01.18.07:334][  0]LogMeshReduction: Using ProxyLODMeshReduction for automatic mesh merging
[2018.12.06-01.18.07:335][  0]LogMeshReduction: Using QuadricMeshReduction for automatic static mesh reduction
[2018.12.06-01.18.07:335][  0]LogMeshReduction: No automatic skeletal mesh reduction module available
[2018.12.06-01.18.07:399][  0]LogNetVersion: APsec1LargeCityBase 1.0.0, NetCL: 4212847, EngineNetVer: 5, GameNetVer: 0 (Checksum: 1121110827)
[2018.12.06-01.18.08:679][  0]LogPackageLocalizationCache: Processed 11 localized package path(s) for 2 prioritized culture(s) in 0.108224 seconds
[2018.12.06-01.18.08:687][  0]LogUObjectArray: 38425 objects as part of root set at end of initial load.
[2018.12.06-01.18.08:687][  0]LogUObjectAllocator: 6690872 out of 0 bytes used by permanent object pool.
[2018.12.06-01.18.08:687][  0]LogUObjectArray: CloseDisregardForGC: 0/0 objects in disregard for GC pool
[2018.12.06-01.18.12:340][  0]LogTcpMessaging: Initializing TcpMessaging bridge
[2018.12.06-01.18.12:358][  0]LogUdpMessaging: Initializing bridge on interface 0.0.0.0:0 to multicast group 230.0.0.1:6666.
[2018.12.06-01.18.12:697][  0]SourceControl: Source control is disabled
[2018.12.06-01.18.12:698][  0]SourceControl: Source control is disabled
[2018.12.06-01.18.12:714][  0]SourceControl: Source control is disabled
[2018.12.06-01.18.12:721][  0]SourceControl: Source control is disabled
[2018.12.06-01.18.13:101][  0]LogAndroidPermission: UAndroidPermissionCallbackProxy::GetInstance
[2018.12.06-01.18.13:243][  0]LogOcInput: OculusInput pre-init called
[2018.12.06-01.18.13:359][  0]LogEngine: Initializing Engine...
[2018.12.06-01.18.13:361][  0]LogHMD: Failed to initialize OpenVR with code 110
[2018.12.06-01.18.13:365][  0]LogStats: UGameplayTagsManager::ConstructGameplayTagTree: ImportINI prefixes -  0.001 s
[2018.12.06-01.18.13:365][  0]LogStats: UGameplayTagsManager::ConstructGameplayTagTree: Construct from data asset -  0.000 s
[2018.12.06-01.18.13:365][  0]LogStats: UGameplayTagsManager::ConstructGameplayTagTree: ImportINI -  0.000 s
[2018.12.06-01.18.13:366][  0]LogStats: UGameplayTagsManager::ConstructGameplayTagTree: GameplayTagTreeChangedEvent.Broadcast -  0.001 s
[2018.12.06-01.18.13:590][  0]LogInit: Initializing FReadOnlyCVARCache
[2018.12.06-01.18.13:647][  0]LogAIModule: Creating AISystem for world Untitled
[2018.12.06-01.18.13:687][  0]LogInit: XAudio2 using '5 - DELL UZ2315H (AMD High Definition Audio Device)' : 2 channels at 48 kHz using 16 bits per sample (channel mask 0x3)
[2018.12.06-01.18.13:728][  0]LogInit: FAudioDevice initialized.
[2018.12.06-01.18.13:728][  0]LogNetVersion: Set ProjectVersion to 1.0.0.0. Version Checksum will be recalculated on next use.
[2018.12.06-01.18.13:826][  0]LogDerivedDataCache: Saved boot cache 0.10s 87MB C:/Users/u1213321/AppData/Local/UnrealEngine/4.20/DerivedDataCache/Boot.ddc.
[2018.12.06-01.18.13:838][  0]LogInit: Texture streaming: Enabled
[2018.12.06-01.18.13:868][  0]LogEngineSessionManager: EngineSessionManager initialized
[2018.12.06-01.18.13:894][  0]LogInit: Transaction tracking system initialized
[2018.12.06-01.18.13:973][  0]BlueprintLog: New page: Editor Load
[2018.12.06-01.18.14:235][  0]LocalizationService: Localization service is disabled
[2018.12.06-01.18.14:499][  0]LogLinker: Warning: The file '../../../Engine/Content/EditorMaterials/WidgetMaterial_Current.uasset' contains unrecognizable data, check that it is of the expected type.
[2018.12.06-01.18.14:657][  0]LogCook: Display: Max memory allowance for cook 16384mb min free memory 0mb
[2018.12.06-01.18.14:658][  0]LogCook: Display: Mobile HDR setting 1
[2018.12.06-01.18.14:658][  0]LogGameplayTags: Display: UGameplayTagsManager::DoneAddingNativeTags. DelegateIsBound: 0
[2018.12.06-01.18.14:658][  0]LogStats: UGameplayTagsManager::ConstructGameplayTagTree: ImportINI prefixes -  0.000 s
[2018.12.06-01.18.14:658][  0]LogStats: UGameplayTagsManager::ConstructGameplayTagTree: Construct from data asset -  0.000 s
[2018.12.06-01.18.14:659][  0]LogStats: UGameplayTagsManager::ConstructGameplayTagTree: ImportINI -  0.000 s
[2018.12.06-01.18.14:659][  0]LogStats: UGameplayTagsManager::ConstructGameplayTagTree: GameplayTagTreeChangedEvent.Broadcast -  0.000 s
[2018.12.06-01.18.15:008][  0]LogFileCache: Scanning file cache for directory 'C:/Users/u1213321/Documents/GitHub/AssetPipeMaster02/APsec1LargeCityBase/Content/' took 0.02s
[2018.12.06-01.18.15:038][  0]SourceControl: Source control is disabled
[2018.12.06-01.18.15:039][  0]Cmd: MAP LOAD FILE="../../../Engine/Content/Maps/Templates/Template_Default.umap" TEMPLATE=1 SHOWPROGRESS=1 FEATURELEVEL=3
[2018.12.06-01.18.15:040][  0]LightingResults: New page: Lighting Build
[2018.12.06-01.18.15:054][  0]MapCheck: New page: Map Check
[2018.12.06-01.18.15:054][  0]LightingResults: New page: Lighting Build
[2018.12.06-01.18.15:321][  0]LogAIModule: Creating AISystem for world Untitled_1
[2018.12.06-01.18.15:345][  0]LogEditorServer: Finished looking for orphan Actors (0.000 secs)
[2018.12.06-01.18.15:372][  0]Cmd: MAP CHECKDEP NOCLEARLOG
[2018.12.06-01.18.15:435][  0]MapCheck: Map check complete: 0 Error(s), 0 Warning(s), took 63.081ms to complete.
[2018.12.06-01.18.15:435][  0]LogFileHelpers: Loading map 'Template_Default' took 0.396
[2018.12.06-01.18.15:631][  0]LogSlate: Updating window title bar state: overlay mode, drag disabled, window buttons hidden, title bar hidden
[2018.12.06-01.18.15:638][  0]LogSlate: Updating window title bar state: overlay mode, drag disabled, window buttons hidden, title bar hidden
[2018.12.06-01.18.15:646][  0]LogSlate: Updating window title bar state: overlay mode, drag disabled, window buttons hidden, title bar hidden
[2018.12.06-01.18.15:652][  0]LogSlate: Updating window title bar state: overlay mode, drag disabled, window buttons hidden, title bar hidden
[2018.12.06-01.18.15:677][  0]LogCollectionManager: Loaded 0 collections in 0.001949 seconds
[2018.12.06-01.18.15:742][  0]LogFileCache: Scanning file cache for directory 'C:/Users/u1213321/Documents/GitHub/AssetPipeMaster02/APsec1LargeCityBase/Saved/Collections/' took 0.01s
[2018.12.06-01.18.15:742][  0]LogFileCache: Scanning file cache for directory 'C:/Users/u1213321/Documents/GitHub/AssetPipeMaster02/APsec1LargeCityBase/Content/Developers/u1213321/Collections/' took 0.01s
[2018.12.06-01.18.15:742][  0]LogFileCache: Scanning file cache for directory 'C:/Users/u1213321/Documents/GitHub/AssetPipeMaster02/APsec1LargeCityBase/Content/Collections/' took 0.01s
[2018.12.06-01.18.15:742][  0]LogCollectionManager: Rebuilt the GUID cache for 0 collections in 0.000000 seconds
[2018.12.06-01.18.15:756][  0]LogContentBrowser: Native class hierarchy populated in 0.0110 seconds. Added 2572 classes and 603 folders.
[2018.12.06-01.18.15:774][  0]LogContentBrowser: Native class hierarchy updated for 'WidgetCarousel' in 0.0002 seconds. Added 0 classes and 0 folders.
[2018.12.06-01.18.16:245][  0]LogContentBrowser: Native class hierarchy updated for 'AddContentDialog' in 0.0002 seconds. Added 0 classes and 0 folders.
[2018.12.06-01.18.16:262][  0]LogContentBrowser: Native class hierarchy updated for 'SceneOutliner' in 0.0002 seconds. Added 1 classes and 2 folders.
[2018.12.06-01.18.16:341][  0]LogSlate: Took 0.007786 seconds to synchronously load lazily loaded font '../../../Engine/Content/Slate/Fonts/Roboto-Regular.ttf' (155K)
[2018.12.06-01.18.16:349][  0]LogSlate: Took 0.005962 seconds to synchronously load lazily loaded font '../../../Engine/Content/Slate/Fonts/Roboto-Bold.ttf' (160K)
[2018.12.06-01.18.16:364][  0]LogSlate: Took 0.006054 seconds to synchronously load lazily loaded font '../../../Engine/Content/Editor/Slate/Fonts/FontAwesome.ttf' (139K)
[2018.12.06-01.18.16:485][  0]LogRenderer: Reallocating scene render targets to support 1208x576 Format 10 NumSamples 1 (Frame:1).
[2018.12.06-01.18.16:789][  0]LogSlate: FSceneViewport::OnFocusLost() reason 2
[2018.12.06-01.18.16:810][  0]LogSlate: Window 'Tutorials' being destroyed
[2018.12.06-01.18.16:855][  0]LogContentBrowser: Native class hierarchy updated for 'HierarchicalLODOutliner' in 0.0002 seconds. Added 0 classes and 0 folders.
[2018.12.06-01.18.16:855][  0]LogLoad: (Engine Initialization) Total time: 26.10 seconds
[2018.12.06-01.18.16:855][  0]LogLoad: (Engine Initialization) Total Blueprint compile time: 0.00 seconds
[2018.12.06-01.18.16:901][  0]LogContentStreaming: Texture pool size now 1000 MB
[2018.12.06-01.18.16:943][  1]LogFileCache: Retrieving MD5 hashes for directory 'C:/Users/u1213321/Documents/GitHub/AssetPipeMaster02/APsec1LargeCityBase/Content/' took 0.06s
[2018.12.06-01.18.19:100][248]LogSlate: FSceneViewport::OnFocusLost() reason 0
[2018.12.06-01.18.19:207][258]LogSlate: Took 0.016105 seconds to synchronously load lazily loaded font '../../../Engine/Content/Slate/Fonts/Roboto-Light.ttf' (167K)
[2018.12.06-01.18.20:277][381]LogAssetRegistry: Asset discovery search completed in 13.7880 seconds
[2018.12.06-01.18.20:279][381]LogCollectionManager: Rebuilt the object cache for 0 collections in 0.000000 seconds (found 0 objects)
[2018.12.06-01.18.20:279][381]LogCollectionManager: Fixed up redirectors for 0 collections in 0.000068 seconds (updated 0 objects)
[2018.12.06-01.18.37:326][414]LogSlate: Took 0.000166 seconds to synchronously load lazily loaded font '../../../Engine/Content/Slate/Fonts/Roboto-Light.ttf' (167K)
[2018.12.06-01.18.37:989][414]LogTexture: Display: Building textures: WoodTexture004 (AutoDXT, 2048X2048)
[2018.12.06-01.18.37:989][414]LogTexture: Display: Building textures: streetLines001 (AutoDXT, 2048X2048)
[2018.12.06-01.18.37:989][414]LogTexture: Display: Building textures: N_WoodTexture001_AP (BGRA8, 2299X2299)
[2018.12.06-01.18.37:989][414]LogTexture: Display: Building textures: 13b4b68224d187a94620cba134de8b1c (BGRA8, 1463X1600)
[2018.12.06-01.18.37:989][414]LogMaterial: Display: Missing cached shader map for material lambert11SG, compiling. 
[2018.12.06-01.18.38:043][414]LogShaderCompilers: Display: Shaders left to compile 22
[2018.12.06-01.18.38:043][414]LogShaderCompilers: Display: Shaders left to compile 12
[2018.12.06-01.18.38:043][414]LogShaderCompilers: Display: Shaders left to compile 2
[2018.12.06-01.18.38:046][414]LogMaterial: Display: Missing cached shader map for material lambert10SG, compiling. 
[2018.12.06-01.18.38:337][414]LogShaderCompilers: Display: Shaders left to compile 22
[2018.12.06-01.18.38:337][414]LogStaticMesh: Building static mesh MACHicAssign004WBsize...
[2018.12.06-01.18.38:992][414]LogStaticMesh: Built static mesh [0.65s] /Game/Human4Size/MACHicAssign004WBsize.MACHicAssign004WBsize
[2018.12.06-01.18.39:105][414]LogShaderCompilers: Display: Shaders left to compile 12
[2018.12.06-01.18.39:105][414]LogMaterial: Display: Missing cached shader map for material M_WBchar_MACH, compiling. 
[2018.12.06-01.18.39:213][414]LogStaticMesh: Building static mesh truck_final...
[2018.12.06-01.18.39:449][414]LogStaticMesh: Built static mesh [0.24s] /Game/Lin_Pan_content/truck_final.truck_final
[2018.12.06-01.18.39:469][414]LogMaterial: Display: Missing cached shader map for material lambert22SG, compiling. 
[2018.12.06-01.18.39:485][414]LogMaterial: Display: Missing cached shader map for material lambert21SG, compiling. 
[2018.12.06-01.18.39:501][414]LogMaterial: Display: Missing cached shader map for material lambert19SG, compiling. 
[2018.12.06-01.18.39:515][414]LogMaterial: Display: Missing cached shader map for material lambert20SG, compiling. 
[2018.12.06-01.18.39:530][414]LogMaterial: Display: Missing cached shader map for material lambert16SG, compiling. 
[2018.12.06-01.18.39:544][414]LogMaterial: Display: Missing cached shader map for material lambert18SG, compiling. 
[2018.12.06-01.18.39:566][414]LogMaterial: Display: Missing cached shader map for material M_MasterWoodBlock_AP, compiling. 
[2018.12.06-01.18.39:669][414]LogStaticMesh: Building static mesh SM_MERGED_tractorBase...
[2018.12.06-01.18.40:105][414]LogStaticMesh: Built static mesh [0.44s] /Game/Tractor/SM_MERGED_tractorBase.SM_MERGED_tractorBase
[2018.12.06-01.18.40:132][414]LogStaticMesh: Building static mesh streetBlocks50X50X20...
[2018.12.06-01.18.40:135][414]LogStaticMesh: Built static mesh [0.00s] /Game/StreetBlocks/streetBlocks50X50X20.streetBlocks50X50X20
[2018.12.06-01.18.40:137][414]LogStaticMesh: Building static mesh streetBlocks50RCorner...
[2018.12.06-01.18.40:145][414]LogStaticMesh: Built static mesh [0.01s] /Game/StreetBlocks/streetBlocks50RCorner.streetBlocks50RCorner
[2018.12.06-01.18.40:147][414]LogStaticMesh: Building static mesh streetBlocks100X50X30...
[2018.12.06-01.18.40:153][414]LogStaticMesh: Built static mesh [0.01s] /Game/StreetBlocks/streetBlocks100X50X30.streetBlocks100X50X30
[2018.12.06-01.18.40:156][414]LogMaterial: Display: Missing cached shader map for material lambert15SG, compiling. 
[2018.12.06-01.18.40:173][414]LogMaterial: Display: Missing cached shader map for material lambert12SG, compiling. 
[2018.12.06-01.18.40:198][414]LogMaterial: Display: Missing cached shader map for material lambert13SG, compiling. 
[2018.12.06-01.18.40:223][414]LogMaterial: Display: Missing cached shader map for material lambert14SG, compiling. 
[2018.12.06-01.18.40:241][414]LogStaticMesh: Building static mesh streetBlocks100X50X20...
[2018.12.06-01.18.40:247][414]LogStaticMesh: Built static mesh [0.01s] /Game/StreetBlocks/streetBlocks100X50X20.streetBlocks100X50X20
[2018.12.06-01.18.40:250][414]LogStaticMesh: Building static mesh streetBlocks100X100X30...
[2018.12.06-01.18.40:253][414]LogStaticMesh: Built static mesh [0.00s] /Game/StreetBlocks/streetBlocks100X100X30.streetBlocks100X100X30
[2018.12.06-01.18.40:256][414]LogStaticMesh: Building static mesh streetBlocks100X100X20...
[2018.12.06-01.18.40:266][414]LogStaticMesh: Built static mesh [0.01s] /Game/StreetBlocks/streetBlocks100X100X20.streetBlocks100X100X20
[2018.12.06-01.18.40:270][414]LogMaterial: Display: Missing cached shader map for material lambert9SG, compiling. 
[2018.12.06-01.18.40:286][414]LogMaterial: Display: Missing cached shader map for material lambert5SG, compiling. 
[2018.12.06-01.18.40:315][414]LogMaterial: Display: Missing cached shader map for material lambert4SG, compiling. 
[2018.12.06-01.18.40:343][414]LogAIModule: Creating AISystem for world StreetSceneLarge_Lin_Pan
[2018.12.06-01.18.40:364][414]LogAssetEditorManager: Opening Asset editor for World /Game/StreetSceneLarge_Lin_Pan.StreetSceneLarge_Lin_Pan
[2018.12.06-01.18.40:412][414]Cmd: MAP LOAD FILE="../../../../../../Users/u1213321/Documents/GitHub/AssetPipeMaster02/APsec1LargeCityBase/Content/StreetSceneLarge_Lin_Pan.umap" TEMPLATE=0 SHOWPROGRESS=1 FEATURELEVEL=3
[2018.12.06-01.18.40:413][414]LightingResults: New page: Lighting Build
[2018.12.06-01.18.40:413][414]LoadErrors: New page: Loading map: StreetSceneLarge_Lin_Pan.umap
[2018.12.06-01.18.40:414][414]MapCheck: New page: Map Check
[2018.12.06-01.18.40:414][414]LightingResults: New page: Lighting Build
[2018.12.06-01.18.40:460][414]LogEditorServer: Finished looking for orphan Actors (0.000 secs)
[2018.12.06-01.18.40:518][414]LogShaderCompilers: Display: Shaders left to compile 350
[2018.12.06-01.18.40:518][414]Cmd: MAP CHECKDEP NOCLEARLOG
[2018.12.06-01.18.40:609][414]LogShaderCompilers: Display: Shaders left to compile 340
[2018.12.06-01.18.40:609][414]MapCheck: Map check complete: 0 Error(s), 0 Warning(s), took 91.994ms to complete.
[2018.12.06-01.18.40:612][414]LogFileHelpers: Loading map 'StreetSceneLarge_Lin_Pan' took 0.202
[2018.12.06-01.18.41:941][509]LogShaderCompilers: Display: Shaders left to compile 330
[2018.12.06-01.18.42:669][577]LogShaderCompilers: Display: Shaders left to compile 320
[2018.12.06-01.18.42:669][577]LogShaderCompilers: Display: Shaders left to compile 310
[2018.12.06-01.18.43:555][650]LogShaderCompilers: Display: Shaders left to compile 300
[2018.12.06-01.18.44:707][745]LogShaderCompilers: Display: Shaders left to compile 290
[2018.12.06-01.18.45:171][782]LogShaderCompilers: Display: Shaders left to compile 280
[2018.12.06-01.18.46:080][861]LogShaderCompilers: Display: Shaders left to compile 270
[2018.12.06-01.18.46:096][862]LogShaderCompilers: Display: Shaders left to compile 260
[2018.12.06-01.18.47:593][992]LogShaderCompilers: Display: Shaders left to compile 250
[2018.12.06-01.18.48:308][ 55]LogShaderCompilers: Display: Shaders left to compile 240
[2018.12.06-01.18.48:320][ 56]LogShaderCompilers: Display: Shaders left to compile 230
[2018.12.06-01.18.48:964][111]LogShaderCompilers: Display: Shaders left to compile 220
[2018.12.06-01.18.49:650][164]LogShaderCompilers: Display: Shaders left to compile 210
[2018.12.06-01.18.49:982][196]LogShaderCompilers: Display: Shaders left to compile 200
[2018.12.06-01.18.51:514][305]LogShaderCompilers: Display: Shaders left to compile 190
[2018.12.06-01.18.51:543][308]LogShaderCompilers: Display: Shaders left to compile 180
[2018.12.06-01.18.52:426][384]LogShaderCompilers: Display: Shaders left to compile 170
[2018.12.06-01.18.53:334][452]LogShaderCompilers: Display: Shaders left to compile 160
[2018.12.06-01.18.53:682][478]LogShaderCompilers: Display: Shaders left to compile 150
[2018.12.06-01.18.54:086][508]LogShaderCompilers: Display: Shaders left to compile 140
[2018.12.06-01.18.55:781][643]LogShaderCompilers: Display: Shaders left to compile 130
[2018.12.06-01.18.55:793][644]LogShaderCompilers: Display: Shaders left to compile 120
[2018.12.06-01.18.56:187][658]LogShaderCompilers: Display: Shaders left to compile 110
[2018.12.06-01.18.57:030][728]LogShaderCompilers: Display: Shaders left to compile 100
[2018.12.06-01.18.57:947][808]LogShaderCompilers: Display: Shaders left to compile 90
[2018.12.06-01.18.58:108][822]LogShaderCompilers: Display: Shaders left to compile 80
[2018.12.06-01.18.58:857][888]LogShaderCompilers: Display: Shaders left to compile 70
[2018.12.06-01.18.59:767][959]LogShaderCompilers: Display: Shaders left to compile 60
[2018.12.06-01.19.00:483][  6]LogShaderCompilers: Display: Shaders left to compile 50
[2018.12.06-01.19.01:212][ 63]LogShaderCompilers: Display: Shaders left to compile 40
[2018.12.06-01.19.01:246][ 66]LogShaderCompilers: Display: Shaders left to compile 30
[2018.12.06-01.19.02:540][174]LogShaderCompilers: Display: Shaders left to compile 20
[2018.12.06-01.19.02:853][193]LogShaderCompilers: Display: Shaders left to compile 10
[2018.12.06-01.19.03:126][207]LogEditorViewport: Clicking on Actor (LMB): StaticMeshActor (truck_final)
[2018.12.06-01.19.06:429][497]LogSlate: FSceneViewport::OnFocusLost() reason 0
[2018.12.06-01.19.06:986][507]LogSlate: Window 'APsec1LargeCityBase - Unreal Editor' being destroyed
[2018.12.06-01.19.06:987][507]LogWindowsTextInputMethodSystem: Display: IME system now deactivated.
[2018.12.06-01.19.07:175][508]Cmd: QUIT_EDITOR
[2018.12.06-01.19.07:208][508]LogExit: Preparing to exit.
[2018.12.06-01.19.07:890][508]LogExit: Editor shut down
[2018.12.06-01.19.07:890][508]LogExit: Transaction tracking system shut down
[2018.12.06-01.19.08:627][508]LogExit: Object subsystem successfully closed.
[2018.12.06-01.19.08:655][508]LogShaderCompilers: Display: Shaders left to compile 0
[2018.12.06-01.19.08:658][508]LogD3D11RHI: Shutdown
[2018.12.06-01.19.08:658][508]LogD3D11RHI: CleanupD3DDevice
[2018.12.06-01.19.08:660][508]LogD3D11RHI: ~FD3D11DynamicRHI
[2018.12.06-01.19.08:706][508]LogModuleManager: Shutting down and abandoning module MeshBuilder (614)
[2018.12.06-01.19.08:706][508]LogModuleManager: Shutting down and abandoning module HierarchicalLODOutliner (612)
[2018.12.06-01.19.08:706][508]LogModuleManager: Shutting down and abandoning module SceneOutliner (610)
[2018.12.06-01.19.08:706][508]LogModuleManager: Shutting down and abandoning module AddContentDialog (608)
[2018.12.06-01.19.08:706][508]LogModuleManager: Shutting down and abandoning module WidgetCarousel (607)
[2018.12.06-01.19.08:706][508]LogModuleManager: Shutting down and abandoning module EditorWidgets (604)
[2018.12.06-01.19.08:706][508]LogModuleManager: Shutting down and abandoning module CollectionManager (602)
[2018.12.06-01.19.08:707][508]LogModuleManager: Shutting down and abandoning module HierarchicalLODUtilities (600)
[2018.12.06-01.19.08:707][508]LogModuleManager: Shutting down and abandoning module StatsViewer (598)
[2018.12.06-01.19.08:707][508]LogModuleManager: Shutting down and abandoning module FoliageEdit (596)
[2018.12.06-01.19.08:707][508]LogModuleManager: Shutting down and abandoning module LandscapeEditor (594)
[2018.12.06-01.19.08:709][508]LogModuleManager: Shutting down and abandoning module MeshPaintMode (592)
[2018.12.06-01.19.08:709][508]LogModuleManager: Shutting down and abandoning module SceneDepthPickerMode (590)
[2018.12.06-01.19.08:709][508]LogModuleManager: Shutting down and abandoning module ActorPickerMode (588)
[2018.12.06-01.19.08:709][508]LogModuleManager: Shutting down and abandoning module GeometryMode (586)
[2018.12.06-01.19.08:709][508]LogModuleManager: Shutting down and abandoning module TextureAlignMode (584)
[2018.12.06-01.19.08:709][508]LogModuleManager: Shutting down and abandoning module BspMode (582)
[2018.12.06-01.19.08:709][508]LogModuleManager: Shutting down and abandoning module PIEPreviewDeviceProfileSelector (580)
[2018.12.06-01.19.08:709][508]LogModuleManager: Shutting down and abandoning module SequenceRecorderSections (578)
[2018.12.06-01.19.08:709][508]LogModuleManager: Shutting down and abandoning module AutomationWorker (576)
[2018.12.06-01.19.08:710][508]LogModuleManager: Shutting down and abandoning module AudioCaptureEditor (574)
[2018.12.06-01.19.08:710][508]LogModuleManager: Shutting down and abandoning module SequenceRecorder (573)
[2018.12.06-01.19.08:710][508]LogModuleManager: Shutting down and abandoning module MatineeToLevelSequence (570)
[2018.12.06-01.19.08:710][508]LogModuleManager: Shutting down and abandoning module LevelSequenceEditor (568)
[2018.12.06-01.19.08:710][508]LogModuleManager: Shutting down and abandoning module PlacementMode (567)
[2018.12.06-01.19.08:710][508]LogModuleManager: Shutting down and abandoning module MaterialEditor (566)
[2018.12.06-01.19.08:713][508]LogModuleManager: Shutting down and abandoning module WmfMediaFactory (562)
[2018.12.06-01.19.08:713][508]LogModuleManager: Shutting down and abandoning module WmfMediaEditor (560)
[2018.12.06-01.19.08:713][508]LogModuleManager: Shutting down and abandoning module MediaPlayerEditor (558)
[2018.12.06-01.19.08:713][508]LogModuleManager: Shutting down and abandoning module OpenExrWrapper (556)
[2018.12.06-01.19.08:713][508]LogModuleManager: Shutting down and abandoning module ImgMediaFactory (554)
[2018.12.06-01.19.08:713][508]LogModuleManager: Shutting down and abandoning module ImgMediaEditor (552)
[2018.12.06-01.19.08:713][508]LogModuleManager: Shutting down and abandoning module AvfMediaFactory (550)
[2018.12.06-01.19.08:713][508]LogModuleManager: Shutting down and abandoning module AvfMediaEditor (548)
[2018.12.06-01.19.08:713][508]LogModuleManager: Shutting down and abandoning module AndroidMediaFactory (546)
[2018.12.06-01.19.08:713][508]LogModuleManager: Shutting down and abandoning module AndroidMediaEditor (544)
[2018.12.06-01.19.08:713][508]LogModuleManager: Shutting down and abandoning module MagicLeapCameraPreviewFactory (542)
[2018.12.06-01.19.08:713][508]LogModuleManager: Shutting down and abandoning module MagicLeapMediaFactory (540)
[2018.12.06-01.19.08:713][508]LogModuleManager: Shutting down and abandoning module MagicLeapMediaEditor (538)
[2018.12.06-01.19.08:713][508]LogModuleManager: Shutting down and abandoning module CharacterAI (536)
[2018.12.06-01.19.08:713][508]LogModuleManager: Shutting down and abandoning module SmartSnapping (534)
[2018.12.06-01.19.08:713][508]LogModuleManager: Shutting down and abandoning module SessionServices (532)
[2018.12.06-01.19.08:713][508]LogModuleManager: Shutting down and abandoning module ViewportSnapping (530)
[2018.12.06-01.19.08:713][508]LogModuleManager: Shutting down and abandoning module ViewportInteraction (528)
[2018.12.06-01.19.08:714][508]LogModuleManager: Shutting down and abandoning module ClothPainter (526)
[2018.12.06-01.19.08:715][508]LogModuleManager: Shutting down and abandoning module SkeletalMeshEditor (525)
[2018.12.06-01.19.08:717][508]LogModuleManager: Shutting down and abandoning module LogVisualizer (522)
[2018.12.06-01.19.08:719][508]LogModuleManager: Shutting down and abandoning module IntroTutorials (520)
[2018.12.06-01.19.08:719][508]LogModuleManager: Shutting down and abandoning module GameProjectGeneration (519)
[2018.12.06-01.19.08:719][508]LogModuleManager: Shutting down and abandoning module LuminPlatformEditor (516)
[2018.12.06-01.19.08:719][508]LogModuleManager: Shutting down and abandoning module IOSPlatformEditor (514)
[2018.12.06-01.19.08:719][508]LogModuleManager: Shutting down and abandoning module HTML5PlatformEditor (512)
[2018.12.06-01.19.08:719][508]LogModuleManager: Shutting down and abandoning module AndroidPlatformEditor (510)
[2018.12.06-01.19.08:719][508]LogModuleManager: Shutting down and abandoning module AndroidDeviceDetection (509)
[2018.12.06-01.19.09:350][508]LogModuleManager: Shutting down and abandoning module WindowsPlatformEditor (506)
[2018.12.06-01.19.09:350][508]LogModuleManager: Shutting down and abandoning module LuminRuntimeSettings (504)
[2018.12.06-01.19.09:350][508]LogModuleManager: Shutting down and abandoning module IOSRuntimeSettings (502)
[2018.12.06-01.19.09:350][508]LogModuleManager: Shutting down and abandoning module AndroidRuntimeSettings (500)
[2018.12.06-01.19.09:350][508]LogModuleManager: Shutting down and abandoning module InputBindingEditor (498)
[2018.12.06-01.19.09:351][508]LogModuleManager: Shutting down and abandoning module MergeActors (496)
[2018.12.06-01.19.09:351][508]LogModuleManager: Shutting down and abandoning module LocalizationDashboard (494)
[2018.12.06-01.19.09:352][508]LogModuleManager: Shutting down and abandoning module LocalizationService (493)
[2018.12.06-01.19.09:352][508]LogModuleManager: Shutting down and abandoning module HardwareTargeting (490)
[2018.12.06-01.19.09:352][508]LogModuleManager: Shutting down and abandoning module DeviceProfileEditor (488)
[2018.12.06-01.19.09:352][508]LogModuleManager: Shutting down and abandoning module UndoHistory (486)
[2018.12.06-01.19.09:352][508]LogModuleManager: Shutting down and abandoning module XmlParser (484)
[2018.12.06-01.19.09:352][508]LogModuleManager: Shutting down and abandoning module Blutility (482)
[2018.12.06-01.19.09:352][508]LogModuleManager: Shutting down and abandoning module ProjectSettingsViewer (480)
[2018.12.06-01.19.09:352][508]LogModuleManager: Shutting down and abandoning module ProjectTargetPlatformEditor (479)
[2018.12.06-01.19.09:352][508]LogModuleManager: Shutting down and abandoning module EditorSettingsViewer (476)
[2018.12.06-01.19.09:352][508]LogModuleManager: Shutting down and abandoning module SettingsEditor (474)
[2018.12.06-01.19.09:352][508]LogModuleManager: Shutting down and abandoning module ProjectLauncher (472)
[2018.12.06-01.19.09:353][508]LogModuleManager: Shutting down and abandoning module SessionFrontend (470)
[2018.12.06-01.19.09:353][508]LogModuleManager: Shutting down and abandoning module ProfilerClient (468)
[2018.12.06-01.19.09:353][508]LogModuleManager: Shutting down and abandoning module DeviceManager (466)
[2018.12.06-01.19.09:353][508]LogModuleManager: Shutting down and abandoning module TargetDeviceServices (465)
[2018.12.06-01.19.09:419][508]LogModuleManager: Shutting down and abandoning module AutomationController (462)
[2018.12.06-01.19.09:419][508]LogModuleManager: Shutting down and abandoning module AutomationWindow (460)
[2018.12.06-01.19.09:420][508]LogModuleManager: Shutting down and abandoning module Layers (458)
[2018.12.06-01.19.09:422][508]LogModuleManager: Shutting down and abandoning module ComponentVisualizers (456)
[2018.12.06-01.19.09:422][508]LogModuleManager: Shutting down and abandoning module DetailCustomizations (454)
[2018.12.06-01.19.09:422][508]LogModuleManager: Shutting down and abandoning module PackagesDialog (452)
[2018.12.06-01.19.09:423][508]LogModuleManager: Shutting down and abandoning module Persona (450)
[2018.12.06-01.19.09:424][508]LogModuleManager: Shutting down and abandoning module AdvancedPreviewScene (449)
[2018.12.06-01.19.09:424][508]LogModuleManager: Shutting down and abandoning module AnimGraph (447)
[2018.12.06-01.19.09:424][508]LogModuleManager: Shutting down and abandoning module Kismet (444)
[2018.12.06-01.19.09:424][508]LogModuleManager: Shutting down and abandoning module GraphEditor (442)
[2018.12.06-01.19.09:427][508]LogModuleManager: Shutting down and abandoning module ClassViewer (440)
[2018.12.06-01.19.09:427][508]LogModuleManager: Shutting down and abandoning module Toolbox (438)
[2018.12.06-01.19.09:427][508]LogModuleManager: Shutting down and abandoning module ModuleUI (436)
[2018.12.06-01.19.09:427][508]LogModuleManager: Shutting down and abandoning module MovieSceneTools (434)
[2018.12.06-01.19.09:427][508]LogModuleManager: Shutting down and abandoning module OutputLog (432)
[2018.12.06-01.19.09:427][508]LogModuleManager: Shutting down and abandoning module GammaUI (430)
[2018.12.06-01.19.09:428][508]LogModuleManager: Shutting down and abandoning module Documentation (428)
[2018.12.06-01.19.09:428][508]LogModuleManager: Shutting down and abandoning module MovieSceneTracks (426)
[2018.12.06-01.19.09:428][508]LogModuleManager: Shutting down and abandoning module MovieScene (424)
[2018.12.06-01.19.09:428][508]LogModuleManager: Shutting down and abandoning module StreamingPauseRendering (422)
[2018.12.06-01.19.09:428][508]LogModuleManager: Shutting down and abandoning module LauncherPlatform (420)
[2018.12.06-01.19.09:428][508]LogModuleManager: Shutting down and abandoning module AnalyticsET (418)
[2018.12.06-01.19.09:428][508]LogModuleManager: Shutting down and abandoning module PortalServices (416)
[2018.12.06-01.19.09:428][508]LogModuleManager: Shutting down and abandoning module PortalRpc (414)
[2018.12.06-01.19.09:428][508]LogModuleManager: Shutting down and abandoning module MessagingRpc (412)
[2018.12.06-01.19.09:428][508]LogModuleManager: Shutting down and abandoning module AIModule (410)
[2018.12.06-01.19.09:428][508]LogModuleManager: Shutting down and abandoning module GameplayDebugger (409)
[2018.12.06-01.19.09:428][508]LogModuleManager: Shutting down and abandoning module AITestSuite (407)
[2018.12.06-01.19.09:428][508]LogModuleManager: Shutting down and abandoning module NavigationSystem (405)
[2018.12.06-01.19.09:428][508]LogModuleManager: Shutting down and abandoning module DesktopPlatform (402)
[2018.12.06-01.19.09:428][508]LogModuleManager: Shutting down and abandoning module ProfilerService (400)
[2018.12.06-01.19.09:645][508]LogModuleManager: Shutting down and abandoning module TaskGraph (398)
[2018.12.06-01.19.09:645][508]LogModuleManager: Shutting down and abandoning module SteamVRController (396)
[2018.12.06-01.19.09:645][508]LogModuleManager: Shutting down and abandoning module ProceduralMeshComponentEditor (394)
[2018.12.06-01.19.09:645][508]LogModuleManager: Shutting down and abandoning module ProceduralMeshComponent (392)
[2018.12.06-01.19.09:645][508]LogModuleManager: Shutting down and abandoning module OculusInput (390)
[2018.12.06-01.19.09:645][508]LogModuleManager: Shutting down and abandoning module MobilePatchingUtils (388)
[2018.12.06-01.19.09:645][508]LogModuleManager: Shutting down and abandoning module EditableMesh (386)
[2018.12.06-01.19.09:646][508]LogModuleManager: Shutting down and abandoning module CustomMeshComponent (384)
[2018.12.06-01.19.09:646][508]LogModuleManager: Shutting down and abandoning module CableComponent (382)
[2018.12.06-01.19.09:646][508]LogModuleManager: Shutting down and abandoning module AudioCapture (380)
[2018.12.06-01.19.09:646][508]LogModuleManager: Shutting down and abandoning module ArchVisCharacter (378)
[2018.12.06-01.19.09:646][508]LogModuleManager: Shutting down and abandoning module AndroidPermission (376)
[2018.12.06-01.19.09:646][508]LogModuleManager: Shutting down and abandoning module NUTUnrealEngine4 (374)
[2018.12.06-01.19.09:646][508]LogModuleManager: Shutting down and abandoning module NetcodeUnitTest (372)
[2018.12.06-01.19.09:647][508]LogModuleManager: Shutting down and abandoning module MediaCompositingEditor (370)
[2018.12.06-01.19.09:647][508]LogModuleManager: Shutting down and abandoning module MediaCompositing (368)
[2018.12.06-01.19.09:647][508]LogModuleManager: Shutting down and abandoning module LinearTimecode (366)
[2018.12.06-01.19.09:647][508]LogModuleManager: Shutting down and abandoning module ImgMedia (364)
[2018.12.06-01.19.09:651][508]LogModuleManager: Shutting down and abandoning module HTML5Networking (362)
[2018.12.06-01.19.09:651][508]LogModuleManager: Shutting down and abandoning module GeometryCacheTracks (360)
[2018.12.06-01.19.09:651][508]LogModuleManager: Shutting down and abandoning module GeometryCacheSequencer (358)
[2018.12.06-01.19.09:651][508]LogModuleManager: Shutting down and abandoning module BackChannel (356)
[2018.12.06-01.19.09:651][508]LogModuleManager: Shutting down and abandoning module AppleVision (354)
[2018.12.06-01.19.09:651][508]LogModuleManager: Shutting down and abandoning module AppleImageUtils (352)
[2018.12.06-01.19.09:651][508]LogModuleManager: Shutting down and abandoning module AlembicImporter (350)
[2018.12.06-01.19.09:651][508]LogModuleManager: Shutting down and abandoning module AlembicLibrary (349)
[2018.12.06-01.19.09:651][508]LogModuleManager: Shutting down and abandoning module GeometryCache (348)
[2018.12.06-01.19.09:651][508]LogModuleManager: Shutting down and abandoning module GeometryCacheEd (347)
[2018.12.06-01.19.09:651][508]LogModuleManager: Shutting down and abandoning module DatasmithContentEditor (342)
[2018.12.06-01.19.09:651][508]LogModuleManager: Shutting down and abandoning module DatasmithContent (340)
[2018.12.06-01.19.09:652][508]LogModuleManager: Shutting down and abandoning module SpeedTreeImporter (338)
[2018.12.06-01.19.09:652][508]LogModuleManager: Shutting down and abandoning module PluginBrowser (336)
[2018.12.06-01.19.09:652][508]LogModuleManager: Shutting down and abandoning module MobileLauncherProfileWizard (334)
[2018.12.06-01.19.09:653][508]LogModuleManager: Shutting down and abandoning module PolygonModeling (332)
[2018.12.06-01.19.09:653][508]LogModuleManager: Shutting down and abandoning module MeshEditor (330)
[2018.12.06-01.19.09:653][508]LogModuleManager: Shutting down and abandoning module CryptoKeysOpenSSL (328)
[2018.12.06-01.19.09:653][508]LogModuleManager: Shutting down and abandoning module CryptoKeys (326)
[2018.12.06-01.19.09:653][508]LogModuleManager: Shutting down and abandoning module VisualStudioSourceCodeAccess (324)
[2018.12.06-01.19.09:653][508]LogModuleManager: Shutting down and abandoning module VisualStudioCodeSourceCodeAccess (322)
[2018.12.06-01.19.09:653][508]LogModuleManager: Shutting down and abandoning module UObjectPlugin (320)
[2018.12.06-01.19.09:653][508]LogModuleManager: Shutting down and abandoning module SubversionSourceControl (318)
[2018.12.06-01.19.09:653][508]LogModuleManager: Shutting down and abandoning module PerforceSourceControl (316)
[2018.12.06-01.19.09:653][508]LogModuleManager: Shutting down and abandoning module GitSourceControl (314)
[2018.12.06-01.19.09:653][508]LogModuleManager: Shutting down and abandoning module SourceControl (313)
[2018.12.06-01.19.09:653][508]LogModuleManager: Shutting down and abandoning module CLionSourceCodeAccess (310)
[2018.12.06-01.19.09:653][508]LogModuleManager: Shutting down and abandoning module LightPropagationVolumeEditor (308)
[2018.12.06-01.19.09:653][508]LogModuleManager: Shutting down and abandoning module PaperTiledImporter (306)
[2018.12.06-01.19.09:653][508]LogModuleManager: Shutting down and abandoning module PaperSpriteSheetImporter (304)
[2018.12.06-01.19.09:654][508]LogModuleManager: Shutting down and abandoning module Paper2DEditor (302)
[2018.12.06-01.19.09:655][508]LogModuleManager: Shutting down and abandoning module MeshPaint (301)
[2018.12.06-01.19.09:655][508]LogModuleManager: Shutting down and abandoning module RuntimePhysXCooking (298)
[2018.12.06-01.19.09:655][508]LogModuleManager: Shutting down and abandoning module PhysXVehiclesEditor (296)
[2018.12.06-01.19.09:655][508]LogModuleManager: Shutting down and abandoning module PhysXVehicles (294)
[2018.12.06-01.19.09:655][508]LogModuleManager: Shutting down and abandoning module OculusEditor (292)
[2018.12.06-01.19.09:655][508]LogModuleManager: Shutting down and abandoning module LocationServicesBPLibrary (290)
[2018.12.06-01.19.09:655][508]LogModuleManager: Shutting down and abandoning module ImmediatePhysicsEditor (288)
[2018.12.06-01.19.09:655][508]LogModuleManager: Shutting down and abandoning module ImmediatePhysics (286)
[2018.12.06-01.19.09:655][508]LogModuleManager: Shutting down and abandoning module ActorSequence (284)
[2018.12.06-01.19.09:655][508]LogModuleManager: Shutting down and abandoning module UdpMessaging (282)
[2018.12.06-01.19.09:755][508]LogModuleManager: Shutting down and abandoning module TcpMessaging (280)
[2018.12.06-01.19.09:855][508]LogModuleManager: Shutting down and abandoning module MagicLeapAudio (278)
[2018.12.06-01.19.09:855][508]LogModuleManager: Shutting down and abandoning module GameplayTagsEditor (276)
[2018.12.06-01.19.09:855][508]LogModuleManager: Shutting down and abandoning module FacialAnimationEditor (274)
[2018.12.06-01.19.09:855][508]LogModuleManager: Shutting down and abandoning module FacialAnimation (272)
[2018.12.06-01.19.09:855][508]LogModuleManager: Shutting down and abandoning module DataValidation (270)
[2018.12.06-01.19.09:855][508]LogModuleManager: Shutting down and abandoning module AssetManagerEditor (268)
[2018.12.06-01.19.09:857][508]LogModuleManager: Shutting down and abandoning module LevelEditor (267)
[2018.12.06-01.19.09:857][508]LogModuleManager: Shutting down and abandoning module PixelInspectorModule (266)
[2018.12.06-01.19.09:857][508]LogModuleManager: Shutting down and abandoning module CommonMenuExtensions (264)
[2018.12.06-01.19.09:857][508]LogModuleManager: Shutting down and abandoning module MainFrame (262)
[2018.12.06-01.19.09:858][508]LogModuleManager: Shutting down and abandoning module HotReload (261)
[2018.12.06-01.19.09:858][508]LogModuleManager: Shutting down and abandoning module ContentBrowser (257)
[2018.12.06-01.19.09:859][508]LogModuleManager: Shutting down and abandoning module TreeMap (255)
[2018.12.06-01.19.09:859][508]LogModuleManager: Shutting down and abandoning module LightPropagationVolumeRuntime (252)
[2018.12.06-01.19.09:859][508]LogModuleManager: Shutting down and abandoning module AISupportModule (250)
[2018.12.06-01.19.09:859][508]LogModuleManager: Shutting down and abandoning module Paper2D (248)
[2018.12.06-01.19.09:859][508]LogModuleManager: Shutting down and abandoning module WindowsMoviePlayer (246)
[2018.12.06-01.19.09:859][508]LogModuleManager: Shutting down and abandoning module WmfMedia (244)
[2018.12.06-01.19.09:861][508]LogModuleManager: Shutting down and abandoning module Media (243)
[2018.12.06-01.19.09:867][508]LogModuleManager: Shutting down and abandoning module PacketHandler (240)
[2018.12.06-01.19.09:867][508]LogModuleManager: Shutting down and abandoning module ClothingSystemEditor (238)
[2018.12.06-01.19.09:867][508]LogModuleManager: Shutting down and abandoning module ClothingSystemRuntime (236)
[2018.12.06-01.19.09:868][508]LogModuleManager: Shutting down and abandoning module MediaAssets (234)
[2018.12.06-01.19.09:868][508]LogModuleManager: Shutting down and abandoning module Overlay (232)
[2018.12.06-01.19.09:868][508]LogModuleManager: Shutting down and abandoning module OverlayEditor (231)
[2018.12.06-01.19.09:868][508]LogModuleManager: Shutting down and abandoning module VREditor (228)
[2018.12.06-01.19.09:869][508]LogModuleManager: Shutting down and abandoning module StringTableEditor (226)
[2018.12.06-01.19.09:869][508]LogModuleManager: Shutting down and abandoning module GameplayTasksEditor (224)
[2018.12.06-01.19.09:869][508]LogModuleManager: Shutting down and abandoning module BehaviorTreeEditor (222)
[2018.12.06-01.19.09:870][508]LogModuleManager: Shutting down and abandoning module FunctionalTesting (220)
[2018.12.06-01.19.09:870][508]LogModuleManager: Shutting down and abandoning module CollisionAnalyzer (218)
[2018.12.06-01.19.09:870][508]LogModuleManager: Shutting down and abandoning module WorkspaceMenuStructure (217)
[2018.12.06-01.19.09:870][508]LogModuleManager: Shutting down and abandoning module UMG (214)
[2018.12.06-01.19.09:870][508]LogModuleManager: Shutting down and abandoning module UMGEditor (213)
[2018.12.06-01.19.09:871][508]LogModuleManager: Shutting down and abandoning module Sequencer (212)
[2018.12.06-01.19.09:873][508]LogModuleManager: Shutting down and abandoning module MessageLog (209)
[2018.12.06-01.19.09:873][508]LogModuleManager: Shutting down and abandoning module SlateReflector (204)
[2018.12.06-01.19.09:874][508]LogModuleManager: Shutting down and abandoning module Slate (202)
[2018.12.06-01.19.09:874][508]LogModuleManager: Shutting down and abandoning module EditorStyle (200)
[2018.12.06-01.19.09:875][508]LogModuleManager: Shutting down and abandoning module MRMesh (198)
[2018.12.06-01.19.09:875][508]LogModuleManager: Shutting down and abandoning module SourceCodeAccess (196)
[2018.12.06-01.19.09:875][508]LogModuleManager: Shutting down and abandoning module HeadMountedDisplay (194)
[2018.12.06-01.19.09:875][508]LogModuleManager: Shutting down and abandoning module XAudio2 (192)
[2018.12.06-01.19.09:875][508]LogModuleManager: Shutting down and abandoning module Networking (190)
[2018.12.06-01.19.09:875][508]LogModuleManager: Shutting down and abandoning module Core (188)
[2018.12.06-01.19.09:875][508]LogModuleManager: Shutting down and abandoning module LevelSequence (186)
[2018.12.06-01.19.09:875][508]LogModuleManager: Shutting down and abandoning module KismetCompiler (184)
[2018.12.06-01.19.09:875][508]LogModuleManager: Shutting down and abandoning module MeshUtilities (182)
[2018.12.06-01.19.09:875][508]LogModuleManager: Shutting down and abandoning module MeshMergeUtilities (181)
[2018.12.06-01.19.09:876][508]LogModuleManager: Shutting down and abandoning module MeshReductionInterface (180)
[2018.12.06-01.19.09:876][508]LogModuleManager: Shutting down and abandoning module SimplygonSwarm (179)
[2018.12.06-01.19.09:876][508]LogModuleManager: Shutting down and abandoning module ProxyLODMeshReduction (177)
[2018.12.06-01.19.09:877][508]LogModuleManager: Shutting down and abandoning module SimplygonMeshReduction (175)
[2018.12.06-01.19.09:877][508]LogModuleManager: Shutting down and abandoning module QuadricMeshReduction (173)
[2018.12.06-01.19.09:877][508]LogModuleManager: Shutting down and abandoning module MaterialBaking (169)
[2018.12.06-01.19.09:878][508]LogModuleManager: Shutting down and abandoning module DirectoryWatcher (165)
[2018.12.06-01.19.09:878][508]LogModuleManager: Shutting down and abandoning module DerivedDataCache (162)
[2018.12.06-01.19.10:284][508]LogDerivedDataCache: Shutdown
[2018.12.06-01.19.10:284][508]LogModuleManager: Shutting down and abandoning module XGEController (160)
[2018.12.06-01.19.10:284][508]LogXGEController: Cleaning working directory: C:/Users/u1213321/AppData/Local/Temp/UnrealXGEWorkingDir/
[2018.12.06-01.19.10:284][508]LogModuleManager: Shutting down and abandoning module TargetPlatform (158)
[2018.12.06-01.19.10:284][508]LogModuleManager: Shutting down and abandoning module VulkanShaderFormat (157)
[2018.12.06-01.19.10:284][508]LogModuleManager: Shutting down and abandoning module ShaderFormatVectorVM (155)
[2018.12.06-01.19.10:284][508]LogModuleManager: Shutting down and abandoning module ShaderFormatOpenGL (153)
[2018.12.06-01.19.10:285][508]LogModuleManager: Shutting down and abandoning module ShaderFormatD3D (151)
[2018.12.06-01.19.10:285][508]LogModuleManager: Shutting down and abandoning module MetalShaderFormat (149)
[2018.12.06-01.19.10:285][508]LogModuleManager: Shutting down and abandoning module TextureFormatUncompressed (147)
[2018.12.06-01.19.10:285][508]LogModuleManager: Shutting down and abandoning module TextureFormatPVR (145)
[2018.12.06-01.19.10:285][508]LogModuleManager: Shutting down and abandoning module TextureFormatDXT (143)
[2018.12.06-01.19.10:285][508]LogModuleManager: Shutting down and abandoning module TextureFormatIntelISPCTexComp (141)
[2018.12.06-01.19.10:285][508]LogModuleManager: Shutting down and abandoning module TextureFormatASTC (139)
[2018.12.06-01.19.10:285][508]LogModuleManager: Shutting down and abandoning module ImageWrapper (138)
[2018.12.06-01.19.10:285][508]LogModuleManager: Shutting down and abandoning module TextureFormatAndroid (135)
[2018.12.06-01.19.10:285][508]LogModuleManager: Shutting down and abandoning module AudioFormatOpus (133)
[2018.12.06-01.19.10:285][508]LogModuleManager: Shutting down and abandoning module AudioFormatOgg (131)
[2018.12.06-01.19.10:285][508]LogModuleManager: Shutting down and abandoning module AudioFormatADPCM (129)
[2018.12.06-01.19.10:285][508]LogModuleManager: Shutting down and abandoning module LuminTargetPlatform (127)
[2018.12.06-01.19.10:285][508]LogModuleManager: Shutting down and abandoning module LinuxTargetPlatform (125)
[2018.12.06-01.19.10:285][508]LogModuleManager: Shutting down and abandoning module LinuxServerTargetPlatform (123)
[2018.12.06-01.19.10:285][508]LogModuleManager: Shutting down and abandoning module LinuxNoEditorTargetPlatform (121)
[2018.12.06-01.19.10:285][508]LogModuleManager: Shutting down and abandoning module LinuxClientTargetPlatform (119)
[2018.12.06-01.19.10:285][508]LogModuleManager: Shutting down and abandoning module TVOSTargetPlatform (117)
[2018.12.06-01.19.10:286][508]LogModuleManager: Shutting down and abandoning module Messaging (115)
[2018.12.06-01.19.10:286][508]LogModuleManager: Shutting down and abandoning module IOSTargetPlatform (113)
[2018.12.06-01.19.10:287][508]LogModuleManager: Shutting down and abandoning module HTML5TargetPlatform (111)
[2018.12.06-01.19.10:287][508]LogModuleManager: Shutting down and abandoning module AndroidTargetPlatform (109)
[2018.12.06-01.19.10:292][508]LogModuleManager: Shutting down and abandoning module WindowsTargetPlatform (107)
[2018.12.06-01.19.10:292][508]LogModuleManager: Shutting down and abandoning module WindowsServerTargetPlatform (105)
[2018.12.06-01.19.10:292][508]LogModuleManager: Shutting down and abandoning module WindowsNoEditorTargetPlatform (103)
[2018.12.06-01.19.10:292][508]LogModuleManager: Shutting down and abandoning module WindowsClientTargetPlatform (101)
[2018.12.06-01.19.10:292][508]LogModuleManager: Shutting down and abandoning module MacTargetPlatform (99)
[2018.12.06-01.19.10:292][508]LogModuleManager: Shutting down and abandoning module MacServerTargetPlatform (97)
[2018.12.06-01.19.10:292][508]LogModuleManager: Shutting down and abandoning module MacNoEditorTargetPlatform (95)
[2018.12.06-01.19.10:292][508]LogModuleManager: Shutting down and abandoning module MacClientTargetPlatform (93)
[2018.12.06-01.19.10:292][508]LogModuleManager: Shutting down and abandoning module AllDesktopTargetPlatform (91)
[2018.12.06-01.19.10:292][508]LogModuleManager: Shutting down and abandoning module InputCore (88)
[2018.12.06-01.19.10:292][508]LogModuleManager: Shutting down and abandoning module Settings (86)
[2018.12.06-01.19.10:292][508]LogModuleManager: Shutting down and abandoning module PhysXCooking (84)
[2018.12.06-01.19.10:292][508]LogModuleManager: Shutting down and abandoning module SteamVR (82)
[2018.12.06-01.19.10:292][508]LogModuleManager: Shutting down and abandoning module OculusHMD (80)
[2018.12.06-01.19.10:292][508]LogModuleManager: Shutting down and abandoning module ExampleDeviceProfileSelector (78)
[2018.12.06-01.19.10:292][508]LogModuleManager: Shutting down and abandoning module LauncherChunkInstaller (76)
[2018.12.06-01.19.10:292][508]LogModuleManager: Shutting down and abandoning module OnlineBlueprintSupport (74)
[2018.12.06-01.19.10:292][508]LogModuleManager: Shutting down and abandoning module OnlineSubsystem (70)
[2018.12.06-01.19.10:293][508]LogModuleManager: Shutting down and abandoning module XMPP (65)
[2018.12.06-01.19.10:294][508]LogModuleManager: Shutting down and abandoning module WebSockets (64)
[2018.12.06-01.19.10:310][508]LogModuleManager: Shutting down and abandoning module HTTP (61)
[2018.12.06-01.19.10:310][508]LogHttp: Display: Http module shutting down, but needs to wait on 1 outstanding Http requests:
[2018.12.06-01.19.10:310][508]LogHttp: Display: 	verb=[POST] url=[https://datarouter.ol.epicgames.com/datarouter/api/v1/public/data?SessionID=%7BA8FD0413-45BD-BBE7-5F87-C998E339FE05%7D&AppID=UEEditor.Rocket.Release&AppVersion=4.20.2-4212847%2B%2B%2BUE4%2BRelease-4.20&UserID=b15df0e24fb32c359adc55a5f2b22b44%7Cfb90c337df1943aebfee5d69dda5e77e%7C780c3427-c555-4217-9f7d-feeee12fbce9&AppEnvironment=datacollector-binary&UploadType=eteventstream] status=Processing
[2018.12.06-01.19.10:327][508]LogModuleManager: Shutting down and abandoning module SSL (60)
[2018.12.06-01.19.10:327][508]LogModuleManager: Shutting down and abandoning module MagicLeapEmulator (56)
[2018.12.06-01.19.10:327][508]LogModuleManager: Shutting down and abandoning module MagicLeapPrivileges (54)
[2018.12.06-01.19.10:327][508]LogModuleManager: Shutting down and abandoning module MagicLeapIdentity (52)
[2018.12.06-01.19.10:327][508]LogModuleManager: Shutting down and abandoning module MagicLeapHelperVulkan (50)
[2018.12.06-01.19.10:327][508]LogModuleManager: Shutting down and abandoning module MagicLeapHelperOpenGL (48)
[2018.12.06-01.19.10:327][508]LogModuleManager: Shutting down and abandoning module MagicLeapSecureStorage (46)
[2018.12.06-01.19.10:327][508]LogModuleManager: Shutting down and abandoning module MagicLeapGestures (44)
[2018.12.06-01.19.10:327][508]LogModuleManager: Shutting down and abandoning module MagicLeapEyeTracker (42)
[2018.12.06-01.19.10:327][508]LogModuleManager: Shutting down and abandoning module MagicLeapController (40)
[2018.12.06-01.19.10:328][508]LogSlate: Slate User Destroyed.  User Index 0, Is Virtual User: 0
[2018.12.06-01.19.10:328][508]LogModuleManager: Shutting down and abandoning module MagicLeap (38)
[2018.12.06-01.19.10:328][508]LogModuleManager: Shutting down and abandoning module AnimationModifiers (36)
[2018.12.06-01.19.10:328][508]LogModuleManager: Shutting down and abandoning module PropertyEditor (35)
[2018.12.06-01.19.10:329][508]LogModuleManager: Shutting down and abandoning module AudioEditor (32)
[2018.12.06-01.19.10:330][508]LogModuleManager: Shutting down and abandoning module TextureCompressor (30)
[2018.12.06-01.19.10:330][508]LogModuleManager: Shutting down and abandoning module ShaderCore (28)
[2018.12.06-01.19.10:330][508]LogModuleManager: Shutting down and abandoning module Landscape (26)
[2018.12.06-01.19.10:330][508]LogModuleManager: Shutting down and abandoning module SlateRHIRenderer (24)
[2018.12.06-01.19.10:330][508]LogModuleManager: Shutting down and abandoning module OpenGLDrv (22)
[2018.12.06-01.19.10:330][508]LogModuleManager: Shutting down and abandoning module D3D11RHI (20)
[2018.12.06-01.19.10:330][508]LogModuleManager: Shutting down and abandoning module AnimGraphRuntime (18)
[2018.12.06-01.19.10:330][508]LogModuleManager: Shutting down and abandoning module Renderer (16)
[2018.12.06-01.19.10:330][508]LogModuleManager: Shutting down and abandoning module Engine (14)
[2018.12.06-01.19.10:330][508]LogModuleManager: Shutting down and abandoning module CoreUObject (12)
[2018.12.06-01.19.10:330][508]LogModuleManager: Shutting down and abandoning module NetworkFile (10)
[2018.12.06-01.19.10:330][508]LogModuleManager: Shutting down and abandoning module CookedIterativeFile (8)
[2018.12.06-01.19.10:330][508]LogModuleManager: Shutting down and abandoning module StreamingFile (6)
[2018.12.06-01.19.10:330][508]LogModuleManager: Shutting down and abandoning module SandboxFile (4)
[2018.12.06-01.19.10:331][508]LogModuleManager: Shutting down and abandoning module PakFile (2)
[2018.12.06-01.19.10:336][508]LogExit: Exiting.
[2018.12.06-01.19.10:372][508]Log file closed, 12/05/18 18:19:10
