Log file open, 11/14/18 19:09:26
LogWindows: Failed to load 'aqProf.dll' (GetLastError=126)
LogWindows: File 'aqProf.dll' does not exist
LogWindows: Failed to load 'VtuneApi.dll' (GetLastError=126)
LogWindows: File 'VtuneApi.dll' does not exist
LogWindows: Failed to load 'VtuneApi32e.dll' (GetLastError=126)
LogWindows: File 'VtuneApi32e.dll' does not exist
LogInit: Display: Running engine for game: APsec1LargeCityBase
LogPlatformFile: Not using cached read wrapper
LogTaskGraph: Started task graph with 5 named threads and 23 total threads with 3 sets of task threads.
LogStats: Stats thread started at 0.287462
LogD3D11RHI: Loaded GFSDK_Aftermath_Lib.x64.dll
LogICUInternationalization: Display: ICU TimeZone Detection - Raw Offset: -7:00, Platform Override: ''
LogPluginManager: Mounting plugin Paper2D
LogPluginManager: Mounting plugin AISupport
LogPluginManager: Mounting plugin LightPropagationVolume
LogPluginManager: Mounting plugin CLionSourceCodeAccess
LogPluginManager: Mounting plugin CodeLiteSourceCodeAccess
LogPluginManager: Mounting plugin GitSourceControl
LogPluginManager: Mounting plugin KDevelopSourceCodeAccess
LogPluginManager: Mounting plugin NullSourceCodeAccess
LogPluginManager: Mounting plugin PerforceSourceControl
LogPluginManager: Mounting plugin SubversionSourceControl
LogPluginManager: Mounting plugin UObjectPlugin
LogPluginManager: Mounting plugin VisualStudioCodeSourceCodeAccess
LogPluginManager: Mounting plugin VisualStudioSourceCodeAccess
LogPluginManager: Mounting plugin XCodeSourceCodeAccess
LogPluginManager: Mounting plugin AssetManagerEditor
LogPluginManager: Mounting plugin CryptoKeys
LogPluginManager: Mounting plugin DataValidation
LogPluginManager: Mounting plugin FacialAnimation
LogPluginManager: Mounting plugin GameplayTagsEditor
LogPluginManager: Mounting plugin MacGraphicsSwitching
LogPluginManager: Mounting plugin MeshEditor
LogPluginManager: Mounting plugin MobileLauncherProfileWizard
LogPluginManager: Mounting plugin PluginBrowser
LogPluginManager: Mounting plugin SpeedTreeImporter
LogPluginManager: Mounting plugin DatasmithContent
LogPluginManager: Mounting plugin AlembicImporter
LogPluginManager: Mounting plugin AppleImageUtils
LogPluginManager: Mounting plugin AppleVision
LogPluginManager: Mounting plugin BackChannel
LogPluginManager: Mounting plugin CharacterAI
LogPluginManager: Mounting plugin GeometryCache
LogPluginManager: Mounting plugin HTML5Networking
LogPluginManager: Mounting plugin ProxyLODPlugin
LogPluginManager: Mounting plugin MagicLeap
LogPluginManager: Mounting plugin MagicLeapEmulator
LogPluginManager: Mounting plugin MagicLeapMedia
LogPluginManager: Mounting plugin AndroidMedia
LogPluginManager: Mounting plugin AvfMedia
LogPluginManager: Mounting plugin ImgMedia
LogPluginManager: Mounting plugin LinearTimecode
LogPluginManager: Mounting plugin MediaCompositing
LogPluginManager: Mounting plugin MediaPlayerEditor
LogPluginManager: Mounting plugin WmfMedia
LogPluginManager: Mounting plugin TcpMessaging
LogPluginManager: Mounting plugin UdpMessaging
LogPluginManager: Mounting plugin ActorSequence
LogPluginManager: Mounting plugin LevelSequenceEditor
LogPluginManager: Mounting plugin MatineeToLevelSequence
LogPluginManager: Mounting plugin NetcodeUnitTest
LogPluginManager: Mounting plugin NUTUnrealEngine4
LogPluginManager: Mounting plugin OnlineSubsystemGooglePlay
LogPluginManager: Mounting plugin OnlineSubsystemIOS
LogPluginManager: Mounting plugin OnlineSubsystem
LogPluginManager: Mounting plugin OnlineSubsystemNull
LogPluginManager: Mounting plugin OnlineSubsystemUtils
LogPluginManager: Mounting plugin LauncherChunkInstaller
LogPluginManager: Mounting plugin AndroidDeviceProfileSelector
LogPluginManager: Mounting plugin AndroidMoviePlayer
LogPluginManager: Mounting plugin AndroidPermission
LogPluginManager: Mounting plugin AppleMoviePlayer
LogPluginManager: Mounting plugin ArchVisCharacter
LogPluginManager: Mounting plugin AudioCapture
LogPluginManager: Mounting plugin CableComponent
LogPluginManager: Mounting plugin CustomMeshComponent
LogPluginManager: Mounting plugin EditableMesh
LogPluginManager: Mounting plugin ExampleDeviceProfileSelector
LogPluginManager: Mounting plugin GoogleCloudMessaging
LogPluginManager: Mounting plugin ImmediatePhysics
LogPluginManager: Mounting plugin IOSDeviceProfileSelector
LogPluginManager: Mounting plugin LinuxDeviceProfileSelector
LogPluginManager: Mounting plugin LocationServicesBPLibrary
LogPluginManager: Mounting plugin MobilePatchingUtils
LogPluginManager: Mounting plugin OculusVR
LogPluginManager: Plugin shader directory ../../../Engine/Plugins/Runtime/Oculus/OculusVR/Shaders found
LogPluginManager: Mapping shader source directory ../../../Engine/Plugins/Runtime/Oculus/OculusVR/Shaders to virtual directory /Plugin/OculusVR
LogPluginManager: Mounting plugin PhysXVehicles
LogPluginManager: Mounting plugin ProceduralMeshComponent
LogPluginManager: Mounting plugin RuntimePhysXCooking
LogPluginManager: Mounting plugin SteamVR
LogPluginManager: Mounting plugin WindowsMoviePlayer
LogStreaming: Display: Took  0.088s to configure plugins.
LogInit: Using libcurl 7.55.1-DEV
LogInit:  - built for x86_64-pc-win32
LogInit:  - supports SSL with OpenSSL/1.0.2h
LogInit:  - supports HTTP deflate (compression) using libz 1.2.8
LogInit:  - other features:
LogInit:      CURL_VERSION_SSL
LogInit:      CURL_VERSION_LIBZ
LogInit:      CURL_VERSION_IPV6
LogInit:      CURL_VERSION_ASYNCHDNS
LogInit:      CURL_VERSION_LARGEFILE
LogInit:      CURL_VERSION_IDN
LogInit:  CurlRequestOptions (configurable via config and command line):
LogInit:  - bVerifyPeer = false  - Libcurl will NOT verify peer certificate
LogInit:  - bUseHttpProxy = false  - Libcurl will NOT use HTTP proxy
LogInit:  - bDontReuseConnections = false  - Libcurl will reuse connections
LogInit:  - CertBundlePath = nullptr  - Libcurl will use whatever was configured at build time.
LogInit:  - MaxHostConnections = 16  - Libcurl will limit the number of connections to a host
LogInit:  - LocalHostAddr = Default
LogInit:  - BufferSize = 65536
LogInit: WinSock: version 1.1 (2.2), MaxSocks=32767, MaxUdp=65467
LogInit: Build: ++UE4+Release-4.20-CL-4212847
LogInit: Engine Version: 4.20.2-4212847+++UE4+Release-4.20
LogInit: Compatible Engine Version: 4.20.0-4212847+++UE4+Release-4.20
LogInit: Net CL: 4212847
LogInit: OS: Windows 10 (), CPU: Intel(R) Core(TM) i7-8809G CPU @ 3.10GHz, GPU: Radeon RX Vega M GH Graphics
LogInit: Compiled (64-bit): Jul 14 2018 09:51:14
LogInit: Compiled with Visual C++: 19.13.26129.00
LogInit: Build Configuration: Development
LogInit: Branch Name: ++UE4+Release-4.20
LogInit: Command Line: 
LogInit: Base Directory: C:/Program Files/Epic Games/UE_4.20/Engine/Binaries/Win64/
LogInit: Installed Engine Build: 1
LogDevObjectVersion: Number of dev versions registered: 20
LogDevObjectVersion:   Dev-Blueprints (B0D832E4-1F89-4F0D-ACCF-7EB736FD4AA2): 10
LogDevObjectVersion:   Dev-Build (E1C64328-A22C-4D53-A36C-8E866417BD8C): 0
LogDevObjectVersion:   Dev-Core (375EC13C-06E4-48FB-B500-84F0262A717E): 2
LogDevObjectVersion:   Dev-Editor (E4B068ED-F494-42E9-A231-DA0B2E46BB41): 24
LogDevObjectVersion:   Dev-Framework (CFFC743F-43B0-4480-9391-14DF171D2073): 34
LogDevObjectVersion:   Dev-Mobile (B02B49B5-BB20-44E9-A304-32B752E40360): 2
LogDevObjectVersion:   Dev-Networking (A4E4105C-59A1-49B5-A7C5-40C4547EDFEE): 0
LogDevObjectVersion:   Dev-Online (39C831C9-5AE6-47DC-9A44-9C173E1C8E7C): 0
LogDevObjectVersion:   Dev-Physics (78F01B33-EBEA-4F98-B9B4-84EACCB95AA2): 0
LogDevObjectVersion:   Dev-Platform (6631380F-2D4D-43E0-8009-CF276956A95A): 0
LogDevObjectVersion:   Dev-Rendering (12F88B9F-8875-4AFC-A67C-D90C383ABD29): 26
LogDevObjectVersion:   Dev-Sequencer (7B5AE74C-D270-4C10-A958-57980B212A5A): 9
LogDevObjectVersion:   Dev-VR (D7296918-1DD6-4BDD-9DE2-64A83CC13884): 2
LogDevObjectVersion:   Dev-LoadTimes (C2A15278-BFE7-4AFE-6C17-90FF531DF755): 1
LogDevObjectVersion:   Private-Geometry (6EACA3D4-40EC-4CC1-B786-8BED09428FC5): 3
LogDevObjectVersion:   Dev-AnimPhys (29E575DD-E0A3-4627-9D10-D276232CDCEA): 17
LogDevObjectVersion:   Dev-ReflectionCapture (6B266CEC-1EC7-4B8F-A30B-E4D90942FC07): 1
LogDevObjectVersion:   Dev-Automation (0DF73D61-A23F-47EA-B727-89E90C41499A): 1
LogDevObjectVersion:   FortniteMain (601D1886-AC64-4F84-AA16-D3DE0DEAC7D6): 12
LogDevObjectVersion:   Dev-Enterprise (9DFFBCD6-494F-0158-E221-12823C92A888): 1
LogStreaming: Display: Took  0.000s to delete old logs.
LogInit: Presizing for max 8388607 objects, including 0 objects not considered by GC, pre-allocating 0 bytes for permanent pool.
LogInit: Object subsystem initialized
[2018.11.15-02.09.27:126][  0]LogInit: Selected Device Profile: [Windows]
[2018.11.15-02.09.27:126][  0]LogInit: Applying CVar settings loaded from the selected device profile: [Windows]
[2018.11.15-02.09.27:138][  0]LogHAL: Display: Platform has ~ 16 GB [17094914048 / 17179869184 / 16], which maps to Larger [LargestMinGB=32, LargerMinGB=12, DefaultMinGB=8, SmallerMinGB=6, SmallestMinGB=0)
[2018.11.15-02.09.27:138][  0]LogInit: Setting Device Profile CVar: [[r.Vulkan.UseRealUBs:1]]
[2018.11.15-02.09.27:138][  0]LogInit: Going up to parent DeviceProfile []
[2018.11.15-02.09.27:138][  0]LogInit: Computer: eae-n-034
[2018.11.15-02.09.27:138][  0]LogInit: User: u0816317
[2018.11.15-02.09.27:138][  0]LogInit: CPU Page size=4096, Cores=4
[2018.11.15-02.09.27:138][  0]LogInit: High frequency timer resolution =3.023442 MHz
[2018.11.15-02.09.27:138][  0]LogMemory: Memory total: Physical=15.9GB (16GB approx)
[2018.11.15-02.09.27:138][  0]LogMemory: Platform Memory Stats for Windows
[2018.11.15-02.09.27:138][  0]LogMemory: Process Physical Memory: 99.94 MB used, 99.94 MB peak
[2018.11.15-02.09.27:138][  0]LogMemory: Process Virtual Memory: 91.11 MB used, 91.11 MB peak
[2018.11.15-02.09.27:138][  0]LogMemory: Physical Memory: 6245.44 MB used,  10057.54 MB free, 16302.98 MB total
[2018.11.15-02.09.27:138][  0]LogMemory: Virtual Memory: 4640.39 MB used,  10057.54 MB free, 134217728.00 MB total
[2018.11.15-02.09.27:151][  0]LogInit: Using OS detected language (en-US).
[2018.11.15-02.09.27:151][  0]LogInit: Using OS detected locale (en-US).
[2018.11.15-02.09.27:152][  0]LogTextLocalizationManager: No specific localization for 'en-US' exists, so the 'en' localization will be used.
[2018.11.15-02.09.27:465][  0]LogStreaming: Display: Took  0.314s to InitEngineTextLocalization.
[2018.11.15-02.09.27:465][  0]LogInit: Setting process to per monitor DPI aware
[2018.11.15-02.09.27:491][  0]LogSlate: New Slate User Created.  User Index 0, Is Virtual User: 0
[2018.11.15-02.09.27:491][  0]LogSlate: Slate User Registered.  User Index 0, Is Virtual User: 0
[2018.11.15-02.09.27:650][  0]LogHMD: Failed to initialize OpenVR with code 110
[2018.11.15-02.09.27:650][  0]LogD3D11RHI: D3D11 adapters:
[2018.11.15-02.09.27:681][  0]LogD3D11RHI:    0. 'Radeon RX Vega M GH Graphics' (Feature Level 11_0)
[2018.11.15-02.09.27:681][  0]LogD3D11RHI:       4042/0/8151 MB DedicatedVideo/DedicatedSystem/SharedSystem, Outputs:1, VendorId:0x1002
[2018.11.15-02.09.27:690][  0]LogD3D11RHI:    1. 'Intel(R) HD Graphics 630' (Feature Level 11_0)
[2018.11.15-02.09.27:690][  0]LogD3D11RHI:       128/0/8151 MB DedicatedVideo/DedicatedSystem/SharedSystem, Outputs:0, VendorId:0x8086
[2018.11.15-02.09.27:693][  0]LogD3D11RHI:    2. 'Microsoft Basic Render Driver' (Feature Level 11_0)
[2018.11.15-02.09.27:693][  0]LogD3D11RHI:       0/0/8151 MB DedicatedVideo/DedicatedSystem/SharedSystem, Outputs:0, VendorId:0x1414
[2018.11.15-02.09.27:693][  0]LogD3D11RHI: Chosen D3D11 Adapter: 0
[2018.11.15-02.09.27:699][  0]LogD3D11RHI: Creating new Direct3DDevice
[2018.11.15-02.09.27:699][  0]LogD3D11RHI:     GPU DeviceId: 0x694c (for the marketing name, search the web for "GPU Device Id")
[2018.11.15-02.09.27:699][  0]LogWindows: EnumDisplayDevices:
[2018.11.15-02.09.27:699][  0]LogWindows:    0. 'Radeon RX Vega M GH Graphics' (P:1 D:1)
[2018.11.15-02.09.27:700][  0]LogWindows:    1. 'Radeon RX Vega M GH Graphics' (P:0 D:0)
[2018.11.15-02.09.27:700][  0]LogWindows:    2. 'Radeon RX Vega M GH Graphics' (P:0 D:0)
[2018.11.15-02.09.27:700][  0]LogWindows:    3. 'Radeon RX Vega M GH Graphics' (P:0 D:0)
[2018.11.15-02.09.27:700][  0]LogWindows:    4. 'Radeon RX Vega M GH Graphics' (P:0 D:0)
[2018.11.15-02.09.27:701][  0]LogWindows:    5. 'Radeon RX Vega M GH Graphics' (P:0 D:0)
[2018.11.15-02.09.27:701][  0]LogWindows:    6. 'Radeon RX Vega M GH Graphics' (P:0 D:0)
[2018.11.15-02.09.27:701][  0]LogWindows:    7. 'Radeon RX Vega M GH Graphics' (P:0 D:0)
[2018.11.15-02.09.27:701][  0]LogWindows:    8. 'Radeon RX Vega M GH Graphics' (P:0 D:0)
[2018.11.15-02.09.27:701][  0]LogWindows:    9. 'Radeon RX Vega M GH Graphics' (P:0 D:0)
[2018.11.15-02.09.27:702][  0]LogWindows:    10. 'Radeon RX Vega M GH Graphics' (P:0 D:0)
[2018.11.15-02.09.27:702][  0]LogWindows:    11. 'Radeon RX Vega M GH Graphics' (P:0 D:0)
[2018.11.15-02.09.27:702][  0]LogWindows:    12. 'Radeon RX Vega M GH Graphics' (P:0 D:0)
[2018.11.15-02.09.27:702][  0]LogWindows:    13. 'Radeon RX Vega M GH Graphics' (P:0 D:0)
[2018.11.15-02.09.27:702][  0]LogWindows:    14. 'Radeon RX Vega M GH Graphics' (P:0 D:0)
[2018.11.15-02.09.27:702][  0]LogWindows:    15. 'Radeon RX Vega M GH Graphics' (P:0 D:0)
[2018.11.15-02.09.27:702][  0]LogWindows:    16. 'Intel(R) HD Graphics 630' (P:0 D:0)
[2018.11.15-02.09.27:702][  0]LogWindows:    17. 'Intel(R) HD Graphics 630' (P:0 D:0)
[2018.11.15-02.09.27:702][  0]LogWindows: DebugString: PrimaryIsNotTheChoosenAdapter PrimaryIsNotTheChoosenAdapter FoundDriverCount:16 
[2018.11.15-02.09.27:702][  0]LogD3D11RHI:     Adapter Name: Radeon RX Vega M GH Graphics
[2018.11.15-02.09.27:702][  0]LogD3D11RHI:   Driver Version: Adrenalin 18.5.1 (internal:24.20.11016.4, unified:24.20.11016.4)
[2018.11.15-02.09.27:702][  0]LogD3D11RHI:      Driver Date: 5-16-2018
[2018.11.15-02.09.27:702][  0]LogRHI: Texture pool is 2829 MB (70% of 4042 MB)
[2018.11.15-02.09.27:852][  0]LogD3D11RHI: Async texture creation enabled
[2018.11.15-02.09.27:864][  0]LogD3D11RHI: GPU Timing Frequency: 25.000000 (Debug: 2 1)
[2018.11.15-02.09.27:866][  0]LogShaderCompilers: Guid format shader working directory is -43 characters bigger than the processId version (../../../../../../Users/u0816317/Documents/GitHub/AssetPipeMaster02/APsec1LargeCityBase 4.20/Intermediate/Shaders/WorkingDirectory/4100/).
[2018.11.15-02.09.27:866][  0]LogShaderCompilers: Cleaned the shader compiler working directory 'C:/Users/u0816317/AppData/Local/Temp/UnrealShaderWorkingDir/57965F784C869886EAC9FB9744143A10/'.
[2018.11.15-02.09.28:093][  0]LogTemp: Display: Loaded TP AllDesktopTargetPlatform
[2018.11.15-02.09.28:109][  0]LogTemp: Display: Loaded TP MacClientTargetPlatform
[2018.11.15-02.09.28:123][  0]LogTemp: Display: Loaded TP MacNoEditorTargetPlatform
[2018.11.15-02.09.28:136][  0]LogTemp: Display: Loaded TP MacServerTargetPlatform
[2018.11.15-02.09.28:148][  0]LogTemp: Display: Loaded TP MacTargetPlatform
[2018.11.15-02.09.28:159][  0]LogTemp: Display: Loaded TP WindowsClientTargetPlatform
[2018.11.15-02.09.28:170][  0]LogTemp: Display: Loaded TP WindowsNoEditorTargetPlatform
[2018.11.15-02.09.28:181][  0]LogTemp: Display: Loaded TP WindowsServerTargetPlatform
[2018.11.15-02.09.28:187][  0]LogTemp: Display: Loaded TP WindowsTargetPlatform
[2018.11.15-02.09.28:251][  0]LogTemp: Display: Loaded TP AndroidTargetPlatform
[2018.11.15-02.09.28:251][  0]LogTemp: Display: Loaded TP AndroidTargetPlatform
[2018.11.15-02.09.28:251][  0]LogTemp: Display: Loaded TP AndroidTargetPlatform
[2018.11.15-02.09.28:251][  0]LogTemp: Display: Loaded TP AndroidTargetPlatform
[2018.11.15-02.09.28:251][  0]LogTemp: Display: Loaded TP AndroidTargetPlatform
[2018.11.15-02.09.28:251][  0]LogTemp: Display: Loaded TP AndroidTargetPlatform
[2018.11.15-02.09.28:251][  0]LogTemp: Display: Loaded TP AndroidTargetPlatform
[2018.11.15-02.09.28:251][  0]LogTemp: Display: Loaded TP AndroidTargetPlatform
[2018.11.15-02.09.28:251][  0]LogTemp: Display: Loaded TP AndroidTargetPlatform
[2018.11.15-02.09.28:251][  0]LogTemp: Display: Loaded TP AndroidTargetPlatform
[2018.11.15-02.09.28:251][  0]LogTemp: Display: Loaded TP AndroidTargetPlatform
[2018.11.15-02.09.28:251][  0]LogTemp: Display: Loaded TP AndroidTargetPlatform
[2018.11.15-02.09.28:251][  0]LogTemp: Display: Loaded TP AndroidTargetPlatform
[2018.11.15-02.09.28:251][  0]LogTemp: Display: Loaded TP AndroidTargetPlatform
[2018.11.15-02.09.28:251][  0]LogTemp: Display: Loaded TP AndroidTargetPlatform
[2018.11.15-02.09.28:251][  0]LogTemp: Display: Loaded TP AndroidTargetPlatform
[2018.11.15-02.09.28:251][  0]LogTemp: Display: Loaded TP AndroidTargetPlatform
[2018.11.15-02.09.28:251][  0]LogTemp: Display: Loaded TP AndroidTargetPlatform
[2018.11.15-02.09.28:252][  0]LogTemp: Display: Loaded TP HTML5TargetPlatform
[2018.11.15-02.09.28:307][  0]LogTemp: Display: Loaded TP IOSTargetPlatform
[2018.11.15-02.09.28:307][  0]LogTemp: Display: Loaded TP IOSTargetPlatform
[2018.11.15-02.09.28:326][  0]LogTemp: Display: Loaded TP TVOSTargetPlatform
[2018.11.15-02.09.28:326][  0]LogTemp: Display: Loaded TP TVOSTargetPlatform
[2018.11.15-02.09.28:336][  0]LogTemp: Display: Loaded TP LinuxClientTargetPlatform
[2018.11.15-02.09.28:347][  0]LogTemp: Display: Loaded TP LinuxNoEditorTargetPlatform
[2018.11.15-02.09.28:357][  0]LogTemp: Display: Loaded TP LinuxServerTargetPlatform
[2018.11.15-02.09.28:368][  0]LogTemp: Display: Loaded TP LinuxTargetPlatform
[2018.11.15-02.09.28:375][  0]LogTemp: Display: Loaded TP LuminTargetPlatform
[2018.11.15-02.09.28:375][  0]LogTargetPlatformManager: Display: Building Assets For Windows
[2018.11.15-02.09.28:426][  0]LogXGEController: Cannot use XGE Controller as Incredibuild is not installed on this machine.
[2018.11.15-02.09.28:426][  0]LogShaderCompilers: Cannot use XGE Shader Compiler as Incredibuild is not installed on this machine.
[2018.11.15-02.09.28:426][  0]LogShaderCompilers: Display: Using Local Shader Compiler.
[2018.11.15-02.09.29:057][  0]LogDerivedDataCache: Display: Max Cache Size: 512 MB
[2018.11.15-02.09.29:112][  0]LogDerivedDataCache: Loaded boot cache 0.05s 87MB C:/Users/u0816317/AppData/Local/UnrealEngine/4.20/DerivedDataCache/Boot.ddc.
[2018.11.15-02.09.29:112][  0]LogDerivedDataCache: Display: Loaded Boot cache: C:/Users/u0816317/AppData/Local/UnrealEngine/4.20/DerivedDataCache/Boot.ddc
[2018.11.15-02.09.29:112][  0]LogDerivedDataCache: FDerivedDataBackendGraph:  Pak pak cache file ../../../../../../Users/u0816317/Documents/GitHub/AssetPipeMaster02/APsec1LargeCityBase 4.20/DerivedDataCache/DDC.ddp not found, will not use a pak cache.
[2018.11.15-02.09.29:112][  0]LogDerivedDataCache: Unable to find inner node Pak for hierarchical cache Hierarchy.
[2018.11.15-02.09.29:112][  0]LogDerivedDataCache: FDerivedDataBackendGraph:  CompressedPak pak cache file ../../../../../../Users/u0816317/Documents/GitHub/AssetPipeMaster02/APsec1LargeCityBase 4.20/DerivedDataCache/Compressed.ddp not found, will not use a pak cache.
[2018.11.15-02.09.29:112][  0]LogDerivedDataCache: Unable to find inner node CompressedPak for hierarchical cache Hierarchy.
[2018.11.15-02.09.29:123][  0]LogDerivedDataCache: Display: Pak cache opened for reading ../../../Engine/DerivedDataCache/Compressed.ddp.
[2018.11.15-02.09.29:135][  0]LogDerivedDataCache: Using Local data cache path C:/Users/u0816317/AppData/Local/UnrealEngine/Common/DerivedDataCache: Writable
[2018.11.15-02.09.29:135][  0]LogDerivedDataCache: Shared data cache path not found in *engine.ini, will not use an Shared cache.
[2018.11.15-02.09.29:135][  0]LogDerivedDataCache: Unable to find inner node Shared for hierarchical cache Hierarchy.
[2018.11.15-02.09.29:149][  0]LogMaterial: Verifying Global Shaders for PCD3D_SM5
[2018.11.15-02.09.29:151][  0]LogSlate: Using FreeType 2.6.0
[2018.11.15-02.09.29:151][  0]LogSlate: SlateFontServices - WITH_FREETYPE: 1, WITH_HARFBUZZ: 1
[2018.11.15-02.09.29:215][  0]LogAssetRegistry: FAssetRegistry took 0.0259 seconds to start up
[2018.11.15-02.09.29:487][  0]LogInit: Selected Device Profile: [Windows]
[2018.11.15-02.09.29:610][  0]LogSimplygon: Simplygon DLL not present - disabling.
[2018.11.15-02.09.29:613][  0]LogMeshReduction: Using SimplygonSwarm for distributed automatic mesh merging
[2018.11.15-02.09.29:613][  0]LogMeshReduction: Using ProxyLODMeshReduction for automatic mesh merging
[2018.11.15-02.09.29:613][  0]LogMeshReduction: Using QuadricMeshReduction for automatic static mesh reduction
[2018.11.15-02.09.29:613][  0]LogMeshReduction: No automatic skeletal mesh reduction module available
[2018.11.15-02.09.29:628][  0]LogNetVersion: APsec1LargeCityBase 1.0.0, NetCL: 4212847, EngineNetVer: 5, GameNetVer: 0 (Checksum: 1121110827)
[2018.11.15-02.09.30:131][  0]LogPackageLocalizationCache: Processed 11 localized package path(s) for 2 prioritized culture(s) in 0.101062 seconds
[2018.11.15-02.09.30:137][  0]LogUObjectArray: 38425 objects as part of root set at end of initial load.
[2018.11.15-02.09.30:137][  0]LogUObjectAllocator: 6690872 out of 0 bytes used by permanent object pool.
[2018.11.15-02.09.30:137][  0]LogUObjectArray: CloseDisregardForGC: 0/0 objects in disregard for GC pool
[2018.11.15-02.09.30:905][  0]LogTcpMessaging: Initializing TcpMessaging bridge
[2018.11.15-02.09.30:919][  0]LogUdpMessaging: Initializing bridge on interface 0.0.0.0:0 to multicast group 230.0.0.1:6666.
[2018.11.15-02.09.31:061][  0]SourceControl: Source control is disabled
[2018.11.15-02.09.31:061][  0]SourceControl: Source control is disabled
[2018.11.15-02.09.31:062][  0]SourceControl: Source control is disabled
[2018.11.15-02.09.31:063][  0]SourceControl: Source control is disabled
[2018.11.15-02.09.31:219][  0]LogAndroidPermission: UAndroidPermissionCallbackProxy::GetInstance
[2018.11.15-02.09.31:295][  0]LogOcInput: OculusInput pre-init called
[2018.11.15-02.09.31:352][  0]LogEngine: Initializing Engine...
[2018.11.15-02.09.31:353][  0]LogHMD: Failed to initialize OpenVR with code 110
[2018.11.15-02.09.31:354][  0]LogStats: UGameplayTagsManager::ConstructGameplayTagTree: ImportINI prefixes -  0.000 s
[2018.11.15-02.09.31:354][  0]LogStats: UGameplayTagsManager::ConstructGameplayTagTree: Construct from data asset -  0.000 s
[2018.11.15-02.09.31:354][  0]LogStats: UGameplayTagsManager::ConstructGameplayTagTree: ImportINI -  0.000 s
[2018.11.15-02.09.31:354][  0]LogStats: UGameplayTagsManager::ConstructGameplayTagTree: GameplayTagTreeChangedEvent.Broadcast -  0.000 s
[2018.11.15-02.09.31:551][  0]LogInit: Initializing FReadOnlyCVARCache
[2018.11.15-02.09.31:565][  0]LogAIModule: Creating AISystem for world Untitled
[2018.11.15-02.09.31:593][  0]LogInit: XAudio2 using '5 - DELL UZ2315H (AMD High Definition Audio Device)' : 2 channels at 48 kHz using 16 bits per sample (channel mask 0x3)
[2018.11.15-02.09.31:620][  0]LogInit: FAudioDevice initialized.
[2018.11.15-02.09.31:620][  0]LogNetVersion: Set ProjectVersion to 1.0.0.0. Version Checksum will be recalculated on next use.
[2018.11.15-02.09.31:720][  0]LogDerivedDataCache: Saved boot cache 0.10s 71MB C:/Users/u0816317/AppData/Local/UnrealEngine/4.20/DerivedDataCache/Boot.ddc.
[2018.11.15-02.09.31:732][  0]LogInit: Texture streaming: Enabled
[2018.11.15-02.09.31:748][  0]LogEngineSessionManager: EngineSessionManager initialized
[2018.11.15-02.09.31:764][  0]LogInit: Transaction tracking system initialized
[2018.11.15-02.09.31:791][  0]BlueprintLog: New page: Editor Load
[2018.11.15-02.09.31:872][  0]LocalizationService: Localization service is disabled
[2018.11.15-02.09.32:128][  0]LogCook: Display: Max memory allowance for cook 16384mb min free memory 0mb
[2018.11.15-02.09.32:128][  0]LogCook: Display: Mobile HDR setting 1
[2018.11.15-02.09.32:128][  0]LogGameplayTags: Display: UGameplayTagsManager::DoneAddingNativeTags. DelegateIsBound: 0
[2018.11.15-02.09.32:128][  0]LogStats: UGameplayTagsManager::ConstructGameplayTagTree: ImportINI prefixes -  0.000 s
[2018.11.15-02.09.32:128][  0]LogStats: UGameplayTagsManager::ConstructGameplayTagTree: Construct from data asset -  0.000 s
[2018.11.15-02.09.32:128][  0]LogStats: UGameplayTagsManager::ConstructGameplayTagTree: ImportINI -  0.000 s
[2018.11.15-02.09.32:128][  0]LogStats: UGameplayTagsManager::ConstructGameplayTagTree: GameplayTagTreeChangedEvent.Broadcast -  0.000 s
[2018.11.15-02.09.32:175][  0]LogFileCache: Scanning file cache for directory 'C:/Users/u0816317/Documents/GitHub/AssetPipeMaster02/APsec1LargeCityBase 4.20/Content/' took 0.02s
[2018.11.15-02.09.32:243][  0]SourceControl: Source control is disabled
[2018.11.15-02.09.32:243][  0]Cmd: MAP LOAD FILE="../../../Engine/Content/Maps/Templates/Template_Default.umap" TEMPLATE=1 SHOWPROGRESS=1 FEATURELEVEL=3
[2018.11.15-02.09.32:244][  0]LightingResults: New page: Lighting Build
[2018.11.15-02.09.32:246][  0]MapCheck: New page: Map Check
[2018.11.15-02.09.32:246][  0]LightingResults: New page: Lighting Build
[2018.11.15-02.09.32:427][  0]LogAIModule: Creating AISystem for world Untitled_1
[2018.11.15-02.09.32:434][  0]LogEditorServer: Finished looking for orphan Actors (0.000 secs)
[2018.11.15-02.09.32:454][  0]Cmd: MAP CHECKDEP NOCLEARLOG
[2018.11.15-02.09.32:512][  0]MapCheck: Map check complete: 0 Error(s), 0 Warning(s), took 58.088ms to complete.
[2018.11.15-02.09.32:512][  0]LogFileHelpers: Loading map 'Template_Default' took 0.269
[2018.11.15-02.09.32:674][  0]LogSlate: Updating window title bar state: overlay mode, drag disabled, window buttons hidden, title bar hidden
[2018.11.15-02.09.32:685][  0]LogSlate: Updating window title bar state: overlay mode, drag disabled, window buttons hidden, title bar hidden
[2018.11.15-02.09.32:695][  0]LogSlate: Updating window title bar state: overlay mode, drag disabled, window buttons hidden, title bar hidden
[2018.11.15-02.09.32:705][  0]LogSlate: Updating window title bar state: overlay mode, drag disabled, window buttons hidden, title bar hidden
[2018.11.15-02.09.32:725][  0]LogCollectionManager: Loaded 0 collections in 0.002647 seconds
[2018.11.15-02.09.32:792][  0]LogFileCache: Scanning file cache for directory 'C:/Users/u0816317/Documents/GitHub/AssetPipeMaster02/APsec1LargeCityBase 4.20/Saved/Collections/' took 0.01s
[2018.11.15-02.09.32:792][  0]LogFileCache: Scanning file cache for directory 'C:/Users/u0816317/Documents/GitHub/AssetPipeMaster02/APsec1LargeCityBase 4.20/Content/Developers/u0816317/Collections/' took 0.01s
[2018.11.15-02.09.32:792][  0]LogFileCache: Scanning file cache for directory 'C:/Users/u0816317/Documents/GitHub/AssetPipeMaster02/APsec1LargeCityBase 4.20/Content/Collections/' took 0.01s
[2018.11.15-02.09.32:792][  0]LogCollectionManager: Rebuilt the GUID cache for 0 collections in 0.000000 seconds
[2018.11.15-02.09.32:811][  0]LogContentBrowser: Native class hierarchy populated in 0.0168 seconds. Added 2572 classes and 603 folders.
[2018.11.15-02.09.32:831][  0]LogContentBrowser: Native class hierarchy updated for 'WidgetCarousel' in 0.0002 seconds. Added 0 classes and 0 folders.
[2018.11.15-02.09.33:299][  0]LogContentBrowser: Native class hierarchy updated for 'AddContentDialog' in 0.0003 seconds. Added 0 classes and 0 folders.
[2018.11.15-02.09.33:319][  0]LogContentBrowser: Native class hierarchy updated for 'SceneOutliner' in 0.0003 seconds. Added 1 classes and 2 folders.
[2018.11.15-02.09.33:384][  0]LogSlate: Took 0.000192 seconds to synchronously load lazily loaded font '../../../Engine/Content/Slate/Fonts/Roboto-Regular.ttf' (155K)
[2018.11.15-02.09.33:386][  0]LogSlate: Took 0.000192 seconds to synchronously load lazily loaded font '../../../Engine/Content/Slate/Fonts/Roboto-Bold.ttf' (160K)
[2018.11.15-02.09.33:401][  0]LogSlate: Took 0.007262 seconds to synchronously load lazily loaded font '../../../Engine/Content/Editor/Slate/Fonts/FontAwesome.ttf' (139K)
[2018.11.15-02.09.33:515][  0]LogRenderer: Reallocating scene render targets to support 1208x576 Format 10 NumSamples 1 (Frame:1).
[2018.11.15-02.09.33:695][  0]LogContentBrowser: Native class hierarchy updated for 'HierarchicalLODOutliner' in 0.0002 seconds. Added 0 classes and 0 folders.
[2018.11.15-02.09.33:695][  0]LogLoad: (Engine Initialization) Total time: 8.19 seconds
[2018.11.15-02.09.33:695][  0]LogLoad: (Engine Initialization) Total Blueprint compile time: 0.00 seconds
[2018.11.15-02.09.33:705][  0]LogWindowsTextInputMethodSystem: Display: IME system now deactivated.
[2018.11.15-02.09.33:718][  0]LogContentStreaming: Texture pool size now 1000 MB
[2018.11.15-02.09.33:754][  0]LogSlate: Took 0.006214 seconds to synchronously load lazily loaded font '../../../Engine/Content/Slate/Fonts/Roboto-Light.ttf' (167K)
[2018.11.15-02.09.41:421][911]LogAssetRegistry: Asset discovery search completed in 12.2290 seconds
[2018.11.15-02.09.41:423][911]LogCollectionManager: Rebuilt the object cache for 0 collections in 0.000000 seconds (found 0 objects)
[2018.11.15-02.09.41:423][911]LogCollectionManager: Fixed up redirectors for 0 collections in 0.000044 seconds (updated 0 objects)
[2018.11.15-02.10.13:136][712]LogSlate: FSceneViewport::OnFocusLost() reason 0
[2018.11.15-02.10.13:283][729]LogSlate: Took 0.000175 seconds to synchronously load lazily loaded font '../../../Engine/Content/Slate/Fonts/Roboto-Light.ttf' (167K)
[2018.11.15-02.10.13:769][729]LogTexture: Display: Building textures: streetLines001 (AutoDXT, 2048X2048)
[2018.11.15-02.10.13:770][729]LogTexture: Display: Building textures: WoodTexture001_N (BC5, 2048X2048)
[2018.11.15-02.10.13:770][729]LogTexture: Display: Building textures: frontend-large (BGRA8, 398X265)
[2018.11.15-02.10.13:775][729]LogTexture: Display: Building textures: M_Black (AutoDXT, 2048X2048)
[2018.11.15-02.10.13:782][729]LogMaterial: Display: Missing cached shader map for material phong1, compiling. 
[2018.11.15-02.10.13:941][729]LogShaderCompilers: Display: Shaders left to compile 22
[2018.11.15-02.10.13:941][729]LogShaderCompilers: Display: Shaders left to compile 12
[2018.11.15-02.10.13:941][729]LogShaderCompilers: Display: Shaders left to compile 2
[2018.11.15-02.10.13:941][729]LogStaticMesh: Building static mesh train...
[2018.11.15-02.10.14:523][729]LogTexture: Display: Building textures: SpecificWoodTextureNormal (BC5, 2048X2048)
[2018.11.15-02.10.14:523][729]LogTexture: Display: Building textures: WoodTexture004 (AutoDXT, 2048X2048)
[2018.11.15-02.10.14:523][729]LogTexture: Display: Building textures: SpecificWoodTexture (AutoDXT, 2048X2048)
[2018.11.15-02.10.14:523][729]LogTexture: Display: Building textures: WoodTexture001 (AutoDXT, 2048X2048)
[2018.11.15-02.10.14:523][729]LogStaticMesh: Built static mesh [0.58s] /Game/Andrew_Radford_Content/Train/train.train
[2018.11.15-02.10.15:934][729]LogTexture: Display: Building textures: N_WoodTexture001_AP (BGRA8, 2299X2299)
[2018.11.15-02.10.15:934][729]LogMaterial: Display: Missing cached shader map for material M_MasterWoodBlock_AP, compiling. 
[2018.11.15-02.10.15:976][729]LogShaderCompilers: Display: Shaders left to compile 31
[2018.11.15-02.10.15:980][729]LogStaticMesh: Building static mesh streetBlocks50X50X20...
[2018.11.15-02.10.15:982][729]LogStaticMesh: Built static mesh [0.00s] /Game/StreetBlocks/streetBlocks50X50X20.streetBlocks50X50X20
[2018.11.15-02.10.15:984][729]LogStaticMesh: Building static mesh streetBlocks50RCorner...
[2018.11.15-02.10.15:990][729]LogStaticMesh: Built static mesh [0.01s] /Game/StreetBlocks/streetBlocks50RCorner.streetBlocks50RCorner
[2018.11.15-02.10.15:991][729]LogStaticMesh: Building static mesh streetBlocks100X50X30...
[2018.11.15-02.10.15:997][729]LogStaticMesh: Built static mesh [0.01s] /Game/StreetBlocks/streetBlocks100X50X30.streetBlocks100X50X30
[2018.11.15-02.10.15:999][729]LogStaticMesh: Building static mesh streetBlocks100X50X20...
[2018.11.15-02.10.16:003][729]LogStaticMesh: Built static mesh [0.00s] /Game/StreetBlocks/streetBlocks100X50X20.streetBlocks100X50X20
[2018.11.15-02.10.16:028][729]LogStaticMesh: Building static mesh streetBlocks100X100X30...
[2018.11.15-02.10.16:030][729]LogStaticMesh: Built static mesh [0.00s] /Game/StreetBlocks/streetBlocks100X100X30.streetBlocks100X100X30
[2018.11.15-02.10.16:033][729]LogStaticMesh: Building static mesh streetBlocks100X100X20...
[2018.11.15-02.10.16:039][729]LogStaticMesh: Built static mesh [0.01s] /Game/StreetBlocks/streetBlocks100X100X20.streetBlocks100X100X20
[2018.11.15-02.10.16:319][729]LogStaticMesh: Building static mesh MACHicAssign004WBsize...
[2018.11.15-02.10.16:936][729]LogShaderCompilers: Display: Shaders left to compile 21
[2018.11.15-02.10.16:936][729]LogStaticMesh: Built static mesh [0.62s] /Game/Human4Size/MACHicAssign004WBsize.MACHicAssign004WBsize
[2018.11.15-02.10.17:132][729]LogStaticMesh: Building static mesh PlaneCombined...
[2018.11.15-02.10.17:906][729]LogStaticMesh: Built static mesh [0.77s] /Game/Plane/PlaneCombined.PlaneCombined
[2018.11.15-02.10.17:967][729]LogStaticMesh: Building static mesh Shakti_Das_-_Car_UV_pCube7...
[2018.11.15-02.10.18:922][729]LogStaticMesh: Built static mesh [0.95s] /Game/Shakti_Das_Content/Shakti_Das_-_Car_UV_pCube7.Shakti_Das_-_Car_UV_pCube7
[2018.11.15-02.10.18:935][729]LogStaticMesh: Building static mesh Shakti_Das_-_Car_UV_pCylinder2...
[2018.11.15-02.10.18:996][729]LogStaticMesh: Built static mesh [0.06s] /Game/Shakti_Das_Content/Shakti_Das_-_Car_UV_pCylinder2.Shakti_Das_-_Car_UV_pCylinder2
[2018.11.15-02.10.19:009][729]LogStaticMesh: Building static mesh Shakti_Das_-_Car_UV_pCylinder7...
[2018.11.15-02.10.19:105][729]LogStaticMesh: Built static mesh [0.10s] /Game/Shakti_Das_Content/Shakti_Das_-_Car_UV_pCylinder7.Shakti_Das_-_Car_UV_pCylinder7
[2018.11.15-02.10.19:113][729]LogStaticMesh: Building static mesh Shakti_Das_-_Car_UV_pCylinder8...
[2018.11.15-02.10.19:176][729]LogStaticMesh: Built static mesh [0.06s] /Game/Shakti_Das_Content/Shakti_Das_-_Car_UV_pCylinder8.Shakti_Das_-_Car_UV_pCylinder8
[2018.11.15-02.10.19:187][729]LogStaticMesh: Building static mesh Shakti_Das_-_Car_UV_pCylinder9...
[2018.11.15-02.10.19:282][729]LogStaticMesh: Built static mesh [0.10s] /Game/Shakti_Das_Content/Shakti_Das_-_Car_UV_pCylinder9.Shakti_Das_-_Car_UV_pCylinder9
[2018.11.15-02.10.19:290][729]LogMaterial: Display: Missing cached shader map for material M_MasterWoodBlock_PGA, compiling. 
[2018.11.15-02.10.19:336][729]LogMaterial: Display: Missing cached shader map for material lambert1, compiling. 
[2018.11.15-02.10.19:367][729]LogMaterial: Display: Missing cached shader map for material M_WBchar_MACH, compiling. 
[2018.11.15-02.10.19:387][729]LogAIModule: Creating AISystem for world StreetSceneLarge_KK
[2018.11.15-02.10.19:420][729]LogShaderCompilers: Display: Shaders left to compile 162
[2018.11.15-02.10.19:423][729]LogAssetEditorManager: Opening Asset editor for World /Game/StreetSceneLarge_KK.StreetSceneLarge_KK
[2018.11.15-02.10.19:479][729]Cmd: MAP LOAD FILE="../../../../../../Users/u0816317/Documents/GitHub/AssetPipeMaster02/APsec1LargeCityBase 4.20/Content/StreetSceneLarge_KK.umap" TEMPLATE=0 SHOWPROGRESS=1 FEATURELEVEL=3
[2018.11.15-02.10.19:479][729]LightingResults: New page: Lighting Build
[2018.11.15-02.10.19:479][729]LoadErrors: New page: Loading map: StreetSceneLarge_KK.umap
[2018.11.15-02.10.19:480][729]MapCheck: New page: Map Check
[2018.11.15-02.10.19:480][729]LightingResults: New page: Lighting Build
[2018.11.15-02.10.19:554][729]LogEditorServer: Finished looking for orphan Actors (0.000 secs)
[2018.11.15-02.10.19:613][729]LogShaderCompilers: Display: Shaders left to compile 152
[2018.11.15-02.10.19:613][729]Cmd: MAP CHECKDEP NOCLEARLOG
[2018.11.15-02.10.19:707][729]MapCheck: Map check complete: 0 Error(s), 0 Warning(s), took 93.836ms to complete.
[2018.11.15-02.10.19:710][729]LogFileHelpers: Loading map 'StreetSceneLarge_KK' took 0.231
[2018.11.15-02.10.20:611][813]LogShaderCompilers: Display: Shaders left to compile 142
[2018.11.15-02.10.20:739][828]LogShaderCompilers: Display: Shaders left to compile 132
[2018.11.15-02.10.21:610][907]LogShaderCompilers: Display: Shaders left to compile 122
[2018.11.15-02.10.22:715][987]LogShaderCompilers: Display: Shaders left to compile 112
[2018.11.15-02.10.24:125][ 74]LogShaderCompilers: Display: Shaders left to compile 102
[2018.11.15-02.10.24:125][ 74]LogShaderCompilers: Display: Shaders left to compile 92
[2018.11.15-02.10.24:125][ 74]LogShaderCompilers: Display: Shaders left to compile 82
[2018.11.15-02.10.25:829][185]LogShaderCompilers: Display: Shaders left to compile 72
[2018.11.15-02.10.25:905][189]LogShaderCompilers: Display: Shaders left to compile 62
[2018.11.15-02.10.26:350][214]LogShaderCompilers: Display: Shaders left to compile 52
[2018.11.15-02.10.27:170][262]LogShaderCompilers: Display: Shaders left to compile 42
[2018.11.15-02.10.28:020][312]LogShaderCompilers: Display: Shaders left to compile 32
[2018.11.15-02.10.28:771][354]LogShaderCompilers: Display: Shaders left to compile 22
[2018.11.15-02.10.29:250][378]LogShaderCompilers: Display: Shaders left to compile 12
[2018.11.15-02.10.29:309][380]LogShaderCompilers: Display: Shaders left to compile 2
[2018.11.15-02.12.07:110][185]LogEditorViewport: Clicking on Actor (LMB): StaticMeshActor (streetBlockBase7)
[2018.11.15-02.12.08:906][386]LogSlate: FSceneViewport::OnFocusLost() reason 2
[2018.11.15-02.12.20:161][383]LogSlate: FSceneViewport::OnFocusLost() reason 2
[2018.11.15-02.12.25:956][ 66]LogEditorViewport: Clicking on Actor (LMB): StaticMeshActor (GroundBase157)
[2018.11.15-02.12.27:124][138]LogSlate: FSceneViewport::OnFocusLost() reason 2
[2018.11.15-02.12.29:275][393]Cmd: CAMERA ALIGN ACTIVEVIEWPORTONLY
[2018.11.15-02.12.32:973][834]Cmd: TRANSACTION UNDO
[2018.11.15-02.12.32:973][834]LogEditorTransaction: Undo Clicking on Actors
[2018.11.15-02.12.33:389][867]Cmd: TRANSACTION UNDO
[2018.11.15-02.12.33:389][867]LogEditorTransaction: Undo Clicking on Actors
[2018.11.15-02.12.36:383][205]LogSlate: FSceneViewport::OnFocusLost() reason 0
[2018.11.15-02.12.42:828][898]Cmd: CAMERA ALIGN ACTIVEVIEWPORTONLY
[2018.11.15-02.12.47:941][489]LogSlate: FSceneViewport::OnFocusLost() reason 2
[2018.11.15-02.12.52:095][856]LogEditorViewport: Clicking on Actor (LMB): StaticMeshActor (GroundBase131)
[2018.11.15-02.12.53:434][942]LogSlate: FSceneViewport::OnFocusLost() reason 2
[2018.11.15-02.12.55:678][188]LogEditorViewport: Clicking on Actor (LMB): BP_Sky_Sphere_C (Sky Sphere)
[2018.11.15-02.12.56:201][243]LogEditorViewport: Clicking on Actor (LMB): StaticMeshActor (sidewalkBlock51)
[2018.11.15-02.13.03:666][118]LogEditorViewport: Clicking on Actor (LMB): StaticMeshActor (GroundBase011)
[2018.11.15-02.13.09:776][840]LogEditorViewport: Clicking on Actor (LMB): StaticMeshActor (streetBlockBase57)
[2018.11.15-02.14.07:318][961]LogSlate: FSceneViewport::OnFocusLost() reason 2
[2018.11.15-02.14.15:413][723]LogSlate: FSceneViewport::OnFocusLost() reason 2
[2018.11.15-02.14.25:696][801]LogSlate: FSceneViewport::OnFocusLost() reason 0
[2018.11.15-02.16.06:978][525]LogFactory: FactoryCreateFile: Texture with ReimportTextureFactory (0 0 ../../../../../../Users/u0816317/Downloads/luffy (1).PSD)
[2018.11.15-02.16.07:030][525]LogTexture: Display: Building textures: luffy__1_ (AutoDXT, 2048X2048)
[2018.11.15-02.16.25:063][932]Cmd: SELECT NONE
[2018.11.15-02.17.16:954][441]LogFactory: FactoryCreateFile: StaticMesh with FbxFactory (0 0 ../../../../../../Users/u0816317/Desktop/luffy.fbx)
[2018.11.15-02.17.16:995][441]LogFbx: Loading FBX Scene from ../../../../../../Users/u0816317/Desktop/luffy.fbx
[2018.11.15-02.17.17:014][441]LogFbx: FBX Scene Loaded Succesfully
[2018.11.15-02.17.19:441][441]LogSlate: Window 'FBX Import Options' being destroyed
[2018.11.15-02.17.19:649][441]LogLinker: Can't find file '/Game/Kristopher-Kemp/luffy'
[2018.11.15-02.17.19:723][441]LogTexture: Display: Building textures: luffy (AutoDXT, 2048X2048)
[2018.11.15-02.17.19:931][441]LogMaterial: Display: Missing cached shader map for material M_wood, compiling. 
[2018.11.15-02.17.19:947][441]LogFbx: Warning: Triangulating static mesh Pelvis:Pelvis
[2018.11.15-02.17.19:969][441]LogShaderCompilers: Display: Shaders left to compile 22
[2018.11.15-02.17.19:969][441]LogShaderCompilers: Display: Shaders left to compile 12
[2018.11.15-02.17.19:969][441]LogShaderCompilers: Display: Shaders left to compile 2
[2018.11.15-02.17.19:971][441]LogStaticMesh: Building static mesh luffy_Pelvis...
[2018.11.15-02.17.19:977][441]LogStaticMesh: Built static mesh [0.01s] /Game/Kristopher-Kemp/luffy_Pelvis.luffy_Pelvis
[2018.11.15-02.17.20:076][441]LogTexture: Display: Building textures: luffy (AutoDXT, 2048X2048)
[2018.11.15-02.17.20:280][441]LogMaterial: Display: Missing cached shader map for material lambert1, compiling. 
[2018.11.15-02.17.20:292][441]LogShaderCompilers: Display: Shaders left to compile 22
[2018.11.15-02.17.20:296][441]LogFbx: Warning: Triangulating static mesh Hip_L
[2018.11.15-02.17.20:330][441]LogStaticMesh: Building static mesh luffy_Hip_L...
[2018.11.15-02.17.20:340][441]LogStaticMesh: Built static mesh [0.01s] /Game/Kristopher-Kemp/luffy_Hip_L.luffy_Hip_L
[2018.11.15-02.17.20:351][441]LogFbx: Warning: Triangulating static mesh Knee_L
[2018.11.15-02.17.20:389][441]LogStaticMesh: Building static mesh luffy_Knee_L...
[2018.11.15-02.17.20:398][441]LogStaticMesh: Built static mesh [0.01s] /Game/Kristopher-Kemp/luffy_Knee_L.luffy_Knee_L
[2018.11.15-02.17.20:496][441]LogTexture: Display: Building textures: luffy (AutoDXT, 2048X2048)
[2018.11.15-02.17.20:758][441]LogMaterial: Display: Missing cached shader map for material M_wood1, compiling. 
[2018.11.15-02.17.20:781][441]LogFbx: Warning: Triangulating static mesh foot:Ankle_L
[2018.11.15-02.17.20:819][441]LogStaticMesh: Building static mesh luffy_Ankle_L...
[2018.11.15-02.17.20:830][441]LogStaticMesh: Built static mesh [0.01s] /Game/Kristopher-Kemp/luffy_Ankle_L.luffy_Ankle_L
[2018.11.15-02.17.20:841][441]LogFbx: Warning: Triangulating static mesh Torso
[2018.11.15-02.17.20:884][441]LogShaderCompilers: Display: Shaders left to compile 34
[2018.11.15-02.17.20:884][441]LogStaticMesh: Building static mesh luffy_Torso...
[2018.11.15-02.17.20:894][441]LogStaticMesh: Built static mesh [0.01s] /Game/Kristopher-Kemp/luffy_Torso.luffy_Torso
[2018.11.15-02.17.20:904][441]LogFbx: Warning: Triangulating static mesh neck
[2018.11.15-02.17.20:934][441]LogStaticMesh: Building static mesh luffy_neck...
[2018.11.15-02.17.20:942][441]LogStaticMesh: Built static mesh [0.01s] /Game/Kristopher-Kemp/luffy_neck.luffy_neck
[2018.11.15-02.17.20:951][441]LogFbx: Warning: Triangulating static mesh Hat
[2018.11.15-02.17.20:962][441]LogStaticMesh: Building static mesh luffy_Hat...
[2018.11.15-02.17.20:966][441]LogStaticMesh: Built static mesh [0.00s] /Game/Kristopher-Kemp/luffy_Hat.luffy_Hat
[2018.11.15-02.17.20:975][441]LogFbx: Warning: Triangulating static mesh Shoulder_L
[2018.11.15-02.17.21:011][441]LogStaticMesh: Building static mesh luffy_Shoulder_L...
[2018.11.15-02.17.21:020][441]LogStaticMesh: Built static mesh [0.01s] /Game/Kristopher-Kemp/luffy_Shoulder_L.luffy_Shoulder_L
[2018.11.15-02.17.21:031][441]LogFbx: Warning: Triangulating static mesh Elbow_L
[2018.11.15-02.17.21:066][441]LogStaticMesh: Building static mesh luffy_Elbow_L...
[2018.11.15-02.17.21:081][441]LogStaticMesh: Built static mesh [0.02s] /Game/Kristopher-Kemp/luffy_Elbow_L.luffy_Elbow_L
[2018.11.15-02.17.21:092][441]LogFbx: Warning: Triangulating static mesh Wrist_L
[2018.11.15-02.17.21:125][441]LogStaticMesh: Building static mesh luffy_Wrist_L...
[2018.11.15-02.17.21:133][441]LogStaticMesh: Built static mesh [0.01s] /Game/Kristopher-Kemp/luffy_Wrist_L.luffy_Wrist_L
[2018.11.15-02.17.21:143][441]LogFbx: Warning: Triangulating static mesh Shoulder_R
[2018.11.15-02.17.21:178][441]LogStaticMesh: Building static mesh luffy_Shoulder_R...
[2018.11.15-02.17.21:187][441]LogStaticMesh: Built static mesh [0.01s] /Game/Kristopher-Kemp/luffy_Shoulder_R.luffy_Shoulder_R
[2018.11.15-02.17.21:196][441]LogFbx: Warning: Triangulating static mesh Elbow_R
[2018.11.15-02.17.21:231][441]LogStaticMesh: Building static mesh luffy_Elbow_R...
[2018.11.15-02.17.21:239][441]LogStaticMesh: Built static mesh [0.01s] /Game/Kristopher-Kemp/luffy_Elbow_R.luffy_Elbow_R
[2018.11.15-02.17.21:251][441]LogFbx: Warning: Triangulating static mesh Wrist_R
[2018.11.15-02.17.21:285][441]LogStaticMesh: Building static mesh luffy_Wrist_R...
[2018.11.15-02.17.21:296][441]LogStaticMesh: Built static mesh [0.01s] /Game/Kristopher-Kemp/luffy_Wrist_R.luffy_Wrist_R
[2018.11.15-02.17.21:307][441]LogFbx: Warning: Triangulating static mesh Hip_R
[2018.11.15-02.17.21:343][441]LogStaticMesh: Building static mesh luffy_Hip_R...
[2018.11.15-02.17.21:351][441]LogStaticMesh: Built static mesh [0.01s] /Game/Kristopher-Kemp/luffy_Hip_R.luffy_Hip_R
[2018.11.15-02.17.21:362][441]LogFbx: Warning: Triangulating static mesh Knee_R
[2018.11.15-02.17.21:398][441]LogStaticMesh: Building static mesh luffy_Knee_R...
[2018.11.15-02.17.21:407][441]LogStaticMesh: Built static mesh [0.01s] /Game/Kristopher-Kemp/luffy_Knee_R.luffy_Knee_R
[2018.11.15-02.17.21:417][441]LogFbx: Warning: Triangulating static mesh Ankle_R
[2018.11.15-02.17.21:452][441]LogStaticMesh: Building static mesh luffy_Ankle_R...
[2018.11.15-02.17.21:462][441]LogStaticMesh: Built static mesh [0.01s] /Game/Kristopher-Kemp/luffy_Ankle_R.luffy_Ankle_R
[2018.11.15-02.17.21:479][441]FBXImport: Warning: No smoothing group information was found in this FBX scene.  Please make sure to enable the 'Export Smoothing Groups' option in the FBX Exporter plug-in before exporting the file.  Even for tools that don't support smoothing groups, the FBX Exporter will generate appropriate smoothing data at export-time so that correct vertex normals can be inferred while importing. 
[2018.11.15-02.17.22:772][493]LogShaderCompilers: Display: Shaders left to compile 24
[2018.11.15-02.17.22:772][493]LogShaderCompilers: Display: Shaders left to compile 14
[2018.11.15-02.17.23:740][550]LogShaderCompilers: Display: Shaders left to compile 4
[2018.11.15-02.17.24:637][609]LogSlate: Window 'Message Log' being destroyed
[2018.11.15-02.17.24:641][609]LogSlate: Window 'Message Log' being destroyed
[2018.11.15-02.17.31:905][938]LogSlate: Window 'Delete Assets' being destroyed
[2018.11.15-02.17.48:461][385]LogFactory: FactoryCreateFile: StaticMesh with FbxFactory (0 0 ../../../../../../Users/u0816317/Desktop/luffy.fbx)
[2018.11.15-02.17.48:469][385]LogFbx: Loading FBX Scene from ../../../../../../Users/u0816317/Desktop/luffy.fbx
[2018.11.15-02.17.48:487][385]LogFbx: FBX Scene Loaded Succesfully
[2018.11.15-02.17.49:904][385]LogSlate: Window 'FBX Import Options' being destroyed
[2018.11.15-02.17.50:019][385]LogTexture: Display: Building textures: luffy1 (AutoDXT, 2048X2048)
[2018.11.15-02.17.50:217][385]LogMaterial: Display: Missing cached shader map for material lambert1, compiling. 
[2018.11.15-02.17.50:294][385]LogShaderCompilers: Display: Shaders left to compile 22
[2018.11.15-02.17.50:295][385]LogShaderCompilers: Display: Shaders left to compile 12
[2018.11.15-02.17.50:295][385]LogShaderCompilers: Display: Shaders left to compile 2
[2018.11.15-02.17.50:325][385]LogTexture: Display: Building textures: luffy2 (AutoDXT, 2048X2048)
[2018.11.15-02.17.50:525][385]LogMaterial: Display: Missing cached shader map for material M_wood, compiling. 
[2018.11.15-02.17.50:538][385]LogShaderCompilers: Display: Shaders left to compile 22
[2018.11.15-02.17.50:626][385]LogTexture: Display: Building textures: luffy3 (AutoDXT, 2048X2048)
[2018.11.15-02.17.50:854][385]LogMaterial: Display: Missing cached shader map for material M_wood1, compiling. 
[2018.11.15-02.17.50:877][385]LogFbx: Warning: Triangulating static mesh Torso
[2018.11.15-02.17.51:333][385]LogShaderCompilers: Display: Shaders left to compile 34
[2018.11.15-02.17.51:382][385]LogStaticMesh: Building static mesh luffy...
[2018.11.15-02.17.51:580][385]LogStaticMesh: Built static mesh [0.20s] /Game/Kristopher-Kemp/luffy.luffy
[2018.11.15-02.17.51:636][385]FBXImport: Warning: No smoothing group information was found in this FBX scene.  Please make sure to enable the 'Export Smoothing Groups' option in the FBX Exporter plug-in before exporting the file.  Even for tools that don't support smoothing groups, the FBX Exporter will generate appropriate smoothing data at export-time so that correct vertex normals can be inferred while importing. 
[2018.11.15-02.17.53:056][464]LogShaderCompilers: Display: Shaders left to compile 24
[2018.11.15-02.17.53:063][464]LogShaderCompilers: Display: Shaders left to compile 14
[2018.11.15-02.17.53:615][496]LogSlate: Window 'Message Log' being destroyed
[2018.11.15-02.17.53:617][496]LogSlate: Window 'Message Log' being destroyed
[2018.11.15-02.17.54:013][526]LogShaderCompilers: Display: Shaders left to compile 4
[2018.11.15-02.17.55:609][645]LogActorFactory: Actor Factory created luffy
[2018.11.15-02.17.56:126][695]LogActorFactory: Actor Factory created luffy
[2018.11.15-02.17.56:595][723]Cmd: CAMERA ALIGN ACTIVEVIEWPORTONLY
[2018.11.15-02.18.09:219][216]LogEditorViewport: Clicking on Actor (LMB): StaticMeshActor (GroundBase93)
[2018.11.15-02.19.09:059][775]LogSlate: FSceneViewport::OnFocusLost() reason 0
[2018.11.15-02.19.10:512][943]LogEditorFactories: Performing atomic reimport of [C:/Users/u0816317/Desktop/luffy.png]
[2018.11.15-02.19.10:515][943]LogFactory: FactoryCreateFile: Texture2D with ReimportTextureFactory (0 0 C:/Users/u0816317/Desktop/luffy.png)
[2018.11.15-02.19.10:581][943]LogTexture: Display: Building textures: luffy1 (AutoDXT, 2048X2048)
[2018.11.15-02.19.10:798][943]LogEditorFactories: -- imported successfully
[2018.11.15-02.19.13:529][195]LogEditorFactories: Performing atomic reimport of [C:/Users/u0816317/Desktop/luffy.png]
[2018.11.15-02.19.13:531][195]LogFactory: FactoryCreateFile: Texture2D with ReimportTextureFactory (0 0 C:/Users/u0816317/Desktop/luffy.png)
[2018.11.15-02.19.13:597][195]LogTexture: Display: Building textures: luffy2 (AutoDXT, 2048X2048)
[2018.11.15-02.19.13:814][195]LogEditorFactories: -- imported successfully
[2018.11.15-02.19.15:986][391]LogEditorFactories: Performing atomic reimport of [C:/Users/u0816317/Desktop/luffy.png]
[2018.11.15-02.19.15:988][391]LogFactory: FactoryCreateFile: Texture2D with ReimportTextureFactory (0 0 C:/Users/u0816317/Desktop/luffy.png)
[2018.11.15-02.19.16:053][391]LogTexture: Display: Building textures: luffy3 (AutoDXT, 2048X2048)
[2018.11.15-02.19.16:256][391]LogEditorFactories: -- imported successfully
[2018.11.15-02.19.21:949][737]LogSlate: Window 'Delete Assets' being destroyed
[2018.11.15-02.19.22:522][737]LogMaterial: Display: Missing cached shader map for material lambert1, compiling. 
[2018.11.15-02.19.22:522][737]LogMaterial: Warning: /Game/Kristopher-Kemp/lambert1.lambert1 (no disk path found): Failed to compile Material for platform PCD3D_SM5, Default Material will be used in game.
[2018.11.15-02.19.22:522][737]LogMaterial: 	(Node TextureSample) Texture Sample> Missing input texture
[2018.11.15-02.19.27:531][960]LogSlate: Window 'Delete Assets' being destroyed
[2018.11.15-02.19.27:632][960]LogMaterial: Display: Missing cached shader map for material M_wood1, compiling. 
[2018.11.15-02.19.27:632][960]LogMaterial: Warning: /Game/Kristopher-Kemp/M_wood1.M_wood1 (no disk path found): Failed to compile Material for platform PCD3D_SM5, Default Material will be used in game.
[2018.11.15-02.19.27:632][960]LogMaterial: 	(Node TextureSample) Texture Sample> Missing input texture
[2018.11.15-02.19.27:635][960]LogMaterial: Display: Missing cached shader map for material M_wood, compiling. 
[2018.11.15-02.19.27:636][960]LogMaterial: Warning: /Game/Kristopher-Kemp/M_wood.M_wood (no disk path found): Failed to compile Material for platform PCD3D_SM5, Default Material will be used in game.
[2018.11.15-02.19.27:636][960]LogMaterial: 	(Node TextureSample) Texture Sample> Missing input texture
[2018.11.15-02.19.30:319][ 38]LogSlate: Window 'Delete Assets' being destroyed
[2018.11.15-02.19.37:702][105]LogSlate: Window 'Message' being destroyed
[2018.11.15-02.19.59:423][277]LogFactory: FactoryCreateFile: Texture with ReimportTextureFactory (0 0 ../../../../../../Users/u0816317/Desktop/T_luffy.png)
[2018.11.15-02.19.59:492][277]LogTexture: Display: Building textures: T_luffy (AutoDXT, 2048X2048)
[2018.11.15-02.20.10:965][460]LogMaterial: Display: Missing cached shader map for material M_luffy, compiling. 
[2018.11.15-02.20.10:989][461]LogShaderCompilers: Display: Shaders left to compile 22
[2018.11.15-02.20.10:989][461]LogShaderCompilers: Display: Shaders left to compile 12
[2018.11.15-02.20.10:989][461]LogShaderCompilers: Display: Shaders left to compile 2
[2018.11.15-02.20.15:348][811]LogAssetEditorManager: Opening Asset editor for StaticMesh /Game/Kristopher-Kemp/luffy.luffy
[2018.11.15-02.20.25:093][507]LogSlate: Window 'luffy*' being destroyed
[2018.11.15-02.20.25:098][507]LogSlate: Window 'luffy*' being destroyed
[2018.11.15-02.20.29:765][  4]LogAssetEditorManager: Opening Asset editor for Texture2D /Game/Kristopher-Kemp/T_luffy.T_luffy
[2018.11.15-02.20.29:809][  4]LogContentBrowser: Native class hierarchy updated for 'TextureEditor' in 0.0002 seconds. Added 1 classes and 2 folders.
[2018.11.15-02.20.31:583][139]LogSlate: Window 'T_luffy*' being destroyed
[2018.11.15-02.20.31:589][139]LogSlate: Window 'T_luffy*' being destroyed
[2018.11.15-02.20.50:537][ 43]LogEditorFactories: Performing atomic reimport of [C:/Users/u0816317/Desktop/T_luffy.png]
[2018.11.15-02.20.50:538][ 43]LogFactory: FactoryCreateFile: Texture2D with ReimportTextureFactory (0 0 C:/Users/u0816317/Desktop/T_luffy.png)
[2018.11.15-02.20.50:595][ 43]LogTexture: Display: Building textures: T_luffy (AutoDXT, 2048X2048)
[2018.11.15-02.20.50:768][ 43]LogEditorFactories: -- imported successfully
[2018.11.15-02.20.57:593][683]LogEditorViewport: Clicking on Actor (LMB): StaticMeshActor (MACHicAssign004WBsize2)
[2018.11.15-02.20.59:124][864]LogEditorViewport: Clicking on Actor (context menu): StaticMeshActor (MACHicAssign004WBsize2)
[2018.11.15-02.20.59:153][864]LogSlate: FSceneViewport::OnFocusLost() reason 2
[2018.11.15-02.20.59:997][955]LogEditorViewport: Clicking on Actor (LMB): StaticMeshActor (MACHicAssign004WBsize2)
[2018.11.15-02.21.03:114][318]LogNavigationPoint: PostEditMove Clear paths rebuilt
[2018.11.15-02.21.15:237][749]LogEditorViewport: Clicking on Actor (LMB): StaticMeshActor (MACHicAssign004WBsize2)
[2018.11.15-02.21.19:714][277]LogEditorViewport: Clicking on Actor (LMB): StaticMeshActor (luffy)
[2018.11.15-02.21.20:636][381]LogEditorViewport: Clicking on Actor (LMB): StaticMeshActor (GroundBase92)
[2018.11.15-02.21.57:494][536]LogSlate: FSceneViewport::OnFocusLost() reason 2
[2018.11.15-02.21.58:949][536]LogSavePackage: Moving '../../../../../../Users/u0816317/Documents/GitHub/AssetPipeMaster02/APsec1LargeCityBase 4.20/Saved/StreetSceneLarge_KK_Auto1C8F0A99B46FA5717416A03B9B9BEEF02.tmp' to '../../../../../../Users/u0816317/Documents/GitHub/AssetPipeMaster02/APsec1LargeCityBase 4.20/Saved/Autosaves/Game/StreetSceneLarge_KK_Auto1.umap'
[2018.11.15-02.21.58:958][536]LogFileHelpers: Editor autosave (incl. sublevels) for '/Game/StreetSceneLarge_KK' took 1.436
[2018.11.15-02.21.58:958][536]LogFileHelpers: Editor autosave (incl. sublevels) for all levels took 1.436
[2018.11.15-02.21.58:967][536]OBJ SavePackage: Generating thumbnails for [1] asset(s) in package [/Game/Kristopher-Kemp/M_luffy] ([1] browsable assets)...
[2018.11.15-02.21.58:985][536]OBJ SavePackage:     Rendered thumbnail for [Material /Game/Kristopher-Kemp/M_luffy.M_luffy]
[2018.11.15-02.21.58:985][536]OBJ SavePackage: Finished generating thumbnails for package [/Game/Kristopher-Kemp/M_luffy]
[2018.11.15-02.21.59:005][536]LogSavePackage: Moving '../../../../../../Users/u0816317/Documents/GitHub/AssetPipeMaster02/APsec1LargeCityBase 4.20/Saved/M_luffy_Auto11EA702054030BE911AC8E291C9158C4E.tmp' to '../../../../../../Users/u0816317/Documents/GitHub/AssetPipeMaster02/APsec1LargeCityBase 4.20/Saved/Autosaves/Game/Kristopher-Kemp/M_luffy_Auto1.uasset'
[2018.11.15-02.21.59:006][536]OBJ SavePackage: Generating thumbnails for [1] asset(s) in package [/Game/Kristopher-Kemp/T_luffy] ([1] browsable assets)...
[2018.11.15-02.21.59:013][536]OBJ SavePackage:     Rendered thumbnail for [Texture2D /Game/Kristopher-Kemp/T_luffy.T_luffy]
[2018.11.15-02.21.59:013][536]OBJ SavePackage: Finished generating thumbnails for package [/Game/Kristopher-Kemp/T_luffy]
[2018.11.15-02.21.59:028][536]LogSavePackage: Moving '../../../../../../Users/u0816317/Documents/GitHub/AssetPipeMaster02/APsec1LargeCityBase 4.20/Saved/T_luffy_Auto1A75F95E440DAE7102B90BAA7E9D97743.tmp' to '../../../../../../Users/u0816317/Documents/GitHub/AssetPipeMaster02/APsec1LargeCityBase 4.20/Saved/Autosaves/Game/Kristopher-Kemp/T_luffy_Auto1.uasset'
[2018.11.15-02.21.59:030][536]OBJ SavePackage: Generating thumbnails for [1] asset(s) in package [/Game/Kristopher-Kemp/luffy] ([1] browsable assets)...
[2018.11.15-02.21.59:049][536]OBJ SavePackage:     Rendered thumbnail for [StaticMesh /Game/Kristopher-Kemp/luffy.luffy]
[2018.11.15-02.21.59:049][536]OBJ SavePackage: Finished generating thumbnails for package [/Game/Kristopher-Kemp/luffy]
[2018.11.15-02.21.59:067][536]LogSavePackage: Moving '../../../../../../Users/u0816317/Documents/GitHub/AssetPipeMaster02/APsec1LargeCityBase 4.20/Saved/luffy_Auto19CBAD815447A173F65FB9CBF3AC2BBC4.tmp' to '../../../../../../Users/u0816317/Documents/GitHub/AssetPipeMaster02/APsec1LargeCityBase 4.20/Saved/Autosaves/Game/Kristopher-Kemp/luffy_Auto1.uasset'
[2018.11.15-02.21.59:068][536]LogFileHelpers: Auto-saving content packages took 0.102
[2018.11.15-02.30.42:936][428]LogEditorViewport: Clicking on Actor (LMB): StaticMeshActor (luffy)
[2018.11.15-02.30.44:229][577]Cmd: CAMERA ALIGN ACTIVEVIEWPORTONLY
[2018.11.15-03.00.30:177][385]LogSlate: FSceneViewport::OnFocusLost() reason 2
[2018.11.15-03.00.32:181][624]LogSlate: FSceneViewport::OnFocusLost() reason 2
[2018.11.15-03.00.33:572][624]LogSavePackage: Moving '../../../../../../Users/u0816317/Documents/GitHub/AssetPipeMaster02/APsec1LargeCityBase 4.20/Saved/StreetSceneLarge_KK7A7AAD514038267885B0769596E4F779.tmp' to '../../../../../../Users/u0816317/Documents/GitHub/AssetPipeMaster02/APsec1LargeCityBase 4.20/Content/StreetSceneLarge_KK.umap'
