Log file open, 11/21/18 19:40:01
LogWindows: Failed to load 'aqProf.dll' (GetLastError=126)
LogWindows: File 'aqProf.dll' does not exist
LogWindows: Failed to load 'VtuneApi.dll' (GetLastError=126)
LogWindows: File 'VtuneApi.dll' does not exist
LogWindows: Failed to load 'VtuneApi32e.dll' (GetLastError=126)
LogWindows: File 'VtuneApi32e.dll' does not exist
LogInit: Display: Running engine for game: APsec1LargeCityBase
LogPlatformFile: Not using cached read wrapper
LogTaskGraph: Started task graph with 5 named threads and 23 total threads with 3 sets of task threads.
LogStats: Stats thread started at 0.276461
LogD3D11RHI: Loaded GFSDK_Aftermath_Lib.x64.dll
LogICUInternationalization: Display: ICU TimeZone Detection - Raw Offset: -7:00, Platform Override: ''
LogPluginManager: Mounting plugin Paper2D
LogPluginManager: Mounting plugin AISupport
LogPluginManager: Mounting plugin LightPropagationVolume
LogPluginManager: Mounting plugin CLionSourceCodeAccess
LogPluginManager: Mounting plugin CodeLiteSourceCodeAccess
LogPluginManager: Mounting plugin GitSourceControl
LogPluginManager: Mounting plugin KDevelopSourceCodeAccess
LogPluginManager: Mounting plugin NullSourceCodeAccess
LogPluginManager: Mounting plugin PerforceSourceControl
LogPluginManager: Mounting plugin SubversionSourceControl
LogPluginManager: Mounting plugin UObjectPlugin
LogPluginManager: Mounting plugin VisualStudioCodeSourceCodeAccess
LogPluginManager: Mounting plugin VisualStudioSourceCodeAccess
LogPluginManager: Mounting plugin XCodeSourceCodeAccess
LogPluginManager: Mounting plugin AssetManagerEditor
LogPluginManager: Mounting plugin CryptoKeys
LogPluginManager: Mounting plugin DataValidation
LogPluginManager: Mounting plugin FacialAnimation
LogPluginManager: Mounting plugin GameplayTagsEditor
LogPluginManager: Mounting plugin MacGraphicsSwitching
LogPluginManager: Mounting plugin MeshEditor
LogPluginManager: Mounting plugin MobileLauncherProfileWizard
LogPluginManager: Mounting plugin PluginBrowser
LogPluginManager: Mounting plugin SpeedTreeImporter
LogPluginManager: Mounting plugin DatasmithContent
LogPluginManager: Mounting plugin AlembicImporter
LogPluginManager: Mounting plugin AppleImageUtils
LogPluginManager: Mounting plugin AppleVision
LogPluginManager: Mounting plugin BackChannel
LogPluginManager: Mounting plugin CharacterAI
LogPluginManager: Mounting plugin GeometryCache
LogPluginManager: Mounting plugin HTML5Networking
LogPluginManager: Mounting plugin ProxyLODPlugin
LogPluginManager: Mounting plugin MagicLeap
LogPluginManager: Mounting plugin MagicLeapEmulator
LogPluginManager: Mounting plugin MagicLeapMedia
LogPluginManager: Mounting plugin AndroidMedia
LogPluginManager: Mounting plugin AvfMedia
LogPluginManager: Mounting plugin ImgMedia
LogPluginManager: Mounting plugin LinearTimecode
LogPluginManager: Mounting plugin MediaCompositing
LogPluginManager: Mounting plugin MediaPlayerEditor
LogPluginManager: Mounting plugin WmfMedia
LogPluginManager: Mounting plugin TcpMessaging
LogPluginManager: Mounting plugin UdpMessaging
LogPluginManager: Mounting plugin ActorSequence
LogPluginManager: Mounting plugin LevelSequenceEditor
LogPluginManager: Mounting plugin MatineeToLevelSequence
LogPluginManager: Mounting plugin NetcodeUnitTest
LogPluginManager: Mounting plugin NUTUnrealEngine4
LogPluginManager: Mounting plugin OnlineSubsystemGooglePlay
LogPluginManager: Mounting plugin OnlineSubsystemIOS
LogPluginManager: Mounting plugin OnlineSubsystem
LogPluginManager: Mounting plugin OnlineSubsystemNull
LogPluginManager: Mounting plugin OnlineSubsystemUtils
LogPluginManager: Mounting plugin LauncherChunkInstaller
LogPluginManager: Mounting plugin AndroidDeviceProfileSelector
LogPluginManager: Mounting plugin AndroidMoviePlayer
LogPluginManager: Mounting plugin AndroidPermission
LogPluginManager: Mounting plugin AppleMoviePlayer
LogPluginManager: Mounting plugin ArchVisCharacter
LogPluginManager: Mounting plugin AudioCapture
LogPluginManager: Mounting plugin CableComponent
LogPluginManager: Mounting plugin CustomMeshComponent
LogPluginManager: Mounting plugin EditableMesh
LogPluginManager: Mounting plugin ExampleDeviceProfileSelector
LogPluginManager: Mounting plugin GoogleCloudMessaging
LogPluginManager: Mounting plugin ImmediatePhysics
LogPluginManager: Mounting plugin IOSDeviceProfileSelector
LogPluginManager: Mounting plugin LinuxDeviceProfileSelector
LogPluginManager: Mounting plugin LocationServicesBPLibrary
LogPluginManager: Mounting plugin MobilePatchingUtils
LogPluginManager: Mounting plugin OculusVR
LogPluginManager: Plugin shader directory ../../../Engine/Plugins/Runtime/Oculus/OculusVR/Shaders found
LogPluginManager: Mapping shader source directory ../../../Engine/Plugins/Runtime/Oculus/OculusVR/Shaders to virtual directory /Plugin/OculusVR
LogPluginManager: Mounting plugin PhysXVehicles
LogPluginManager: Mounting plugin ProceduralMeshComponent
LogPluginManager: Mounting plugin RuntimePhysXCooking
LogPluginManager: Mounting plugin SteamVR
LogPluginManager: Mounting plugin WindowsMoviePlayer
LogStreaming: Display: Took  0.091s to configure plugins.
LogInit: Using libcurl 7.55.1-DEV
LogInit:  - built for x86_64-pc-win32
LogInit:  - supports SSL with OpenSSL/1.0.2h
LogInit:  - supports HTTP deflate (compression) using libz 1.2.8
LogInit:  - other features:
LogInit:      CURL_VERSION_SSL
LogInit:      CURL_VERSION_LIBZ
LogInit:      CURL_VERSION_IPV6
LogInit:      CURL_VERSION_ASYNCHDNS
LogInit:      CURL_VERSION_LARGEFILE
LogInit:      CURL_VERSION_IDN
LogInit:  CurlRequestOptions (configurable via config and command line):
LogInit:  - bVerifyPeer = false  - Libcurl will NOT verify peer certificate
LogInit:  - bUseHttpProxy = false  - Libcurl will NOT use HTTP proxy
LogInit:  - bDontReuseConnections = false  - Libcurl will reuse connections
LogInit:  - CertBundlePath = nullptr  - Libcurl will use whatever was configured at build time.
LogInit:  - MaxHostConnections = 16  - Libcurl will limit the number of connections to a host
LogInit:  - LocalHostAddr = Default
LogInit:  - BufferSize = 65536
LogInit: WinSock: version 1.1 (2.2), MaxSocks=32767, MaxUdp=65467
LogInit: Build: ++UE4+Release-4.20-CL-4212847
LogInit: Engine Version: 4.20.3-4212847+++UE4+Release-4.20
LogInit: Compatible Engine Version: 4.20.0-4212847+++UE4+Release-4.20
LogInit: Net CL: 4212847
LogInit: OS: Windows 10 (), CPU: Intel(R) Core(TM) i7-8809G CPU @ 3.10GHz, GPU: Radeon RX Vega M GH Graphics
LogInit: Compiled (64-bit): Jul 14 2018 09:51:14
LogInit: Compiled with Visual C++: 19.13.26129.00
LogInit: Build Configuration: Development
LogInit: Branch Name: ++UE4+Release-4.20
LogInit: Command Line: -EpicPortal  -epicusername="alexcervantes21" -epicuserid=c2cbc690b3814641b01dc69df658426e -epiclocale=en-US
LogInit: Base Directory: C:/Program Files/Epic Games/UE_4.20/Engine/Binaries/Win64/
LogInit: Installed Engine Build: 1
LogDevObjectVersion: Number of dev versions registered: 20
LogDevObjectVersion:   Dev-Blueprints (B0D832E4-1F89-4F0D-ACCF-7EB736FD4AA2): 10
LogDevObjectVersion:   Dev-Build (E1C64328-A22C-4D53-A36C-8E866417BD8C): 0
LogDevObjectVersion:   Dev-Core (375EC13C-06E4-48FB-B500-84F0262A717E): 2
LogDevObjectVersion:   Dev-Editor (E4B068ED-F494-42E9-A231-DA0B2E46BB41): 24
LogDevObjectVersion:   Dev-Framework (CFFC743F-43B0-4480-9391-14DF171D2073): 34
LogDevObjectVersion:   Dev-Mobile (B02B49B5-BB20-44E9-A304-32B752E40360): 2
LogDevObjectVersion:   Dev-Networking (A4E4105C-59A1-49B5-A7C5-40C4547EDFEE): 0
LogDevObjectVersion:   Dev-Online (39C831C9-5AE6-47DC-9A44-9C173E1C8E7C): 0
LogDevObjectVersion:   Dev-Physics (78F01B33-EBEA-4F98-B9B4-84EACCB95AA2): 0
LogDevObjectVersion:   Dev-Platform (6631380F-2D4D-43E0-8009-CF276956A95A): 0
LogDevObjectVersion:   Dev-Rendering (12F88B9F-8875-4AFC-A67C-D90C383ABD29): 26
LogDevObjectVersion:   Dev-Sequencer (7B5AE74C-D270-4C10-A958-57980B212A5A): 9
LogDevObjectVersion:   Dev-VR (D7296918-1DD6-4BDD-9DE2-64A83CC13884): 2
LogDevObjectVersion:   Dev-LoadTimes (C2A15278-BFE7-4AFE-6C17-90FF531DF755): 1
LogDevObjectVersion:   Private-Geometry (6EACA3D4-40EC-4CC1-B786-8BED09428FC5): 3
LogDevObjectVersion:   Dev-AnimPhys (29E575DD-E0A3-4627-9D10-D276232CDCEA): 17
LogDevObjectVersion:   Dev-ReflectionCapture (6B266CEC-1EC7-4B8F-A30B-E4D90942FC07): 1
LogDevObjectVersion:   Dev-Automation (0DF73D61-A23F-47EA-B727-89E90C41499A): 1
LogDevObjectVersion:   FortniteMain (601D1886-AC64-4F84-AA16-D3DE0DEAC7D6): 12
LogDevObjectVersion:   Dev-Enterprise (9DFFBCD6-494F-0158-E221-12823C92A888): 1
LogStreaming: Display: Took  0.002s to delete old logs.
LogInit: Presizing for max 8388607 objects, including 0 objects not considered by GC, pre-allocating 0 bytes for permanent pool.
LogInit: Object subsystem initialized
[2018.11.22-02.40.01:489][  0]LogInit: Selected Device Profile: [Windows]
[2018.11.22-02.40.01:489][  0]LogInit: Applying CVar settings loaded from the selected device profile: [Windows]
[2018.11.22-02.40.01:502][  0]LogHAL: Display: Platform has ~ 16 GB [17095413760 / 17179869184 / 16], which maps to Larger [LargestMinGB=32, LargerMinGB=12, DefaultMinGB=8, SmallerMinGB=6, SmallestMinGB=0)
[2018.11.22-02.40.01:502][  0]LogInit: Setting Device Profile CVar: [[r.Vulkan.UseRealUBs:1]]
[2018.11.22-02.40.01:502][  0]LogInit: Going up to parent DeviceProfile []
[2018.11.22-02.40.01:502][  0]LogInit: Computer: eae-n-026
[2018.11.22-02.40.01:502][  0]LogInit: User: u1101109
[2018.11.22-02.40.01:502][  0]LogInit: CPU Page size=4096, Cores=4
[2018.11.22-02.40.01:502][  0]LogInit: High frequency timer resolution =3.023438 MHz
[2018.11.22-02.40.01:502][  0]LogMemory: Memory total: Physical=15.9GB (16GB approx)
[2018.11.22-02.40.01:502][  0]LogMemory: Platform Memory Stats for Windows
[2018.11.22-02.40.01:502][  0]LogMemory: Process Physical Memory: 99.86 MB used, 99.86 MB peak
[2018.11.22-02.40.01:502][  0]LogMemory: Process Virtual Memory: 90.93 MB used, 90.93 MB peak
[2018.11.22-02.40.01:502][  0]LogMemory: Physical Memory: 7191.95 MB used,  9111.50 MB free, 16303.46 MB total
[2018.11.22-02.40.01:502][  0]LogMemory: Virtual Memory: 4640.39 MB used,  9111.50 MB free, 134217728.00 MB total
[2018.11.22-02.40.01:516][  0]LogInit: Using OS detected language (en-US).
[2018.11.22-02.40.01:516][  0]LogInit: Using OS detected locale (en-US).
[2018.11.22-02.40.01:518][  0]LogTextLocalizationManager: No specific localization for 'en-US' exists, so the 'en' localization will be used.
[2018.11.22-02.40.01:829][  0]LogStreaming: Display: Took  0.313s to InitEngineTextLocalization.
[2018.11.22-02.40.01:829][  0]LogInit: Setting process to per monitor DPI aware
[2018.11.22-02.40.01:864][  0]LogSlate: New Slate User Created.  User Index 0, Is Virtual User: 0
[2018.11.22-02.40.01:864][  0]LogSlate: Slate User Registered.  User Index 0, Is Virtual User: 0
[2018.11.22-02.40.02:039][  0]LogHMD: Failed to initialize OpenVR with code 110
[2018.11.22-02.40.02:039][  0]LogD3D11RHI: D3D11 adapters:
[2018.11.22-02.40.02:077][  0]LogD3D11RHI:    0. 'Radeon RX Vega M GH Graphics' (Feature Level 11_0)
[2018.11.22-02.40.02:077][  0]LogD3D11RHI:       4042/0/8151 MB DedicatedVideo/DedicatedSystem/SharedSystem, Outputs:1, VendorId:0x1002
[2018.11.22-02.40.02:089][  0]LogD3D11RHI:    1. 'Intel(R) HD Graphics 630' (Feature Level 11_0)
[2018.11.22-02.40.02:089][  0]LogD3D11RHI:       128/0/8151 MB DedicatedVideo/DedicatedSystem/SharedSystem, Outputs:0, VendorId:0x8086
[2018.11.22-02.40.02:090][  0]LogD3D11RHI:    2. 'Microsoft Basic Render Driver' (Feature Level 11_0)
[2018.11.22-02.40.02:090][  0]LogD3D11RHI:       0/0/8151 MB DedicatedVideo/DedicatedSystem/SharedSystem, Outputs:0, VendorId:0x1414
[2018.11.22-02.40.02:090][  0]LogD3D11RHI: Chosen D3D11 Adapter: 0
[2018.11.22-02.40.02:096][  0]LogD3D11RHI: Creating new Direct3DDevice
[2018.11.22-02.40.02:096][  0]LogD3D11RHI:     GPU DeviceId: 0x694c (for the marketing name, search the web for "GPU Device Id")
[2018.11.22-02.40.02:096][  0]LogWindows: EnumDisplayDevices:
[2018.11.22-02.40.02:097][  0]LogWindows:    0. 'Radeon RX Vega M GH Graphics' (P:1 D:1)
[2018.11.22-02.40.02:097][  0]LogWindows:    1. 'Radeon RX Vega M GH Graphics' (P:0 D:0)
[2018.11.22-02.40.02:097][  0]LogWindows:    2. 'Radeon RX Vega M GH Graphics' (P:0 D:0)
[2018.11.22-02.40.02:097][  0]LogWindows:    3. 'Radeon RX Vega M GH Graphics' (P:0 D:0)
[2018.11.22-02.40.02:097][  0]LogWindows:    4. 'Radeon RX Vega M GH Graphics' (P:0 D:0)
[2018.11.22-02.40.02:098][  0]LogWindows:    5. 'Radeon RX Vega M GH Graphics' (P:0 D:0)
[2018.11.22-02.40.02:098][  0]LogWindows:    6. 'Radeon RX Vega M GH Graphics' (P:0 D:0)
[2018.11.22-02.40.02:098][  0]LogWindows:    7. 'Radeon RX Vega M GH Graphics' (P:0 D:0)
[2018.11.22-02.40.02:098][  0]LogWindows:    8. 'Radeon RX Vega M GH Graphics' (P:0 D:0)
[2018.11.22-02.40.02:099][  0]LogWindows:    9. 'Radeon RX Vega M GH Graphics' (P:0 D:0)
[2018.11.22-02.40.02:099][  0]LogWindows:    10. 'Radeon RX Vega M GH Graphics' (P:0 D:0)
[2018.11.22-02.40.02:099][  0]LogWindows:    11. 'Radeon RX Vega M GH Graphics' (P:0 D:0)
[2018.11.22-02.40.02:099][  0]LogWindows:    12. 'Radeon RX Vega M GH Graphics' (P:0 D:0)
[2018.11.22-02.40.02:099][  0]LogWindows:    13. 'Radeon RX Vega M GH Graphics' (P:0 D:0)
[2018.11.22-02.40.02:100][  0]LogWindows:    14. 'Radeon RX Vega M GH Graphics' (P:0 D:0)
[2018.11.22-02.40.02:100][  0]LogWindows:    15. 'Radeon RX Vega M GH Graphics' (P:0 D:0)
[2018.11.22-02.40.02:100][  0]LogWindows:    16. 'Intel(R) HD Graphics 630' (P:0 D:0)
[2018.11.22-02.40.02:100][  0]LogWindows:    17. 'Intel(R) HD Graphics 630' (P:0 D:0)
[2018.11.22-02.40.02:100][  0]LogWindows: DebugString: PrimaryIsNotTheChoosenAdapter PrimaryIsNotTheChoosenAdapter FoundDriverCount:16 
[2018.11.22-02.40.02:100][  0]LogD3D11RHI:     Adapter Name: Radeon RX Vega M GH Graphics
[2018.11.22-02.40.02:100][  0]LogD3D11RHI:   Driver Version: Adrenalin 18.5.1 (internal:24.20.11016.4, unified:24.20.11016.4)
[2018.11.22-02.40.02:100][  0]LogD3D11RHI:      Driver Date: 5-16-2018
[2018.11.22-02.40.02:101][  0]LogRHI: Texture pool is 2829 MB (70% of 4042 MB)
[2018.11.22-02.40.02:250][  0]LogD3D11RHI: Async texture creation enabled
[2018.11.22-02.40.02:261][  0]LogD3D11RHI: GPU Timing Frequency: 25.000000 (Debug: 2 1)
[2018.11.22-02.40.02:263][  0]LogShaderCompilers: Guid format shader working directory is -44 characters bigger than the processId version (../../../../../../Users/u1101109/Documents/GitHub/AssetPipeMaster02/APsec1LargeCityBase 4.20/Intermediate/Shaders/WorkingDirectory/12032/).
[2018.11.22-02.40.02:263][  0]LogShaderCompilers: Cleaned the shader compiler working directory 'C:/Users/u1101109/AppData/Local/Temp/UnrealShaderWorkingDir/1A12B4DE4EFC139DEFD04CA319E4D7FE/'.
[2018.11.22-02.40.02:500][  0]LogTemp: Display: Loaded TP AllDesktopTargetPlatform
[2018.11.22-02.40.02:513][  0]LogTemp: Display: Loaded TP MacClientTargetPlatform
[2018.11.22-02.40.02:524][  0]LogTemp: Display: Loaded TP MacNoEditorTargetPlatform
[2018.11.22-02.40.02:535][  0]LogTemp: Display: Loaded TP MacServerTargetPlatform
[2018.11.22-02.40.02:548][  0]LogTemp: Display: Loaded TP MacTargetPlatform
[2018.11.22-02.40.02:559][  0]LogTemp: Display: Loaded TP WindowsClientTargetPlatform
[2018.11.22-02.40.02:571][  0]LogTemp: Display: Loaded TP WindowsNoEditorTargetPlatform
[2018.11.22-02.40.02:583][  0]LogTemp: Display: Loaded TP WindowsServerTargetPlatform
[2018.11.22-02.40.02:589][  0]LogTemp: Display: Loaded TP WindowsTargetPlatform
[2018.11.22-02.40.02:656][  0]LogTemp: Display: Loaded TP AndroidTargetPlatform
[2018.11.22-02.40.02:656][  0]LogTemp: Display: Loaded TP AndroidTargetPlatform
[2018.11.22-02.40.02:656][  0]LogTemp: Display: Loaded TP AndroidTargetPlatform
[2018.11.22-02.40.02:656][  0]LogTemp: Display: Loaded TP AndroidTargetPlatform
[2018.11.22-02.40.02:656][  0]LogTemp: Display: Loaded TP AndroidTargetPlatform
[2018.11.22-02.40.02:656][  0]LogTemp: Display: Loaded TP AndroidTargetPlatform
[2018.11.22-02.40.02:656][  0]LogTemp: Display: Loaded TP AndroidTargetPlatform
[2018.11.22-02.40.02:656][  0]LogTemp: Display: Loaded TP AndroidTargetPlatform
[2018.11.22-02.40.02:656][  0]LogTemp: Display: Loaded TP AndroidTargetPlatform
[2018.11.22-02.40.02:656][  0]LogTemp: Display: Loaded TP AndroidTargetPlatform
[2018.11.22-02.40.02:656][  0]LogTemp: Display: Loaded TP AndroidTargetPlatform
[2018.11.22-02.40.02:656][  0]LogTemp: Display: Loaded TP AndroidTargetPlatform
[2018.11.22-02.40.02:656][  0]LogTemp: Display: Loaded TP AndroidTargetPlatform
[2018.11.22-02.40.02:656][  0]LogTemp: Display: Loaded TP AndroidTargetPlatform
[2018.11.22-02.40.02:656][  0]LogTemp: Display: Loaded TP AndroidTargetPlatform
[2018.11.22-02.40.02:656][  0]LogTemp: Display: Loaded TP AndroidTargetPlatform
[2018.11.22-02.40.02:656][  0]LogTemp: Display: Loaded TP AndroidTargetPlatform
[2018.11.22-02.40.02:656][  0]LogTemp: Display: Loaded TP AndroidTargetPlatform
[2018.11.22-02.40.02:657][  0]LogTemp: Display: Loaded TP HTML5TargetPlatform
[2018.11.22-02.40.02:714][  0]LogTemp: Display: Loaded TP IOSTargetPlatform
[2018.11.22-02.40.02:714][  0]LogTemp: Display: Loaded TP IOSTargetPlatform
[2018.11.22-02.40.02:734][  0]LogTemp: Display: Loaded TP TVOSTargetPlatform
[2018.11.22-02.40.02:734][  0]LogTemp: Display: Loaded TP TVOSTargetPlatform
[2018.11.22-02.40.02:744][  0]LogTemp: Display: Loaded TP LinuxClientTargetPlatform
[2018.11.22-02.40.02:755][  0]LogTemp: Display: Loaded TP LinuxNoEditorTargetPlatform
[2018.11.22-02.40.02:765][  0]LogTemp: Display: Loaded TP LinuxServerTargetPlatform
[2018.11.22-02.40.02:776][  0]LogTemp: Display: Loaded TP LinuxTargetPlatform
[2018.11.22-02.40.02:784][  0]LogTemp: Display: Loaded TP LuminTargetPlatform
[2018.11.22-02.40.02:784][  0]LogTargetPlatformManager: Display: Building Assets For Windows
[2018.11.22-02.40.02:843][  0]LogXGEController: Cannot use XGE Controller as Incredibuild is not installed on this machine.
[2018.11.22-02.40.02:843][  0]LogShaderCompilers: Cannot use XGE Shader Compiler as Incredibuild is not installed on this machine.
[2018.11.22-02.40.02:843][  0]LogShaderCompilers: Display: Using Local Shader Compiler.
[2018.11.22-02.40.03:485][  0]LogDerivedDataCache: Display: Max Cache Size: 512 MB
[2018.11.22-02.40.03:539][  0]LogDerivedDataCache: Loaded boot cache 0.05s 71MB C:/Users/u1101109/AppData/Local/UnrealEngine/4.20/DerivedDataCache/Boot.ddc.
[2018.11.22-02.40.03:539][  0]LogDerivedDataCache: Display: Loaded Boot cache: C:/Users/u1101109/AppData/Local/UnrealEngine/4.20/DerivedDataCache/Boot.ddc
[2018.11.22-02.40.03:539][  0]LogDerivedDataCache: FDerivedDataBackendGraph:  Pak pak cache file ../../../../../../Users/u1101109/Documents/GitHub/AssetPipeMaster02/APsec1LargeCityBase 4.20/DerivedDataCache/DDC.ddp not found, will not use a pak cache.
[2018.11.22-02.40.03:539][  0]LogDerivedDataCache: Unable to find inner node Pak for hierarchical cache Hierarchy.
[2018.11.22-02.40.03:539][  0]LogDerivedDataCache: FDerivedDataBackendGraph:  CompressedPak pak cache file ../../../../../../Users/u1101109/Documents/GitHub/AssetPipeMaster02/APsec1LargeCityBase 4.20/DerivedDataCache/Compressed.ddp not found, will not use a pak cache.
[2018.11.22-02.40.03:539][  0]LogDerivedDataCache: Unable to find inner node CompressedPak for hierarchical cache Hierarchy.
[2018.11.22-02.40.03:549][  0]LogDerivedDataCache: Display: Pak cache opened for reading ../../../Engine/DerivedDataCache/Compressed.ddp.
[2018.11.22-02.40.03:562][  0]LogDerivedDataCache: Using Local data cache path C:/Users/u1101109/AppData/Local/UnrealEngine/Common/DerivedDataCache: Writable
[2018.11.22-02.40.03:562][  0]LogDerivedDataCache: Shared data cache path not found in *engine.ini, will not use an Shared cache.
[2018.11.22-02.40.03:562][  0]LogDerivedDataCache: Unable to find inner node Shared for hierarchical cache Hierarchy.
[2018.11.22-02.40.03:578][  0]LogMaterial: Verifying Global Shaders for PCD3D_SM5
[2018.11.22-02.40.03:579][  0]LogSlate: Using FreeType 2.6.0
[2018.11.22-02.40.03:580][  0]LogSlate: SlateFontServices - WITH_FREETYPE: 1, WITH_HARFBUZZ: 1
[2018.11.22-02.40.03:646][  0]LogAssetRegistry: FAssetRegistry took 0.0261 seconds to start up
[2018.11.22-02.40.03:919][  0]LogInit: Selected Device Profile: [Windows]
[2018.11.22-02.40.04:043][  0]LogSimplygon: Simplygon DLL not present - disabling.
[2018.11.22-02.40.04:046][  0]LogMeshReduction: Using SimplygonSwarm for distributed automatic mesh merging
[2018.11.22-02.40.04:046][  0]LogMeshReduction: Using ProxyLODMeshReduction for automatic mesh merging
[2018.11.22-02.40.04:046][  0]LogMeshReduction: Using QuadricMeshReduction for automatic static mesh reduction
[2018.11.22-02.40.04:046][  0]LogMeshReduction: No automatic skeletal mesh reduction module available
[2018.11.22-02.40.04:061][  0]LogNetVersion: APsec1LargeCityBase 1.0.0, NetCL: 4212847, EngineNetVer: 5, GameNetVer: 0 (Checksum: 1121110827)
[2018.11.22-02.40.04:539][  0]LogPackageLocalizationCache: Processed 11 localized package path(s) for 2 prioritized culture(s) in 0.091986 seconds
[2018.11.22-02.40.04:545][  0]LogUObjectArray: 38425 objects as part of root set at end of initial load.
[2018.11.22-02.40.04:545][  0]LogUObjectAllocator: 6690864 out of 0 bytes used by permanent object pool.
[2018.11.22-02.40.04:545][  0]LogUObjectArray: CloseDisregardForGC: 0/0 objects in disregard for GC pool
[2018.11.22-02.40.05:348][  0]LogTcpMessaging: Initializing TcpMessaging bridge
[2018.11.22-02.40.05:361][  0]LogUdpMessaging: Initializing bridge on interface 0.0.0.0:0 to multicast group 230.0.0.1:6666.
[2018.11.22-02.40.05:500][  0]SourceControl: Source control is disabled
[2018.11.22-02.40.05:500][  0]SourceControl: Source control is disabled
[2018.11.22-02.40.05:501][  0]SourceControl: Source control is disabled
[2018.11.22-02.40.05:502][  0]SourceControl: Source control is disabled
[2018.11.22-02.40.05:657][  0]LogAndroidPermission: UAndroidPermissionCallbackProxy::GetInstance
[2018.11.22-02.40.05:732][  0]LogOcInput: OculusInput pre-init called
[2018.11.22-02.40.05:792][  0]LogEngine: Initializing Engine...
[2018.11.22-02.40.05:792][  0]LogHMD: Failed to initialize OpenVR with code 110
[2018.11.22-02.40.05:794][  0]LogStats: UGameplayTagsManager::ConstructGameplayTagTree: ImportINI prefixes -  0.000 s
[2018.11.22-02.40.05:794][  0]LogStats: UGameplayTagsManager::ConstructGameplayTagTree: Construct from data asset -  0.000 s
[2018.11.22-02.40.05:794][  0]LogStats: UGameplayTagsManager::ConstructGameplayTagTree: ImportINI -  0.000 s
[2018.11.22-02.40.05:794][  0]LogStats: UGameplayTagsManager::ConstructGameplayTagTree: GameplayTagTreeChangedEvent.Broadcast -  0.000 s
[2018.11.22-02.40.05:984][  0]LogInit: Initializing FReadOnlyCVARCache
[2018.11.22-02.40.06:001][  0]LogAIModule: Creating AISystem for world Untitled
[2018.11.22-02.40.06:022][  0]LogInit: XAudio2 using '5 - DELL UZ2315H (AMD High Definition Audio Device)' : 2 channels at 48 kHz using 16 bits per sample (channel mask 0x3)
[2018.11.22-02.40.06:047][  0]LogInit: FAudioDevice initialized.
[2018.11.22-02.40.06:047][  0]LogNetVersion: Set ProjectVersion to 1.0.0.0. Version Checksum will be recalculated on next use.
[2018.11.22-02.40.06:127][  0]LogDerivedDataCache: Saved boot cache 0.08s 71MB C:/Users/u1101109/AppData/Local/UnrealEngine/4.20/DerivedDataCache/Boot.ddc.
[2018.11.22-02.40.06:137][  0]LogInit: Texture streaming: Enabled
[2018.11.22-02.40.06:155][  0]LogEngineSessionManager: EngineSessionManager initialized
[2018.11.22-02.40.06:169][  0]LogInit: Transaction tracking system initialized
[2018.11.22-02.40.06:194][  0]BlueprintLog: New page: Editor Load
[2018.11.22-02.40.06:276][  0]LocalizationService: Localization service is disabled
[2018.11.22-02.40.06:531][  0]LogCook: Display: Max memory allowance for cook 16384mb min free memory 0mb
[2018.11.22-02.40.06:531][  0]LogCook: Display: Mobile HDR setting 1
[2018.11.22-02.40.06:531][  0]LogGameplayTags: Display: UGameplayTagsManager::DoneAddingNativeTags. DelegateIsBound: 0
[2018.11.22-02.40.06:531][  0]LogStats: UGameplayTagsManager::ConstructGameplayTagTree: ImportINI prefixes -  0.000 s
[2018.11.22-02.40.06:531][  0]LogStats: UGameplayTagsManager::ConstructGameplayTagTree: Construct from data asset -  0.000 s
[2018.11.22-02.40.06:531][  0]LogStats: UGameplayTagsManager::ConstructGameplayTagTree: ImportINI -  0.000 s
[2018.11.22-02.40.06:531][  0]LogStats: UGameplayTagsManager::ConstructGameplayTagTree: GameplayTagTreeChangedEvent.Broadcast -  0.000 s
[2018.11.22-02.40.06:656][  0]LogFileCache: Scanning file cache for directory 'C:/Users/u1101109/Documents/GitHub/AssetPipeMaster02/APsec1LargeCityBase 4.20/Content/' took 0.02s
[2018.11.22-02.40.06:656][  0]SourceControl: Source control is disabled
[2018.11.22-02.40.06:656][  0]Cmd: MAP LOAD FILE="../../../Engine/Content/Maps/Templates/Template_Default.umap" TEMPLATE=1 SHOWPROGRESS=1 FEATURELEVEL=3
[2018.11.22-02.40.06:656][  0]LightingResults: New page: Lighting Build
[2018.11.22-02.40.06:659][  0]MapCheck: New page: Map Check
[2018.11.22-02.40.06:659][  0]LightingResults: New page: Lighting Build
[2018.11.22-02.40.06:840][  0]LogAIModule: Creating AISystem for world Untitled_1
[2018.11.22-02.40.06:845][  0]LogEditorServer: Finished looking for orphan Actors (0.000 secs)
[2018.11.22-02.40.06:866][  0]Cmd: MAP CHECKDEP NOCLEARLOG
[2018.11.22-02.40.06:924][  0]MapCheck: Map check complete: 0 Error(s), 0 Warning(s), took 59.492ms to complete.
[2018.11.22-02.40.06:924][  0]LogFileHelpers: Loading map 'Template_Default' took 0.269
[2018.11.22-02.40.07:014][  0]LogSlate: Updating window title bar state: overlay mode, drag disabled, window buttons hidden, title bar hidden
[2018.11.22-02.40.07:021][  0]LogSlate: Updating window title bar state: overlay mode, drag disabled, window buttons hidden, title bar hidden
[2018.11.22-02.40.07:026][  0]LogSlate: Updating window title bar state: overlay mode, drag disabled, window buttons hidden, title bar hidden
[2018.11.22-02.40.07:033][  0]LogSlate: Updating window title bar state: overlay mode, drag disabled, window buttons hidden, title bar hidden
[2018.11.22-02.40.07:039][  0]LogCollectionManager: Loaded 0 collections in 0.001832 seconds
[2018.11.22-02.40.07:079][  0]LogFileCache: Scanning file cache for directory 'C:/Users/u1101109/Documents/GitHub/AssetPipeMaster02/APsec1LargeCityBase 4.20/Saved/Collections/' took 0.01s
[2018.11.22-02.40.07:079][  0]LogFileCache: Scanning file cache for directory 'C:/Users/u1101109/Documents/GitHub/AssetPipeMaster02/APsec1LargeCityBase 4.20/Content/Developers/u1101109/Collections/' took 0.01s
[2018.11.22-02.40.07:079][  0]LogFileCache: Scanning file cache for directory 'C:/Users/u1101109/Documents/GitHub/AssetPipeMaster02/APsec1LargeCityBase 4.20/Content/Collections/' took 0.01s
[2018.11.22-02.40.07:079][  0]LogCollectionManager: Rebuilt the GUID cache for 0 collections in 0.000000 seconds
[2018.11.22-02.40.07:087][  0]LogContentBrowser: Native class hierarchy populated in 0.0078 seconds. Added 2572 classes and 603 folders.
[2018.11.22-02.40.07:094][  0]LogContentBrowser: Native class hierarchy updated for 'WidgetCarousel' in 0.0002 seconds. Added 0 classes and 0 folders.
[2018.11.22-02.40.07:142][  0]LogContentBrowser: Native class hierarchy updated for 'AddContentDialog' in 0.0003 seconds. Added 0 classes and 0 folders.
[2018.11.22-02.40.07:148][  0]LogContentBrowser: Native class hierarchy updated for 'SceneOutliner' in 0.0003 seconds. Added 1 classes and 2 folders.
[2018.11.22-02.40.07:160][  0]LogSlate: Took 0.000236 seconds to synchronously load lazily loaded font '../../../Engine/Content/Slate/Fonts/Roboto-Regular.ttf' (155K)
[2018.11.22-02.40.07:164][  0]LogSlate: Took 0.000306 seconds to synchronously load lazily loaded font '../../../Engine/Content/Slate/Fonts/Roboto-Bold.ttf' (160K)
[2018.11.22-02.40.07:169][  0]LogSlate: Took 0.000240 seconds to synchronously load lazily loaded font '../../../Engine/Content/Editor/Slate/Fonts/FontAwesome.ttf' (139K)
[2018.11.22-02.40.07:234][  0]LogRenderer: Reallocating scene render targets to support 1208x576 Format 10 NumSamples 1 (Frame:1).
[2018.11.22-02.40.07:369][  0]LogContentBrowser: Native class hierarchy updated for 'HierarchicalLODOutliner' in 0.0002 seconds. Added 0 classes and 0 folders.
[2018.11.22-02.40.07:369][  0]LogLoad: (Engine Initialization) Total time: 7.68 seconds
[2018.11.22-02.40.07:369][  0]LogLoad: (Engine Initialization) Total Blueprint compile time: 0.00 seconds
[2018.11.22-02.40.07:379][  0]LogWindowsTextInputMethodSystem: Display: IME system now deactivated.
[2018.11.22-02.40.07:401][  0]LogContentStreaming: Texture pool size now 1000 MB
[2018.11.22-02.40.07:436][  0]LogSlate: Took 0.000141 seconds to synchronously load lazily loaded font '../../../Engine/Content/Slate/Fonts/Roboto-Light.ttf' (167K)
[2018.11.22-02.40.07:455][  1]LogAssetRegistry: Asset discovery search completed in 3.8316 seconds
[2018.11.22-02.40.07:456][  1]LogCollectionManager: Rebuilt the object cache for 0 collections in 0.000000 seconds (found 0 objects)
[2018.11.22-02.40.07:456][  1]LogCollectionManager: Fixed up redirectors for 0 collections in 0.000036 seconds (updated 0 objects)
[2018.11.22-02.40.10:226][330]LogSlate: FSceneViewport::OnFocusLost() reason 0
[2018.11.22-02.40.14:031][781]LogSlate: Took 0.000220 seconds to synchronously load lazily loaded font '../../../Engine/Content/Slate/Fonts/Roboto-Light.ttf' (167K)
[2018.11.22-02.40.14:047][781]LogLinker: Warning: Can't find file '/Game/StreetSceneLarge_AC_BuiltData'
[2018.11.22-02.40.14:047][781]LogLinker: Warning: Can't find file for asset '/Game/StreetSceneLarge_AC_BuiltData' while loading ../../../../../../Users/u1101109/Documents/GitHub/AssetPipeMaster02/APsec1LargeCityBase 4.20/Content/StreetSceneLarge_AC.umap.
[2018.11.22-02.40.14:047][781]LoadErrors: Error: /Game/StreetSceneLarge_AC : Can't find file for asset. /Game/StreetSceneLarge_AC_BuiltData
[2018.11.22-02.40.14:120][781]LogLinker: Warning: Can't find file '/Game/StreetSceneLarge_AC_BuiltData'
[2018.11.22-02.40.14:120][781]LogLinker: Warning: Can't find file for asset '/Game/StreetSceneLarge_AC_BuiltData' while loading ../../../../../../Users/u1101109/Documents/GitHub/AssetPipeMaster02/APsec1LargeCityBase 4.20/Content/StreetSceneLarge_AC.umap.
[2018.11.22-02.40.14:315][781]LogLinker: Warning: Can't find file '/Game/StreetSceneLarge_AC_BuiltData'
[2018.11.22-02.40.14:315][781]LoadErrors: Failed to load /Game/StreetSceneLarge_AC_BuiltData.StreetSceneLarge_AC_BuiltData Referenced by PersistentLevel
[2018.11.22-02.40.14:315][781]LogLinker: Warning: Can't find file for asset '/Game/StreetSceneLarge_AC_BuiltData' while loading NULL.
[2018.11.22-02.40.14:454][781]LogMaterial: Display: Missing cached shader map for material M_MasterWoodBlock_AP, compiling. 
[2018.11.22-02.40.14:550][781]LogShaderCompilers: Display: Shaders left to compile 69
[2018.11.22-02.40.14:550][781]LogShaderCompilers: Display: Shaders left to compile 59
[2018.11.22-02.40.14:550][781]LogShaderCompilers: Display: Shaders left to compile 49
[2018.11.22-02.40.14:550][781]LogShaderCompilers: Display: Shaders left to compile 39
[2018.11.22-02.40.14:964][781]LogAIModule: Creating AISystem for world StreetSceneLarge_AC
[2018.11.22-02.40.14:994][781]LogAssetEditorManager: Opening Asset editor for World /Game/StreetSceneLarge_AC.StreetSceneLarge_AC
[2018.11.22-02.40.15:019][781]Cmd: MAP LOAD FILE="../../../../../../Users/u1101109/Documents/GitHub/AssetPipeMaster02/APsec1LargeCityBase 4.20/Content/StreetSceneLarge_AC.umap" TEMPLATE=0 SHOWPROGRESS=1 FEATURELEVEL=3
[2018.11.22-02.40.15:019][781]LightingResults: New page: Lighting Build
[2018.11.22-02.40.15:020][781]LoadErrors: New page: Loading map: StreetSceneLarge_AC.umap
[2018.11.22-02.40.15:021][781]MapCheck: New page: Map Check
[2018.11.22-02.40.15:021][781]LightingResults: New page: Lighting Build
[2018.11.22-02.40.15:084][781]LogEditorServer: Finished looking for orphan Actors (0.000 secs)
[2018.11.22-02.40.15:139][781]Cmd: MAP CHECKDEP NOCLEARLOG
[2018.11.22-02.40.15:236][781]MapCheck: Map check complete: 0 Error(s), 0 Warning(s), took 97.111ms to complete.
[2018.11.22-02.40.15:238][781]LogFileHelpers: Loading map 'StreetSceneLarge_AC' took 0.219
[2018.11.22-02.40.17:343][968]LogShaderCompilers: Display: Shaders left to compile 29
[2018.11.22-02.40.17:800][ 11]LogShaderCompilers: Display: Shaders left to compile 19
[2018.11.22-02.40.18:741][ 96]LogShaderCompilers: Display: Shaders left to compile 9
[2018.11.22-02.40.37:985][340]LogEditorViewport: Clicking on Actor (LMB): StaticMeshActor (Wood_Car_Texture)
[2018.11.22-02.40.39:716][539]Cmd: CAMERA ALIGN ACTIVEVIEWPORTONLY
[2018.11.22-02.40.40:513][634]Cmd: CAMERA ALIGN ACTIVEVIEWPORTONLY
[2018.11.22-02.40.42:432][862]LogSlate: FSceneViewport::OnFocusLost() reason 0
[2018.11.22-02.40.42:590][880]LogAssetEditorManager: Opening Asset editor for World /Game/StreetSceneLarge_AC.StreetSceneLarge_AC
[2018.11.22-02.40.42:609][880]Cmd: MAP LOAD FILE="../../../../../../Users/u1101109/Documents/GitHub/AssetPipeMaster02/APsec1LargeCityBase 4.20/Content/StreetSceneLarge_AC.umap" TEMPLATE=0 SHOWPROGRESS=1 FEATURELEVEL=3
[2018.11.22-02.40.42:609][880]LightingResults: New page: Lighting Build
[2018.11.22-02.40.42:610][880]LoadErrors: New page: Loading map: StreetSceneLarge_AC.umap
[2018.11.22-02.40.42:650][880]MapCheck: New page: Map Check
[2018.11.22-02.40.42:650][880]LightingResults: New page: Lighting Build
[2018.11.22-02.40.42:679][880]LogLinker: Warning: Can't find file '/Game/StreetSceneLarge_AC_BuiltData'
[2018.11.22-02.40.42:679][880]LogLinker: Warning: Can't find file for asset '/Game/StreetSceneLarge_AC_BuiltData' while loading ../../../../../../Users/u1101109/Documents/GitHub/AssetPipeMaster02/APsec1LargeCityBase 4.20/Content/StreetSceneLarge_AC.umap.
[2018.11.22-02.40.42:679][880]LoadErrors: Error: /Game/StreetSceneLarge_AC : Can't find file for asset. /Game/StreetSceneLarge_AC_BuiltData
[2018.11.22-02.40.42:685][880]LogLinker: Warning: Can't find file '/Game/StreetSceneLarge_AC_BuiltData'
[2018.11.22-02.40.42:685][880]LogLinker: Warning: Can't find file for asset '/Game/StreetSceneLarge_AC_BuiltData' while loading ../../../../../../Users/u1101109/Documents/GitHub/AssetPipeMaster02/APsec1LargeCityBase 4.20/Content/StreetSceneLarge_AC.umap.
[2018.11.22-02.40.42:849][880]LogLinker: Warning: Can't find file '/Game/StreetSceneLarge_AC_BuiltData'
[2018.11.22-02.40.42:849][880]LoadErrors: Failed to load /Game/StreetSceneLarge_AC_BuiltData.StreetSceneLarge_AC_BuiltData Referenced by PersistentLevel
[2018.11.22-02.40.42:849][880]LogLinker: Warning: Can't find file for asset '/Game/StreetSceneLarge_AC_BuiltData' while loading NULL.
[2018.11.22-02.40.42:893][880]LogAIModule: Creating AISystem for world StreetSceneLarge_AC
[2018.11.22-02.40.42:921][880]LogEditorServer: Finished looking for orphan Actors (0.000 secs)
[2018.11.22-02.40.42:985][880]Cmd: MAP CHECKDEP NOCLEARLOG
[2018.11.22-02.40.43:059][880]MapCheck: Map check complete: 0 Error(s), 0 Warning(s), took 73.57ms to complete.
[2018.11.22-02.40.43:062][880]LogFileHelpers: Loading map 'StreetSceneLarge_AC' took 0.453
[2018.11.22-02.40.45:229][101]LogSlate: Window 'Message Log' being destroyed
[2018.11.22-02.40.45:233][101]LogSlate: Window 'Message Log' being destroyed
[2018.11.22-02.42.47:358][717]LogEditorViewport: Clicking on Actor (LMB): StaticMeshActor (Wood_Car_Texture)
[2018.11.22-02.42.48:218][811]LogEditorViewport: Clicking on Actor (LMB): StaticMeshActor (Wood_Car_Texture)
[2018.11.22-02.42.48:725][865]LogEditorViewport: Clicking on Actor (LMB): StaticMeshActor (Wood_Car_Texture)
[2018.11.22-02.42.49:308][928]LogEditorViewport: Clicking on Actor (LMB): StaticMeshActor (Wood_Car_Texture)
[2018.11.22-02.42.50:113][ 18]LogEditorViewport: Clicking on Actor (LMB): StaticMeshActor (GroundBase132)
[2018.11.22-02.43.57:169][  8]Cmd: CAMERA ALIGN ACTIVEVIEWPORTONLY
[2018.11.22-02.44.20:091][734]Cmd: EDIT COPY
[2018.11.22-02.44.20:719][807]Cmd: EDIT PASTE
[2018.11.22-02.44.26:535][465]Cmd: CAMERA ALIGN ACTIVEVIEWPORTONLY
[2018.11.22-02.44.49:203][114]Cmd: EDIT COPY
[2018.11.22-02.44.49:521][152]Cmd: EDIT PASTE
[2018.11.22-02.45.12:608][831]Cmd: TRANSACTION UNDO
[2018.11.22-02.45.12:608][831]LogEditorTransaction: Undo Move Actors
[2018.11.22-02.45.12:633][831]LogActorComponent: ~FComponentReregisterContext: (/Game/StreetSceneLarge_AC.StreetSceneLarge_AC:PersistentLevel.BoxBrush14.BrushComponent0) Component already registered.
[2018.11.22-02.45.14:497][  4]Cmd: EDIT COPY
[2018.11.22-02.45.14:890][ 41]Cmd: EDIT PASTE
[2018.11.22-02.45.55:409][753]LogEditorViewport: Clicking on Actor (LMB): BP_Sky_Sphere_C (Sky Sphere2)
[2018.11.22-02.46.30:646][821]LogEditorViewport: Clicking on Actor (LMB): BP_Sky_Sphere_C (Sky Sphere2)
[2018.11.22-02.46.35:486][391]LogEditorViewport: Clicking on Actor (LMB): BP_Sky_Sphere_C (Sky Sphere2)
[2018.11.22-02.48.15:674][106]Cmd: CAMERA ALIGN ACTIVEVIEWPORTONLY
[2018.11.22-02.48.25:129][239]LogEditorViewport: Clicking on Actor (LMB): StaticMeshActor (tractor001)
[2018.11.22-02.48.26:391][376]Cmd: CAMERA ALIGN ACTIVEVIEWPORTONLY
[2018.11.22-02.48.45:483][651]LogEditorViewport: Clicking on Actor (LMB): StaticMeshActor (train)
[2018.11.22-02.48.46:835][808]Cmd: CAMERA ALIGN ACTIVEVIEWPORTONLY
[2018.11.22-02.49.06:146][107]Cmd: CAMERA ALIGN ACTIVEVIEWPORTONLY
[2018.11.22-02.49.48:818][202]Cmd: CAMERA ALIGN ACTIVEVIEWPORTONLY
[2018.11.22-02.50.12:677][ 59]LogEditorViewport: Clicking on Actor (LMB): StaticMeshActor (Wood_Car_Texture)
[2018.11.22-02.50.51:453][412]LogSlate: FSceneViewport::OnFocusLost() reason 2
[2018.11.22-02.50.52:509][412]LogSavePackage: Moving '../../../../../../Users/u1101109/Documents/GitHub/AssetPipeMaster02/APsec1LargeCityBase 4.20/Saved/StreetSceneLarge_AC_Auto17459A5914BD7C043C9FE4C91BA22FC39.tmp' to '../../../../../../Users/u1101109/Documents/GitHub/AssetPipeMaster02/APsec1LargeCityBase 4.20/Saved/Autosaves/Game/StreetSceneLarge_AC_Auto1.umap'
[2018.11.22-02.50.52:520][412]LogFileHelpers: Editor autosave (incl. sublevels) for '/Game/StreetSceneLarge_AC' took 1.055
[2018.11.22-02.50.52:520][412]LogFileHelpers: Editor autosave (incl. sublevels) for all levels took 1.055
[2018.11.22-03.00.02:612][269]LogSlate: FSceneViewport::OnFocusLost() reason 2
[2018.11.22-03.00.03:632][269]LogSavePackage: Moving '../../../../../../Users/u1101109/Documents/GitHub/AssetPipeMaster02/APsec1LargeCityBase 4.20/Saved/StreetSceneLarge_AC3336CEAD40956745E21060AB85ABED7D.tmp' to '../../../../../../Users/u1101109/Documents/GitHub/AssetPipeMaster02/APsec1LargeCityBase 4.20/Content/StreetSceneLarge_AC.umap'
[2018.11.22-03.21.24:585][614]Cmd: DELETE
[2018.11.22-03.21.24:585][614]Cmd: ACTOR DELETE
[2018.11.22-03.21.24:616][614]LogEditorActor: Deleted Actor: Brush
[2018.11.22-03.21.24:667][614]LogEditorActor: Deleted 1 Actors (0.081 secs)
[2018.11.22-03.21.26:511][824]Cmd: DELETE
[2018.11.22-03.21.26:511][824]Cmd: ACTOR DELETE
[2018.11.22-03.21.26:527][824]LogEditorActor: Deleted Actor: Brush
[2018.11.22-03.21.26:568][824]LogEditorActor: Deleted 1 Actors (0.058 secs)
[2018.11.22-03.21.28:304][ 22]Cmd: DELETE
[2018.11.22-03.21.28:304][ 22]Cmd: ACTOR DELETE
[2018.11.22-03.21.28:321][ 22]LogEditorActor: Deleted Actor: Brush
[2018.11.22-03.21.28:361][ 22]LogEditorActor: Deleted 1 Actors (0.056 secs)
[2018.11.22-03.21.30:095][222]LogSlate: FSceneViewport::OnFocusLost() reason 0
[2018.11.22-03.21.56:017][308]LogSavePackage: Moving '../../../../../../Users/u1101109/Documents/GitHub/AssetPipeMaster02/APsec1LargeCityBase 4.20/Saved/StreetSceneLarge_AC_Auto24E4390CC47BF0435D53554BD65A8FF01.tmp' to '../../../../../../Users/u1101109/Documents/GitHub/AssetPipeMaster02/APsec1LargeCityBase 4.20/Saved/Autosaves/Game/StreetSceneLarge_AC_Auto2.umap'
[2018.11.22-03.21.56:023][308]LogFileHelpers: Editor autosave (incl. sublevels) for '/Game/StreetSceneLarge_AC' took 0.984
[2018.11.22-03.21.56:023][308]LogFileHelpers: Editor autosave (incl. sublevels) for all levels took 0.984
[2018.11.22-03.22.47:511][873]LogFactory: FactoryCreateFile: StaticMesh with FbxFactory (0 0 ../../../../../../Users/u1101109/Desktop/Assignemnt_4.2.obj)
[2018.11.22-03.22.47:548][873]LogFbx: Loading FBX Scene from ../../../../../../Users/u1101109/Desktop/Assignemnt_4.2.obj
[2018.11.22-03.22.47:559][873]LogFbx: FBX Scene Loaded Succesfully
[2018.11.22-03.22.49:450][873]LogSlate: Window 'FBX Import Options' being destroyed
[2018.11.22-03.22.49:618][873]LogMaterial: Display: Missing cached shader map for material initialShadingGroup, compiling. 
[2018.11.22-03.22.49:633][873]LogShaderCompilers: Display: Shaders left to compile 22
[2018.11.22-03.22.49:633][873]LogShaderCompilers: Display: Shaders left to compile 12
[2018.11.22-03.22.49:633][873]LogShaderCompilers: Display: Shaders left to compile 2
[2018.11.22-03.22.49:633][873]LogFbx: Warning: Triangulating static mesh pCube1
[2018.11.22-03.22.49:649][873]LogStaticMesh: Building static mesh Assignemnt_4_2...
[2018.11.22-03.22.49:665][873]LogStaticMesh: Built static mesh [0.02s] /Game/Alexander_Cervantes_Content/Assignemnt_4_2.Assignemnt_4_2
[2018.11.22-03.22.57:383][207]LogFactory: FactoryCreateFile: StaticMesh with FbxFactory (0 0 ../../../../../../Users/u1101109/Desktop/Assignemnt_4.3.obj)
[2018.11.22-03.22.57:390][207]LogFbx: Loading FBX Scene from ../../../../../../Users/u1101109/Desktop/Assignemnt_4.3.obj
[2018.11.22-03.22.57:392][207]LogFbx: FBX Scene Loaded Succesfully
[2018.11.22-03.22.58:653][207]LogSlate: Window 'FBX Import Options' being destroyed
[2018.11.22-03.22.58:676][207]LogStaticMesh: Building static mesh Assignemnt_4_3...
[2018.11.22-03.22.58:677][207]LogStaticMesh: Built static mesh [0.00s] /Game/Alexander_Cervantes_Content/Assignemnt_4_3.Assignemnt_4_3
[2018.11.22-03.22.58:688][207]FBXImport: Warning: No smoothing group information was found in this FBX scene.  Please make sure to enable the 'Export Smoothing Groups' option in the FBX Exporter plug-in before exporting the file.  Even for tools that don't support smoothing groups, the FBX Exporter will generate appropriate smoothing data at export-time so that correct vertex normals can be inferred while importing. 
[2018.11.22-03.23.04:923][802]LogSlate: Window 'Message Log' being destroyed
[2018.11.22-03.23.04:928][802]LogSlate: Window 'Message Log' being destroyed
[2018.11.22-03.23.11:534][970]LogFactory: FactoryCreateFile: StaticMesh with FbxFactory (0 0 ../../../../../../Users/u1101109/Desktop/Assignemnt_4.obj)
[2018.11.22-03.23.11:540][970]LogFbx: Loading FBX Scene from ../../../../../../Users/u1101109/Desktop/Assignemnt_4.obj
[2018.11.22-03.23.11:542][970]LogFbx: FBX Scene Loaded Succesfully
[2018.11.22-03.23.13:058][970]LogSlate: Window 'FBX Import Options' being destroyed
[2018.11.22-03.23.13:087][970]LogFbx: Warning: Triangulating static mesh pCube3
[2018.11.22-03.23.13:091][970]LogStaticMesh: Building static mesh Assignemnt_4...
[2018.11.22-03.23.13:092][970]LogStaticMesh: Built static mesh [0.00s] /Game/Alexander_Cervantes_Content/Assignemnt_4.Assignemnt_4
[2018.11.22-03.23.13:102][970]FBXImport: Warning: No smoothing group information was found in this FBX scene.  Please make sure to enable the 'Export Smoothing Groups' option in the FBX Exporter plug-in before exporting the file.  Even for tools that don't support smoothing groups, the FBX Exporter will generate appropriate smoothing data at export-time so that correct vertex normals can be inferred while importing. 
[2018.11.22-03.23.17:075][367]LogSlate: Window 'Message Log' being destroyed
[2018.11.22-03.23.17:079][367]LogSlate: Window 'Message Log' being destroyed
[2018.11.22-03.23.20:633][652]LogActorFactory: Actor Factory created Assignemnt_4
[2018.11.22-03.23.22:031][810]LogActorFactory: Actor Factory created Assignemnt_4
[2018.11.22-03.23.23:565][988]Cmd: CAMERA ALIGN ACTIVEVIEWPORTONLY
[2018.11.22-03.23.51:830][348]LogEditorViewport: Clicking on Actor (LMB): StaticMeshActor (GroundBase129)
[2018.11.22-03.23.53:669][564]Cmd: TRANSACTION UNDO
[2018.11.22-03.23.53:669][564]LogEditorTransaction: Undo Clicking on Actors
[2018.11.22-03.23.55:691][751]LogSlate: FSceneViewport::OnFocusLost() reason 0
[2018.11.22-03.23.58:218][ 30]LogEditorViewport: Clicking on Actor (LMB): StaticMeshActor (GroundBase128)
[2018.11.22-03.23.59:514][181]Cmd: TRANSACTION UNDO
[2018.11.22-03.23.59:514][181]LogEditorTransaction: Undo Clicking on Actors
[2018.11.22-03.24.02:629][539]LogEditorViewport: Clicking on Actor (LMB): StaticMeshActor (GroundBase128)
[2018.11.22-03.24.02:699][543]LogEditorViewport: Clicking on Actor (double click): StaticMeshActor (GroundBase128)
[2018.11.22-03.24.03:764][666]Cmd: TRANSACTION UNDO
[2018.11.22-03.24.03:764][666]LogEditorTransaction: Undo Clicking on Actors (double-click)
[2018.11.22-03.24.05:216][802]LogSlate: FSceneViewport::OnFocusLost() reason 0
[2018.11.22-03.24.09:347][129]Cmd: TRANSACTION UNDO
[2018.11.22-03.24.09:347][129]LogEditorTransaction: Undo Clicking on Actors
[2018.11.22-03.24.17:507][ 90]LogEditorViewport: Clicking on Actor (LMB): StaticMeshActor (GroundBase129)
[2018.11.22-03.24.19:310][255]LogSlate: FSceneViewport::OnFocusLost() reason 0
[2018.11.22-03.24.20:129][310]LogAssetEditorManager: Opening Asset editor for StaticMesh /Game/Alexander_Cervantes_Content/Assignemnt_4.Assignemnt_4
[2018.11.22-03.24.20:549][310]LogSlate: Took 0.000176 seconds to synchronously load lazily loaded font '../../../Engine/Content/Slate/Fonts/Roboto-Italic.ttf' (157K)
[2018.11.22-03.24.33:222][297]LogSlate: FSceneViewport::OnFocusLost() reason 0
[2018.11.22-03.24.33:325][309]LogSlate: Window 'Assignemnt_4*' being destroyed
[2018.11.22-03.24.33:329][309]LogSlate: Window 'Assignemnt_4*' being destroyed
[2018.11.22-03.24.36:572][615]LogEditorViewport: Clicking on Actor (LMB): StaticMeshActor (GroundBase129)
[2018.11.22-03.24.36:966][656]LogEditorViewport: Clicking on Actor (LMB): StaticMeshActor (GroundBase128)
[2018.11.22-03.24.37:866][762]Cmd: TRANSACTION UNDO
[2018.11.22-03.24.37:866][762]LogEditorTransaction: Undo Clicking on Actors
[2018.11.22-03.24.38:121][787]Cmd: TRANSACTION UNDO
[2018.11.22-03.24.38:121][787]LogEditorTransaction: Undo Clicking on Actors
[2018.11.22-03.24.38:374][811]Cmd: TRANSACTION UNDO
[2018.11.22-03.24.38:374][811]LogEditorTransaction: Undo Clicking on Actors
[2018.11.22-03.24.39:105][889]Cmd: TRANSACTION UNDO
[2018.11.22-03.24.39:105][889]LogEditorTransaction: Undo Scale Actors
[2018.11.22-03.24.39:611][945]Cmd: TRANSACTION UNDO
[2018.11.22-03.24.39:611][945]LogEditorTransaction: Undo Scale Actors
[2018.11.22-03.24.40:052][995]Cmd: TRANSACTION UNDO
[2018.11.22-03.24.40:052][995]LogEditorTransaction: Undo Scale Actors
[2018.11.22-03.24.40:503][ 46]Cmd: TRANSACTION UNDO
[2018.11.22-03.24.40:503][ 46]LogEditorTransaction: Undo Scale Actors
[2018.11.22-03.24.40:927][ 94]Cmd: TRANSACTION UNDO
[2018.11.22-03.24.40:928][ 94]LogEditorTransaction: Undo Move Actors
[2018.11.22-03.24.41:501][158]Cmd: TRANSACTION UNDO
[2018.11.22-03.24.41:501][158]LogEditorTransaction: Undo Scale Actors
[2018.11.22-03.24.41:959][209]Cmd: TRANSACTION UNDO
[2018.11.22-03.24.41:959][209]LogEditorTransaction: Undo Scale Actors
[2018.11.22-03.24.42:427][262]Cmd: TRANSACTION UNDO
[2018.11.22-03.24.42:427][262]LogEditorTransaction: Undo Scale Actors
[2018.11.22-03.24.43:019][330]Cmd: TRANSACTION UNDO
[2018.11.22-03.24.43:019][330]LogEditorTransaction: Undo Create Actors
[2018.11.22-03.24.45:524][518]LogSlate: FSceneViewport::OnFocusLost() reason 0
[2018.11.22-03.24.47:024][645]LogActorFactory: Actor Factory created Assignemnt_4
[2018.11.22-03.24.47:986][752]LogActorFactory: Actor Factory created Assignemnt_4
[2018.11.22-03.24.53:554][413]LogSlate: FSceneViewport::OnFocusLost() reason 0
[2018.11.22-03.25.20:020][514]LogEditorViewport: Clicking on Actor (LMB): StaticMeshActor (Assignemnt_4)
[2018.11.22-03.25.20:119][523]LogEditorViewport: Clicking on Component (LMB): StaticMeshComponent (StaticMeshComponent0)
[2018.11.22-03.25.41:871][ 89]LogSlate: FSceneViewport::OnFocusLost() reason 0
[2018.11.22-03.25.43:471][209]LogActorFactory: Actor Factory created Assignemnt_4_2
[2018.11.22-03.25.44:442][317]LogActorFactory: Actor Factory created Assignemnt_4_2
[2018.11.22-03.25.45:452][434]Cmd: CAMERA ALIGN ACTIVEVIEWPORTONLY
[2018.11.22-03.26.02:287][428]Cmd: CAMERA ALIGN ACTIVEVIEWPORTONLY
[2018.11.22-03.26.07:921][ 97]Cmd: CAMERA ALIGN ACTIVEVIEWPORTONLY
[2018.11.22-03.26.29:614][647]LogSlate: FSceneViewport::OnFocusLost() reason 0
[2018.11.22-03.26.30:544][725]LogActorFactory: Actor Factory created Assignemnt_4_3
[2018.11.22-03.26.31:417][825]LogActorFactory: Actor Factory created Assignemnt_4_3
[2018.11.22-03.26.33:791][104]Cmd: CAMERA ALIGN ACTIVEVIEWPORTONLY
[2018.11.22-03.26.59:943][220]LogSlate: FSceneViewport::OnFocusLost() reason 2
[2018.11.22-03.27.00:899][220]LogSavePackage: Moving '../../../../../../Users/u1101109/Documents/GitHub/AssetPipeMaster02/APsec1LargeCityBase 4.20/Saved/StreetSceneLarge_AC43595EBA4A7376F2701BE4A58B03CE40.tmp' to '../../../../../../Users/u1101109/Documents/GitHub/AssetPipeMaster02/APsec1LargeCityBase 4.20/Content/StreetSceneLarge_AC.umap'
[2018.11.22-03.29.00:481][966]LogEditorViewport: Clicking on Actor (LMB): StaticMeshActor (Assignemnt_4_2)
[2018.11.22-03.29.05:492][559]LogSlate: FSceneViewport::OnFocusLost() reason 2
[2018.11.22-03.29.06:421][559]LogSavePackage: Moving '../../../../../../Users/u1101109/Documents/GitHub/AssetPipeMaster02/APsec1LargeCityBase 4.20/Saved/StreetSceneLarge_AC61DE5A2F433DE9CB4DEA4AB381B9F528.tmp' to '../../../../../../Users/u1101109/Documents/GitHub/AssetPipeMaster02/APsec1LargeCityBase 4.20/Content/StreetSceneLarge_AC.umap'
