Log file open, 11/21/18 20:43:07
LogWindows: Failed to load 'aqProf.dll' (GetLastError=126)
LogWindows: File 'aqProf.dll' does not exist
LogWindows: Failed to load 'VSPerf140.dll' (GetLastError=126)
LogWindows: File 'VSPerf140.dll' does not exist
LogWindows: Failed to load 'VtuneApi.dll' (GetLastError=126)
LogWindows: File 'VtuneApi.dll' does not exist
LogWindows: Failed to load 'VtuneApi32e.dll' (GetLastError=126)
LogWindows: File 'VtuneApi32e.dll' does not exist
LogInit: Display: Running engine for game: APsec1LargeCityBase
LogPlatformFile: Not using cached read wrapper
LogTaskGraph: Started task graph with 5 named threads and 35 total threads with 3 sets of task threads.
LogStats: Stats thread started at 0.416279
LogD3D11RHI: Loaded GFSDK_Aftermath_Lib.x64.dll
LogICUInternationalization: Display: ICU TimeZone Detection - Raw Offset: -7:00, Platform Override: ''
LogPluginManager: Mounting plugin Paper2D
LogPluginManager: Mounting plugin AISupport
LogPluginManager: Mounting plugin LightPropagationVolume
LogPluginManager: Mounting plugin CLionSourceCodeAccess
LogPluginManager: Mounting plugin CodeLiteSourceCodeAccess
LogPluginManager: Mounting plugin GitSourceControl
LogPluginManager: Mounting plugin KDevelopSourceCodeAccess
LogPluginManager: Mounting plugin NullSourceCodeAccess
LogPluginManager: Mounting plugin PerforceSourceControl
LogPluginManager: Mounting plugin SubversionSourceControl
LogPluginManager: Mounting plugin UObjectPlugin
LogPluginManager: Mounting plugin VisualStudioCodeSourceCodeAccess
LogPluginManager: Mounting plugin VisualStudioSourceCodeAccess
LogPluginManager: Mounting plugin XCodeSourceCodeAccess
LogPluginManager: Mounting plugin AssetManagerEditor
LogPluginManager: Mounting plugin CryptoKeys
LogPluginManager: Mounting plugin DataValidation
LogPluginManager: Mounting plugin FacialAnimation
LogPluginManager: Mounting plugin GameplayTagsEditor
LogPluginManager: Mounting plugin MacGraphicsSwitching
LogPluginManager: Mounting plugin MeshEditor
LogPluginManager: Mounting plugin MobileLauncherProfileWizard
LogPluginManager: Mounting plugin PluginBrowser
LogPluginManager: Mounting plugin SpeedTreeImporter
LogPluginManager: Mounting plugin DatasmithContent
LogPluginManager: Mounting plugin AlembicImporter
LogPluginManager: Mounting plugin AppleImageUtils
LogPluginManager: Mounting plugin AppleVision
LogPluginManager: Mounting plugin BackChannel
LogPluginManager: Mounting plugin CharacterAI
LogPluginManager: Mounting plugin GeometryCache
LogPluginManager: Mounting plugin HTML5Networking
LogPluginManager: Mounting plugin ProxyLODPlugin
LogPluginManager: Mounting plugin MagicLeap
LogPluginManager: Mounting plugin MagicLeapEmulator
LogPluginManager: Mounting plugin MagicLeapMedia
LogPluginManager: Mounting plugin AndroidMedia
LogPluginManager: Mounting plugin AvfMedia
LogPluginManager: Mounting plugin ImgMedia
LogPluginManager: Mounting plugin LinearTimecode
LogPluginManager: Mounting plugin MediaCompositing
LogPluginManager: Mounting plugin MediaPlayerEditor
LogPluginManager: Mounting plugin WmfMedia
LogPluginManager: Mounting plugin TcpMessaging
LogPluginManager: Mounting plugin UdpMessaging
LogPluginManager: Mounting plugin ActorSequence
LogPluginManager: Mounting plugin LevelSequenceEditor
LogPluginManager: Mounting plugin MatineeToLevelSequence
LogPluginManager: Mounting plugin NetcodeUnitTest
LogPluginManager: Mounting plugin NUTUnrealEngine4
LogPluginManager: Mounting plugin OnlineSubsystemGooglePlay
LogPluginManager: Mounting plugin OnlineSubsystemIOS
LogPluginManager: Mounting plugin OnlineSubsystem
LogPluginManager: Mounting plugin OnlineSubsystemNull
LogPluginManager: Mounting plugin OnlineSubsystemUtils
LogPluginManager: Mounting plugin LauncherChunkInstaller
LogPluginManager: Mounting plugin AndroidDeviceProfileSelector
LogPluginManager: Mounting plugin AndroidMoviePlayer
LogPluginManager: Mounting plugin AndroidPermission
LogPluginManager: Mounting plugin AppleMoviePlayer
LogPluginManager: Mounting plugin ArchVisCharacter
LogPluginManager: Mounting plugin AudioCapture
LogPluginManager: Mounting plugin CableComponent
LogPluginManager: Mounting plugin CustomMeshComponent
LogPluginManager: Mounting plugin EditableMesh
LogPluginManager: Mounting plugin ExampleDeviceProfileSelector
LogPluginManager: Mounting plugin GoogleCloudMessaging
LogPluginManager: Mounting plugin ImmediatePhysics
LogPluginManager: Mounting plugin IOSDeviceProfileSelector
LogPluginManager: Mounting plugin LinuxDeviceProfileSelector
LogPluginManager: Mounting plugin LocationServicesBPLibrary
LogPluginManager: Mounting plugin MobilePatchingUtils
LogPluginManager: Mounting plugin OculusVR
LogPluginManager: Plugin shader directory ../../../Engine/Plugins/Runtime/Oculus/OculusVR/Shaders found
LogPluginManager: Mapping shader source directory ../../../Engine/Plugins/Runtime/Oculus/OculusVR/Shaders to virtual directory /Plugin/OculusVR
LogPluginManager: Mounting plugin PhysXVehicles
LogPluginManager: Mounting plugin ProceduralMeshComponent
LogPluginManager: Mounting plugin RuntimePhysXCooking
LogPluginManager: Mounting plugin SteamVR
LogPluginManager: Mounting plugin WindowsMoviePlayer
LogStreaming: Display: Took  0.187s to configure plugins.
LogInit: Using libcurl 7.55.1-DEV
LogInit:  - built for x86_64-pc-win32
LogInit:  - supports SSL with OpenSSL/1.0.2h
LogInit:  - supports HTTP deflate (compression) using libz 1.2.8
LogInit:  - other features:
LogInit:      CURL_VERSION_SSL
LogInit:      CURL_VERSION_LIBZ
LogInit:      CURL_VERSION_IPV6
LogInit:      CURL_VERSION_ASYNCHDNS
LogInit:      CURL_VERSION_LARGEFILE
LogInit:      CURL_VERSION_IDN
LogInit:  CurlRequestOptions (configurable via config and command line):
LogInit:  - bVerifyPeer = false  - Libcurl will NOT verify peer certificate
LogInit:  - bUseHttpProxy = false  - Libcurl will NOT use HTTP proxy
LogInit:  - bDontReuseConnections = false  - Libcurl will reuse connections
LogInit:  - CertBundlePath = nullptr  - Libcurl will use whatever was configured at build time.
LogInit:  - MaxHostConnections = 16  - Libcurl will limit the number of connections to a host
LogInit:  - LocalHostAddr = Default
LogInit:  - BufferSize = 65536
LogInit: WinSock: version 1.1 (2.2), MaxSocks=32767, MaxUdp=65467
LogInit: Build: ++UE4+Release-4.20-CL-4369336
LogInit: Engine Version: 4.20.3-4369336+++UE4+Release-4.20
LogInit: Compatible Engine Version: 4.20.0-4212847+++UE4+Release-4.20
LogInit: Net CL: 4212847
LogInit: OS: Windows 10 (), CPU: Intel(R) Core(TM) i7-8750H CPU @ 2.20GHz, GPU: Intel(R) UHD Graphics 630
LogInit: Compiled (64-bit): Sep 17 2018 12:26:19
LogInit: Compiled with Visual C++: 19.13.26129.00
LogInit: Build Configuration: Development
LogInit: Branch Name: ++UE4+Release-4.20
LogInit: Command Line: 
LogInit: Base Directory: C:/Program Files/Epic Games/UE_4.20/Engine/Binaries/Win64/
LogInit: Installed Engine Build: 1
LogDevObjectVersion: Number of dev versions registered: 20
LogDevObjectVersion:   Dev-Blueprints (B0D832E4-1F89-4F0D-ACCF-7EB736FD4AA2): 10
LogDevObjectVersion:   Dev-Build (E1C64328-A22C-4D53-A36C-8E866417BD8C): 0
LogDevObjectVersion:   Dev-Core (375EC13C-06E4-48FB-B500-84F0262A717E): 2
LogDevObjectVersion:   Dev-Editor (E4B068ED-F494-42E9-A231-DA0B2E46BB41): 24
LogDevObjectVersion:   Dev-Framework (CFFC743F-43B0-4480-9391-14DF171D2073): 34
LogDevObjectVersion:   Dev-Mobile (B02B49B5-BB20-44E9-A304-32B752E40360): 2
LogDevObjectVersion:   Dev-Networking (A4E4105C-59A1-49B5-A7C5-40C4547EDFEE): 0
LogDevObjectVersion:   Dev-Online (39C831C9-5AE6-47DC-9A44-9C173E1C8E7C): 0
LogDevObjectVersion:   Dev-Physics (78F01B33-EBEA-4F98-B9B4-84EACCB95AA2): 0
LogDevObjectVersion:   Dev-Platform (6631380F-2D4D-43E0-8009-CF276956A95A): 0
LogDevObjectVersion:   Dev-Rendering (12F88B9F-8875-4AFC-A67C-D90C383ABD29): 26
LogDevObjectVersion:   Dev-Sequencer (7B5AE74C-D270-4C10-A958-57980B212A5A): 9
LogDevObjectVersion:   Dev-VR (D7296918-1DD6-4BDD-9DE2-64A83CC13884): 2
LogDevObjectVersion:   Dev-LoadTimes (C2A15278-BFE7-4AFE-6C17-90FF531DF755): 1
LogDevObjectVersion:   Private-Geometry (6EACA3D4-40EC-4CC1-B786-8BED09428FC5): 3
LogDevObjectVersion:   Dev-AnimPhys (29E575DD-E0A3-4627-9D10-D276232CDCEA): 17
LogDevObjectVersion:   Dev-ReflectionCapture (6B266CEC-1EC7-4B8F-A30B-E4D90942FC07): 1
LogDevObjectVersion:   Dev-Automation (0DF73D61-A23F-47EA-B727-89E90C41499A): 1
LogDevObjectVersion:   FortniteMain (601D1886-AC64-4F84-AA16-D3DE0DEAC7D6): 12
LogDevObjectVersion:   Dev-Enterprise (9DFFBCD6-494F-0158-E221-12823C92A888): 1
LogStreaming: Display: Took  0.002s to delete old logs.
LogInit: Presizing for max 8388607 objects, including 0 objects not considered by GC, pre-allocating 0 bytes for permanent pool.
LogInit: Object subsystem initialized
[2018.11.22-03.43.07:965][  0]LogInit: Selected Device Profile: [Windows]
[2018.11.22-03.43.07:965][  0]LogInit: Applying CVar settings loaded from the selected device profile: [Windows]
[2018.11.22-03.43.07:979][  0]LogHAL: Display: Platform has ~ 32 GB [34207944704 / 34359738368 / 32], which maps to Largest [LargestMinGB=32, LargerMinGB=12, DefaultMinGB=8, SmallerMinGB=6, SmallestMinGB=0)
[2018.11.22-03.43.07:979][  0]LogInit: Setting Device Profile CVar: [[r.Vulkan.UseRealUBs:1]]
[2018.11.22-03.43.07:979][  0]LogInit: Going up to parent DeviceProfile []
[2018.11.22-03.43.07:979][  0]LogInit: Computer: DESKTOP-CELO5D7
[2018.11.22-03.43.07:979][  0]LogInit: User: howle
[2018.11.22-03.43.07:979][  0]LogInit: CPU Page size=4096, Cores=6
[2018.11.22-03.43.07:979][  0]LogInit: High frequency timer resolution =2.156251 MHz
[2018.11.22-03.43.07:979][  0]LogMemory: Memory total: Physical=31.9GB (32GB approx)
[2018.11.22-03.43.07:979][  0]LogMemory: Platform Memory Stats for Windows
[2018.11.22-03.43.07:979][  0]LogMemory: Process Physical Memory: 101.38 MB used, 101.38 MB peak
[2018.11.22-03.43.07:980][  0]LogMemory: Process Virtual Memory: 86.03 MB used, 86.03 MB peak
[2018.11.22-03.43.07:980][  0]LogMemory: Physical Memory: 7865.56 MB used,  24757.68 MB free, 32623.24 MB total
[2018.11.22-03.43.07:980][  0]LogMemory: Virtual Memory: 4657.29 MB used,  24757.68 MB free, 134217728.00 MB total
[2018.11.22-03.43.07:995][  0]LogInit: Using OS detected language (en-US).
[2018.11.22-03.43.07:995][  0]LogInit: Using OS detected locale (en-US).
[2018.11.22-03.43.07:996][  0]LogTextLocalizationManager: No specific localization for 'en-US' exists, so the 'en' localization will be used.
[2018.11.22-03.43.08:348][  0]LogStreaming: Display: Took  0.353s to InitEngineTextLocalization.
[2018.11.22-03.43.08:349][  0]LogInit: Setting process to per monitor DPI aware
[2018.11.22-03.43.08:374][  0]LogSlate: New Slate User Created.  User Index 0, Is Virtual User: 0
[2018.11.22-03.43.08:375][  0]LogSlate: Slate User Registered.  User Index 0, Is Virtual User: 0
[2018.11.22-03.43.08:654][  0]LogHMD: Failed to initialize OpenVR with code 110
[2018.11.22-03.43.08:654][  0]LogD3D11RHI: D3D11 adapters:
[2018.11.22-03.43.08:744][  0]LogD3D11RHI:    0. 'NVIDIA GeForce GTX 1050 Ti' (Feature Level 11_0)
[2018.11.22-03.43.08:744][  0]LogD3D11RHI:       4021/0/16311 MB DedicatedVideo/DedicatedSystem/SharedSystem, Outputs:1, VendorId:0x10de
[2018.11.22-03.43.08:758][  0]LogD3D11RHI:    1. 'Intel(R) UHD Graphics 630' (Feature Level 11_0)
[2018.11.22-03.43.08:758][  0]LogD3D11RHI:       128/0/16311 MB DedicatedVideo/DedicatedSystem/SharedSystem, Outputs:0, VendorId:0x8086
[2018.11.22-03.43.08:760][  0]LogD3D11RHI:    2. 'Microsoft Basic Render Driver' (Feature Level 11_0)
[2018.11.22-03.43.08:760][  0]LogD3D11RHI:       0/0/16311 MB DedicatedVideo/DedicatedSystem/SharedSystem, Outputs:0, VendorId:0x1414
[2018.11.22-03.43.08:760][  0]LogD3D11RHI: Chosen D3D11 Adapter: 0
[2018.11.22-03.43.08:787][  0]LogD3D11RHI: Creating new Direct3DDevice
[2018.11.22-03.43.08:787][  0]LogD3D11RHI:     GPU DeviceId: 0x1c8c (for the marketing name, search the web for "GPU Device Id")
[2018.11.22-03.43.08:788][  0]LogWindows: EnumDisplayDevices:
[2018.11.22-03.43.08:788][  0]LogWindows:    0. 'Intel(R) UHD Graphics 630' (P:1 D:1)
[2018.11.22-03.43.08:788][  0]LogWindows:    1. 'Intel(R) UHD Graphics 630' (P:0 D:0)
[2018.11.22-03.43.08:788][  0]LogWindows:    2. 'Intel(R) UHD Graphics 630' (P:0 D:0)
[2018.11.22-03.43.08:788][  0]LogWindows: DebugString: PrimaryIsNotTheChoosenAdapter PrimaryIsNotTheChoosenAdapter PrimaryIsNotTheChoosenAdapter FoundDriverCount:0 
[2018.11.22-03.43.08:788][  0]LogD3D11RHI:     Adapter Name: NVIDIA GeForce GTX 1050 Ti
[2018.11.22-03.43.08:788][  0]LogD3D11RHI:   Driver Version: Unknown (internal:Unknown, unified:Unknown)
[2018.11.22-03.43.08:788][  0]LogD3D11RHI:      Driver Date: Unknown
[2018.11.22-03.43.08:788][  0]LogRHI: Texture pool is 2814 MB (70% of 4021 MB)
[2018.11.22-03.43.08:828][  0]LogD3D11RHI: Async texture creation enabled
[2018.11.22-03.43.08:845][  0]LogD3D11RHI: GPU Timing Frequency: 1000.000000 (Debug: 2 2)
[2018.11.22-03.43.08:846][  0]LogShaderCompilers: Guid format shader working directory is -46 characters bigger than the processId version (../../../../../../Users/howle/OneDrive/Documents/AssetPipeMaster02/APsec1LargeCityBase 4.20/Intermediate/Shaders/WorkingDirectory/13048/).
[2018.11.22-03.43.08:846][  0]LogShaderCompilers: Cleaned the shader compiler working directory 'C:/Users/howle/AppData/Local/Temp/UnrealShaderWorkingDir/676E6CD549C4B7F4C60F328B15595AE4/'.
[2018.11.22-03.43.09:123][  0]LogTemp: Display: Loaded TP AllDesktopTargetPlatform
[2018.11.22-03.43.09:135][  0]LogTemp: Display: Loaded TP MacClientTargetPlatform
[2018.11.22-03.43.09:146][  0]LogTemp: Display: Loaded TP MacNoEditorTargetPlatform
[2018.11.22-03.43.09:162][  0]LogTemp: Display: Loaded TP MacServerTargetPlatform
[2018.11.22-03.43.09:179][  0]LogTemp: Display: Loaded TP MacTargetPlatform
[2018.11.22-03.43.09:196][  0]LogTemp: Display: Loaded TP WindowsClientTargetPlatform
[2018.11.22-03.43.09:214][  0]LogTemp: Display: Loaded TP WindowsNoEditorTargetPlatform
[2018.11.22-03.43.09:233][  0]LogTemp: Display: Loaded TP WindowsServerTargetPlatform
[2018.11.22-03.43.09:240][  0]LogTemp: Display: Loaded TP WindowsTargetPlatform
[2018.11.22-03.43.09:319][  0]LogTemp: Display: Loaded TP AndroidTargetPlatform
[2018.11.22-03.43.09:319][  0]LogTemp: Display: Loaded TP AndroidTargetPlatform
[2018.11.22-03.43.09:319][  0]LogTemp: Display: Loaded TP AndroidTargetPlatform
[2018.11.22-03.43.09:319][  0]LogTemp: Display: Loaded TP AndroidTargetPlatform
[2018.11.22-03.43.09:320][  0]LogTemp: Display: Loaded TP AndroidTargetPlatform
[2018.11.22-03.43.09:320][  0]LogTemp: Display: Loaded TP AndroidTargetPlatform
[2018.11.22-03.43.09:320][  0]LogTemp: Display: Loaded TP AndroidTargetPlatform
[2018.11.22-03.43.09:320][  0]LogTemp: Display: Loaded TP AndroidTargetPlatform
[2018.11.22-03.43.09:320][  0]LogTemp: Display: Loaded TP AndroidTargetPlatform
[2018.11.22-03.43.09:320][  0]LogTemp: Display: Loaded TP AndroidTargetPlatform
[2018.11.22-03.43.09:320][  0]LogTemp: Display: Loaded TP AndroidTargetPlatform
[2018.11.22-03.43.09:320][  0]LogTemp: Display: Loaded TP AndroidTargetPlatform
[2018.11.22-03.43.09:320][  0]LogTemp: Display: Loaded TP AndroidTargetPlatform
[2018.11.22-03.43.09:320][  0]LogTemp: Display: Loaded TP AndroidTargetPlatform
[2018.11.22-03.43.09:320][  0]LogTemp: Display: Loaded TP AndroidTargetPlatform
[2018.11.22-03.43.09:320][  0]LogTemp: Display: Loaded TP AndroidTargetPlatform
[2018.11.22-03.43.09:320][  0]LogTemp: Display: Loaded TP AndroidTargetPlatform
[2018.11.22-03.43.09:320][  0]LogTemp: Display: Loaded TP AndroidTargetPlatform
[2018.11.22-03.43.09:321][  0]LogTemp: Display: Loaded TP HTML5TargetPlatform
[2018.11.22-03.43.09:380][  0]LogTemp: Display: Loaded TP IOSTargetPlatform
[2018.11.22-03.43.09:380][  0]LogTemp: Display: Loaded TP IOSTargetPlatform
[2018.11.22-03.43.09:405][  0]LogTemp: Display: Loaded TP TVOSTargetPlatform
[2018.11.22-03.43.09:405][  0]LogTemp: Display: Loaded TP TVOSTargetPlatform
[2018.11.22-03.43.09:417][  0]LogTemp: Display: Loaded TP LinuxClientTargetPlatform
[2018.11.22-03.43.09:433][  0]LogTemp: Display: Loaded TP LinuxNoEditorTargetPlatform
[2018.11.22-03.43.09:445][  0]LogTemp: Display: Loaded TP LinuxServerTargetPlatform
[2018.11.22-03.43.09:458][  0]LogTemp: Display: Loaded TP LinuxTargetPlatform
[2018.11.22-03.43.09:470][  0]LogTemp: Display: Loaded TP LuminTargetPlatform
[2018.11.22-03.43.09:470][  0]LogTargetPlatformManager: Display: Building Assets For Windows
[2018.11.22-03.43.09:538][  0]LogXGEController: Cannot use XGE Controller as Incredibuild is not installed on this machine.
[2018.11.22-03.43.09:538][  0]LogShaderCompilers: Cannot use XGE Shader Compiler as Incredibuild is not installed on this machine.
[2018.11.22-03.43.09:538][  0]LogShaderCompilers: Display: Using Local Shader Compiler.
[2018.11.22-03.43.10:396][  0]LogDerivedDataCache: Display: Max Cache Size: 512 MB
[2018.11.22-03.43.10:447][  0]LogDerivedDataCache: Loaded boot cache 0.05s 71MB C:/Users/howle/AppData/Local/UnrealEngine/4.20/DerivedDataCache/Boot.ddc.
[2018.11.22-03.43.10:448][  0]LogDerivedDataCache: Display: Loaded Boot cache: C:/Users/howle/AppData/Local/UnrealEngine/4.20/DerivedDataCache/Boot.ddc
[2018.11.22-03.43.10:448][  0]LogDerivedDataCache: FDerivedDataBackendGraph:  Pak pak cache file ../../../../../../Users/howle/OneDrive/Documents/AssetPipeMaster02/APsec1LargeCityBase 4.20/DerivedDataCache/DDC.ddp not found, will not use a pak cache.
[2018.11.22-03.43.10:448][  0]LogDerivedDataCache: Unable to find inner node Pak for hierarchical cache Hierarchy.
[2018.11.22-03.43.10:448][  0]LogDerivedDataCache: FDerivedDataBackendGraph:  CompressedPak pak cache file ../../../../../../Users/howle/OneDrive/Documents/AssetPipeMaster02/APsec1LargeCityBase 4.20/DerivedDataCache/Compressed.ddp not found, will not use a pak cache.
[2018.11.22-03.43.10:448][  0]LogDerivedDataCache: Unable to find inner node CompressedPak for hierarchical cache Hierarchy.
[2018.11.22-03.43.10:460][  0]LogDerivedDataCache: Display: Pak cache opened for reading ../../../Engine/DerivedDataCache/Compressed.ddp.
[2018.11.22-03.43.10:472][  0]LogDerivedDataCache: Using Local data cache path C:/Users/howle/AppData/Local/UnrealEngine/Common/DerivedDataCache: Writable
[2018.11.22-03.43.10:472][  0]LogDerivedDataCache: Shared data cache path not found in *engine.ini, will not use an Shared cache.
[2018.11.22-03.43.10:472][  0]LogDerivedDataCache: Unable to find inner node Shared for hierarchical cache Hierarchy.
[2018.11.22-03.43.10:494][  0]LogMaterial: Verifying Global Shaders for PCD3D_SM5
[2018.11.22-03.43.10:495][  0]LogSlate: Using FreeType 2.6.0
[2018.11.22-03.43.10:496][  0]LogSlate: SlateFontServices - WITH_FREETYPE: 1, WITH_HARFBUZZ: 1
[2018.11.22-03.43.10:572][  0]LogAssetRegistry: FAssetRegistry took 0.0278 seconds to start up
[2018.11.22-03.43.10:948][  0]LogInit: Selected Device Profile: [Windows]
[2018.11.22-03.43.11:095][  0]LogSimplygon: Simplygon DLL not present - disabling.
[2018.11.22-03.43.11:099][  0]LogMeshReduction: Using SimplygonSwarm for distributed automatic mesh merging
[2018.11.22-03.43.11:099][  0]LogMeshReduction: Using ProxyLODMeshReduction for automatic mesh merging
[2018.11.22-03.43.11:099][  0]LogMeshReduction: Using QuadricMeshReduction for automatic static mesh reduction
[2018.11.22-03.43.11:099][  0]LogMeshReduction: No automatic skeletal mesh reduction module available
[2018.11.22-03.43.11:113][  0]LogNetVersion: APsec1LargeCityBase 1.0.0, NetCL: 4212847, EngineNetVer: 5, GameNetVer: 0 (Checksum: 1121110827)
[2018.11.22-03.43.11:788][  0]LogPackageLocalizationCache: Processed 11 localized package path(s) for 2 prioritized culture(s) in 0.139974 seconds
[2018.11.22-03.43.11:798][  0]LogUObjectArray: 38425 objects as part of root set at end of initial load.
[2018.11.22-03.43.11:798][  0]LogUObjectAllocator: 6690864 out of 0 bytes used by permanent object pool.
[2018.11.22-03.43.11:798][  0]LogUObjectArray: CloseDisregardForGC: 0/0 objects in disregard for GC pool
[2018.11.22-03.43.12:962][  0]LogTcpMessaging: Initializing TcpMessaging bridge
[2018.11.22-03.43.12:975][  0]LogUdpMessaging: Initializing bridge on interface 0.0.0.0:0 to multicast group 230.0.0.1:6666.
[2018.11.22-03.43.13:138][  0]SourceControl: Source control is disabled
[2018.11.22-03.43.13:138][  0]SourceControl: Source control is disabled
[2018.11.22-03.43.13:140][  0]SourceControl: Source control is disabled
[2018.11.22-03.43.13:141][  0]SourceControl: Source control is disabled
[2018.11.22-03.43.13:324][  0]LogAndroidPermission: UAndroidPermissionCallbackProxy::GetInstance
[2018.11.22-03.43.13:454][  0]LogOcInput: OculusInput pre-init called
[2018.11.22-03.43.13:541][  0]LogEngine: Initializing Engine...
[2018.11.22-03.43.13:542][  0]LogHMD: Failed to initialize OpenVR with code 110
[2018.11.22-03.43.13:544][  0]LogStats: UGameplayTagsManager::ConstructGameplayTagTree: ImportINI prefixes -  0.000 s
[2018.11.22-03.43.13:544][  0]LogStats: UGameplayTagsManager::ConstructGameplayTagTree: Construct from data asset -  0.000 s
[2018.11.22-03.43.13:544][  0]LogStats: UGameplayTagsManager::ConstructGameplayTagTree: ImportINI -  0.000 s
[2018.11.22-03.43.13:544][  0]LogStats: UGameplayTagsManager::ConstructGameplayTagTree: GameplayTagTreeChangedEvent.Broadcast -  0.000 s
[2018.11.22-03.43.13:820][  0]LogInit: Initializing FReadOnlyCVARCache
[2018.11.22-03.43.13:839][  0]LogAIModule: Creating AISystem for world Untitled
[2018.11.22-03.43.13:852][  0]LogInit: XAudio2 using 'Speakers (Logi H800 Headset)' : 2 channels at 48 kHz using 16 bits per sample (channel mask 0x3)
[2018.11.22-03.43.13:868][  0]LogInit: FAudioDevice initialized.
[2018.11.22-03.43.13:869][  0]LogNetVersion: Set ProjectVersion to 1.0.0.0. Version Checksum will be recalculated on next use.
[2018.11.22-03.43.13:934][  0]LogDerivedDataCache: Saved boot cache 0.07s 71MB C:/Users/howle/AppData/Local/UnrealEngine/4.20/DerivedDataCache/Boot.ddc.
[2018.11.22-03.43.13:949][  0]LogInit: Texture streaming: Enabled
[2018.11.22-03.43.13:971][  0]LogEngineSessionManager: EngineSessionManager initialized
[2018.11.22-03.43.13:987][  0]LogInit: Transaction tracking system initialized
[2018.11.22-03.43.14:018][  0]BlueprintLog: New page: Editor Load
[2018.11.22-03.43.14:125][  0]LocalizationService: Localization service is disabled
[2018.11.22-03.43.14:477][  0]LogCook: Display: Max memory allowance for cook 16384mb min free memory 0mb
[2018.11.22-03.43.14:477][  0]LogCook: Display: Mobile HDR setting 1
[2018.11.22-03.43.14:478][  0]LogGameplayTags: Display: UGameplayTagsManager::DoneAddingNativeTags. DelegateIsBound: 0
[2018.11.22-03.43.14:478][  0]LogStats: UGameplayTagsManager::ConstructGameplayTagTree: ImportINI prefixes -  0.000 s
[2018.11.22-03.43.14:478][  0]LogStats: UGameplayTagsManager::ConstructGameplayTagTree: Construct from data asset -  0.000 s
[2018.11.22-03.43.14:478][  0]LogStats: UGameplayTagsManager::ConstructGameplayTagTree: ImportINI -  0.000 s
[2018.11.22-03.43.14:478][  0]LogStats: UGameplayTagsManager::ConstructGameplayTagTree: GameplayTagTreeChangedEvent.Broadcast -  0.000 s
[2018.11.22-03.43.14:647][  0]LogFileCache: Scanning file cache for directory 'C:/Users/howle/OneDrive/Documents/AssetPipeMaster02/APsec1LargeCityBase 4.20/Content/' took 0.02s
[2018.11.22-03.43.14:647][  0]SourceControl: Source control is disabled
[2018.11.22-03.43.14:647][  0]Cmd: MAP LOAD FILE="../../../Engine/Content/Maps/Templates/Template_Default.umap" TEMPLATE=1 SHOWPROGRESS=1 FEATURELEVEL=3
[2018.11.22-03.43.14:647][  0]LightingResults: New page: Lighting Build
[2018.11.22-03.43.14:652][  0]MapCheck: New page: Map Check
[2018.11.22-03.43.14:653][  0]LightingResults: New page: Lighting Build
[2018.11.22-03.43.15:006][  0]LogAIModule: Creating AISystem for world Untitled_1
[2018.11.22-03.43.15:015][  0]LogEditorServer: Finished looking for orphan Actors (0.000 secs)
[2018.11.22-03.43.15:058][  0]Cmd: MAP CHECKDEP NOCLEARLOG
[2018.11.22-03.43.15:152][  0]MapCheck: Map check complete: 0 Error(s), 0 Warning(s), took 94.77ms to complete.
[2018.11.22-03.43.15:152][  0]LogFileHelpers: Loading map 'Template_Default' took 0.506
[2018.11.22-03.43.15:304][  0]LogSlate: Updating window title bar state: overlay mode, drag disabled, window buttons hidden, title bar hidden
[2018.11.22-03.43.15:313][  0]LogSlate: Updating window title bar state: overlay mode, drag disabled, window buttons hidden, title bar hidden
[2018.11.22-03.43.15:323][  0]LogSlate: Updating window title bar state: overlay mode, drag disabled, window buttons hidden, title bar hidden
[2018.11.22-03.43.15:335][  0]LogSlate: Updating window title bar state: overlay mode, drag disabled, window buttons hidden, title bar hidden
[2018.11.22-03.43.15:352][  0]LogCollectionManager: Loaded 0 collections in 0.002612 seconds
[2018.11.22-03.43.15:410][  0]LogFileCache: Scanning file cache for directory 'C:/Users/howle/OneDrive/Documents/AssetPipeMaster02/APsec1LargeCityBase 4.20/Saved/Collections/' took 0.01s
[2018.11.22-03.43.15:410][  0]LogFileCache: Scanning file cache for directory 'C:/Users/howle/OneDrive/Documents/AssetPipeMaster02/APsec1LargeCityBase 4.20/Content/Developers/howle/Collections/' took 0.01s
[2018.11.22-03.43.15:410][  0]LogFileCache: Scanning file cache for directory 'C:/Users/howle/OneDrive/Documents/AssetPipeMaster02/APsec1LargeCityBase 4.20/Content/Collections/' took 0.01s
[2018.11.22-03.43.15:410][  0]LogCollectionManager: Rebuilt the GUID cache for 0 collections in 0.000000 seconds
[2018.11.22-03.43.15:425][  0]LogContentBrowser: Native class hierarchy populated in 0.0131 seconds. Added 2572 classes and 603 folders.
[2018.11.22-03.43.15:440][  0]LogContentBrowser: Native class hierarchy updated for 'WidgetCarousel' in 0.0003 seconds. Added 0 classes and 0 folders.
[2018.11.22-03.43.15:955][  0]LogContentBrowser: Native class hierarchy updated for 'AddContentDialog' in 0.0003 seconds. Added 0 classes and 0 folders.
[2018.11.22-03.43.15:973][  0]LogContentBrowser: Native class hierarchy updated for 'SceneOutliner' in 0.0004 seconds. Added 1 classes and 2 folders.
[2018.11.22-03.43.16:038][  0]LogSlate: Took 0.000335 seconds to synchronously load lazily loaded font '../../../Engine/Content/Slate/Fonts/Roboto-Regular.ttf' (155K)
[2018.11.22-03.43.16:042][  0]LogSlate: Took 0.000310 seconds to synchronously load lazily loaded font '../../../Engine/Content/Slate/Fonts/Roboto-Bold.ttf' (160K)
[2018.11.22-03.43.16:062][  0]LogSlate: Took 0.009451 seconds to synchronously load lazily loaded font '../../../Engine/Content/Editor/Slate/Fonts/FontAwesome.ttf' (139K)
[2018.11.22-03.43.16:216][  0]LogRenderer: Reallocating scene render targets to support 964x436 Format 10 NumSamples 1 (Frame:1).
[2018.11.22-03.43.16:379][  0]LogContentBrowser: Native class hierarchy updated for 'HierarchicalLODOutliner' in 0.0003 seconds. Added 0 classes and 0 folders.
[2018.11.22-03.43.16:379][  0]LogLoad: (Engine Initialization) Total time: 10.65 seconds
[2018.11.22-03.43.16:379][  0]LogLoad: (Engine Initialization) Total Blueprint compile time: 0.00 seconds
[2018.11.22-03.43.16:397][  0]LogWindowsTextInputMethodSystem: Display: IME system now deactivated.
[2018.11.22-03.43.16:422][  0]LogContentStreaming: Texture pool size now 1000 MB
[2018.11.22-03.43.20:108][211]LogAssetRegistry: Asset discovery search completed in 9.5571 seconds
[2018.11.22-03.43.20:110][211]LogCollectionManager: Rebuilt the object cache for 0 collections in 0.000000 seconds (found 0 objects)
[2018.11.22-03.43.20:110][211]LogCollectionManager: Fixed up redirectors for 0 collections in 0.000062 seconds (updated 0 objects)
[2018.11.22-03.43.20:472][232]LogSlate: Took 0.005338 seconds to synchronously load lazily loaded font '../../../Engine/Content/Slate/Fonts/Roboto-Light.ttf' (167K)
[2018.11.22-03.43.22:907][379]LogSlate: FSceneViewport::OnFocusLost() reason 0
[2018.11.22-03.43.37:552][ 33]LogSlate: Took 0.000238 seconds to synchronously load lazily loaded font '../../../Engine/Content/Slate/Fonts/Roboto-Light.ttf' (167K)
[2018.11.22-03.43.37:579][ 33]LogFactory: FactoryCreateFile: StaticMesh with FbxFactory (0 0 ../../../../../../Users/howle/OneDrive/Desktop/Triangle.fbx)
[2018.11.22-03.43.37:625][ 33]LogFbx: Loading FBX Scene from ../../../../../../Users/howle/OneDrive/Desktop/Triangle.fbx
[2018.11.22-03.43.37:637][ 33]LogFbx: FBX Scene Loaded Succesfully
[2018.11.22-03.43.39:745][ 33]LogSlate: Window 'FBX Import Options' being destroyed
[2018.11.22-03.43.40:006][ 33]LogMaterial: Display: Missing cached shader map for material lambert1, compiling. 
[2018.11.22-03.43.40:063][ 33]LogFbx: Warning: Triangulating static mesh pCube1
[2018.11.22-03.43.40:071][ 33]LogShaderCompilers: Display: Shaders left to compile 22
[2018.11.22-03.43.40:071][ 33]LogShaderCompilers: Display: Shaders left to compile 12
[2018.11.22-03.43.40:071][ 33]LogShaderCompilers: Display: Shaders left to compile 2
[2018.11.22-03.43.40:080][ 33]LogStaticMesh: Building static mesh Triangle...
[2018.11.22-03.43.40:088][ 33]LogStaticMesh: Built static mesh [0.01s] /Game/PJH_Content/Materials/Triangle.Triangle
[2018.11.22-03.43.40:106][ 33]FBXImport: Warning: No smoothing group information was found in this FBX scene.  Please make sure to enable the 'Export Smoothing Groups' option in the FBX Exporter plug-in before exporting the file.  Even for tools that don't support smoothing groups, the FBX Exporter will generate appropriate smoothing data at export-time so that correct vertex normals can be inferred while importing. 
[2018.11.22-03.43.41:735][119]LogSlate: Window 'Message Log' being destroyed
[2018.11.22-03.43.41:739][119]LogSlate: Window 'Message Log' being destroyed
[2018.11.22-03.43.59:821][309]LogFactory: FactoryCreateFile: StaticMesh with FbxFactory (0 0 ../../../../../../Users/howle/Downloads/ObjFiles/ObjFiles/PillarHolder.obj)
[2018.11.22-03.43.59:835][309]LogFbx: Loading FBX Scene from ../../../../../../Users/howle/Downloads/ObjFiles/ObjFiles/PillarHolder.obj
[2018.11.22-03.43.59:844][309]LogFbx: FBX Scene Loaded Succesfully
[2018.11.22-03.44.01:037][309]LogSlate: Window 'FBX Import Options' being destroyed
[2018.11.22-03.44.01:071][309]LogMaterial: Display: Missing cached shader map for material initialShadingGroup, compiling. 
[2018.11.22-03.44.01:088][309]LogFbx: Warning: Triangulating static mesh pCube2
[2018.11.22-03.44.01:103][309]LogShaderCompilers: Display: Shaders left to compile 22
[2018.11.22-03.44.01:103][309]LogShaderCompilers: Display: Shaders left to compile 12
[2018.11.22-03.44.01:103][309]LogShaderCompilers: Display: Shaders left to compile 2
[2018.11.22-03.44.01:112][309]LogStaticMesh: Building static mesh PillarHolder...
[2018.11.22-03.44.01:118][309]LogStaticMesh: Built static mesh [0.01s] /Game/PJH_Content/Materials/PillarHolder.PillarHolder
[2018.11.22-03.44.04:918][447]LogFactory: FactoryCreateFile: StaticMesh with FbxFactory (0 0 ../../../../../../Users/howle/Downloads/ObjFiles/ObjFiles/Cylinder.obj)
[2018.11.22-03.44.04:932][447]LogFbx: Loading FBX Scene from ../../../../../../Users/howle/Downloads/ObjFiles/ObjFiles/Cylinder.obj
[2018.11.22-03.44.04:941][447]LogFbx: FBX Scene Loaded Succesfully
[2018.11.22-03.44.07:853][447]LogSlate: Window 'FBX Import Options' being destroyed
[2018.11.22-03.44.07:880][447]LogFbx: Warning: Triangulating static mesh pCylinder1
[2018.11.22-03.44.07:916][447]LogStaticMesh: Building static mesh Cylinder...
[2018.11.22-03.44.07:925][447]LogStaticMesh: Built static mesh [0.01s] /Game/PJH_Content/Materials/Cylinder.Cylinder
[2018.11.22-03.44.09:187][513]LogActorFactory: Actor Factory created Cylinder
[2018.11.22-03.44.10:536][594]LogSlate: FSceneViewport::OnFocusLost() reason 2
[2018.11.22-03.44.26:370][381]LogTexture: Display: Building textures: WoodTexture004Norm (BGRA8, 2299X2299)
[2018.11.22-03.44.26:370][381]LogTexture: Display: Building textures: T_Wood_02 (AutoDXT, 2048X2048)
[2018.11.22-03.44.26:370][381]LogTexture: Display: Building textures: bd54e1ee4e9c0076c2e1413d6cab18c4 (AutoDXT, 1600X1600)
[2018.11.22-03.44.26:370][381]LogTexture: Display: Building textures: WoodTexture004Norm (BGRA8, 2299X2299)
[2018.11.22-03.44.26:370][381]LogTexture: Display: Building textures: black (AutoDXT, 2048X2048)
[2018.11.22-03.44.26:400][381]LogMaterial: Display: Missing cached shader map for material M_MasterWoodBlock_AP, compiling. 
[2018.11.22-03.44.26:571][381]LogShaderCompilers: Display: Shaders left to compile 69
[2018.11.22-03.44.26:571][381]LogShaderCompilers: Display: Shaders left to compile 59
[2018.11.22-03.44.26:571][381]LogShaderCompilers: Display: Shaders left to compile 49
[2018.11.22-03.44.26:571][381]LogShaderCompilers: Display: Shaders left to compile 39
[2018.11.22-03.44.26:571][381]LogShaderCompilers: Display: Shaders left to compile 29
[2018.11.22-03.44.26:571][381]LogShaderCompilers: Display: Shaders left to compile 19
[2018.11.22-03.44.26:571][381]LogShaderCompilers: Display: Shaders left to compile 9
[2018.11.22-03.44.29:915][381]LogMaterial: Display: Missing cached shader map for material M_MasterWoodBlock_AP_1, compiling. 
[2018.11.22-03.44.29:955][381]LogShaderCompilers: Display: Shaders left to compile 31
[2018.11.22-03.44.30:380][381]LogShaderCompilers: Display: Shaders left to compile 21
[2018.11.22-03.44.30:732][381]LogStaticMesh: Building static mesh toy_tank__2_...
[2018.11.22-03.44.33:550][381]LogShaderCompilers: Display: Shaders left to compile 11
[2018.11.22-03.44.33:550][381]LogShaderCompilers: Display: Shaders left to compile 1
[2018.11.22-03.44.33:550][381]LogStaticMesh: Built static mesh [2.82s] /Game/Jason_Jackson_Content/toy_tank__2_.toy_tank__2_
[2018.11.22-03.44.33:728][381]LogMaterial: Display: Missing cached shader map for material defaultMat, compiling. 
[2018.11.22-03.44.33:763][381]LogShaderCompilers: Display: Shaders left to compile 22
[2018.11.22-03.44.33:763][381]LogShaderCompilers: Display: Shaders left to compile 12
[2018.11.22-03.44.33:763][381]LogShaderCompilers: Display: Shaders left to compile 2
[2018.11.22-03.44.33:817][381]LogAIModule: Creating AISystem for world StreetScene_PJH
[2018.11.22-03.44.33:885][381]LogAssetEditorManager: Opening Asset editor for World /Game/StreetScene_PJH.StreetScene_PJH
[2018.11.22-03.44.37:807][381]LogSlate: Window 'Save Content' being destroyed
[2018.11.22-03.44.37:813][381]Cmd: MAP LOAD FILE="../../../../../../Users/howle/OneDrive/Documents/AssetPipeMaster02/APsec1LargeCityBase 4.20/Content/StreetScene_PJH.umap" TEMPLATE=0 SHOWPROGRESS=1 FEATURELEVEL=3
[2018.11.22-03.44.37:815][381]LightingResults: New page: Lighting Build
[2018.11.22-03.44.37:816][381]LoadErrors: New page: Loading map: StreetScene_PJH.umap
[2018.11.22-03.44.37:820][381]MapCheck: New page: Map Check
[2018.11.22-03.44.37:820][381]LightingResults: New page: Lighting Build
[2018.11.22-03.44.37:989][381]LogEditorServer: Finished looking for orphan Actors (0.000 secs)
[2018.11.22-03.44.38:074][381]Cmd: MAP CHECKDEP NOCLEARLOG
[2018.11.22-03.44.38:207][381]MapCheck: Map check complete: 0 Error(s), 0 Warning(s), took 133.464ms to complete.
[2018.11.22-03.44.38:207][381]LogFileHelpers: Loading map 'StreetScene_PJH' took 0.396
[2018.11.22-03.44.42:545][629]LogEditorViewport: Clicking on Actor (LMB): StaticMeshActor (GroundBase236)
[2018.11.22-03.44.43:692][689]LogEditorViewport: Clicking on Actor (LMB): StaticMeshActor (GroundBase671)
[2018.11.22-03.44.44:786][742]Cmd: CAMERA ALIGN ACTIVEVIEWPORTONLY
[2018.11.22-03.44.52:141][183]LogSlate: FSceneViewport::OnFocusLost() reason 0
[2018.11.22-03.45.15:122][551]Cmd: EDIT CUT
[2018.11.22-03.45.15:162][551]LogEditorActor: Deleted Actor: StaticMeshActor
[2018.11.22-03.45.15:196][551]LogEditorActor: Deleted 1 Actors (0.070 secs)
[2018.11.22-03.45.25:463][890]LogFactory: FactoryCreateFile: StaticMesh with FbxFactory (0 0 C:\Users\howle\Downloads\ObjFiles\ObjFiles\PillarHolder.obj)
[2018.11.22-03.45.25:476][890]LogFbx: Loading FBX Scene from C:\Users\howle\Downloads\ObjFiles\ObjFiles\PillarHolder.obj
[2018.11.22-03.45.25:480][890]LogFbx: FBX Scene Loaded Succesfully
[2018.11.22-03.45.26:686][890]LogSlate: Window 'FBX Import Options' being destroyed
[2018.11.22-03.45.26:718][890]LogMaterial: Display: Missing cached shader map for material initialShadingGroup, compiling. 
[2018.11.22-03.45.26:747][890]LogShaderCompilers: Display: Shaders left to compile 22
[2018.11.22-03.45.26:747][890]LogShaderCompilers: Display: Shaders left to compile 12
[2018.11.22-03.45.26:747][890]LogShaderCompilers: Display: Shaders left to compile 2
[2018.11.22-03.45.26:747][890]LogFbx: Warning: Triangulating static mesh pCube2
[2018.11.22-03.45.26:793][890]LogStaticMesh: Building static mesh PillarHolder...
[2018.11.22-03.45.26:800][890]LogStaticMesh: Built static mesh [0.02s] /Game/PJH_Content/Blocks/PillarHolder.PillarHolder
[2018.11.22-03.45.26:834][890]LogFactory: FactoryCreateFile: StaticMesh with FbxFactory (0 0 C:\Users\howle\OneDrive\Desktop\Triangle.fbx)
[2018.11.22-03.45.26:851][890]LogFbx: Loading FBX Scene from C:\Users\howle\OneDrive\Desktop\Triangle.fbx
[2018.11.22-03.45.26:863][890]LogFbx: FBX Scene Loaded Succesfully
[2018.11.22-03.45.27:734][890]LogSlate: Window 'FBX Import Options' being destroyed
[2018.11.22-03.45.27:775][890]LogMaterial: Display: Missing cached shader map for material lambert1, compiling. 
[2018.11.22-03.45.27:793][890]LogShaderCompilers: Display: Shaders left to compile 22
[2018.11.22-03.45.27:793][890]LogShaderCompilers: Display: Shaders left to compile 12
[2018.11.22-03.45.27:793][890]LogShaderCompilers: Display: Shaders left to compile 2
[2018.11.22-03.45.27:806][890]LogFbx: Warning: Triangulating static mesh pCube1
[2018.11.22-03.45.27:845][890]LogStaticMesh: Building static mesh Triangle...
[2018.11.22-03.45.27:850][890]LogStaticMesh: Built static mesh [0.01s] /Game/PJH_Content/Blocks/Triangle.Triangle
[2018.11.22-03.45.27:865][890]FBXImport: Warning: No smoothing group information was found in this FBX scene.  Please make sure to enable the 'Export Smoothing Groups' option in the FBX Exporter plug-in before exporting the file.  Even for tools that don't support smoothing groups, the FBX Exporter will generate appropriate smoothing data at export-time so that correct vertex normals can be inferred while importing. 
[2018.11.22-03.45.27:883][890]LogFactory: FactoryCreateFile: StaticMesh with FbxFactory (0 0 C:\Users\howle\Downloads\ObjFiles\ObjFiles\Cylinder.obj)
[2018.11.22-03.45.27:900][890]LogFbx: Loading FBX Scene from C:\Users\howle\Downloads\ObjFiles\ObjFiles\Cylinder.obj
[2018.11.22-03.45.27:913][890]LogFbx: FBX Scene Loaded Succesfully
[2018.11.22-03.45.27:917][890]LogFbx: Warning: Triangulating static mesh pCylinder1
[2018.11.22-03.45.27:958][890]LogStaticMesh: Building static mesh Cylinder...
[2018.11.22-03.45.27:972][890]LogStaticMesh: Built static mesh [0.01s] /Game/PJH_Content/Blocks/Cylinder.Cylinder
[2018.11.22-03.45.30:185][ 13]LogSlate: Window 'Message Log' being destroyed
[2018.11.22-03.45.30:189][ 13]LogSlate: Window 'Message Log' being destroyed
[2018.11.22-03.45.31:841][112]LogActorFactory: Actor Factory created Triangle
[2018.11.22-03.45.32:319][140]LogActorFactory: Actor Factory created Triangle
[2018.11.22-03.45.36:332][376]Cmd: TRANSACTION UNDO
[2018.11.22-03.45.36:332][376]LogEditorTransaction: Undo Scale Actors
[2018.11.22-03.45.45:635][930]LogSlate: FSceneViewport::OnFocusLost() reason 0
[2018.11.22-03.45.46:572][986]LogActorFactory: Actor Factory created PillarHolder
[2018.11.22-03.45.46:994][ 11]LogActorFactory: Actor Factory created PillarHolder
[2018.11.22-03.45.53:974][426]LogSlate: FSceneViewport::OnFocusLost() reason 0
[2018.11.22-03.45.54:262][443]LogActorFactory: Actor Factory created Cylinder
[2018.11.22-03.45.54:835][477]LogActorFactory: Actor Factory created Cylinder
[2018.11.22-03.46.11:800][487]LogEditorViewport: Clicking on Actor (LMB): StaticMeshActor (PillarHolder)
[2018.11.22-03.46.14:672][649]LogSlate: FSceneViewport::OnFocusLost() reason 0
[2018.11.22-03.46.18:598][870]LogStaticMesh: Building static mesh 02...
[2018.11.22-03.46.18:619][870]LogStaticMesh: Built static mesh [0.02s] /Game/MyStuff/02.02
[2018.11.22-03.46.18:645][870]LogActorFactory: Actor Factory created 02
[2018.11.22-03.46.19:560][924]LogActorFactory: Actor Factory created 02
[2018.11.22-03.46.21:620][ 43]LogEditorViewport: Clicking on Actor (LMB): StaticMeshActor (02)
[2018.11.22-03.46.25:647][282]LogSlate: FSceneViewport::OnFocusLost() reason 0
[2018.11.22-03.46.38:138][  4]LogTexture: Display: Building textures: 13b4b68224d187a94620cba134de8b1c (BGRA8, 1463X1600)
[2018.11.22-03.46.38:138][  4]LogMaterial: Display: Missing cached shader map for material lambert18SG, compiling. 
[2018.11.22-03.46.38:158][  4]LogMaterial: Display: Missing cached shader map for material lambert16SG, compiling. 
[2018.11.22-03.46.38:191][  4]LogShaderCompilers: Display: Shaders left to compile 22
[2018.11.22-03.46.38:191][  4]LogShaderCompilers: Display: Shaders left to compile 12
[2018.11.22-03.46.38:191][  4]LogShaderCompilers: Display: Shaders left to compile 2
[2018.11.22-03.46.38:191][  4]LogMaterial: Display: Missing cached shader map for material lambert14SG, compiling. 
[2018.11.22-03.46.38:211][  4]LogMaterial: Display: Missing cached shader map for material lambert15SG, compiling. 
[2018.11.22-03.46.38:243][  4]LogShaderCompilers: Display: Shaders left to compile 44
[2018.11.22-03.46.38:243][  4]LogShaderCompilers: Display: Shaders left to compile 34
[2018.11.22-03.46.38:243][  4]LogShaderCompilers: Display: Shaders left to compile 24
[2018.11.22-03.46.38:243][  4]LogShaderCompilers: Display: Shaders left to compile 14
[2018.11.22-03.46.38:243][  4]LogShaderCompilers: Display: Shaders left to compile 4
[2018.11.22-03.46.38:243][  4]LogMaterial: Display: Missing cached shader map for material lambert12SG, compiling. 
[2018.11.22-03.46.38:268][  4]LogMaterial: Display: Missing cached shader map for material lambert11SG, compiling. 
[2018.11.22-03.46.38:292][  4]LogMaterial: Display: Missing cached shader map for material lambert10SG, compiling. 
[2018.11.22-03.46.38:317][  4]LogMaterial: Display: Missing cached shader map for material lambert13SG, compiling. 
[2018.11.22-03.46.38:457][  4]LogStaticMesh: Building static mesh truck_final...
[2018.11.22-03.46.38:859][  4]LogStaticMesh: Built static mesh [0.40s] /Game/Lin_Pan_content/truck_final.truck_final
[2018.11.22-03.46.38:891][  4]LogMaterial: Display: Missing cached shader map for material lambert4SG, compiling. 
[2018.11.22-03.46.38:914][  4]LogMaterial: Display: Missing cached shader map for material lambert22SG, compiling. 
[2018.11.22-03.46.38:935][  4]LogMaterial: Display: Missing cached shader map for material lambert5SG, compiling. 
[2018.11.22-03.46.38:958][  4]LogMaterial: Display: Missing cached shader map for material lambert9SG, compiling. 
[2018.11.22-03.46.38:981][  4]LogMaterial: Display: Missing cached shader map for material lambert21SG, compiling. 
[2018.11.22-03.46.39:008][  4]LogMaterial: Display: Missing cached shader map for material lambert19SG, compiling. 
[2018.11.22-03.46.39:042][  4]LogMaterial: Display: Missing cached shader map for material lambert20SG, compiling. 
[2018.11.22-03.46.39:816][ 32]LogShaderCompilers: Display: Shaders left to compile 264
[2018.11.22-03.46.41:184][107]LogShaderCompilers: Display: Shaders left to compile 254
[2018.11.22-03.46.42:802][190]LogShaderCompilers: Display: Shaders left to compile 244
[2018.11.22-03.46.42:957][198]LogShaderCompilers: Display: Shaders left to compile 234
[2018.11.22-03.46.43:263][216]LogShaderCompilers: Display: Shaders left to compile 224
[2018.11.22-03.46.44:015][259]LogShaderCompilers: Display: Shaders left to compile 214
[2018.11.22-03.46.45:941][349]LogShaderCompilers: Display: Shaders left to compile 204
[2018.11.22-03.46.46:298][365]LogShaderCompilers: Display: Shaders left to compile 194
[2018.11.22-03.46.46:441][370]LogShaderCompilers: Display: Shaders left to compile 184
[2018.11.22-03.46.47:285][412]LogShaderCompilers: Display: Shaders left to compile 174
[2018.11.22-03.46.48:034][449]LogShaderCompilers: Display: Shaders left to compile 164
[2018.11.22-03.46.48:689][485]LogShaderCompilers: Display: Shaders left to compile 154
[2018.11.22-03.46.49:734][539]LogShaderCompilers: Display: Shaders left to compile 144
[2018.11.22-03.46.50:652][589]LogShaderCompilers: Display: Shaders left to compile 134
[2018.11.22-03.46.51:277][618]LogShaderCompilers: Display: Shaders left to compile 124
[2018.11.22-03.46.51:909][654]LogShaderCompilers: Display: Shaders left to compile 114
[2018.11.22-03.46.52:012][660]LogShaderCompilers: Display: Shaders left to compile 104
[2018.11.22-03.46.52:043][661]LogShaderCompilers: Display: Shaders left to compile 94
[2018.11.22-03.46.53:365][738]LogShaderCompilers: Display: Shaders left to compile 84
[2018.11.22-03.46.54:854][823]LogEditorViewport: Clicking on Actor (LMB): StaticMeshActor (PillarHolder)
[2018.11.22-03.46.55:000][824]LogShaderCompilers: Display: Shaders left to compile 74
[2018.11.22-03.46.55:463][851]LogShaderCompilers: Display: Shaders left to compile 64
[2018.11.22-03.46.56:176][893]LogSlate: FSceneViewport::OnFocusLost() reason 0
[2018.11.22-03.46.56:679][913]LogShaderCompilers: Display: Shaders left to compile 54
[2018.11.22-03.46.56:923][927]LogShaderCompilers: Display: Shaders left to compile 44
[2018.11.22-03.46.57:075][935]LogShaderCompilers: Display: Shaders left to compile 34
[2018.11.22-03.46.58:137][992]LogShaderCompilers: Display: Shaders left to compile 24
[2018.11.22-03.46.58:222][996]LogShaderCompilers: Display: Shaders left to compile 14
[2018.11.22-03.46.58:663][ 21]LogShaderCompilers: Display: Shaders left to compile 4
[2018.11.22-03.47.07:498][535]LogSlate: FSceneViewport::OnFocusLost() reason 0
[2018.11.22-03.47.10:552][718]LogSlate: FSceneViewport::OnFocusLost() reason 0
[2018.11.22-03.47.12:773][848]LogSlate: FSceneViewport::OnFocusLost() reason 0
[2018.11.22-03.47.18:208][172]LogSlate: FSceneViewport::OnFocusLost() reason 0
[2018.11.22-03.47.20:987][179]LogSavePackage: Moving '../../../../../../Users/howle/OneDrive/Documents/AssetPipeMaster02/APsec1LargeCityBase 4.20/Saved/StreetScene_PJH82672F1341985BACFC5DB395D6FA959F.tmp' to '../../../../../../Users/howle/OneDrive/Documents/AssetPipeMaster02/APsec1LargeCityBase 4.20/Content/StreetScene_PJH.umap'
[2018.11.22-03.47.24:995][280]LogSlate: Window 'Save Content' being destroyed
[2018.11.22-03.47.25:066][280]LogSavePackage: Moving '../../../../../../Users/howle/OneDrive/Documents/AssetPipeMaster02/APsec1LargeCityBase 4.20/Saved/Cylinder777C18F943D029C3BCA337BD743D55EE.tmp' to '../../../../../../Users/howle/OneDrive/Documents/AssetPipeMaster02/APsec1LargeCityBase 4.20/Content/PJH_Content/Blocks/Cylinder.uasset'
[2018.11.22-03.47.25:108][280]LogSavePackage: Moving '../../../../../../Users/howle/OneDrive/Documents/AssetPipeMaster02/APsec1LargeCityBase 4.20/Saved/initialShadingGroupFE9803FC437D4E6173205D9C2DA79F83.tmp' to '../../../../../../Users/howle/OneDrive/Documents/AssetPipeMaster02/APsec1LargeCityBase 4.20/Content/PJH_Content/Blocks/initialShadingGroup.uasset'
[2018.11.22-03.47.25:151][280]LogSavePackage: Moving '../../../../../../Users/howle/OneDrive/Documents/AssetPipeMaster02/APsec1LargeCityBase 4.20/Saved/lambert1F8CAC05E4AB280E534A17E921FCC4BDF.tmp' to '../../../../../../Users/howle/OneDrive/Documents/AssetPipeMaster02/APsec1LargeCityBase 4.20/Content/PJH_Content/Blocks/lambert1.uasset'
[2018.11.22-03.47.25:192][280]LogSavePackage: Moving '../../../../../../Users/howle/OneDrive/Documents/AssetPipeMaster02/APsec1LargeCityBase 4.20/Saved/PillarHolderEF1DDAA14FBAC47FCCE7468CBAFAB32A.tmp' to '../../../../../../Users/howle/OneDrive/Documents/AssetPipeMaster02/APsec1LargeCityBase 4.20/Content/PJH_Content/Blocks/PillarHolder.uasset'
[2018.11.22-03.47.25:230][280]LogSavePackage: Moving '../../../../../../Users/howle/OneDrive/Documents/AssetPipeMaster02/APsec1LargeCityBase 4.20/Saved/Triangle34B1F20B4D5D212347D227B155D8EF83.tmp' to '../../../../../../Users/howle/OneDrive/Documents/AssetPipeMaster02/APsec1LargeCityBase 4.20/Content/PJH_Content/Blocks/Triangle.uasset'
[2018.11.22-03.47.25:269][280]LogSavePackage: Moving '../../../../../../Users/howle/OneDrive/Documents/AssetPipeMaster02/APsec1LargeCityBase 4.20/Saved/Cylinder62AC2AC3408A66592067DC8D97C4FA7A.tmp' to '../../../../../../Users/howle/OneDrive/Documents/AssetPipeMaster02/APsec1LargeCityBase 4.20/Content/PJH_Content/Materials/Cylinder.uasset'
[2018.11.22-03.47.25:311][280]LogSavePackage: Moving '../../../../../../Users/howle/OneDrive/Documents/AssetPipeMaster02/APsec1LargeCityBase 4.20/Saved/initialShadingGroup91712F734D293078225BE7A1B7E9A127.tmp' to '../../../../../../Users/howle/OneDrive/Documents/AssetPipeMaster02/APsec1LargeCityBase 4.20/Content/PJH_Content/Materials/initialShadingGroup.uasset'
[2018.11.22-03.47.25:352][280]LogSavePackage: Moving '../../../../../../Users/howle/OneDrive/Documents/AssetPipeMaster02/APsec1LargeCityBase 4.20/Saved/lambert1D6D411DD4D3746C8E730E6A5EDF32526.tmp' to '../../../../../../Users/howle/OneDrive/Documents/AssetPipeMaster02/APsec1LargeCityBase 4.20/Content/PJH_Content/Materials/lambert1.uasset'
[2018.11.22-03.47.25:391][280]LogSavePackage: Moving '../../../../../../Users/howle/OneDrive/Documents/AssetPipeMaster02/APsec1LargeCityBase 4.20/Saved/PillarHolder2B6AEB20488DDFA13C6E2A907468CF45.tmp' to '../../../../../../Users/howle/OneDrive/Documents/AssetPipeMaster02/APsec1LargeCityBase 4.20/Content/PJH_Content/Materials/PillarHolder.uasset'
[2018.11.22-03.47.25:430][280]LogSavePackage: Moving '../../../../../../Users/howle/OneDrive/Documents/AssetPipeMaster02/APsec1LargeCityBase 4.20/Saved/Triangle44EFBCFF4CDB2E692C32DBBDD231238C.tmp' to '../../../../../../Users/howle/OneDrive/Documents/AssetPipeMaster02/APsec1LargeCityBase 4.20/Content/PJH_Content/Materials/Triangle.uasset'
[2018.11.22-03.47.25:526][280]LogSlate: Window 'APsec1LargeCityBase - Unreal Editor' being destroyed
[2018.11.22-03.47.25:527][280]LogWindowsTextInputMethodSystem: Display: IME system now deactivated.
[2018.11.22-03.47.25:748][281]Cmd: QUIT_EDITOR
[2018.11.22-03.47.25:791][281]LogExit: Preparing to exit.
[2018.11.22-03.47.26:191][281]LogExit: Editor shut down
[2018.11.22-03.47.26:191][281]LogExit: Transaction tracking system shut down
[2018.11.22-03.47.27:040][281]LogExit: Object subsystem successfully closed.
[2018.11.22-03.47.27:076][281]LogShaderCompilers: Display: Shaders left to compile 0
[2018.11.22-03.47.27:082][281]LogD3D11RHI: Shutdown
[2018.11.22-03.47.27:082][281]LogD3D11RHI: CleanupD3DDevice
[2018.11.22-03.47.27:087][281]LogD3D11RHI: ~FD3D11DynamicRHI
[2018.11.22-03.47.27:126][281]LogModuleManager: Shutting down and abandoning module MeshBuilder (614)
[2018.11.22-03.47.27:126][281]LogModuleManager: Shutting down and abandoning module HierarchicalLODOutliner (612)
[2018.11.22-03.47.27:126][281]LogModuleManager: Shutting down and abandoning module SceneOutliner (610)
[2018.11.22-03.47.27:126][281]LogModuleManager: Shutting down and abandoning module AddContentDialog (608)
[2018.11.22-03.47.27:126][281]LogModuleManager: Shutting down and abandoning module WidgetCarousel (607)
[2018.11.22-03.47.27:126][281]LogModuleManager: Shutting down and abandoning module EditorWidgets (604)
[2018.11.22-03.47.27:126][281]LogModuleManager: Shutting down and abandoning module CollectionManager (602)
[2018.11.22-03.47.27:127][281]LogModuleManager: Shutting down and abandoning module HierarchicalLODUtilities (600)
[2018.11.22-03.47.27:127][281]LogModuleManager: Shutting down and abandoning module StatsViewer (598)
[2018.11.22-03.47.27:127][281]LogModuleManager: Shutting down and abandoning module FoliageEdit (596)
[2018.11.22-03.47.27:127][281]LogModuleManager: Shutting down and abandoning module LandscapeEditor (594)
[2018.11.22-03.47.27:127][281]LogModuleManager: Shutting down and abandoning module MeshPaintMode (592)
[2018.11.22-03.47.27:127][281]LogModuleManager: Shutting down and abandoning module SceneDepthPickerMode (590)
[2018.11.22-03.47.27:127][281]LogModuleManager: Shutting down and abandoning module ActorPickerMode (588)
[2018.11.22-03.47.27:127][281]LogModuleManager: Shutting down and abandoning module GeometryMode (586)
[2018.11.22-03.47.27:127][281]LogModuleManager: Shutting down and abandoning module TextureAlignMode (584)
[2018.11.22-03.47.27:127][281]LogModuleManager: Shutting down and abandoning module BspMode (582)
[2018.11.22-03.47.27:127][281]LogModuleManager: Shutting down and abandoning module PIEPreviewDeviceProfileSelector (580)
[2018.11.22-03.47.27:127][281]LogModuleManager: Shutting down and abandoning module SequenceRecorderSections (578)
[2018.11.22-03.47.27:127][281]LogModuleManager: Shutting down and abandoning module AutomationWorker (576)
[2018.11.22-03.47.27:127][281]LogModuleManager: Shutting down and abandoning module AudioCaptureEditor (574)
[2018.11.22-03.47.27:127][281]LogModuleManager: Shutting down and abandoning module SequenceRecorder (573)
[2018.11.22-03.47.27:127][281]LogModuleManager: Shutting down and abandoning module MatineeToLevelSequence (570)
[2018.11.22-03.47.27:127][281]LogModuleManager: Shutting down and abandoning module LevelSequenceEditor (568)
[2018.11.22-03.47.27:127][281]LogModuleManager: Shutting down and abandoning module PlacementMode (567)
[2018.11.22-03.47.27:127][281]LogModuleManager: Shutting down and abandoning module MaterialEditor (566)
[2018.11.22-03.47.27:127][281]LogModuleManager: Shutting down and abandoning module WmfMediaFactory (562)
[2018.11.22-03.47.27:127][281]LogModuleManager: Shutting down and abandoning module WmfMediaEditor (560)
[2018.11.22-03.47.27:127][281]LogModuleManager: Shutting down and abandoning module MediaPlayerEditor (558)
[2018.11.22-03.47.27:128][281]LogModuleManager: Shutting down and abandoning module OpenExrWrapper (556)
[2018.11.22-03.47.27:128][281]LogModuleManager: Shutting down and abandoning module ImgMediaFactory (554)
[2018.11.22-03.47.27:128][281]LogModuleManager: Shutting down and abandoning module ImgMediaEditor (552)
[2018.11.22-03.47.27:128][281]LogModuleManager: Shutting down and abandoning module AvfMediaFactory (550)
[2018.11.22-03.47.27:128][281]LogModuleManager: Shutting down and abandoning module AvfMediaEditor (548)
[2018.11.22-03.47.27:128][281]LogModuleManager: Shutting down and abandoning module AndroidMediaFactory (546)
[2018.11.22-03.47.27:128][281]LogModuleManager: Shutting down and abandoning module AndroidMediaEditor (544)
[2018.11.22-03.47.27:128][281]LogModuleManager: Shutting down and abandoning module MagicLeapCameraPreviewFactory (542)
[2018.11.22-03.47.27:128][281]LogModuleManager: Shutting down and abandoning module MagicLeapMediaFactory (540)
[2018.11.22-03.47.27:128][281]LogModuleManager: Shutting down and abandoning module MagicLeapMediaEditor (538)
[2018.11.22-03.47.27:128][281]LogModuleManager: Shutting down and abandoning module CharacterAI (536)
[2018.11.22-03.47.27:128][281]LogModuleManager: Shutting down and abandoning module SmartSnapping (534)
[2018.11.22-03.47.27:128][281]LogModuleManager: Shutting down and abandoning module SessionServices (532)
[2018.11.22-03.47.27:128][281]LogModuleManager: Shutting down and abandoning module ViewportSnapping (530)
[2018.11.22-03.47.27:128][281]LogModuleManager: Shutting down and abandoning module ViewportInteraction (528)
[2018.11.22-03.47.27:128][281]LogModuleManager: Shutting down and abandoning module ClothPainter (526)
[2018.11.22-03.47.27:128][281]LogModuleManager: Shutting down and abandoning module SkeletalMeshEditor (525)
[2018.11.22-03.47.27:128][281]LogModuleManager: Shutting down and abandoning module LogVisualizer (522)
[2018.11.22-03.47.27:128][281]LogModuleManager: Shutting down and abandoning module IntroTutorials (520)
[2018.11.22-03.47.27:128][281]LogModuleManager: Shutting down and abandoning module GameProjectGeneration (519)
[2018.11.22-03.47.27:128][281]LogModuleManager: Shutting down and abandoning module LuminPlatformEditor (516)
[2018.11.22-03.47.27:128][281]LogModuleManager: Shutting down and abandoning module IOSPlatformEditor (514)
[2018.11.22-03.47.27:128][281]LogModuleManager: Shutting down and abandoning module HTML5PlatformEditor (512)
[2018.11.22-03.47.27:128][281]LogModuleManager: Shutting down and abandoning module AndroidPlatformEditor (510)
[2018.11.22-03.47.27:128][281]LogModuleManager: Shutting down and abandoning module AndroidDeviceDetection (509)
[2018.11.22-03.47.27:329][281]LogModuleManager: Shutting down and abandoning module WindowsPlatformEditor (506)
[2018.11.22-03.47.27:329][281]LogModuleManager: Shutting down and abandoning module LuminRuntimeSettings (504)
[2018.11.22-03.47.27:329][281]LogModuleManager: Shutting down and abandoning module IOSRuntimeSettings (502)
[2018.11.22-03.47.27:329][281]LogModuleManager: Shutting down and abandoning module AndroidRuntimeSettings (500)
[2018.11.22-03.47.27:329][281]LogModuleManager: Shutting down and abandoning module InputBindingEditor (498)
[2018.11.22-03.47.27:329][281]LogModuleManager: Shutting down and abandoning module MergeActors (496)
[2018.11.22-03.47.27:329][281]LogModuleManager: Shutting down and abandoning module LocalizationDashboard (494)
[2018.11.22-03.47.27:329][281]LogModuleManager: Shutting down and abandoning module LocalizationService (493)
[2018.11.22-03.47.27:329][281]LogModuleManager: Shutting down and abandoning module HardwareTargeting (490)
[2018.11.22-03.47.27:329][281]LogModuleManager: Shutting down and abandoning module DeviceProfileEditor (488)
[2018.11.22-03.47.27:330][281]LogModuleManager: Shutting down and abandoning module UndoHistory (486)
[2018.11.22-03.47.27:330][281]LogModuleManager: Shutting down and abandoning module XmlParser (484)
[2018.11.22-03.47.27:330][281]LogModuleManager: Shutting down and abandoning module Blutility (482)
[2018.11.22-03.47.27:330][281]LogModuleManager: Shutting down and abandoning module ProjectSettingsViewer (480)
[2018.11.22-03.47.27:330][281]LogModuleManager: Shutting down and abandoning module ProjectTargetPlatformEditor (479)
[2018.11.22-03.47.27:330][281]LogModuleManager: Shutting down and abandoning module EditorSettingsViewer (476)
[2018.11.22-03.47.27:330][281]LogModuleManager: Shutting down and abandoning module SettingsEditor (474)
[2018.11.22-03.47.27:330][281]LogModuleManager: Shutting down and abandoning module ProjectLauncher (472)
[2018.11.22-03.47.27:330][281]LogModuleManager: Shutting down and abandoning module SessionFrontend (470)
[2018.11.22-03.47.27:330][281]LogModuleManager: Shutting down and abandoning module ProfilerClient (468)
[2018.11.22-03.47.27:330][281]LogModuleManager: Shutting down and abandoning module DeviceManager (466)
[2018.11.22-03.47.27:330][281]LogModuleManager: Shutting down and abandoning module TargetDeviceServices (465)
[2018.11.22-03.47.27:383][281]LogModuleManager: Shutting down and abandoning module AutomationController (462)
[2018.11.22-03.47.27:383][281]LogModuleManager: Shutting down and abandoning module AutomationWindow (460)
[2018.11.22-03.47.27:383][281]LogModuleManager: Shutting down and abandoning module Layers (458)
[2018.11.22-03.47.27:383][281]LogModuleManager: Shutting down and abandoning module ComponentVisualizers (456)
[2018.11.22-03.47.27:383][281]LogModuleManager: Shutting down and abandoning module DetailCustomizations (454)
[2018.11.22-03.47.27:383][281]LogModuleManager: Shutting down and abandoning module PackagesDialog (452)
[2018.11.22-03.47.27:383][281]LogModuleManager: Shutting down and abandoning module Persona (450)
[2018.11.22-03.47.27:383][281]LogModuleManager: Shutting down and abandoning module AdvancedPreviewScene (449)
[2018.11.22-03.47.27:383][281]LogModuleManager: Shutting down and abandoning module AnimGraph (447)
[2018.11.22-03.47.27:383][281]LogModuleManager: Shutting down and abandoning module Kismet (444)
[2018.11.22-03.47.27:383][281]LogModuleManager: Shutting down and abandoning module GraphEditor (442)
[2018.11.22-03.47.27:383][281]LogModuleManager: Shutting down and abandoning module ClassViewer (440)
[2018.11.22-03.47.27:383][281]LogModuleManager: Shutting down and abandoning module Toolbox (438)
[2018.11.22-03.47.27:383][281]LogModuleManager: Shutting down and abandoning module ModuleUI (436)
[2018.11.22-03.47.27:383][281]LogModuleManager: Shutting down and abandoning module MovieSceneTools (434)
[2018.11.22-03.47.27:384][281]LogModuleManager: Shutting down and abandoning module OutputLog (432)
[2018.11.22-03.47.27:384][281]LogModuleManager: Shutting down and abandoning module GammaUI (430)
[2018.11.22-03.47.27:384][281]LogModuleManager: Shutting down and abandoning module Documentation (428)
[2018.11.22-03.47.27:384][281]LogModuleManager: Shutting down and abandoning module MovieSceneTracks (426)
[2018.11.22-03.47.27:384][281]LogModuleManager: Shutting down and abandoning module MovieScene (424)
[2018.11.22-03.47.27:384][281]LogModuleManager: Shutting down and abandoning module StreamingPauseRendering (422)
[2018.11.22-03.47.27:384][281]LogModuleManager: Shutting down and abandoning module LauncherPlatform (420)
[2018.11.22-03.47.27:384][281]LogModuleManager: Shutting down and abandoning module AnalyticsET (418)
[2018.11.22-03.47.27:384][281]LogModuleManager: Shutting down and abandoning module PortalServices (416)
[2018.11.22-03.47.27:384][281]LogModuleManager: Shutting down and abandoning module PortalRpc (414)
[2018.11.22-03.47.27:384][281]LogModuleManager: Shutting down and abandoning module MessagingRpc (412)
[2018.11.22-03.47.27:384][281]LogModuleManager: Shutting down and abandoning module AIModule (410)
[2018.11.22-03.47.27:384][281]LogModuleManager: Shutting down and abandoning module GameplayDebugger (409)
[2018.11.22-03.47.27:384][281]LogModuleManager: Shutting down and abandoning module AITestSuite (407)
[2018.11.22-03.47.27:384][281]LogModuleManager: Shutting down and abandoning module NavigationSystem (405)
[2018.11.22-03.47.27:384][281]LogModuleManager: Shutting down and abandoning module DesktopPlatform (402)
[2018.11.22-03.47.27:384][281]LogModuleManager: Shutting down and abandoning module ProfilerService (400)
[2018.11.22-03.47.27:602][281]LogModuleManager: Shutting down and abandoning module TaskGraph (398)
[2018.11.22-03.47.27:602][281]LogModuleManager: Shutting down and abandoning module SteamVRController (396)
[2018.11.22-03.47.27:602][281]LogModuleManager: Shutting down and abandoning module ProceduralMeshComponentEditor (394)
[2018.11.22-03.47.27:602][281]LogModuleManager: Shutting down and abandoning module ProceduralMeshComponent (392)
[2018.11.22-03.47.27:602][281]LogModuleManager: Shutting down and abandoning module OculusInput (390)
[2018.11.22-03.47.27:602][281]LogModuleManager: Shutting down and abandoning module MobilePatchingUtils (388)
[2018.11.22-03.47.27:602][281]LogModuleManager: Shutting down and abandoning module EditableMesh (386)
[2018.11.22-03.47.27:602][281]LogModuleManager: Shutting down and abandoning module CustomMeshComponent (384)
[2018.11.22-03.47.27:602][281]LogModuleManager: Shutting down and abandoning module CableComponent (382)
[2018.11.22-03.47.27:602][281]LogModuleManager: Shutting down and abandoning module AudioCapture (380)
[2018.11.22-03.47.27:602][281]LogModuleManager: Shutting down and abandoning module ArchVisCharacter (378)
[2018.11.22-03.47.27:602][281]LogModuleManager: Shutting down and abandoning module AndroidPermission (376)
[2018.11.22-03.47.27:602][281]LogModuleManager: Shutting down and abandoning module NUTUnrealEngine4 (374)
[2018.11.22-03.47.27:602][281]LogModuleManager: Shutting down and abandoning module NetcodeUnitTest (372)
[2018.11.22-03.47.27:602][281]LogModuleManager: Shutting down and abandoning module MediaCompositingEditor (370)
[2018.11.22-03.47.27:602][281]LogModuleManager: Shutting down and abandoning module MediaCompositing (368)
[2018.11.22-03.47.27:602][281]LogModuleManager: Shutting down and abandoning module LinearTimecode (366)
[2018.11.22-03.47.27:602][281]LogModuleManager: Shutting down and abandoning module ImgMedia (364)
[2018.11.22-03.47.27:606][281]LogModuleManager: Shutting down and abandoning module HTML5Networking (362)
[2018.11.22-03.47.27:606][281]LogModuleManager: Shutting down and abandoning module GeometryCacheTracks (360)
[2018.11.22-03.47.27:606][281]LogModuleManager: Shutting down and abandoning module GeometryCacheSequencer (358)
[2018.11.22-03.47.27:606][281]LogModuleManager: Shutting down and abandoning module BackChannel (356)
[2018.11.22-03.47.27:606][281]LogModuleManager: Shutting down and abandoning module AppleVision (354)
[2018.11.22-03.47.27:606][281]LogModuleManager: Shutting down and abandoning module AppleImageUtils (352)
[2018.11.22-03.47.27:606][281]LogModuleManager: Shutting down and abandoning module AlembicImporter (350)
[2018.11.22-03.47.27:606][281]LogModuleManager: Shutting down and abandoning module AlembicLibrary (349)
[2018.11.22-03.47.27:606][281]LogModuleManager: Shutting down and abandoning module GeometryCache (348)
[2018.11.22-03.47.27:606][281]LogModuleManager: Shutting down and abandoning module GeometryCacheEd (347)
[2018.11.22-03.47.27:606][281]LogModuleManager: Shutting down and abandoning module DatasmithContentEditor (342)
[2018.11.22-03.47.27:606][281]LogModuleManager: Shutting down and abandoning module DatasmithContent (340)
[2018.11.22-03.47.27:606][281]LogModuleManager: Shutting down and abandoning module SpeedTreeImporter (338)
[2018.11.22-03.47.27:606][281]LogModuleManager: Shutting down and abandoning module PluginBrowser (336)
[2018.11.22-03.47.27:606][281]LogModuleManager: Shutting down and abandoning module MobileLauncherProfileWizard (334)
[2018.11.22-03.47.27:606][281]LogModuleManager: Shutting down and abandoning module PolygonModeling (332)
[2018.11.22-03.47.27:606][281]LogModuleManager: Shutting down and abandoning module MeshEditor (330)
[2018.11.22-03.47.27:606][281]LogModuleManager: Shutting down and abandoning module CryptoKeysOpenSSL (328)
[2018.11.22-03.47.27:607][281]LogModuleManager: Shutting down and abandoning module CryptoKeys (326)
[2018.11.22-03.47.27:607][281]LogModuleManager: Shutting down and abandoning module VisualStudioSourceCodeAccess (324)
[2018.11.22-03.47.27:607][281]LogModuleManager: Shutting down and abandoning module VisualStudioCodeSourceCodeAccess (322)
[2018.11.22-03.47.27:607][281]LogModuleManager: Shutting down and abandoning module UObjectPlugin (320)
[2018.11.22-03.47.27:607][281]LogModuleManager: Shutting down and abandoning module SubversionSourceControl (318)
[2018.11.22-03.47.27:607][281]LogModuleManager: Shutting down and abandoning module PerforceSourceControl (316)
[2018.11.22-03.47.27:607][281]LogModuleManager: Shutting down and abandoning module GitSourceControl (314)
[2018.11.22-03.47.27:607][281]LogModuleManager: Shutting down and abandoning module SourceControl (313)
[2018.11.22-03.47.27:607][281]LogModuleManager: Shutting down and abandoning module CLionSourceCodeAccess (310)
[2018.11.22-03.47.27:607][281]LogModuleManager: Shutting down and abandoning module LightPropagationVolumeEditor (308)
[2018.11.22-03.47.27:607][281]LogModuleManager: Shutting down and abandoning module PaperTiledImporter (306)
[2018.11.22-03.47.27:607][281]LogModuleManager: Shutting down and abandoning module PaperSpriteSheetImporter (304)
[2018.11.22-03.47.27:607][281]LogModuleManager: Shutting down and abandoning module Paper2DEditor (302)
[2018.11.22-03.47.27:607][281]LogModuleManager: Shutting down and abandoning module MeshPaint (301)
[2018.11.22-03.47.27:607][281]LogModuleManager: Shutting down and abandoning module RuntimePhysXCooking (298)
[2018.11.22-03.47.27:607][281]LogModuleManager: Shutting down and abandoning module PhysXVehiclesEditor (296)
[2018.11.22-03.47.27:607][281]LogModuleManager: Shutting down and abandoning module PhysXVehicles (294)
[2018.11.22-03.47.27:607][281]LogModuleManager: Shutting down and abandoning module OculusEditor (292)
[2018.11.22-03.47.27:607][281]LogModuleManager: Shutting down and abandoning module LocationServicesBPLibrary (290)
[2018.11.22-03.47.27:607][281]LogModuleManager: Shutting down and abandoning module ImmediatePhysicsEditor (288)
[2018.11.22-03.47.27:607][281]LogModuleManager: Shutting down and abandoning module ImmediatePhysics (286)
[2018.11.22-03.47.27:607][281]LogModuleManager: Shutting down and abandoning module ActorSequence (284)
[2018.11.22-03.47.27:607][281]LogModuleManager: Shutting down and abandoning module UdpMessaging (282)
[2018.11.22-03.47.27:708][281]LogModuleManager: Shutting down and abandoning module TcpMessaging (280)
[2018.11.22-03.47.27:808][281]LogModuleManager: Shutting down and abandoning module MagicLeapAudio (278)
[2018.11.22-03.47.27:808][281]LogModuleManager: Shutting down and abandoning module GameplayTagsEditor (276)
[2018.11.22-03.47.27:808][281]LogModuleManager: Shutting down and abandoning module FacialAnimationEditor (274)
[2018.11.22-03.47.27:808][281]LogModuleManager: Shutting down and abandoning module FacialAnimation (272)
[2018.11.22-03.47.27:808][281]LogModuleManager: Shutting down and abandoning module DataValidation (270)
[2018.11.22-03.47.27:808][281]LogModuleManager: Shutting down and abandoning module AssetManagerEditor (268)
[2018.11.22-03.47.27:808][281]LogModuleManager: Shutting down and abandoning module LevelEditor (267)
[2018.11.22-03.47.27:809][281]LogModuleManager: Shutting down and abandoning module PixelInspectorModule (266)
[2018.11.22-03.47.27:809][281]LogModuleManager: Shutting down and abandoning module CommonMenuExtensions (264)
[2018.11.22-03.47.27:809][281]LogModuleManager: Shutting down and abandoning module MainFrame (262)
[2018.11.22-03.47.27:809][281]LogModuleManager: Shutting down and abandoning module HotReload (261)
[2018.11.22-03.47.27:810][281]LogModuleManager: Shutting down and abandoning module ContentBrowser (257)
[2018.11.22-03.47.27:810][281]LogModuleManager: Shutting down and abandoning module TreeMap (255)
[2018.11.22-03.47.27:810][281]LogModuleManager: Shutting down and abandoning module LightPropagationVolumeRuntime (252)
[2018.11.22-03.47.27:811][281]LogModuleManager: Shutting down and abandoning module AISupportModule (250)
[2018.11.22-03.47.27:811][281]LogModuleManager: Shutting down and abandoning module Paper2D (248)
[2018.11.22-03.47.27:811][281]LogModuleManager: Shutting down and abandoning module WindowsMoviePlayer (246)
[2018.11.22-03.47.27:811][281]LogModuleManager: Shutting down and abandoning module WmfMedia (244)
[2018.11.22-03.47.27:819][281]LogModuleManager: Shutting down and abandoning module Media (243)
[2018.11.22-03.47.27:826][281]LogModuleManager: Shutting down and abandoning module PacketHandler (240)
[2018.11.22-03.47.27:826][281]LogModuleManager: Shutting down and abandoning module ClothingSystemEditor (238)
[2018.11.22-03.47.27:826][281]LogModuleManager: Shutting down and abandoning module ClothingSystemRuntime (236)
[2018.11.22-03.47.27:826][281]LogModuleManager: Shutting down and abandoning module MediaAssets (234)
[2018.11.22-03.47.27:826][281]LogModuleManager: Shutting down and abandoning module Overlay (232)
[2018.11.22-03.47.27:826][281]LogModuleManager: Shutting down and abandoning module OverlayEditor (231)
[2018.11.22-03.47.27:826][281]LogModuleManager: Shutting down and abandoning module VREditor (228)
[2018.11.22-03.47.27:826][281]LogModuleManager: Shutting down and abandoning module StringTableEditor (226)
[2018.11.22-03.47.27:826][281]LogModuleManager: Shutting down and abandoning module GameplayTasksEditor (224)
[2018.11.22-03.47.27:826][281]LogModuleManager: Shutting down and abandoning module BehaviorTreeEditor (222)
[2018.11.22-03.47.27:826][281]LogModuleManager: Shutting down and abandoning module FunctionalTesting (220)
[2018.11.22-03.47.27:826][281]LogModuleManager: Shutting down and abandoning module CollisionAnalyzer (218)
[2018.11.22-03.47.27:826][281]LogModuleManager: Shutting down and abandoning module WorkspaceMenuStructure (217)
[2018.11.22-03.47.27:826][281]LogModuleManager: Shutting down and abandoning module UMG (214)
[2018.11.22-03.47.27:826][281]LogModuleManager: Shutting down and abandoning module UMGEditor (213)
[2018.11.22-03.47.27:826][281]LogModuleManager: Shutting down and abandoning module Sequencer (212)
[2018.11.22-03.47.27:826][281]LogModuleManager: Shutting down and abandoning module MessageLog (209)
[2018.11.22-03.47.27:826][281]LogModuleManager: Shutting down and abandoning module SlateReflector (204)
[2018.11.22-03.47.27:826][281]LogModuleManager: Shutting down and abandoning module Slate (202)
[2018.11.22-03.47.27:826][281]LogModuleManager: Shutting down and abandoning module EditorStyle (200)
[2018.11.22-03.47.27:828][281]LogModuleManager: Shutting down and abandoning module MRMesh (198)
[2018.11.22-03.47.27:828][281]LogModuleManager: Shutting down and abandoning module SourceCodeAccess (196)
[2018.11.22-03.47.27:828][281]LogModuleManager: Shutting down and abandoning module HeadMountedDisplay (194)
[2018.11.22-03.47.27:828][281]LogModuleManager: Shutting down and abandoning module XAudio2 (192)
[2018.11.22-03.47.27:828][281]LogModuleManager: Shutting down and abandoning module Networking (190)
[2018.11.22-03.47.27:828][281]LogModuleManager: Shutting down and abandoning module Core (188)
[2018.11.22-03.47.27:828][281]LogModuleManager: Shutting down and abandoning module LevelSequence (186)
[2018.11.22-03.47.27:828][281]LogModuleManager: Shutting down and abandoning module KismetCompiler (184)
[2018.11.22-03.47.27:828][281]LogModuleManager: Shutting down and abandoning module MeshUtilities (182)
[2018.11.22-03.47.27:828][281]LogModuleManager: Shutting down and abandoning module MeshMergeUtilities (181)
[2018.11.22-03.47.27:828][281]LogModuleManager: Shutting down and abandoning module MeshReductionInterface (180)
[2018.11.22-03.47.27:828][281]LogModuleManager: Shutting down and abandoning module SimplygonSwarm (179)
[2018.11.22-03.47.27:828][281]LogModuleManager: Shutting down and abandoning module ProxyLODMeshReduction (177)
[2018.11.22-03.47.27:828][281]LogModuleManager: Shutting down and abandoning module SimplygonMeshReduction (175)
[2018.11.22-03.47.27:828][281]LogModuleManager: Shutting down and abandoning module QuadricMeshReduction (173)
[2018.11.22-03.47.27:828][281]LogModuleManager: Shutting down and abandoning module MaterialBaking (169)
[2018.11.22-03.47.27:828][281]LogModuleManager: Shutting down and abandoning module DirectoryWatcher (165)
[2018.11.22-03.47.27:828][281]LogModuleManager: Shutting down and abandoning module DerivedDataCache (162)
[2018.11.22-03.47.27:843][281]LogDerivedDataCache: Shutdown
[2018.11.22-03.47.27:843][281]LogModuleManager: Shutting down and abandoning module XGEController (160)
[2018.11.22-03.47.27:843][281]LogModuleManager: Shutting down and abandoning module TargetPlatform (158)
[2018.11.22-03.47.27:843][281]LogModuleManager: Shutting down and abandoning module VulkanShaderFormat (157)
[2018.11.22-03.47.27:843][281]LogModuleManager: Shutting down and abandoning module ShaderFormatVectorVM (155)
[2018.11.22-03.47.27:843][281]LogModuleManager: Shutting down and abandoning module ShaderFormatOpenGL (153)
[2018.11.22-03.47.27:843][281]LogModuleManager: Shutting down and abandoning module ShaderFormatD3D (151)
[2018.11.22-03.47.27:843][281]LogModuleManager: Shutting down and abandoning module MetalShaderFormat (149)
[2018.11.22-03.47.27:843][281]LogModuleManager: Shutting down and abandoning module TextureFormatUncompressed (147)
[2018.11.22-03.47.27:843][281]LogModuleManager: Shutting down and abandoning module TextureFormatPVR (145)
[2018.11.22-03.47.27:843][281]LogModuleManager: Shutting down and abandoning module TextureFormatDXT (143)
[2018.11.22-03.47.27:843][281]LogModuleManager: Shutting down and abandoning module TextureFormatIntelISPCTexComp (141)
[2018.11.22-03.47.27:843][281]LogModuleManager: Shutting down and abandoning module TextureFormatASTC (139)
[2018.11.22-03.47.27:843][281]LogModuleManager: Shutting down and abandoning module ImageWrapper (138)
[2018.11.22-03.47.27:843][281]LogModuleManager: Shutting down and abandoning module TextureFormatAndroid (135)
[2018.11.22-03.47.27:843][281]LogModuleManager: Shutting down and abandoning module AudioFormatOpus (133)
[2018.11.22-03.47.27:843][281]LogModuleManager: Shutting down and abandoning module AudioFormatOgg (131)
[2018.11.22-03.47.27:843][281]LogModuleManager: Shutting down and abandoning module AudioFormatADPCM (129)
[2018.11.22-03.47.27:843][281]LogModuleManager: Shutting down and abandoning module LuminTargetPlatform (127)
[2018.11.22-03.47.27:843][281]LogModuleManager: Shutting down and abandoning module LinuxTargetPlatform (125)
[2018.11.22-03.47.27:843][281]LogModuleManager: Shutting down and abandoning module LinuxServerTargetPlatform (123)
[2018.11.22-03.47.27:843][281]LogModuleManager: Shutting down and abandoning module LinuxNoEditorTargetPlatform (121)
[2018.11.22-03.47.27:843][281]LogModuleManager: Shutting down and abandoning module LinuxClientTargetPlatform (119)
[2018.11.22-03.47.27:843][281]LogModuleManager: Shutting down and abandoning module TVOSTargetPlatform (117)
[2018.11.22-03.47.27:844][281]LogModuleManager: Shutting down and abandoning module Messaging (115)
[2018.11.22-03.47.27:844][281]LogModuleManager: Shutting down and abandoning module IOSTargetPlatform (113)
[2018.11.22-03.47.27:845][281]LogModuleManager: Shutting down and abandoning module HTML5TargetPlatform (111)
[2018.11.22-03.47.27:845][281]LogModuleManager: Shutting down and abandoning module AndroidTargetPlatform (109)
[2018.11.22-03.47.27:850][281]LogModuleManager: Shutting down and abandoning module WindowsTargetPlatform (107)
[2018.11.22-03.47.27:850][281]LogModuleManager: Shutting down and abandoning module WindowsServerTargetPlatform (105)
[2018.11.22-03.47.27:850][281]LogModuleManager: Shutting down and abandoning module WindowsNoEditorTargetPlatform (103)
[2018.11.22-03.47.27:850][281]LogModuleManager: Shutting down and abandoning module WindowsClientTargetPlatform (101)
[2018.11.22-03.47.27:850][281]LogModuleManager: Shutting down and abandoning module MacTargetPlatform (99)
[2018.11.22-03.47.27:850][281]LogModuleManager: Shutting down and abandoning module MacServerTargetPlatform (97)
[2018.11.22-03.47.27:851][281]LogModuleManager: Shutting down and abandoning module MacNoEditorTargetPlatform (95)
[2018.11.22-03.47.27:851][281]LogModuleManager: Shutting down and abandoning module MacClientTargetPlatform (93)
[2018.11.22-03.47.27:851][281]LogModuleManager: Shutting down and abandoning module AllDesktopTargetPlatform (91)
[2018.11.22-03.47.27:851][281]LogModuleManager: Shutting down and abandoning module InputCore (88)
[2018.11.22-03.47.27:851][281]LogModuleManager: Shutting down and abandoning module Settings (86)
[2018.11.22-03.47.27:851][281]LogModuleManager: Shutting down and abandoning module PhysXCooking (84)
[2018.11.22-03.47.27:851][281]LogModuleManager: Shutting down and abandoning module SteamVR (82)
[2018.11.22-03.47.27:851][281]LogModuleManager: Shutting down and abandoning module OculusHMD (80)
[2018.11.22-03.47.27:851][281]LogModuleManager: Shutting down and abandoning module ExampleDeviceProfileSelector (78)
[2018.11.22-03.47.27:851][281]LogModuleManager: Shutting down and abandoning module LauncherChunkInstaller (76)
[2018.11.22-03.47.27:851][281]LogModuleManager: Shutting down and abandoning module OnlineBlueprintSupport (74)
[2018.11.22-03.47.27:851][281]LogModuleManager: Shutting down and abandoning module OnlineSubsystem (70)
[2018.11.22-03.47.27:852][281]LogModuleManager: Shutting down and abandoning module XMPP (65)
[2018.11.22-03.47.27:852][281]LogModuleManager: Shutting down and abandoning module WebSockets (64)
[2018.11.22-03.47.27:875][281]LogModuleManager: Shutting down and abandoning module HTTP (61)
[2018.11.22-03.47.27:875][281]LogHttp: Display: Http module shutting down, but needs to wait on 1 outstanding Http requests:
[2018.11.22-03.47.27:875][281]LogHttp: Display: 	verb=[POST] url=[https://datarouter.ol.epicgames.com/datarouter/api/v1/public/data?SessionID=%7B551B513C-40EC-59CB-95BB-22AF2D4234FB%7D&AppID=UEEditor.Rocket.Release&AppVersion=4.20.3-4369336%2B%2B%2BUE4%2BRelease-4.20&UserID=c14511f840f8a5bdbcc208b28e0b142b%7C7e15e822cf6c4870aea81b91375556a8%7Cbaabdde3-1d38-405c-9e7d-0b93587d24f1&AppEnvironment=datacollector-binary&UploadType=eteventstream] status=Processing
[2018.11.22-03.47.27:883][281]LogModuleManager: Shutting down and abandoning module SSL (60)
[2018.11.22-03.47.27:884][281]LogModuleManager: Shutting down and abandoning module MagicLeapEmulator (56)
[2018.11.22-03.47.27:884][281]LogModuleManager: Shutting down and abandoning module MagicLeapPrivileges (54)
[2018.11.22-03.47.27:884][281]LogModuleManager: Shutting down and abandoning module MagicLeapIdentity (52)
[2018.11.22-03.47.27:884][281]LogModuleManager: Shutting down and abandoning module MagicLeapHelperVulkan (50)
[2018.11.22-03.47.27:884][281]LogModuleManager: Shutting down and abandoning module MagicLeapHelperOpenGL (48)
[2018.11.22-03.47.27:884][281]LogModuleManager: Shutting down and abandoning module MagicLeapSecureStorage (46)
[2018.11.22-03.47.27:884][281]LogModuleManager: Shutting down and abandoning module MagicLeapGestures (44)
[2018.11.22-03.47.27:884][281]LogModuleManager: Shutting down and abandoning module MagicLeapEyeTracker (42)
[2018.11.22-03.47.27:884][281]LogModuleManager: Shutting down and abandoning module MagicLeapController (40)
[2018.11.22-03.47.27:884][281]LogSlate: Slate User Destroyed.  User Index 0, Is Virtual User: 0
[2018.11.22-03.47.27:884][281]LogModuleManager: Shutting down and abandoning module MagicLeap (38)
[2018.11.22-03.47.27:884][281]LogModuleManager: Shutting down and abandoning module AnimationModifiers (36)
[2018.11.22-03.47.27:884][281]LogModuleManager: Shutting down and abandoning module PropertyEditor (35)
[2018.11.22-03.47.27:884][281]LogModuleManager: Shutting down and abandoning module AudioEditor (32)
[2018.11.22-03.47.27:884][281]LogModuleManager: Shutting down and abandoning module TextureCompressor (30)
[2018.11.22-03.47.27:884][281]LogModuleManager: Shutting down and abandoning module ShaderCore (28)
[2018.11.22-03.47.27:884][281]LogModuleManager: Shutting down and abandoning module Landscape (26)
[2018.11.22-03.47.27:884][281]LogModuleManager: Shutting down and abandoning module SlateRHIRenderer (24)
[2018.11.22-03.47.27:884][281]LogModuleManager: Shutting down and abandoning module OpenGLDrv (22)
[2018.11.22-03.47.27:885][281]LogModuleManager: Shutting down and abandoning module D3D11RHI (20)
[2018.11.22-03.47.27:885][281]LogModuleManager: Shutting down and abandoning module AnimGraphRuntime (18)
[2018.11.22-03.47.27:885][281]LogModuleManager: Shutting down and abandoning module Renderer (16)
[2018.11.22-03.47.27:885][281]LogModuleManager: Shutting down and abandoning module Engine (14)
[2018.11.22-03.47.27:885][281]LogModuleManager: Shutting down and abandoning module CoreUObject (12)
[2018.11.22-03.47.27:885][281]LogModuleManager: Shutting down and abandoning module NetworkFile (10)
[2018.11.22-03.47.27:885][281]LogModuleManager: Shutting down and abandoning module CookedIterativeFile (8)
[2018.11.22-03.47.27:885][281]LogModuleManager: Shutting down and abandoning module StreamingFile (6)
[2018.11.22-03.47.27:885][281]LogModuleManager: Shutting down and abandoning module SandboxFile (4)
[2018.11.22-03.47.27:885][281]LogModuleManager: Shutting down and abandoning module PakFile (2)
[2018.11.22-03.47.27:897][281]LogExit: Exiting.
[2018.11.22-03.47.27:913][281]Log file closed, 11/21/18 20:47:27
